0 22963
0 22962
0 22961
0 22960
0 22959
0 22958
0 22957
0 22956
0 22955
0 22954
0 22953
0 22952
0 22951
0 22950
0 22949
0 22948
0 22947
0 22946
0 22945
0 22944
0 22943
0 22942
0 22941
0 22940
0 22939
0 22938
0 22937
0 22936
0 22935
0 22934
0 22933
0 22932
0 22931
0 22930
0 22929
0 22928
0 22927
0 22926
0 22925
0 22924
0 22923
0 22922
0 22921
0 22920
0 22919
0 22918
0 22917
0 22916
0 22915
0 22914
0 22913
0 22912
0 22911
0 22910
0 22909
0 22908
0 22907
0 22906
0 22905
0 22904
0 22903
0 22902
0 22901
0 22900
0 22899
0 22898
0 22897
0 22896
0 22895
0 22894
0 22893
0 22892
0 22891
0 22890
0 22889
0 22888
0 22887
0 22886
0 22885
0 22884
0 22883
0 22882
0 22881
0 22880
0 22879
0 22878
0 22877
0 22876
0 22875
0 22874
0 22873
0 22872
0 22871
0 22870
0 22869
0 22868
0 22867
0 22866
0 22865
0 22864
0 22863
0 22862
0 22861
0 22860
0 22859
0 22858
0 22857
0 22856
0 22855
0 22854
0 22853
0 22852
0 22851
0 22850
0 22849
0 22848
0 22847
0 22846
0 22845
0 22844
0 22843
0 22842
0 22841
0 22840
0 22839
0 22838
0 22837
0 22836
0 22835
0 22834
0 22833
0 22832
0 22831
0 22830
0 22829
0 22828
0 22827
0 22826
0 22825
0 22824
0 22823
0 22822
0 22821
0 22820
0 22819
0 22818
0 22817
0 22816
0 22815
0 22814
0 22813
0 22812
0 22811
0 22810
0 22809
0 22808
0 22807
0 22806
0 22805
0 22804
0 22803
0 22802
0 22801
0 22800
0 22799
0 22798
0 22797
0 22796
0 22795
0 22794
0 22793
0 22792
0 22791
0 22790
0 22789
0 22788
0 22787
0 22786
0 22785
0 22784
0 22783
0 22782
0 22781
0 22780
0 22779
0 22778
0 22777
0 22776
0 22775
0 22774
0 22773
0 22772
0 22771
0 22770
0 22769
0 22768
0 22767
0 22766
0 22765
0 22764
0 22763
0 22762
0 22761
0 22760
0 22759
0 22758
0 22757
0 22756
0 22755
0 22754
0 22753
0 22752
0 22751
0 22750
0 22749
0 22748
0 22747
0 22746
0 22745
0 22744
0 22743
0 22742
0 22741
0 22740
0 22739
0 22738
0 22737
0 22736
0 22735
0 22734
0 22733
0 22732
0 22731
0 22730
0 22729
0 22728
0 22727
0 22726
0 22725
0 22724
0 22723
0 22722
0 22721
0 22720
0 22719
0 22718
0 22717
0 22716
0 22715
0 22714
0 22713
0 22712
0 22711
0 22710
0 22709
0 22708
0 22707
0 22706
0 22705
0 22704
0 22703
0 22702
0 22701
0 22700
0 22699
0 22698
0 22697
0 22696
0 22695
0 22694
0 22693
0 22692
0 22691
0 22690
0 22689
0 22688
0 22687
0 22686
0 22685
0 22684
0 22683
0 22682
0 22681
0 22680
0 22679
0 22678
0 22677
0 22676
0 22675
0 22674
0 22673
0 22672
0 22671
0 22670
0 22669
0 22668
0 22667
0 22666
0 22665
0 22664
0 22663
0 22662
0 22661
0 22660
0 22659
0 22658
0 22657
0 22656
0 22655
0 22654
0 22653
0 22652
0 22651
0 22650
0 22649
0 22648
0 22647
0 22646
0 22645
0 22644
0 22643
0 22642
0 22641
0 22640
0 22639
0 22638
0 22637
0 22636
0 22635
0 22634
0 22633
0 22632
0 22631
0 22630
0 22629
0 22628
0 22627
0 22626
0 22625
0 22624
0 22623
0 22622
0 22621
0 22620
0 22619
0 22618
0 22617
0 22616
0 22615
0 22614
0 22613
0 22612
0 22611
0 22610
0 22609
0 22608
0 22607
0 22606
0 22605
0 22604
0 22603
0 22602
0 22601
0 22600
0 22599
0 22598
0 22597
0 22596
0 22595
0 22594
0 22593
0 22592
0 22591
0 22590
0 22589
0 22588
0 22587
0 22586
0 22585
0 22584
0 22583
0 22582
0 22581
0 22580
0 22579
0 22578
0 22577
0 22576
0 22575
0 22574
0 22573
1 22572
1 22571
1 22570
1 22569
1 22568
1 22567
1 22566
1 22565
