0 22962
0 22961
0 22960
0 22959
0 22958
0 22957
0 22956
0 22955
0 22954
0 22953
0 22952
0 22951
0 22950
0 22949
0 22948
0 22947
0 22946
0 22945
0 22944
0 22943
0 22942
0 22941
0 22940
0 22939
0 22938
0 22937
0 22936
0 22935
0 22934
0 22933
0 22932
0 22931
0 22930
0 22929
0 22928
0 22927
0 22926
0 22925
0 22924
0 22923
0 22922
0 22921
0 22920
0 22919
0 22918
0 22917
0 22916
0 22915
0 22914
0 22913
0 22912
0 22911
0 22910
0 22909
0 22908
0 22907
0 22906
0 22905
0 22904
0 22903
0 22902
0 22901
0 22900
0 22899
0 22898
0 22897
0 22896
0 22895
0 22894
0 22893
0 22892
0 22891
0 22890
0 22889
0 22888
0 22887
0 22886
0 22885
0 22884
0 22883
0 22882
0 22881
0 22880
0 22879
0 22878
0 22877
0 22876
0 22875
0 22874
0 22873
0 22872
0 22871
0 22870
0 22869
0 22868
0 22867
0 22866
0 22865
0 22864
0 22863
0 22862
0 22861
0 22860
0 22859
0 22858
0 22857
0 22856
0 22855
0 22854
0 22853
0 22852
0 22851
0 22850
0 22849
0 22848
0 22847
0 22846
0 22845
0 22844
0 22843
0 22842
0 22841
0 22840
0 22839
0 22838
0 22837
0 22836
0 22835
0 22834
0 22833
0 22832
0 22831
0 22830
0 22829
0 22828
0 22827
0 22826
0 22825
0 22824
0 22823
0 22822
0 22821
0 22820
0 22819
0 22818
0 22817
0 22816
0 22815
0 22814
0 22813
0 22812
0 22811
0 22810
0 22809
0 22808
0 22807
0 22806
0 22805
0 22804
0 22803
0 22802
0 22801
0 22800
0 22799
0 22798
0 22797
0 22796
0 22795
0 22794
0 22793
0 22792
0 22791
0 22790
0 22789
0 22788
0 22787
0 22786
0 22785
0 22784
0 22783
0 22782
0 22781
0 22780
0 22779
0 22778
0 22777
0 22776
0 22775
0 22774
0 22773
0 22772
0 22771
0 22770
0 22769
0 22768
0 22767
0 22766
0 22765
0 22764
0 22763
0 22762
0 22761
0 22760
0 22759
0 22758
0 22757
0 22756
0 22755
0 22754
0 22753
0 22752
0 22751
0 22750
0 22749
0 22748
0 22747
0 22746
0 22745
0 22744
0 22743
0 22742
0 22741
0 22740
0 22739
0 22738
0 22737
0 22736
0 22735
0 22734
0 22733
0 22732
0 22731
0 22730
0 22729
0 22728
0 22727
0 22726
0 22725
0 22724
0 22723
0 22722
0 22721
0 22720
0 22719
0 22718
0 22717
0 22716
0 22715
0 22714
0 22713
0 22712
0 22711
0 22710
0 22709
0 22708
0 22707
0 22706
0 22705
0 22704
0 22703
0 22702
0 22701
0 22700
0 22699
0 22698
0 22697
0 22696
0 22695
0 22694
0 22693
0 22692
0 22691
0 22690
0 22689
0 22688
0 22687
0 22686
0 22685
0 22684
0 22683
0 22682
0 22681
0 22680
0 22679
0 22678
0 22677
0 22676
0 22675
0 22674
0 22673
0 22672
0 22671
0 22670
0 22669
0 22668
0 22667
0 22666
0 22665
0 22664
0 22663
0 22662
0 22661
0 22660
0 22659
0 22658
0 22657
0 22656
0 22655
0 22654
0 22653
0 22652
0 22651
0 22650
0 22649
0 22648
0 22647
0 22646
0 22645
0 22644
0 22643
0 22642
0 22641
0 22640
0 22639
0 22638
0 22637
0 22636
0 22635
0 22634
0 22633
0 22632
0 22631
0 22630
0 22629
0 22628
0 22627
0 22626
0 22625
1 22624
1 22623
1 22622
1 22621
1 22620
1 22619
1 22618
1 22617
1 22616
1 22615
1 22614
1 22613
1 22612
1 22611
1 22610
1 22609
1 22608
1 22607
1 22606
1 22605
1 22604
1 22603
1 22602
1 22601
1 22600
1 22599
1 22598
1 22597
1 22596
1 22595
1 22594
1 22593
1 22592
1 22591
1 22590
1 22589
1 22588
1 22587
1 22586
1 22585
1 22584
1 22583
1 22582
1 22581
1 22580
1 22579
1 22578
1 22577
1 22576
1 22575
1 22574
1 22573
1 22572
1 22571
1 22570
1 22569
1 22568
1 22567
1 22566
1 22565
1 22564
1 22563
1 22562
1 22561
1 22560
1 22559
1 22558
1 22557
1 22556
1 22555
1 22554
1 22553
1 22552
1 22551
1 22550
1 22549
1 22548
1 22547
1 22546
1 22545
1 22544
1 22543
1 22542
1 22541
1 22540
1 22539
1 22538
1 22537
1 22536
1 22535
1 22534
1 22533
1 22532
1 22531
1 22530
1 22529
1 22528
2 22527
2 22526
2 22525
2 22524
2 22523
2 22522
2 22521
2 22520
2 22519
2 22518
2 22517
2 22516
2 22515
2 22514
2 22513
2 22512
2 22511
2 22510
2 22509
2 22508
2 22507
2 22506
2 22505
2 22504
2 22503
2 22502
2 22501
2 22500
2 22499
2 22498
2 22497
2 22496
2 22495
2 22494
2 22493
2 22492
2 22491
2 22490
2 22489
2 22488
2 22487
2 22486
2 22485
2 22484
2 22483
2 22482
2 22481
2 22480
2 22479
2 22478
2 22477
2 22476
2 22475
2 22474
2 22473
2 22472
2 22471
2 22470
2 22469
2 22468
2 22467
2 22466
2 22465
2 22464
2 22463
2 22462
2 22461
2 22460
2 22459
2 22458
2 22457
2 22456
2 22455
2 22454
2 22453
2 22452
2 22451
2 22450
2 22449
2 22448
2 22447
2 22446
2 22445
2 22444
2 22443
2 22442
2 22441
2 22440
2 22439
2 22438
2 22437
2 22436
2 22435
2 22434
2 22433
2 22432
2 22431
2 22430
2 22429
2 22428
2 22427
2 22426
2 22425
2 22424
2 22423
2 22422
2 22421
2 22420
2 22419
2 22418
2 22417
2 22416
2 22415
2 22414
2 22413
2 22412
2 22411
2 22410
2 22409
2 22408
2 22407
2 22406
2 22405
2 22404
2 22403
2 22402
2 22401
2 22400
2 22399
2 22398
2 22397
2 22396
2 22395
2 22394
2 22393
2 22392
2 22391
2 22390
2 22389
2 22388
2 22387
2 22386
2 22385
2 22384
2 22383
2 22382
2 22381
2 22380
2 22379
2 22378
2 22377
2 22376
2 22375
2 22374
2 22373
2 22372
2 22371
2 22370
2 22369
2 22368
2 22367
2 22366
2 22365
2 22364
2 22363
2 22362
2 22361
2 22360
2 22359
2 22358
2 22357
2 22356
2 22355
2 22354
2 22353
2 22352
2 22351
2 22350
2 22349
2 22348
2 22347
2 22346
2 22345
2 22344
2 22343
2 22342
2 22341
2 22340
2 22339
2 22338
2 22337
2 22336
2 22335
2 22334
2 22333
2 22332
2 22331
2 22330
2 22329
2 22328
2 22327
2 22326
2 22325
2 22324
2 22323
2 22322
2 22321
2 22320
2 22319
2 22318
2 22317
2 22316
2 22315
2 22314
2 22313
2 22312
2 22311
2 22310
2 22309
2 22308
2 22307
2 22306
2 22305
2 22304
2 22303
2 22302
2 22301
2 22300
2 22299
2 22298
2 22297
2 22296
2 22295
2 22294
2 22293
2 22292
2 22291
2 22290
2 22289
2 22288
2 22287
2 22286
2 22285
2 22284
2 22283
2 22282
2 22281
2 22280
2 22279
2 22278
2 22277
2 22276
2 22275
2 22274
2 22273
2 22272
2 22271
2 22270
2 22269
2 22268
2 22267
2 22266
2 22265
2 22264
2 22263
2 22262
2 22261
2 22260
2 22259
2 22258
2 22257
2 22256
2 22255
2 22254
2 22253
2 22252
2 22251
2 22250
2 22249
2 22248
2 22247
2 22246
2 22245
2 22244
3 22243
3 22242
3 22241
3 22240
3 22239
3 22238
3 22237
3 22236
3 22235
3 22234
3 22233
3 22232
3 22231
3 22230
3 22229
3 22228
3 22227
3 22226
3 22225
3 22224
3 22223
3 22222
3 22221
3 22220
3 22219
3 22218
3 22217
3 22216
3 22215
3 22214
3 22213
3 22212
3 22211
3 22210
3 22209
3 22208
3 22207
3 22206
3 22205
3 22204
3 22203
3 22202
3 22201
3 22200
3 22199
3 22198
3 22197
3 22196
3 22195
3 22194
3 22193
3 22192
3 22191
3 22190
3 22189
3 22188
3 22187
3 22186
3 22185
3 22184
3 22183
3 22182
3 22181
3 22180
3 22179
3 22178
3 22177
3 22176
3 22175
3 22174
3 22173
3 22172
3 22171
3 22170
3 22169
3 22168
3 22167
3 22166
3 22165
3 22164
3 22163
3 22162
3 22161
3 22160
3 22159
3 22158
3 22157
3 22156
3 22155
3 22154
3 22153
3 22152
3 22151
3 22150
3 22149
3 22148
3 22147
3 22146
3 22145
3 22144
3 22143
3 22142
3 22141
3 22140
3 22139
3 22138
3 22137
3 22136
3 22135
3 22134
3 22133
3 22132
3 22131
3 22130
3 22129
3 22128
3 22127
3 22126
3 22125
3 22124
3 22123
3 22122
3 22121
3 22120
3 22119
3 22118
3 22117
3 22116
3 22115
3 22114
3 22113
3 22112
3 22111
3 22110
3 22109
3 22108
3 22107
3 22106
3 22105
3 22104
3 22103
3 22102
3 22101
3 22100
3 22099
3 22098
3 22097
4 22096
4 22095
4 22094
4 22093
4 22092
4 22091
4 22090
4 22089
4 22088
4 22087
4 22086
4 22085
4 22084
4 22083
4 22082
4 22081
4 22080
4 22079
4 22078
4 22077
4 22076
4 22075
4 22074
4 22073
4 22072
4 22071
4 22070
4 22069
4 22068
4 22067
4 22066
4 22065
4 22064
4 22063
4 22062
4 22061
4 22060
4 22059
4 22058
4 22057
4 22056
4 22055
4 22054
4 22053
4 22052
4 22051
4 22050
4 22049
4 22048
4 22047
4 22046
4 22045
4 22044
4 22043
4 22042
4 22041
4 22040
4 22039
4 22038
4 22037
4 22036
4 22035
4 22034
4 22033
4 22032
4 22031
4 22030
4 22029
4 22028
4 22027
4 22026
4 22025
4 22024
4 22023
4 22022
4 22021
4 22020
4 22019
4 22018
4 22017
4 22016
4 22015
4 22014
4 22013
4 22012
4 22011
4 22010
4 22009
4 22008
4 22007
4 22006
4 22005
4 22004
4 22003
4 22002
4 22001
4 22000
4 21999
4 21998
4 21997
4 21996
4 21995
4 21994
4 21993
4 21992
4 21991
5 21990
5 21989
5 21988
5 21987
5 21986
5 21985
5 21984
5 21983
5 21982
5 21981
5 21980
5 21979
5 21978
5 21977
5 21976
5 21975
5 21974
5 21973
5 21972
5 21971
5 21970
5 21969
5 21968
5 21967
5 21966
5 21965
5 21964
5 21963
5 21962
5 21961
5 21960
5 21959
5 21958
5 21957
5 21956
5 21955
5 21954
5 21953
5 21952
5 21951
5 21950
5 21949
5 21948
5 21947
5 21946
5 21945
5 21944
5 21943
5 21942
5 21941
5 21940
5 21939
5 21938
5 21937
5 21936
5 21935
5 21934
5 21933
5 21932
5 21931
5 21930
5 21929
5 21928
5 21927
5 21926
5 21925
5 21924
5 21923
5 21922
5 21921
5 21920
5 21919
5 21918
5 21917
5 21916
5 21915
5 21914
5 21913
5 21912
5 21911
5 21910
5 21909
5 21908
5 21907
5 21906
5 21905
5 21904
5 21903
5 21902
5 21901
5 21900
5 21899
5 21898
5 21897
5 21896
5 21895
5 21894
5 21893
5 21892
5 21891
5 21890
5 21889
5 21888
5 21887
5 21886
5 21885
5 21884
5 21883
5 21882
5 21881
5 21880
5 21879
5 21878
5 21877
5 21876
5 21875
5 21874
5 21873
5 21872
5 21871
5 21870
5 21869
5 21868
5 21867
5 21866
6 21865
6 21864
6 21863
6 21862
6 21861
6 21860
6 21859
6 21858
6 21857
6 21856
6 21855
6 21854
6 21853
6 21852
6 21851
6 21850
6 21849
6 21848
6 21847
6 21846
6 21845
6 21844
6 21843
6 21842
6 21841
6 21840
6 21839
6 21838
6 21837
6 21836
6 21835
6 21834
6 21833
6 21832
6 21831
6 21830
6 21829
6 21828
6 21827
6 21826
6 21825
6 21824
6 21823
6 21822
6 21821
6 21820
6 21819
6 21818
6 21817
6 21816
6 21815
6 21814
6 21813
6 21812
6 21811
6 21810
6 21809
6 21808
6 21807
6 21806
6 21805
6 21804
6 21803
6 21802
6 21801
6 21800
6 21799
6 21798
6 21797
6 21796
6 21795
6 21794
6 21793
6 21792
6 21791
6 21790
6 21789
6 21788
6 21787
6 21786
6 21785
6 21784
6 21783
6 21782
6 21781
6 21780
6 21779
6 21778
6 21777
6 21776
6 21775
6 21774
6 21773
6 21772
6 21771
6 21770
6 21769
6 21768
6 21767
6 21766
6 21765
6 21764
6 21763
6 21762
6 21761
6 21760
6 21759
6 21758
6 21757
6 21756
6 21755
6 21754
6 21753
6 21752
6 21751
6 21750
6 21749
6 21748
6 21747
6 21746
6 21745
6 21744
6 21743
6 21742
6 21741
6 21740
6 21739
6 21738
6 21737
6 21736
6 21735
6 21734
6 21733
6 21732
6 21731
6 21730
6 21729
6 21728
6 21727
6 21726
6 21725
6 21724
6 21723
6 21722
6 21721
6 21720
6 21719
6 21718
6 21717
6 21716
6 21715
6 21714
6 21713
6 21712
6 21711
6 21710
6 21709
6 21708
6 21707
6 21706
6 21705
6 21704
6 21703
6 21702
6 21701
7 21700
7 21699
7 21698
7 21697
7 21696
7 21695
7 21694
7 21693
7 21692
7 21691
7 21690
7 21689
7 21688
7 21687
7 21686
7 21685
7 21684
7 21683
7 21682
7 21681
7 21680
7 21679
7 21678
7 21677
7 21676
7 21675
7 21674
7 21673
7 21672
7 21671
7 21670
7 21669
7 21668
7 21667
7 21666
7 21665
7 21664
7 21663
7 21662
7 21661
7 21660
7 21659
7 21658
7 21657
7 21656
7 21655
7 21654
7 21653
7 21652
7 21651
7 21650
7 21649
7 21648
7 21647
7 21646
7 21645
7 21644
7 21643
7 21642
7 21641
7 21640
7 21639
7 21638
7 21637
7 21636
7 21635
7 21634
7 21633
7 21632
7 21631
7 21630
7 21629
7 21628
7 21627
7 21626
7 21625
7 21624
7 21623
7 21622
7 21621
7 21620
7 21619
7 21618
7 21617
7 21616
7 21615
7 21614
7 21613
7 21612
7 21611
7 21610
7 21609
7 21608
7 21607
7 21606
7 21605
7 21604
7 21603
7 21602
7 21601
7 21600
7 21599
7 21598
7 21597
7 21596
7 21595
7 21594
7 21593
7 21592
7 21591
7 21590
7 21589
7 21588
7 21587
7 21586
7 21585
7 21584
7 21583
7 21582
7 21581
7 21580
7 21579
7 21578
7 21577
7 21576
7 21575
7 21574
7 21573
7 21572
7 21571
7 21570
7 21569
7 21568
7 21567
7 21566
7 21565
7 21564
8 21563
8 21562
8 21561
8 21560
8 21559
8 21558
8 21557
8 21556
8 21555
8 21554
8 21553
8 21552
8 21551
8 21550
8 21549
8 21548
8 21547
8 21546
8 21545
8 21544
8 21543
8 21542
8 21541
8 21540
8 21539
8 21538
8 21537
8 21536
8 21535
8 21534
8 21533
8 21532
8 21531
8 21530
8 21529
8 21528
8 21527
8 21526
8 21525
8 21524
8 21523
8 21522
8 21521
8 21520
8 21519
8 21518
8 21517
8 21516
8 21515
8 21514
8 21513
8 21512
8 21511
8 21510
8 21509
8 21508
8 21507
8 21506
8 21505
8 21504
8 21503
8 21502
8 21501
8 21500
8 21499
8 21498
8 21497
8 21496
8 21495
8 21494
8 21493
8 21492
8 21491
8 21490
8 21489
8 21488
8 21487
8 21486
8 21485
8 21484
8 21483
8 21482
8 21481
8 21480
8 21479
8 21478
8 21477
8 21476
8 21475
8 21474
8 21473
8 21472
8 21471
8 21470
8 21469
8 21468
8 21467
8 21466
8 21465
8 21464
8 21463
8 21462
8 21461
9 21460
9 21459
9 21458
9 21457
9 21456
9 21455
9 21454
9 21453
9 21452
9 21451
9 21450
9 21449
9 21448
9 21447
9 21446
9 21445
9 21444
9 21443
9 21442
9 21441
9 21440
9 21439
9 21438
9 21437
9 21436
9 21435
9 21434
9 21433
9 21432
9 21431
9 21430
9 21429
9 21428
9 21427
9 21426
9 21425
9 21424
9 21423
9 21422
9 21421
9 21420
9 21419
9 21418
9 21417
9 21416
9 21415
9 21414
9 21413
9 21412
9 21411
9 21410
9 21409
9 21408
9 21407
9 21406
9 21405
9 21404
9 21403
9 21402
9 21401
9 21400
9 21399
9 21398
9 21397
9 21396
9 21395
9 21394
9 21393
9 21392
9 21391
9 21390
9 21389
9 21388
9 21387
9 21386
9 21385
9 21384
9 21383
9 21382
9 21381
9 21380
9 21379
10 21378
10 21377
10 21376
10 21375
10 21374
10 21373
10 21372
10 21371
10 21370
10 21369
10 21368
10 21367
10 21366
10 21365
10 21364
10 21363
10 21362
10 21361
10 21360
10 21359
10 21358
10 21357
10 21356
10 21355
10 21354
10 21353
10 21352
10 21351
10 21350
10 21349
10 21348
10 21347
10 21346
10 21345
10 21344
10 21343
10 21342
10 21341
10 21340
10 21339
10 21338
10 21337
10 21336
10 21335
10 21334
10 21333
10 21332
10 21331
10 21330
10 21329
10 21328
10 21327
10 21326
10 21325
10 21324
10 21323
10 21322
10 21321
10 21320
10 21319
10 21318
10 21317
10 21316
10 21315
10 21314
10 21313
10 21312
10 21311
10 21310
10 21309
10 21308
10 21307
10 21306
10 21305
10 21304
10 21303
10 21302
10 21301
10 21300
10 21299
10 21298
10 21297
10 21296
10 21295
10 21294
10 21293
10 21292
10 21291
10 21290
10 21289
10 21288
10 21287
10 21286
10 21285
10 21284
10 21283
10 21282
10 21281
10 21280
10 21279
10 21278
10 21277
10 21276
10 21275
10 21274
10 21273
10 21272
10 21271
10 21270
10 21269
10 21268
10 21267
10 21266
10 21265
10 21264
10 21263
10 21262
10 21261
10 21260
10 21259
10 21258
10 21257
10 21256
10 21255
10 21254
10 21253
10 21252
10 21251
10 21250
10 21249
10 21248
10 21247
10 21246
10 21245
10 21244
10 21243
10 21242
10 21241
10 21240
10 21239
10 21238
10 21237
10 21236
10 21235
10 21234
10 21233
10 21232
10 21231
10 21230
10 21229
10 21228
10 21227
10 21226
10 21225
10 21224
10 21223
10 21222
10 21221
10 21220
10 21219
10 21218
10 21217
10 21216
10 21215
10 21214
10 21213
10 21212
10 21211
10 21210
10 21209
10 21208
10 21207
10 21206
10 21205
10 21204
10 21203
10 21202
10 21201
10 21200
10 21199
10 21198
10 21197
10 21196
10 21195
10 21194
10 21193
10 21192
10 21191
10 21190
10 21189
10 21188
10 21187
10 21186
10 21185
10 21184
10 21183
10 21182
10 21181
10 21180
10 21179
10 21178
10 21177
10 21176
10 21175
10 21174
10 21173
10 21172
10 21171
10 21170
10 21169
10 21168
10 21167
10 21166
10 21165
10 21164
10 21163
10 21162
10 21161
10 21160
10 21159
10 21158
10 21157
10 21156
10 21155
10 21154
10 21153
10 21152
10 21151
10 21150
10 21149
10 21148
10 21147
10 21146
10 21145
10 21144
10 21143
10 21142
10 21141
10 21140
10 21139
10 21138
10 21137
10 21136
10 21135
10 21134
10 21133
10 21132
11 21131
11 21130
11 21129
11 21128
11 21127
11 21126
11 21125
11 21124
11 21123
11 21122
11 21121
11 21120
11 21119
11 21118
11 21117
11 21116
11 21115
11 21114
11 21113
11 21112
11 21111
11 21110
11 21109
11 21108
11 21107
11 21106
11 21105
11 21104
11 21103
11 21102
11 21101
11 21100
11 21099
11 21098
11 21097
11 21096
11 21095
11 21094
11 21093
11 21092
11 21091
11 21090
11 21089
11 21088
11 21087
11 21086
11 21085
11 21084
11 21083
11 21082
11 21081
11 21080
11 21079
11 21078
11 21077
11 21076
11 21075
11 21074
11 21073
11 21072
11 21071
11 21070
11 21069
11 21068
11 21067
11 21066
11 21065
11 21064
11 21063
11 21062
11 21061
11 21060
11 21059
11 21058
11 21057
11 21056
11 21055
11 21054
11 21053
11 21052
11 21051
11 21050
11 21049
11 21048
11 21047
11 21046
11 21045
11 21044
11 21043
11 21042
11 21041
11 21040
11 21039
11 21038
11 21037
11 21036
11 21035
11 21034
11 21033
11 21032
11 21031
11 21030
11 21029
11 21028
11 21027
11 21026
11 21025
11 21024
11 21023
11 21022
11 21021
11 21020
11 21019
11 21018
11 21017
11 21016
11 21015
11 21014
11 21013
11 21012
11 21011
11 21010
11 21009
11 21008
11 21007
11 21006
11 21005
11 21004
11 21003
11 21002
11 21001
11 21000
11 20999
11 20998
11 20997
11 20996
11 20995
11 20994
11 20993
11 20992
11 20991
11 20990
11 20989
11 20988
11 20987
11 20986
11 20985
11 20984
11 20983
11 20982
11 20981
11 20980
11 20979
11 20978
11 20977
11 20976
11 20975
11 20974
11 20973
11 20972
11 20971
11 20970
11 20969
11 20968
12 20967
13 20966
13 20965
13 20964
13 20963
13 20962
13 20961
13 20960
13 20959
13 20958
13 20957
13 20956
14 20955
14 20954
14 20953
14 20952
14 20951
14 20950
14 20949
14 20948
14 20947
14 20946
14 20945
14 20944
14 20943
14 20942
14 20941
14 20940
14 20939
14 20938
14 20937
15 20936
15 20935
15 20934
15 20933
15 20932
16 20931
16 20930
16 20929
16 20928
18 20927
18 20926
19 20925
19 20924
19 20923
20 20922
20 20921
20 20920
20 20919
20 20918
21 20917
21 20916
21 20915
21 20914
21 20913
21 20912
21 20911
21 20910
21 20909
21 20908
21 20907
21 20906
21 20905
21 20904
21 20903
21 20902
21 20901
21 20900
21 20899
21 20898
22 20897
22 20896
22 20895
22 20894
22 20893
22 20892
22 20891
22 20890
22 20889
22 20888
22 20887
22 20886
22 20885
22 20884
22 20883
22 20882
22 20881
22 20880
22 20879
22 20878
22 20877
22 20876
22 20875
22 20874
22 20873
22 20872
22 20871
22 20870
22 20869
22 20868
22 20867
22 20866
22 20865
22 20864
22 20863
22 20862
22 20861
22 20860
23 20859
23 20858
23 20857
23 20856
23 20855
23 20854
23 20853
23 20852
23 20851
23 20850
23 20849
23 20848
23 20847
23 20846
23 20845
24 20844
24 20843
24 20842
24 20841
24 20840
24 20839
24 20838
24 20837
24 20836
24 20835
24 20834
24 20833
24 20832
24 20831
24 20830
24 20829
24 20828
24 20827
24 20826
24 20825
24 20824
24 20823
24 20822
24 20821
24 20820
24 20819
24 20818
24 20817
24 20816
24 20815
24 20814
24 20813
24 20812
24 20811
24 20810
24 20809
24 20808
24 20807
24 20806
24 20805
24 20804
24 20803
24 20802
24 20801
24 20800
24 20799
24 20798
24 20797
24 20796
24 20795
24 20794
24 20793
24 20792
24 20791
24 20790
24 20789
24 20788
24 20787
24 20786
24 20785
24 20784
24 20783
24 20782
24 20781
24 20780
24 20779
24 20778
24 20777
24 20776
24 20775
24 20774
24 20773
24 20772
24 20771
24 20770
24 20769
24 20768
24 20767
24 20766
24 20765
24 20764
24 20763
24 20762
24 20761
24 20760
24 20759
24 20758
24 20757
24 20756
24 20755
24 20754
24 20753
24 20752
24 20751
25 20750
25 20749
25 20748
25 20747
25 20746
25 20745
25 20744
25 20743
25 20742
25 20741
25 20740
25 20739
25 20738
25 20737
25 20736
25 20735
25 20734
25 20733
26 20732
26 20731
26 20730
26 20729
26 20728
26 20727
26 20726
26 20725
26 20724
26 20723
26 20722
26 20721
26 20720
26 20719
26 20718
26 20717
26 20716
26 20715
26 20714
26 20713
26 20712
26 20711
26 20710
26 20709
26 20708
26 20707
26 20706
26 20705
26 20704
26 20703
26 20702
26 20701
26 20700
26 20699
26 20698
26 20697
26 20696
26 20695
26 20694
26 20693
26 20692
26 20691
26 20690
26 20689
26 20688
26 20687
26 20686
26 20685
26 20684
26 20683
26 20682
26 20681
26 20680
26 20679
26 20678
26 20677
26 20676
27 20675
27 20674
27 20673
27 20672
27 20671
27 20670
27 20669
27 20668
27 20667
27 20666
27 20665
27 20664
27 20663
27 20662
27 20661
27 20660
27 20659
27 20658
27 20657
27 20656
27 20655
27 20654
27 20653
27 20652
27 20651
27 20650
27 20649
27 20648
27 20647
27 20646
27 20645
27 20644
27 20643
27 20642
27 20641
27 20640
27 20639
27 20638
27 20637
27 20636
27 20635
27 20634
27 20633
27 20632
27 20631
27 20630
27 20629
27 20628
27 20627
27 20626
27 20625
27 20624
27 20623
27 20622
27 20621
27 20620
27 20619
27 20618
27 20617
27 20616
27 20615
27 20614
27 20613
27 20612
27 20611
27 20610
27 20609
27 20608
27 20607
28 20606
28 20605
28 20604
28 20603
28 20602
28 20601
28 20600
28 20599
28 20598
28 20597
28 20596
28 20595
28 20594
28 20593
28 20592
28 20591
28 20590
28 20589
28 20588
28 20587
28 20586
28 20585
28 20584
28 20583
28 20582
28 20581
28 20580
28 20579
28 20578
28 20577
28 20576
28 20575
28 20574
28 20573
28 20572
28 20571
28 20570
28 20569
28 20568
28 20567
28 20566
28 20565
28 20564
28 20563
28 20562
28 20561
28 20560
28 20559
28 20558
28 20557
28 20556
28 20555
28 20554
28 20553
29 20552
29 20551
29 20550
29 20549
29 20548
29 20547
29 20546
29 20545
29 20544
29 20543
29 20542
29 20541
29 20540
29 20539
29 20538
29 20537
29 20536
29 20535
29 20534
29 20533
29 20532
29 20531
29 20530
29 20529
29 20528
29 20527
29 20526
29 20525
29 20524
29 20523
29 20522
29 20521
29 20520
29 20519
29 20518
29 20517
29 20516
29 20515
29 20514
29 20513
29 20512
29 20511
29 20510
29 20509
29 20508
29 20507
29 20506
29 20505
29 20504
29 20503
29 20502
29 20501
29 20500
29 20499
29 20498
29 20497
29 20496
29 20495
29 20494
29 20493
29 20492
29 20491
29 20490
29 20489
29 20488
29 20487
29 20486
29 20485
29 20484
29 20483
29 20482
29 20481
29 20480
29 20479
29 20478
29 20477
29 20476
29 20475
29 20474
29 20473
29 20472
29 20471
29 20470
29 20469
29 20468
29 20467
29 20466
29 20465
29 20464
29 20463
29 20462
29 20461
29 20460
29 20459
29 20458
29 20457
29 20456
29 20455
29 20454
29 20453
29 20452
29 20451
29 20450
29 20449
29 20448
29 20447
29 20446
29 20445
29 20444
29 20443
29 20442
29 20441
29 20440
29 20439
29 20438
29 20437
29 20436
29 20435
29 20434
29 20433
29 20432
29 20431
29 20430
29 20429
29 20428
29 20427
29 20426
29 20425
29 20424
29 20423
29 20422
29 20421
29 20420
29 20419
29 20418
29 20417
29 20416
29 20415
29 20414
29 20413
29 20412
29 20411
29 20410
29 20409
29 20408
29 20407
29 20406
29 20405
29 20404
29 20403
29 20402
29 20401
29 20400
29 20399
29 20398
29 20397
29 20396
29 20395
29 20394
29 20393
29 20392
29 20391
29 20390
29 20389
29 20388
29 20387
29 20386
29 20385
29 20384
29 20383
29 20382
29 20381
29 20380
29 20379
29 20378
29 20377
29 20376
29 20375
29 20374
29 20373
29 20372
29 20371
29 20370
29 20369
29 20368
29 20367
29 20366
29 20365
29 20364
29 20363
29 20362
29 20361
29 20360
29 20359
29 20358
29 20357
29 20356
29 20355
29 20354
29 20353
29 20352
29 20351
29 20350
29 20349
29 20348
29 20347
29 20346
29 20345
29 20344
29 20343
29 20342
29 20341
29 20340
29 20339
29 20338
29 20337
29 20336
29 20335
29 20334
29 20333
29 20332
29 20331
29 20330
29 20329
29 20328
29 20327
29 20326
29 20325
29 20324
30 20323
30 20322
30 20321
30 20320
30 20319
30 20318
30 20317
30 20316
30 20315
30 20314
30 20313
30 20312
30 20311
30 20310
30 20309
30 20308
30 20307
30 20306
30 20305
30 20304
30 20303
30 20302
30 20301
30 20300
30 20299
30 20298
30 20297
30 20296
30 20295
30 20294
30 20293
30 20292
30 20291
30 20290
30 20289
30 20288
30 20287
31 20286
31 20285
31 20284
31 20283
31 20282
31 20281
31 20280
31 20279
31 20278
31 20277
31 20276
31 20275
31 20274
31 20273
31 20272
31 20271
31 20270
31 20269
31 20268
31 20267
31 20266
31 20265
31 20264
31 20263
31 20262
31 20261
31 20260
31 20259
31 20258
31 20257
31 20256
31 20255
31 20254
31 20253
31 20252
31 20251
31 20250
31 20249
31 20248
31 20247
31 20246
31 20245
31 20244
31 20243
31 20242
31 20241
31 20240
31 20239
31 20238
31 20237
31 20236
31 20235
31 20234
31 20233
31 20232
31 20231
31 20230
31 20229
31 20228
31 20227
31 20226
31 20225
31 20224
32 20223
32 20222
32 20221
32 20220
32 20219
32 20218
32 20217
32 20216
32 20215
32 20214
32 20213
32 20212
32 20211
32 20210
32 20209
32 20208
32 20207
32 20206
32 20205
32 20204
32 20203
32 20202
32 20201
32 20200
32 20199
32 20198
32 20197
32 20196
32 20195
32 20194
32 20193
32 20192
32 20191
32 20190
32 20189
32 20188
32 20187
32 20186
32 20185
32 20184
32 20183
32 20182
32 20181
32 20180
32 20179
32 20178
32 20177
32 20176
32 20175
32 20174
32 20173
32 20172
32 20171
32 20170
32 20169
32 20168
32 20167
32 20166
32 20165
32 20164
32 20163
32 20162
32 20161
32 20160
32 20159
32 20158
32 20157
32 20156
32 20155
33 20154
33 20153
33 20152
33 20151
33 20150
33 20149
33 20148
33 20147
33 20146
33 20145
33 20144
33 20143
33 20142
33 20141
33 20140
33 20139
33 20138
33 20137
33 20136
33 20135
33 20134
33 20133
33 20132
33 20131
33 20130
33 20129
33 20128
33 20127
33 20126
33 20125
33 20124
33 20123
33 20122
33 20121
33 20120
33 20119
33 20118
33 20117
33 20116
33 20115
33 20114
33 20113
33 20112
33 20111
33 20110
33 20109
33 20108
33 20107
33 20106
33 20105
33 20104
33 20103
33 20102
33 20101
33 20100
33 20099
33 20098
33 20097
33 20096
33 20095
33 20094
33 20093
33 20092
33 20091
33 20090
33 20089
33 20088
33 20087
33 20086
33 20085
33 20084
33 20083
33 20082
33 20081
33 20080
33 20079
33 20078
33 20077
33 20076
33 20075
33 20074
33 20073
33 20072
33 20071
33 20070
33 20069
33 20068
33 20067
33 20066
33 20065
33 20064
33 20063
33 20062
33 20061
33 20060
33 20059
33 20058
33 20057
33 20056
33 20055
33 20054
33 20053
33 20052
33 20051
33 20050
33 20049
33 20048
33 20047
33 20046
33 20045
33 20044
33 20043
33 20042
33 20041
33 20040
33 20039
33 20038
33 20037
33 20036
33 20035
33 20034
33 20033
33 20032
33 20031
33 20030
33 20029
33 20028
33 20027
33 20026
33 20025
33 20024
33 20023
33 20022
33 20021
33 20020
33 20019
33 20018
33 20017
33 20016
33 20015
33 20014
33 20013
33 20012
33 20011
33 20010
33 20009
33 20008
33 20007
33 20006
33 20005
33 20004
33 20003
33 20002
33 20001
33 20000
33 19999
33 19998
33 19997
33 19996
33 19995
33 19994
33 19993
33 19992
33 19991
33 19990
33 19989
33 19988
33 19987
33 19986
33 19985
33 19984
33 19983
33 19982
33 19981
33 19980
33 19979
33 19978
33 19977
33 19976
33 19975
33 19974
33 19973
33 19972
33 19971
33 19970
33 19969
33 19968
33 19967
33 19966
33 19965
33 19964
33 19963
33 19962
33 19961
33 19960
33 19959
33 19958
33 19957
33 19956
33 19955
33 19954
33 19953
33 19952
33 19951
36 19950
36 19949
36 19948
36 19947
36 19946
36 19945
37 19944
37 19943
37 19942
37 19941
37 19940
37 19939
37 19938
37 19937
37 19936
37 19935
37 19934
37 19933
40 19932
47 19931
47 19930
47 19929
47 19928
49 19927
49 19926
49 19925
51 19924
51 19923
51 19922
51 19921
51 19920
51 19919
51 19918
51 19917
51 19916
51 19915
51 19914
51 19913
51 19912
51 19911
51 19910
51 19909
51 19908
51 19907
51 19906
51 19905
51 19904
51 19903
51 19902
51 19901
51 19900
51 19899
51 19898
51 19897
51 19896
51 19895
51 19894
51 19893
51 19892
51 19891
51 19890
51 19889
51 19888
51 19887
51 19886
51 19885
51 19884
51 19883
51 19882
51 19881
51 19880
51 19879
51 19878
51 19877
51 19876
51 19875
51 19874
51 19873
52 19872
52 19871
52 19870
52 19869
52 19868
52 19867
52 19866
52 19865
52 19864
52 19863
52 19862
52 19861
52 19860
52 19859
52 19858
52 19857
52 19856
52 19855
52 19854
53 19853
53 19852
53 19851
53 19850
53 19849
53 19848
53 19847
53 19846
53 19845
53 19844
53 19843
53 19842
53 19841
54 19840
54 19839
54 19838
54 19837
54 19836
54 19835
55 19834
55 19833
55 19832
56 19831
56 19830
56 19829
56 19828
56 19827
56 19826
56 19825
56 19824
56 19823
56 19822
56 19821
56 19820
56 19819
56 19818
60 19817
60 19816
60 19815
60 19814
60 19813
60 19812
60 19811
60 19810
60 19809
60 19808
60 19807
61 19806
61 19805
61 19804
61 19803
61 19802
61 19801
61 19800
61 19799
61 19798
61 19797
61 19796
61 19795
61 19794
61 19793
61 19792
61 19791
61 19790
61 19789
61 19788
61 19787
61 19786
61 19785
61 19784
61 19783
61 19782
61 19781
61 19780
61 19779
61 19778
62 19777
62 19776
62 19775
62 19774
62 19773
62 19772
62 19771
62 19770
62 19769
62 19768
62 19767
62 19766
62 19765
62 19764
62 19763
62 19762
62 19761
62 19760
62 19759
62 19758
62 19757
62 19756
62 19755
62 19754
62 19753
62 19752
62 19751
62 19750
62 19749
62 19748
62 19747
62 19746
62 19745
62 19744
62 19743
62 19742
62 19741
62 19740
62 19739
63 19738
63 19737
63 19736
63 19735
63 19734
63 19733
63 19732
63 19731
63 19730
63 19729
63 19728
63 19727
63 19726
63 19725
64 19724
64 19723
64 19722
64 19721
64 19720
64 19719
64 19718
64 19717
64 19716
64 19715
64 19714
64 19713
64 19712
64 19711
64 19710
64 19709
64 19708
64 19707
64 19706
64 19705
64 19704
64 19703
64 19702
64 19701
64 19700
64 19699
64 19698
64 19697
64 19696
64 19695
64 19694
64 19693
64 19692
64 19691
64 19690
64 19689
64 19688
64 19687
64 19686
64 19685
64 19684
64 19683
64 19682
64 19681
64 19680
64 19679
64 19678
64 19677
64 19676
64 19675
64 19674
64 19673
64 19672
64 19671
64 19670
64 19669
64 19668
64 19667
64 19666
64 19665
64 19664
64 19663
64 19662
64 19661
65 19660
65 19659
65 19658
65 19657
65 19656
65 19655
65 19654
65 19653
65 19652
65 19651
65 19650
65 19649
65 19648
65 19647
65 19646
65 19645
65 19644
65 19643
65 19642
65 19641
65 19640
65 19639
65 19638
65 19637
65 19636
65 19635
65 19634
65 19633
69 19632
69 19631
69 19630
73 19629
73 19628
73 19627
73 19626
73 19625
73 19624
73 19623
73 19622
73 19621
73 19620
73 19619
73 19618
73 19617
75 19616
75 19615
80 19614
80 19613
80 19612
80 19611
80 19610
80 19609
80 19608
80 19607
80 19606
83 19605
83 19604
83 19603
83 19602
83 19601
83 19600
83 19599
83 19598
83 19597
83 19596
83 19595
83 19594
83 19593
83 19592
83 19591
83 19590
83 19589
83 19588
83 19587
83 19586
83 19585
83 19584
88 19583
88 19582
88 19581
88 19580
88 19579
88 19578
88 19577
91 19576
91 19575
97 19574
97 19573
97 19572
97 19571
97 19570
97 19569
97 19568
97 19567
97 19566
97 19565
97 19564
97 19563
97 19562
97 19561
97 19560
98 19559
98 19558
98 19557
98 19556
98 19555
98 19554
98 19553
98 19552
98 19551
98 19550
98 19549
98 19548
98 19547
99 19546
99 19545
99 19544
99 19543
99 19542
99 19541
99 19540
99 19539
99 19538
99 19537
99 19536
99 19535
99 19534
99 19533
99 19532
99 19531
99 19530
99 19529
99 19528
99 19527
99 19526
99 19525
99 19524
99 19523
99 19522
99 19521
99 19520
99 19519
99 19518
99 19517
99 19516
99 19515
99 19514
99 19513
99 19512
99 19511
99 19510
99 19509
99 19508
99 19507
99 19506
99 19505
99 19504
99 19503
99 19502
99 19501
99 19500
99 19499
99 19498
99 19497
99 19496
99 19495
99 19494
99 19493
99 19492
99 19491
99 19490
99 19489
99 19488
99 19487
99 19486
99 19485
99 19484
99 19483
99 19482
99 19481
108 19480
108 19479
108 19478
108 19477
109 19476
115 19475
115 19474
115 19473
115 19472
115 19471
115 19470
115 19469
115 19468
118 19467
118 19466
118 19465
118 19464
118 19463
118 19462
118 19461
118 19460
118 19459
118 19458
118 19457
118 19456
118 19455
118 19454
123 19453
123 19452
123 19451
125 19450
125 19449
125 19448
125 19447
125 19446
125 19445
125 19444
125 19443
125 19442
125 19441
125 19440
125 19439
125 19438
125 19437
125 19436
125 19435
125 19434
125 19433
125 19432
125 19431
125 19430
125 19429
125 19428
125 19427
125 19426
125 19425
125 19424
126 19423
128 19422
128 19421
129 19420
129 19419
129 19418
129 19417
129 19416
130 19415
130 19414
130 19413
130 19412
130 19411
131 19410
131 19409
131 19408
131 19407
131 19406
131 19405
131 19404
131 19403
131 19402
131 19401
131 19400
131 19399
131 19398
131 19397
131 19396
131 19395
131 19394
131 19393
131 19392
131 19391
133 19390
133 19389
133 19388
133 19387
133 19386
133 19385
134 19384
134 19383
134 19382
134 19381
134 19380
134 19379
134 19378
134 19377
134 19376
134 19375
134 19374
134 19373
134 19372
135 19371
135 19370
135 19369
135 19368
135 19367
135 19366
135 19365
135 19364
135 19363
135 19362
135 19361
135 19360
135 19359
135 19358
139 19357
139 19356
139 19355
147 19354
147 19353
147 19352
147 19351
147 19350
147 19349
147 19348
153 19347
153 19346
153 19345
153 19344
154 19343
154 19342
154 19341
154 19340
154 19339
158 19338
158 19337
158 19336
158 19335
161 19334
161 19333
161 19332
161 19331
161 19330
163 19329
163 19328
167 19327
167 19326
167 19325
167 19324
167 19323
167 19322
167 19321
167 19320
167 19319
167 19318
167 19317
167 19316
167 19315
167 19314
167 19313
167 19312
167 19311
167 19310
167 19309
167 19308
167 19307
167 19306
167 19305
167 19304
169 19303
169 19302
169 19301
169 19300
169 19299
169 19298
169 19297
169 19296
169 19295
169 19294
169 19293
169 19292
169 19291
169 19290
169 19289
169 19288
169 19287
169 19286
169 19285
169 19284
169 19283
179 19282
179 19281
179 19280
179 19279
179 19278
179 19277
179 19276
179 19275
186 19274
186 19273
186 19272
190 19271
190 19270
190 19269
190 19268
190 19267
190 19266
190 19265
190 19264
190 19263
190 19262
190 19261
190 19260
192 19259
192 19258
192 19257
192 19256
192 19255
192 19254
192 19253
192 19252
194 19251
194 19250
194 19249
194 19248
194 19247
194 19246
194 19245
194 19244
194 19243
194 19242
194 19241
194 19240
194 19239
194 19238
194 19237
194 19236
194 19235
194 19234
194 19233
194 19232
194 19231
194 19230
194 19229
194 19228
194 19227
195 19226
195 19225
195 19224
195 19223
195 19222
195 19221
195 19220
195 19219
207 19218
207 19217
207 19216
207 19215
207 19214
207 19213
207 19212
207 19211
207 19210
207 19209
207 19208
207 19207
207 19206
207 19205
207 19204
207 19203
207 19202
207 19201
207 19200
207 19199
207 19198
207 19197
207 19196
207 19195
207 19194
207 19193
207 19192
207 19191
207 19190
207 19189
207 19188
207 19187
207 19186
207 19185
207 19184
207 19183
208 19182
208 19181
208 19180
208 19179
208 19178
208 19177
208 19176
208 19175
208 19174
208 19173
208 19172
208 19171
208 19170
208 19169
208 19168
208 19167
208 19166
208 19165
208 19164
208 19163
227 19162
227 19161
230 19160
230 19159
230 19158
234 19157
234 19156
236 19155
236 19154
236 19153
236 19152
236 19151
236 19150
237 19149
237 19148
237 19147
237 19146
237 19145
237 19144
237 19143
237 19142
237 19141
237 19140
237 19139
237 19138
237 19137
237 19136
237 19135
237 19134
237 19133
241 19132
241 19131
241 19130
241 19129
243 19128
243 19127
243 19126
243 19125
243 19124
243 19123
243 19122
243 19121
243 19120
243 19119
243 19118
243 19117
243 19116
243 19115
243 19114
243 19113
243 19112
247 19111
247 19110
247 19109
247 19108
247 19107
247 19106
247 19105
247 19104
249 19103
249 19102
249 19101
249 19100
249 19099
249 19098
249 19097
249 19096
249 19095
249 19094
249 19093
249 19092
250 19091
250 19090
250 19089
253 19088
253 19087
253 19086
253 19085
253 19084
253 19083
253 19082
253 19081
253 19080
253 19079
253 19078
253 19077
253 19076
253 19075
253 19074
253 19073
253 19072
253 19071
253 19070
253 19069
253 19068
253 19067
253 19066
253 19065
253 19064
253 19063
258 19062
258 19061
258 19060
271 19059
275 19058
275 19057
275 19056
287 19055
292 19054
292 19053
292 19052
292 19051
292 19050
292 19049
292 19048
292 19047
292 19046
292 19045
292 19044
292 19043
292 19042
292 19041
292 19040
292 19039
292 19038
292 19037
292 19036
292 19035
292 19034
292 19033
292 19032
292 19031
292 19030
292 19029
292 19028
292 19027
292 19026
292 19025
292 19024
292 19023
292 19022
292 19021
292 19020
292 19019
292 19018
292 19017
292 19016
292 19015
292 19014
292 19013
292 19012
292 19011
292 19010
292 19009
309 19008
316 19007
316 19006
317 19005
317 19004
317 19003
317 19002
317 19001
317 19000
317 18999
317 18998
317 18997
317 18996
317 18995
317 18994
317 18993
317 18992
317 18991
318 18990
318 18989
318 18988
318 18987
318 18986
318 18985
318 18984
318 18983
321 18982
321 18981
321 18980
327 18979
327 18978
327 18977
327 18976
327 18975
327 18974
327 18973
327 18972
327 18971
327 18970
327 18969
327 18968
327 18967
327 18966
327 18965
327 18964
327 18963
327 18962
327 18961
327 18960
327 18959
327 18958
327 18957
327 18956
327 18955
327 18954
327 18953
327 18952
327 18951
327 18950
327 18949
327 18948
327 18947
327 18946
327 18945
332 18944
332 18943
332 18942
332 18941
332 18940
332 18939
332 18938
332 18937
332 18936
332 18935
332 18934
332 18933
332 18932
332 18931
332 18930
332 18929
332 18928
332 18927
332 18926
332 18925
332 18924
332 18923
334 18922
334 18921
334 18920
334 18919
334 18918
334 18917
334 18916
334 18915
334 18914
334 18913
334 18912
334 18911
334 18910
334 18909
334 18908
334 18907
334 18906
350 18905
350 18904
350 18903
350 18902
350 18901
350 18900
350 18899
350 18898
350 18897
350 18896
350 18895
350 18894
355 18893
355 18892
355 18891
355 18890
355 18889
355 18888
355 18887
355 18886
355 18885
364 18884
364 18883
364 18882
364 18881
364 18880
364 18879
364 18878
365 18877
365 18876
365 18875
365 18874
365 18873
365 18872
365 18871
365 18870
365 18869
365 18868
371 18867
371 18866
371 18865
371 18864
371 18863
371 18862
371 18861
371 18860
371 18859
372 18858
373 18857
373 18856
373 18855
373 18854
373 18853
373 18852
373 18851
373 18850
374 18849
374 18848
374 18847
374 18846
374 18845
374 18844
374 18843
378 18842
378 18841
378 18840
378 18839
378 18838
378 18837
378 18836
378 18835
386 18834
387 18833
387 18832
387 18831
387 18830
387 18829
410 18828
410 18827
410 18826
410 18825
410 18824
410 18823
410 18822
410 18821
410 18820
410 18819
410 18818
414 18817
414 18816
414 18815
414 18814
414 18813
414 18812
421 18811
421 18810
421 18809
421 18808
421 18807
421 18806
421 18805
421 18804
421 18803
421 18802
421 18801
421 18800
421 18799
421 18798
422 18797
422 18796
422 18795
422 18794
422 18793
422 18792
422 18791
422 18790
422 18789
422 18788
422 18787
422 18786
422 18785
422 18784
422 18783
422 18782
422 18781
422 18780
422 18779
422 18778
422 18777
423 18776
423 18775
423 18774
423 18773
425 18772
425 18771
425 18770
425 18769
425 18768
425 18767
425 18766
425 18765
425 18764
425 18763
425 18762
425 18761
441 18760
441 18759
441 18758
441 18757
442 18756
451 18755
454 18754
454 18753
454 18752
458 18751
458 18750
458 18749
458 18748
458 18747
458 18746
459 18745
459 18744
459 18743
459 18742
459 18741
459 18740
459 18739
460 18738
460 18737
460 18736
460 18735
460 18734
460 18733
460 18732
460 18731
460 18730
460 18729
460 18728
460 18727
460 18726
460 18725
460 18724
460 18723
460 18722
460 18721
460 18720
467 18719
469 18718
471 18717
471 18716
471 18715
471 18714
471 18713
471 18712
471 18711
471 18710
471 18709
471 18708
471 18707
474 18706
474 18705
474 18704
474 18703
474 18702
474 18701
474 18700
482 18699
482 18698
482 18697
482 18696
482 18695
482 18694
482 18693
482 18692
482 18691
482 18690
509 18689
509 18688
509 18687
509 18686
509 18685
509 18684
509 18683
509 18682
509 18681
509 18680
509 18679
509 18678
509 18677
509 18676
523 18675
523 18674
523 18673
523 18672
523 18671
523 18670
523 18669
523 18668
523 18667
523 18666
523 18665
524 18664
524 18663
524 18662
524 18661
524 18660
524 18659
524 18658
524 18657
524 18656
524 18655
524 18654
524 18653
524 18652
524 18651
524 18650
524 18649
524 18648
533 18647
533 18646
533 18645
533 18644
533 18643
537 18642
537 18641
545 18640
545 18639
545 18638
545 18637
545 18636
545 18635
545 18634
545 18633
551 18632
551 18631
551 18630
551 18629
551 18628
551 18627
552 18626
552 18625
552 18624
552 18623
552 18622
552 18621
552 18620
552 18619
552 18618
556 18617
556 18616
556 18615
556 18614
563 18613
563 18612
563 18611
563 18610
563 18609
563 18608
563 18607
563 18606
563 18605
563 18604
563 18603
563 18602
563 18601
563 18600
563 18599
563 18598
563 18597
563 18596
563 18595
563 18594
563 18593
563 18592
563 18591
563 18590
566 18589
566 18588
566 18587
566 18586
581 18585
581 18584
581 18583
589 18582
589 18581
589 18580
589 18579
589 18578
589 18577
589 18576
589 18575
589 18574
589 18573
589 18572
589 18571
589 18570
589 18569
589 18568
589 18567
589 18566
