0 1023
0 1022
0 1021
0 1020
0 1019
0 1018
0 1017
0 1016
0 1015
0 1014
0 1013
0 1012
0 1011
0 1010
0 1009
0 1008
0 1007
0 1006
0 1005
0 1004
0 1003
0 1002
0 1001
0 1000
0 999
0 998
0 997
0 996
0 995
0 994
0 993
0 992
0 991
0 990
0 989
0 988
0 987
0 986
0 985
0 984
0 983
0 982
0 981
0 980
0 979
0 978
0 977
0 976
0 975
0 974
0 973
0 972
0 971
0 970
0 969
0 968
0 967
0 966
0 965
0 964
0 963
0 962
0 961
0 960
0 959
0 958
0 957
0 956
0 955
0 954
0 953
0 952
0 951
0 950
0 949
0 948
0 947
0 946
0 945
0 944
0 943
0 942
0 941
0 940
0 939
0 938
0 937
0 936
0 935
0 934
0 933
0 932
0 931
0 930
0 929
0 928
0 927
0 926
0 925
0 924
0 923
0 922
0 921
0 920
0 919
0 918
0 917
0 916
0 915
0 914
0 913
0 912
0 911
0 910
0 909
0 908
0 907
0 906
0 905
0 904
0 903
0 902
0 901
0 900
0 899
0 898
0 897
0 896
0 895
0 894
0 893
0 892
0 891
0 890
0 889
0 888
0 887
0 886
0 885
0 884
0 883
0 882
0 881
0 880
0 879
0 878
0 877
0 876
0 875
0 874
0 873
0 872
0 871
0 870
0 869
0 868
0 867
0 866
0 865
0 864
0 863
0 862
0 861
0 860
0 859
0 858
0 857
0 856
0 855
0 854
0 853
0 852
0 851
0 850
0 849
0 848
0 847
0 846
0 845
0 844
0 843
0 842
0 841
0 840
0 839
0 838
0 837
0 836
0 835
0 834
0 833
0 832
0 831
0 830
0 829
0 828
0 827
0 826
0 825
0 824
0 823
0 822
0 821
0 820
0 819
0 818
0 817
0 816
0 815
0 814
0 813
0 812
1 811
1 810
1 809
1 808
1 807
1 806
1 805
1 804
1 803
1 802
1 801
1 800
1 799
1 798
1 797
1 796
1 795
1 794
2 793
2 792
2 791
2 790
2 789
2 788
2 787
3 786
3 785
3 784
3 783
3 782
3 781
3 780
4 779
4 778
4 777
4 776
5 775
5 774
5 773
5 772
6 771
6 770
6 769
6 768
6 767
6 766
6 765
7 764
8 763
8 762
8 761
8 760
9 759
9 758
9 757
9 756
10 755
10 754
10 753
10 752
11 751
11 750
11 749
11 748
12 747
13 746
14 745
14 744
16 743
17 742
18 741
18 740
19 739
19 738
21 737
21 736
22 735
23 734
23 733
24 732
24 731
25 730
26 729
28 728
29 727
29 726
29 725
30 724
32 723
34 722
35 721
35 720
38 719
39 718
39 717
41 716
41 715
42 714
43 713
47 712
52 711
57 710
58 709
73 708
84 707
91 706
122 705
145 704
202 703
