0 1132
0 1131
0 1130
0 1129
0 1128
0 1127
0 1126
0 1125
0 1124
0 1123
0 1122
0 1121
0 1120
0 1119
0 1118
0 1117
0 1116
0 1115
0 1114
0 1113
0 1112
0 1111
0 1110
0 1109
0 1108
0 1107
0 1106
0 1105
0 1104
0 1103
0 1102
0 1101
0 1100
0 1099
0 1098
0 1097
0 1096
0 1095
0 1094
0 1093
0 1092
0 1091
0 1090
0 1089
0 1088
0 1087
0 1086
0 1085
0 1084
0 1083
0 1082
0 1081
0 1080
0 1079
0 1078
0 1077
0 1076
0 1075
0 1074
0 1073
0 1072
0 1071
0 1070
0 1069
0 1068
0 1067
0 1066
0 1065
0 1064
0 1063
0 1062
0 1061
0 1060
0 1059
0 1058
0 1057
0 1056
0 1055
0 1054
0 1053
0 1052
0 1051
0 1050
0 1049
0 1048
0 1047
0 1046
0 1045
0 1044
0 1043
0 1042
0 1041
0 1040
0 1039
0 1038
0 1037
0 1036
0 1035
0 1034
0 1033
0 1032
0 1031
0 1030
0 1029
0 1028
0 1027
0 1026
0 1025
0 1024
0 1023
0 1022
0 1021
0 1020
0 1019
0 1018
0 1017
0 1016
0 1015
0 1014
0 1013
0 1012
0 1011
0 1010
0 1009
0 1008
0 1007
0 1006
0 1005
0 1004
0 1003
0 1002
0 1001
0 1000
0 999
0 998
0 997
0 996
0 995
0 994
0 993
0 992
0 991
0 990
0 989
0 988
0 987
0 986
0 985
0 984
0 983
0 982
0 981
0 980
0 979
0 978
0 977
0 976
0 975
0 974
0 973
0 972
0 971
0 970
0 969
0 968
0 967
0 966
0 965
0 964
0 963
0 962
0 961
0 960
0 959
0 958
0 957
0 956
0 955
0 954
0 953
0 952
0 951
0 950
0 949
0 948
0 947
0 946
0 945
0 944
0 943
0 942
0 941
0 940
0 939
0 938
0 937
0 936
0 935
0 934
0 933
0 932
0 931
0 930
0 929
0 928
0 927
0 926
0 925
0 924
0 923
0 922
0 921
0 920
0 919
0 918
0 917
0 916
0 915
0 914
0 913
0 912
0 911
0 910
0 909
0 908
0 907
0 906
0 905
0 904
0 903
0 902
0 901
0 900
0 899
0 898
0 897
0 896
0 895
0 894
0 893
0 892
0 891
0 890
0 889
0 888
0 887
0 886
0 885
0 884
0 883
0 882
0 881
0 880
0 879
0 878
0 877
1 876
1 875
1 874
1 873
1 872
1 871
1 870
1 869
1 868
1 867
1 866
1 865
1 864
1 863
1 862
1 861
1 860
1 859
1 858
1 857
1 856
1 855
1 854
1 853
1 852
1 851
1 850
1 849
1 848
1 847
1 846
1 845
1 844
1 843
1 842
1 841
1 840
1 839
1 838
2 837
2 836
2 835
2 834
2 833
2 832
2 831
2 830
2 829
2 828
2 827
2 826
2 825
2 824
2 823
2 822
2 821
2 820
2 819
2 818
2 817
2 816
3 815
3 814
3 813
3 812
3 811
3 810
3 809
3 808
3 807
3 806
3 805
3 804
3 803
3 802
3 801
3 800
3 799
4 798
4 797
4 796
4 795
4 794
4 793
4 792
4 791
4 790
5 789
5 788
5 787
5 786
5 785
5 784
5 783
6 782
6 781
6 780
6 779
6 778
6 777
6 776
6 775
6 774
6 773
6 772
6 771
6 770
6 769
6 768
6 767
7 766
7 765
7 764
7 763
7 762
7 761
7 760
7 759
7 758
8 757
8 756
8 755
8 754
8 753
8 752
8 751
8 750
8 749
8 748
9 747
9 746
9 745
9 744
9 743
9 742
9 741
10 740
10 739
10 738
10 737
11 736
11 735
11 734
11 733
11 732
11 731
11 730
12 729
12 728
12 727
12 726
12 725
12 724
12 723
12 722
12 721
13 720
13 719
13 718
13 717
13 716
14 715
14 714
14 713
14 712
15 711
15 710
16 709
16 708
16 707
16 706
16 705
16 704
17 703
17 702
18 701
18 700
18 699
18 698
18 697
19 696
19 695
20 694
20 693
20 692
20 691
21 690
21 689
21 688
21 687
21 686
22 685
22 684
22 683
23 682
24 681
24 680
25 679
25 678
25 677
25 676
25 675
25 674
26 673
26 672
26 671
27 670
28 669
29 668
29 667
30 666
30 665
30 664
31 663
31 662
32 661
32 660
32 659
33 658
34 657
35 656
35 655
35 654
35 653
35 652
35 651
36 650
37 649
37 648
37 647
38 646
39 645
40 644
44 643
45 642
45 641
47 640
47 639
48 638
48 637
49 636
50 635
50 634
52 633
55 632
56 631
57 630
57 629
58 628
61 627
62 626
63 625
63 624
64 623
65 622
70 621
72 620
76 619
80 618
86 617
88 616
88 615
92 614
95 613
98 612
99 611
99 610
99 609
100 608
103 607
105 606
111 605
114 604
116 603
125 602
135 601
137 600
150 599
174 598
181 597
203 596
260 595
272 594
