0 8360
0 8359
0 8358
0 8357
0 8356
0 8355
0 8354
0 8353
0 8352
0 8351
0 8350
0 8349
0 8348
0 8347
0 8346
0 8345
0 8344
0 8343
0 8342
0 8341
0 8340
0 8339
0 8338
0 8337
0 8336
0 8335
0 8334
0 8333
0 8332
0 8331
0 8330
0 8329
0 8328
0 8327
0 8326
0 8325
0 8324
0 8323
0 8322
0 8321
0 8320
0 8319
0 8318
0 8317
0 8316
0 8315
0 8314
0 8313
0 8312
0 8311
0 8310
0 8309
0 8308
0 8307
0 8306
0 8305
0 8304
0 8303
0 8302
0 8301
0 8300
0 8299
0 8298
0 8297
0 8296
0 8295
0 8294
0 8293
0 8292
0 8291
0 8290
0 8289
0 8288
0 8287
0 8286
0 8285
0 8284
0 8283
0 8282
0 8281
0 8280
0 8279
0 8278
0 8277
0 8276
0 8275
0 8274
0 8273
0 8272
0 8271
0 8270
0 8269
0 8268
0 8267
0 8266
0 8265
0 8264
0 8263
0 8262
0 8261
0 8260
0 8259
0 8258
0 8257
0 8256
0 8255
0 8254
0 8253
0 8252
0 8251
0 8250
0 8249
0 8248
0 8247
0 8246
0 8245
0 8244
0 8243
0 8242
0 8241
0 8240
0 8239
0 8238
0 8237
0 8236
0 8235
0 8234
0 8233
0 8232
0 8231
0 8230
0 8229
0 8228
0 8227
0 8226
0 8225
0 8224
0 8223
0 8222
0 8221
0 8220
0 8219
0 8218
0 8217
0 8216
0 8215
0 8214
0 8213
0 8212
0 8211
0 8210
0 8209
0 8208
0 8207
0 8206
0 8205
0 8204
0 8203
0 8202
0 8201
0 8200
0 8199
0 8198
0 8197
0 8196
0 8195
0 8194
0 8193
0 8192
0 8191
0 8190
0 8189
0 8188
0 8187
0 8186
0 8185
0 8184
0 8183
0 8182
0 8181
0 8180
0 8179
0 8178
0 8177
0 8176
0 8175
0 8174
0 8173
0 8172
0 8171
0 8170
0 8169
0 8168
0 8167
0 8166
0 8165
0 8164
0 8163
0 8162
0 8161
0 8160
0 8159
0 8158
0 8157
0 8156
0 8155
0 8154
0 8153
0 8152
0 8151
0 8150
0 8149
0 8148
0 8147
0 8146
0 8145
0 8144
0 8143
0 8142
0 8141
0 8140
0 8139
0 8138
0 8137
0 8136
0 8135
0 8134
0 8133
0 8132
0 8131
0 8130
0 8129
0 8128
0 8127
0 8126
0 8125
0 8124
0 8123
0 8122
0 8121
0 8120
0 8119
0 8118
0 8117
0 8116
0 8115
0 8114
0 8113
0 8112
0 8111
0 8110
0 8109
0 8108
0 8107
0 8106
0 8105
0 8104
0 8103
0 8102
0 8101
0 8100
0 8099
0 8098
0 8097
0 8096
0 8095
0 8094
0 8093
0 8092
0 8091
0 8090
0 8089
0 8088
0 8087
0 8086
0 8085
0 8084
0 8083
0 8082
0 8081
0 8080
0 8079
0 8078
0 8077
0 8076
0 8075
0 8074
0 8073
0 8072
0 8071
0 8070
0 8069
0 8068
0 8067
0 8066
0 8065
0 8064
0 8063
0 8062
0 8061
0 8060
0 8059
0 8058
0 8057
0 8056
0 8055
0 8054
0 8053
0 8052
0 8051
0 8050
0 8049
0 8048
0 8047
0 8046
0 8045
0 8044
0 8043
0 8042
0 8041
0 8040
0 8039
0 8038
0 8037
0 8036
0 8035
0 8034
0 8033
0 8032
0 8031
0 8030
0 8029
0 8028
0 8027
0 8026
0 8025
0 8024
1 8023
1 8022
1 8021
1 8020
1 8019
1 8018
1 8017
1 8016
1 8015
1 8014
1 8013
1 8012
1 8011
1 8010
1 8009
1 8008
1 8007
1 8006
1 8005
1 8004
1 8003
1 8002
1 8001
1 8000
1 7999
1 7998
1 7997
1 7996
1 7995
1 7994
1 7993
1 7992
1 7991
1 7990
1 7989
1 7988
1 7987
1 7986
1 7985
1 7984
1 7983
1 7982
1 7981
1 7980
1 7979
1 7978
1 7977
1 7976
1 7975
1 7974
1 7973
1 7972
1 7971
1 7970
1 7969
1 7968
1 7967
1 7966
1 7965
1 7964
1 7963
1 7962
1 7961
1 7960
1 7959
1 7958
1 7957
1 7956
1 7955
1 7954
1 7953
1 7952
1 7951
1 7950
1 7949
1 7948
1 7947
1 7946
1 7945
1 7944
1 7943
1 7942
1 7941
1 7940
1 7939
1 7938
1 7937
1 7936
1 7935
1 7934
1 7933
1 7932
1 7931
1 7930
1 7929
1 7928
1 7927
1 7926
1 7925
1 7924
1 7923
1 7922
1 7921
1 7920
1 7919
1 7918
1 7917
1 7916
1 7915
1 7914
1 7913
1 7912
1 7911
1 7910
1 7909
1 7908
1 7907
1 7906
1 7905
1 7904
1 7903
1 7902
1 7901
1 7900
1 7899
1 7898
1 7897
1 7896
1 7895
1 7894
1 7893
1 7892
1 7891
1 7890
1 7889
1 7888
1 7887
1 7886
1 7885
1 7884
1 7883
1 7882
1 7881
1 7880
1 7879
1 7878
1 7877
1 7876
1 7875
1 7874
1 7873
1 7872
1 7871
1 7870
1 7869
1 7868
1 7867
1 7866
1 7865
1 7864
1 7863
1 7862
2 7861
2 7860
2 7859
2 7858
2 7857
2 7856
2 7855
2 7854
2 7853
2 7852
2 7851
2 7850
2 7849
2 7848
2 7847
2 7846
2 7845
2 7844
2 7843
2 7842
2 7841
2 7840
2 7839
2 7838
2 7837
2 7836
2 7835
2 7834
2 7833
2 7832
3 7831
3 7830
3 7829
3 7828
3 7827
3 7826
3 7825
3 7824
3 7823
3 7822
3 7821
3 7820
3 7819
3 7818
3 7817
3 7816
3 7815
3 7814
3 7813
3 7812
3 7811
3 7810
3 7809
3 7808
3 7807
3 7806
3 7805
3 7804
3 7803
3 7802
3 7801
3 7800
3 7799
3 7798
3 7797
3 7796
3 7795
3 7794
3 7793
3 7792
3 7791
3 7790
3 7789
3 7788
3 7787
3 7786
3 7785
3 7784
3 7783
3 7782
3 7781
3 7780
3 7779
3 7778
3 7777
3 7776
3 7775
3 7774
3 7773
3 7772
3 7771
4 7770
4 7769
4 7768
4 7767
4 7766
4 7765
4 7764
4 7763
4 7762
4 7761
4 7760
4 7759
4 7758
4 7757
4 7756
4 7755
4 7754
4 7753
4 7752
4 7751
4 7750
4 7749
4 7748
4 7747
4 7746
4 7745
4 7744
4 7743
4 7742
4 7741
4 7740
4 7739
4 7738
4 7737
4 7736
4 7735
4 7734
4 7733
4 7732
4 7731
4 7730
4 7729
4 7728
4 7727
4 7726
4 7725
4 7724
4 7723
4 7722
4 7721
4 7720
4 7719
4 7718
4 7717
4 7716
4 7715
4 7714
4 7713
4 7712
4 7711
4 7710
4 7709
4 7708
4 7707
4 7706
4 7705
4 7704
4 7703
4 7702
4 7701
4 7700
4 7699
4 7698
4 7697
4 7696
4 7695
4 7694
4 7693
4 7692
4 7691
4 7690
4 7689
4 7688
4 7687
4 7686
4 7685
4 7684
4 7683
4 7682
4 7681
4 7680
5 7679
5 7678
5 7677
5 7676
5 7675
5 7674
5 7673
5 7672
5 7671
5 7670
6 7669
6 7668
6 7667
6 7666
6 7665
6 7664
6 7663
6 7662
6 7661
6 7660
6 7659
6 7658
6 7657
6 7656
6 7655
6 7654
6 7653
6 7652
6 7651
6 7650
6 7649
6 7648
6 7647
6 7646
6 7645
6 7644
6 7643
6 7642
6 7641
7 7640
7 7639
7 7638
7 7637
7 7636
7 7635
7 7634
7 7633
7 7632
7 7631
7 7630
7 7629
7 7628
7 7627
7 7626
7 7625
7 7624
7 7623
7 7622
7 7621
7 7620
7 7619
7 7618
7 7617
7 7616
7 7615
7 7614
7 7613
7 7612
7 7611
8 7610
8 7609
8 7608
8 7607
8 7606
8 7605
8 7604
8 7603
8 7602
8 7601
8 7600
8 7599
8 7598
8 7597
8 7596
8 7595
8 7594
8 7593
8 7592
8 7591
8 7590
8 7589
8 7588
8 7587
8 7586
8 7585
8 7584
8 7583
8 7582
8 7581
8 7580
8 7579
8 7578
8 7577
8 7576
8 7575
8 7574
8 7573
8 7572
8 7571
8 7570
8 7569
8 7568
8 7567
8 7566
8 7565
8 7564
8 7563
8 7562
8 7561
8 7560
8 7559
8 7558
9 7557
9 7556
9 7555
9 7554
10 7553
10 7552
10 7551
10 7550
10 7549
10 7548
10 7547
10 7546
10 7545
10 7544
10 7543
10 7542
10 7541
11 7540
11 7539
11 7538
11 7537
11 7536
11 7535
11 7534
11 7533
11 7532
11 7531
11 7530
11 7529
11 7528
11 7527
11 7526
11 7525
11 7524
11 7523
11 7522
11 7521
11 7520
11 7519
12 7518
12 7517
12 7516
12 7515
12 7514
12 7513
12 7512
13 7511
13 7510
13 7509
13 7508
13 7507
13 7506
13 7505
13 7504
13 7503
13 7502
13 7501
13 7500
14 7499
15 7498
15 7497
15 7496
15 7495
15 7494
15 7493
15 7492
15 7491
15 7490
15 7489
15 7488
15 7487
15 7486
15 7485
15 7484
15 7483
15 7482
15 7481
15 7480
15 7479
15 7478
15 7477
15 7476
16 7475
16 7474
16 7473
16 7472
16 7471
16 7470
16 7469
16 7468
16 7467
16 7466
16 7465
16 7464
16 7463
16 7462
16 7461
16 7460
16 7459
17 7458
17 7457
18 7456
18 7455
18 7454
18 7453
19 7452
19 7451
19 7450
19 7449
19 7448
19 7447
19 7446
19 7445
19 7444
19 7443
20 7442
20 7441
20 7440
20 7439
20 7438
20 7437
20 7436
20 7435
20 7434
21 7433
21 7432
21 7431
21 7430
21 7429
21 7428
21 7427
21 7426
21 7425
21 7424
21 7423
21 7422
21 7421
21 7420
21 7419
21 7418
21 7417
21 7416
21 7415
22 7414
22 7413
23 7412
23 7411
24 7410
24 7409
24 7408
24 7407
24 7406
24 7405
24 7404
24 7403
24 7402
24 7401
25 7400
25 7399
25 7398
25 7397
25 7396
25 7395
25 7394
25 7393
25 7392
25 7391
25 7390
25 7389
26 7388
26 7387
27 7386
27 7385
27 7384
27 7383
27 7382
27 7381
27 7380
27 7379
27 7378
27 7377
28 7376
28 7375
28 7374
28 7373
28 7372
28 7371
28 7370
28 7369
29 7368
29 7367
29 7366
29 7365
29 7364
29 7363
29 7362
29 7361
29 7360
29 7359
29 7358
29 7357
29 7356
30 7355
30 7354
30 7353
30 7352
30 7351
30 7350
31 7349
31 7348
31 7347
31 7346
31 7345
31 7344
31 7343
31 7342
32 7341
32 7340
32 7339
32 7338
33 7337
33 7336
33 7335
33 7334
33 7333
33 7332
33 7331
34 7330
34 7329
34 7328
34 7327
34 7326
34 7325
34 7324
34 7323
34 7322
34 7321
34 7320
35 7319
35 7318
35 7317
35 7316
35 7315
35 7314
35 7313
35 7312
36 7311
36 7310
37 7309
37 7308
37 7307
37 7306
37 7305
37 7304
37 7303
37 7302
37 7301
37 7300
37 7299
37 7298
37 7297
37 7296
37 7295
37 7294
38 7293
38 7292
38 7291
38 7290
38 7289
38 7288
38 7287
38 7286
38 7285
38 7284
38 7283
38 7282
38 7281
38 7280
38 7279
38 7278
38 7277
38 7276
38 7275
38 7274
38 7273
38 7272
39 7271
39 7270
39 7269
39 7268
39 7267
39 7266
39 7265
39 7264
39 7263
39 7262
39 7261
39 7260
39 7259
39 7258
39 7257
40 7256
40 7255
40 7254
40 7253
40 7252
40 7251
40 7250
41 7249
41 7248
41 7247
41 7246
41 7245
41 7244
41 7243
42 7242
42 7241
42 7240
42 7239
42 7238
42 7237
43 7236
43 7235
43 7234
43 7233
43 7232
43 7231
43 7230
43 7229
43 7228
43 7227
44 7226
44 7225
44 7224
44 7223
44 7222
44 7221
44 7220
44 7219
44 7218
45 7217
45 7216
45 7215
45 7214
46 7213
46 7212
47 7211
47 7210
47 7209
47 7208
47 7207
47 7206
47 7205
48 7204
48 7203
49 7202
49 7201
49 7200
49 7199
49 7198
49 7197
49 7196
50 7195
50 7194
50 7193
50 7192
52 7191
52 7190
52 7189
52 7188
52 7187
54 7186
54 7185
54 7184
54 7183
54 7182
54 7181
54 7180
54 7179
54 7178
54 7177
54 7176
54 7175
54 7174
54 7173
55 7172
55 7171
55 7170
55 7169
56 7168
56 7167
56 7166
56 7165
56 7164
56 7163
56 7162
56 7161
56 7160
56 7159
56 7158
56 7157
56 7156
56 7155
58 7154
58 7153
58 7152
59 7151
59 7150
59 7149
59 7148
59 7147
59 7146
59 7145
59 7144
59 7143
59 7142
59 7141
60 7140
61 7139
61 7138
61 7137
61 7136
61 7135
61 7134
61 7133
61 7132
62 7131
62 7130
62 7129
62 7128
63 7127
63 7126
63 7125
64 7124
64 7123
64 7122
64 7121
64 7120
64 7119
64 7118
64 7117
65 7116
65 7115
65 7114
65 7113
65 7112
65 7111
65 7110
65 7109
65 7108
65 7107
65 7106
66 7105
66 7104
66 7103
66 7102
66 7101
66 7100
66 7099
66 7098
66 7097
68 7096
68 7095
68 7094
68 7093
68 7092
68 7091
68 7090
71 7089
74 7088
76 7087
76 7086
77 7085
77 7084
77 7083
77 7082
77 7081
77 7080
79 7079
79 7078
79 7077
79 7076
79 7075
80 7074
80 7073
81 7072
81 7071
81 7070
82 7069
82 7068
82 7067
82 7066
85 7065
85 7064
86 7063
86 7062
86 7061
86 7060
87 7059
87 7058
87 7057
87 7056
87 7055
87 7054
87 7053
87 7052
88 7051
88 7050
90 7049
90 7048
91 7047
91 7046
92 7045
92 7044
92 7043
92 7042
92 7041
92 7040
93 7039
93 7038
93 7037
95 7036
95 7035
95 7034
96 7033
96 7032
96 7031
96 7030
96 7029
96 7028
96 7027
96 7026
96 7025
96 7024
96 7023
96 7022
97 7021
97 7020
97 7019
97 7018
98 7017
98 7016
98 7015
99 7014
99 7013
99 7012
99 7011
101 7010
101 7009
103 7008
103 7007
104 7006
104 7005
104 7004
104 7003
104 7002
105 7001
107 7000
107 6999
108 6998
108 6997
110 6996
110 6995
112 6994
113 6993
113 6992
113 6991
113 6990
113 6989
113 6988
114 6987
114 6986
114 6985
114 6984
114 6983
114 6982
114 6981
114 6980
114 6979
114 6978
114 6977
114 6976
116 6975
117 6974
118 6973
118 6972
118 6971
118 6970
118 6969
118 6968
118 6967
118 6966
119 6965
119 6964
119 6963
120 6962
120 6961
120 6960
121 6959
121 6958
123 6957
126 6956
126 6955
126 6954
127 6953
127 6952
127 6951
127 6950
127 6949
127 6948
127 6947
128 6946
128 6945
128 6944
128 6943
128 6942
128 6941
129 6940
131 6939
131 6938
131 6937
131 6936
131 6935
131 6934
131 6933
131 6932
132 6931
132 6930
132 6929
132 6928
132 6927
134 6926
134 6925
135 6924
136 6923
136 6922
136 6921
136 6920
136 6919
136 6918
136 6917
138 6916
140 6915
142 6914
142 6913
142 6912
143 6911
144 6910
144 6909
144 6908
144 6907
145 6906
145 6905
148 6904
148 6903
148 6902
148 6901
148 6900
150 6899
150 6898
150 6897
153 6896
153 6895
154 6894
155 6893
155 6892
155 6891
155 6890
156 6889
156 6888
156 6887
156 6886
156 6885
156 6884
156 6883
156 6882
156 6881
156 6880
156 6879
156 6878
156 6877
157 6876
161 6875
162 6874
162 6873
167 6872
167 6871
167 6870
169 6869
169 6868
169 6867
169 6866
174 6865
176 6864
180 6863
180 6862
180 6861
181 6860
182 6859
182 6858
182 6857
182 6856
182 6855
183 6854
183 6853
184 6852
184 6851
184 6850
186 6849
187 6848
187 6847
187 6846
187 6845
187 6844
189 6843
189 6842
190 6841
192 6840
192 6839
193 6838
193 6837
195 6836
196 6835
196 6834
196 6833
197 6832
197 6831
198 6830
198 6829
198 6828
199 6827
203 6826
203 6825
203 6824
203 6823
203 6822
203 6821
205 6820
205 6819
205 6818
205 6817
205 6816
205 6815
205 6814
205 6813
205 6812
205 6811
205 6810
206 6809
206 6808
206 6807
206 6806
206 6805
206 6804
206 6803
206 6802
207 6801
207 6800
212 6799
215 6798
216 6797
216 6796
216 6795
216 6794
216 6793
216 6792
216 6791
217 6790
217 6789
217 6788
220 6787
220 6786
220 6785
222 6784
222 6783
222 6782
222 6781
222 6780
225 6779
230 6778
230 6777
230 6776
230 6775
233 6774
239 6773
239 6772
239 6771
239 6770
239 6769
239 6768
239 6767
239 6766
239 6765
243 6764
243 6763
243 6762
244 6761
245 6760
245 6759
245 6758
245 6757
251 6756
251 6755
251 6754
251 6753
251 6752
251 6751
251 6750
251 6749
251 6748
251 6747
251 6746
251 6745
251 6744
252 6743
258 6742
258 6741
261 6740
261 6739
262 6738
262 6737
263 6736
267 6735
270 6734
271 6733
271 6732
273 6731
273 6730
277 6729
277 6728
277 6727
277 6726
277 6725
277 6724
277 6723
277 6722
277 6721
277 6720
279 6719
281 6718
282 6717
284 6716
285 6715
286 6714
287 6713
287 6712
287 6711
287 6710
288 6709
288 6708
288 6707
288 6706
288 6705
292 6704
292 6703
293 6702
293 6701
293 6700
293 6699
295 6698
295 6697
295 6696
299 6695
301 6694
303 6693
303 6692
303 6691
304 6690
304 6689
304 6688
304 6687
304 6686
304 6685
307 6684
308 6683
315 6682
315 6681
315 6680
316 6679
316 6678
316 6677
318 6676
318 6675
318 6674
318 6673
320 6672
320 6671
320 6670
323 6669
323 6668
323 6667
323 6666
323 6665
323 6664
323 6663
323 6662
323 6661
328 6660
328 6659
328 6658
328 6657
331 6656
331 6655
331 6654
333 6653
336 6652
336 6651
336 6650
340 6649
340 6648
340 6647
341 6646
341 6645
341 6644
342 6643
343 6642
345 6641
345 6640
348 6639
351 6638
353 6637
353 6636
353 6635
355 6634
355 6633
355 6632
355 6631
355 6630
359 6629
361 6628
361 6627
361 6626
361 6625
361 6624
361 6623
361 6622
364 6621
366 6620
368 6619
368 6618
370 6617
373 6616
373 6615
379 6614
381 6613
381 6612
381 6611
381 6610
383 6609
383 6608
384 6607
384 6606
384 6605
384 6604
390 6603
391 6602
391 6601
391 6600
391 6599
393 6598
394 6597
394 6596
394 6595
394 6594
401 6593
401 6592
401 6591
401 6590
402 6589
402 6588
405 6587
405 6586
405 6585
405 6584
405 6583
407 6582
408 6581
408 6580
408 6579
408 6578
408 6577
409 6576
409 6575
413 6574
413 6573
421 6572
421 6571
421 6570
427 6569
430 6568
430 6567
430 6566
431 6565
434 6564
436 6563
436 6562
441 6561
441 6560
442 6559
442 6558
442 6557
447 6556
448 6555
448 6554
449 6553
449 6552
450 6551
451 6550
451 6549
451 6548
451 6547
451 6546
459 6545
459 6544
459 6543
462 6542
462 6541
462 6540
462 6539
462 6538
463 6537
463 6536
465 6535
465 6534
465 6533
468 6532
468 6531
468 6530
468 6529
468 6528
468 6527
468 6526
469 6525
473 6524
473 6523
480 6522
480 6521
480 6520
480 6519
480 6518
480 6517
483 6516
487 6515
487 6514
488 6513
490 6512
490 6511
490 6510
490 6509
490 6508
491 6507
491 6506
491 6505
491 6504
493 6503
493 6502
493 6501
501 6500
502 6499
502 6498
509 6497
509 6496
509 6495
509 6494
523 6493
523 6492
523 6491
527 6490
528 6489
528 6488
529 6487
529 6486
529 6485
535 6484
535 6483
535 6482
535 6481
535 6480
535 6479
537 6478
537 6477
537 6476
550 6475
550 6474
558 6473
558 6472
558 6471
558 6470
560 6469
560 6468
567 6467
567 6466
568 6465
568 6464
568 6463
568 6462
568 6461
569 6460
569 6459
569 6458
577 6457
589 6456
589 6455
597 6454
597 6453
597 6452
597 6451
597 6450
597 6449
597 6448
597 6447
598 6446
598 6445
598 6444
