0 1588
0 1587
0 1586
0 1585
0 1584
0 1583
0 1582
0 1581
0 1580
0 1579
0 1578
0 1577
0 1576
0 1575
0 1574
0 1573
0 1572
0 1571
0 1570
0 1569
0 1568
0 1567
0 1566
0 1565
0 1564
0 1563
0 1562
0 1561
0 1560
0 1559
0 1558
0 1557
0 1556
0 1555
0 1554
0 1553
0 1552
0 1551
0 1550
0 1549
0 1548
0 1547
0 1546
0 1545
0 1544
0 1543
0 1542
0 1541
0 1540
0 1539
0 1538
0 1537
0 1536
0 1535
0 1534
0 1533
0 1532
0 1531
0 1530
0 1529
0 1528
0 1527
0 1526
0 1525
0 1524
0 1523
0 1522
0 1521
0 1520
0 1519
0 1518
0 1517
0 1516
0 1515
0 1514
0 1513
0 1512
0 1511
0 1510
0 1509
0 1508
0 1507
0 1506
0 1505
0 1504
0 1503
0 1502
0 1501
0 1500
0 1499
0 1498
0 1497
0 1496
0 1495
0 1494
0 1493
0 1492
0 1491
0 1490
0 1489
0 1488
0 1487
0 1486
0 1485
0 1484
0 1483
0 1482
0 1481
0 1480
0 1479
0 1478
0 1477
0 1476
0 1475
0 1474
0 1473
0 1472
0 1471
0 1470
0 1469
0 1468
0 1467
0 1466
0 1465
0 1464
0 1463
0 1462
0 1461
0 1460
0 1459
0 1458
0 1457
0 1456
0 1455
0 1454
0 1453
0 1452
0 1451
0 1450
0 1449
0 1448
0 1447
0 1446
0 1445
0 1444
0 1443
0 1442
0 1441
0 1440
0 1439
0 1438
0 1437
0 1436
0 1435
0 1434
0 1433
0 1432
0 1431
0 1430
0 1429
0 1428
0 1427
0 1426
0 1425
0 1424
0 1423
0 1422
0 1421
0 1420
0 1419
0 1418
0 1417
0 1416
0 1415
0 1414
0 1413
0 1412
0 1411
0 1410
0 1409
0 1408
0 1407
0 1406
0 1405
0 1404
0 1403
0 1402
0 1401
0 1400
0 1399
0 1398
0 1397
0 1396
0 1395
0 1394
0 1393
0 1392
0 1391
0 1390
0 1389
0 1388
0 1387
0 1386
0 1385
0 1384
0 1383
0 1382
0 1381
0 1380
0 1379
0 1378
0 1377
0 1376
0 1375
0 1374
0 1373
0 1372
0 1371
0 1370
0 1369
0 1368
0 1367
0 1366
0 1365
0 1364
0 1363
0 1362
0 1361
0 1360
0 1359
0 1358
0 1357
0 1356
0 1355
0 1354
0 1353
0 1352
0 1351
0 1350
0 1349
0 1348
0 1347
0 1346
0 1345
0 1344
0 1343
0 1342
0 1341
0 1340
0 1339
0 1338
0 1337
0 1336
0 1335
0 1334
0 1333
0 1332
0 1331
0 1330
0 1329
0 1328
0 1327
0 1326
0 1325
0 1324
0 1323
0 1322
0 1321
0 1320
0 1319
0 1318
0 1317
0 1316
0 1315
0 1314
0 1313
0 1312
0 1311
0 1310
0 1309
0 1308
0 1307
0 1306
0 1305
0 1304
0 1303
0 1302
0 1301
0 1300
0 1299
0 1298
0 1297
0 1296
0 1295
0 1294
0 1293
0 1292
0 1291
0 1290
0 1289
0 1288
0 1287
0 1286
0 1285
0 1284
0 1283
0 1282
0 1281
0 1280
0 1279
0 1278
0 1277
0 1276
0 1275
0 1274
0 1273
0 1272
0 1271
0 1270
0 1269
0 1268
0 1267
0 1266
0 1265
0 1264
0 1263
0 1262
0 1261
0 1260
0 1259
1 1258
1 1257
1 1256
1 1255
1 1254
1 1253
1 1252
1 1251
1 1250
1 1249
1 1248
1 1247
1 1246
1 1245
1 1244
1 1243
1 1242
1 1241
1 1240
1 1239
1 1238
1 1237
1 1236
1 1235
1 1234
1 1233
1 1232
1 1231
1 1230
1 1229
1 1228
1 1227
1 1226
1 1225
1 1224
1 1223
1 1222
1 1221
1 1220
2 1219
2 1218
2 1217
2 1216
2 1215
2 1214
2 1213
2 1212
2 1211
2 1210
2 1209
2 1208
2 1207
2 1206
2 1205
2 1204
2 1203
2 1202
2 1201
2 1200
2 1199
2 1198
2 1197
2 1196
2 1195
2 1194
2 1193
2 1192
2 1191
2 1190
2 1189
3 1188
3 1187
3 1186
3 1185
3 1184
3 1183
3 1182
3 1181
3 1180
3 1179
3 1178
3 1177
3 1176
3 1175
3 1174
3 1173
3 1172
4 1171
4 1170
4 1169
4 1168
4 1167
4 1166
4 1165
4 1164
4 1163
4 1162
4 1161
4 1160
4 1159
4 1158
4 1157
4 1156
4 1155
5 1154
5 1153
5 1152
5 1151
5 1150
5 1149
5 1148
5 1147
5 1146
5 1145
5 1144
5 1143
5 1142
5 1141
5 1140
5 1139
5 1138
6 1137
6 1136
6 1135
6 1134
6 1133
6 1132
6 1131
6 1130
6 1129
6 1128
6 1127
6 1126
6 1125
6 1124
6 1123
6 1122
7 1121
7 1120
7 1119
7 1118
7 1117
7 1116
7 1115
7 1114
7 1113
7 1112
7 1111
7 1110
7 1109
7 1108
7 1107
7 1106
8 1105
8 1104
8 1103
8 1102
8 1101
8 1100
8 1099
8 1098
8 1097
8 1096
8 1095
8 1094
8 1093
9 1092
9 1091
9 1090
9 1089
9 1088
9 1087
9 1086
9 1085
10 1084
10 1083
10 1082
10 1081
10 1080
10 1079
10 1078
10 1077
10 1076
10 1075
10 1074
11 1073
11 1072
11 1071
11 1070
11 1069
11 1068
12 1067
12 1066
12 1065
12 1064
12 1063
13 1062
13 1061
13 1060
13 1059
13 1058
13 1057
13 1056
14 1055
14 1054
14 1053
14 1052
15 1051
15 1050
15 1049
15 1048
15 1047
16 1046
16 1045
16 1044
16 1043
17 1042
17 1041
17 1040
17 1039
17 1038
17 1037
17 1036
17 1035
18 1034
18 1033
18 1032
18 1031
18 1030
19 1029
19 1028
19 1027
20 1026
20 1025
20 1024
21 1023
21 1022
21 1021
22 1020
22 1019
22 1018
22 1017
22 1016
22 1015
23 1014
23 1013
23 1012
23 1011
23 1010
23 1009
24 1008
25 1007
25 1006
25 1005
26 1004
26 1003
27 1002
27 1001
28 1000
30 999
31 998
31 997
32 996
32 995
33 994
33 993
33 992
34 991
34 990
35 989
35 988
35 987
35 986
36 985
36 984
37 983
37 982
37 981
39 980
39 979
40 978
40 977
41 976
41 975
43 974
44 973
44 972
45 971
45 970
48 969
48 968
49 967
50 966
51 965
52 964
53 963
54 962
54 961
55 960
56 959
60 958
60 957
61 956
61 955
62 954
63 953
64 952
65 951
66 950
67 949
67 948
67 947
68 946
73 945
74 944
74 943
78 942
78 941
78 940
81 939
81 938
83 937
84 936
85 935
88 934
89 933
93 932
93 931
95 930
96 929
97 928
97 927
97 926
102 925
107 924
108 923
109 922
111 921
113 920
115 919
115 918
115 917
117 916
122 915
124 914
130 913
134 912
138 911
140 910
160 909
166 908
170 907
178 906
187 905
189 904
190 903
190 902
218 901
229 900
239 899
