0 4940
0 4939
0 4938
0 4937
0 4936
0 4935
0 4934
0 4933
0 4932
0 4931
0 4930
0 4929
0 4928
0 4927
0 4926
0 4925
0 4924
0 4923
0 4922
0 4921
0 4920
0 4919
0 4918
0 4917
0 4916
0 4915
0 4914
0 4913
0 4912
0 4911
0 4910
0 4909
0 4908
0 4907
0 4906
0 4905
0 4904
0 4903
0 4902
0 4901
0 4900
0 4899
0 4898
0 4897
0 4896
0 4895
0 4894
0 4893
0 4892
0 4891
0 4890
0 4889
0 4888
0 4887
0 4886
0 4885
0 4884
0 4883
0 4882
0 4881
0 4880
0 4879
0 4878
0 4877
0 4876
0 4875
0 4874
0 4873
0 4872
0 4871
0 4870
0 4869
0 4868
0 4867
0 4866
0 4865
0 4864
0 4863
0 4862
0 4861
0 4860
0 4859
0 4858
0 4857
0 4856
0 4855
0 4854
0 4853
0 4852
0 4851
0 4850
0 4849
0 4848
0 4847
0 4846
0 4845
0 4844
0 4843
0 4842
0 4841
0 4840
0 4839
0 4838
0 4837
0 4836
0 4835
0 4834
0 4833
0 4832
0 4831
0 4830
0 4829
0 4828
0 4827
0 4826
0 4825
0 4824
0 4823
0 4822
0 4821
0 4820
0 4819
0 4818
0 4817
0 4816
0 4815
0 4814
0 4813
0 4812
0 4811
0 4810
0 4809
0 4808
0 4807
0 4806
0 4805
0 4804
0 4803
0 4802
0 4801
0 4800
0 4799
0 4798
0 4797
0 4796
0 4795
0 4794
0 4793
0 4792
0 4791
0 4790
0 4789
0 4788
0 4787
0 4786
0 4785
0 4784
0 4783
0 4782
0 4781
0 4780
0 4779
0 4778
0 4777
0 4776
0 4775
0 4774
0 4773
0 4772
0 4771
0 4770
0 4769
0 4768
0 4767
0 4766
0 4765
0 4764
0 4763
0 4762
0 4761
0 4760
0 4759
0 4758
0 4757
0 4756
0 4755
0 4754
0 4753
0 4752
0 4751
0 4750
0 4749
0 4748
0 4747
0 4746
0 4745
0 4744
0 4743
0 4742
0 4741
0 4740
0 4739
0 4738
0 4737
0 4736
0 4735
0 4734
0 4733
0 4732
0 4731
0 4730
0 4729
0 4728
0 4727
0 4726
0 4725
0 4724
0 4723
0 4722
0 4721
0 4720
0 4719
0 4718
0 4717
0 4716
0 4715
0 4714
0 4713
0 4712
0 4711
0 4710
0 4709
0 4708
0 4707
0 4706
0 4705
0 4704
0 4703
0 4702
0 4701
0 4700
0 4699
0 4698
0 4697
0 4696
0 4695
0 4694
0 4693
0 4692
0 4691
0 4690
0 4689
0 4688
0 4687
0 4686
0 4685
0 4684
0 4683
0 4682
0 4681
0 4680
0 4679
0 4678
0 4677
0 4676
0 4675
0 4674
0 4673
0 4672
0 4671
0 4670
0 4669
0 4668
0 4667
0 4666
0 4665
0 4664
0 4663
0 4662
0 4661
0 4660
0 4659
0 4658
0 4657
0 4656
0 4655
0 4654
0 4653
0 4652
0 4651
0 4650
0 4649
0 4648
0 4647
0 4646
0 4645
0 4644
0 4643
0 4642
0 4641
0 4640
0 4639
0 4638
0 4637
0 4636
0 4635
0 4634
0 4633
0 4632
0 4631
0 4630
0 4629
0 4628
0 4627
0 4626
0 4625
0 4624
0 4623
0 4622
0 4621
0 4620
0 4619
0 4618
0 4617
0 4616
0 4615
0 4614
0 4613
0 4612
0 4611
0 4610
0 4609
0 4608
0 4607
0 4606
0 4605
0 4604
0 4603
0 4602
0 4601
0 4600
0 4599
0 4598
0 4597
0 4596
0 4595
0 4594
0 4593
0 4592
0 4591
0 4590
0 4589
0 4588
0 4587
0 4586
0 4585
0 4584
0 4583
0 4582
0 4581
0 4580
0 4579
0 4578
0 4577
0 4576
0 4575
0 4574
0 4573
0 4572
0 4571
0 4570
0 4569
0 4568
0 4567
0 4566
0 4565
0 4564
0 4563
0 4562
0 4561
0 4560
0 4559
0 4558
0 4557
0 4556
0 4555
0 4554
0 4553
0 4552
0 4551
0 4550
0 4549
0 4548
0 4547
0 4546
0 4545
0 4544
0 4543
0 4542
0 4541
0 4540
0 4539
0 4538
0 4537
0 4536
0 4535
0 4534
0 4533
0 4532
0 4531
0 4530
0 4529
0 4528
0 4527
0 4526
0 4525
0 4524
0 4523
0 4522
0 4521
0 4520
0 4519
0 4518
0 4517
0 4516
0 4515
0 4514
0 4513
0 4512
0 4511
0 4510
0 4509
0 4508
0 4507
0 4506
0 4505
1 4504
1 4503
1 4502
1 4501
1 4500
1 4499
1 4498
1 4497
1 4496
1 4495
1 4494
1 4493
1 4492
1 4491
1 4490
1 4489
1 4488
1 4487
1 4486
1 4485
1 4484
1 4483
1 4482
1 4481
1 4480
1 4479
1 4478
1 4477
1 4476
1 4475
1 4474
1 4473
1 4472
1 4471
1 4470
1 4469
1 4468
1 4467
1 4466
1 4465
1 4464
1 4463
1 4462
1 4461
1 4460
1 4459
1 4458
1 4457
1 4456
1 4455
1 4454
1 4453
1 4452
1 4451
1 4450
1 4449
1 4448
1 4447
1 4446
1 4445
1 4444
1 4443
1 4442
1 4441
1 4440
1 4439
1 4438
1 4437
1 4436
1 4435
1 4434
1 4433
1 4432
1 4431
1 4430
1 4429
1 4428
1 4427
1 4426
1 4425
1 4424
1 4423
1 4422
1 4421
1 4420
1 4419
1 4418
1 4417
1 4416
1 4415
1 4414
1 4413
1 4412
1 4411
1 4410
1 4409
1 4408
1 4407
1 4406
1 4405
1 4404
1 4403
1 4402
1 4401
1 4400
1 4399
1 4398
1 4397
1 4396
1 4395
1 4394
1 4393
1 4392
1 4391
1 4390
1 4389
1 4388
1 4387
1 4386
1 4385
1 4384
1 4383
1 4382
1 4381
1 4380
1 4379
1 4378
1 4377
1 4376
1 4375
1 4374
1 4373
1 4372
1 4371
1 4370
1 4369
2 4368
2 4367
2 4366
2 4365
2 4364
2 4363
2 4362
2 4361
2 4360
2 4359
2 4358
2 4357
2 4356
2 4355
2 4354
2 4353
2 4352
2 4351
2 4350
2 4349
2 4348
2 4347
2 4346
2 4345
2 4344
2 4343
2 4342
2 4341
2 4340
2 4339
2 4338
2 4337
2 4336
2 4335
2 4334
2 4333
2 4332
2 4331
2 4330
2 4329
2 4328
2 4327
2 4326
2 4325
2 4324
2 4323
2 4322
2 4321
2 4320
2 4319
2 4318
2 4317
2 4316
2 4315
2 4314
2 4313
2 4312
2 4311
2 4310
2 4309
2 4308
2 4307
2 4306
2 4305
2 4304
2 4303
2 4302
2 4301
2 4300
2 4299
2 4298
2 4297
2 4296
2 4295
2 4294
2 4293
2 4292
2 4291
2 4290
2 4289
2 4288
2 4287
2 4286
2 4285
2 4284
2 4283
2 4282
2 4281
2 4280
2 4279
2 4278
2 4277
2 4276
2 4275
2 4274
2 4273
2 4272
2 4271
2 4270
2 4269
2 4268
2 4267
2 4266
2 4265
2 4264
2 4263
2 4262
2 4261
2 4260
3 4259
3 4258
3 4257
3 4256
3 4255
3 4254
3 4253
3 4252
3 4251
3 4250
3 4249
3 4248
3 4247
3 4246
3 4245
3 4244
3 4243
3 4242
3 4241
3 4240
3 4239
3 4238
3 4237
3 4236
3 4235
3 4234
3 4233
3 4232
3 4231
3 4230
3 4229
3 4228
3 4227
3 4226
3 4225
3 4224
3 4223
3 4222
3 4221
3 4220
3 4219
3 4218
3 4217
3 4216
3 4215
3 4214
3 4213
3 4212
3 4211
3 4210
3 4209
3 4208
3 4207
3 4206
3 4205
3 4204
3 4203
3 4202
3 4201
3 4200
3 4199
3 4198
3 4197
3 4196
3 4195
3 4194
3 4193
3 4192
3 4191
3 4190
3 4189
3 4188
3 4187
3 4186
3 4185
3 4184
3 4183
3 4182
4 4181
4 4180
4 4179
4 4178
4 4177
4 4176
4 4175
4 4174
4 4173
4 4172
4 4171
4 4170
4 4169
4 4168
4 4167
5 4166
6 4165
6 4164
6 4163
6 4162
6 4161
6 4160
6 4159
6 4158
6 4157
6 4156
6 4155
6 4154
6 4153
6 4152
6 4151
7 4150
7 4149
7 4148
7 4147
7 4146
7 4145
7 4144
7 4143
7 4142
7 4141
7 4140
7 4139
7 4138
7 4137
7 4136
7 4135
7 4134
8 4133
8 4132
8 4131
8 4130
8 4129
8 4128
8 4127
8 4126
8 4125
8 4124
8 4123
8 4122
8 4121
8 4120
8 4119
8 4118
8 4117
8 4116
8 4115
9 4114
9 4113
9 4112
9 4111
9 4110
9 4109
9 4108
9 4107
9 4106
9 4105
9 4104
9 4103
9 4102
9 4101
10 4100
10 4099
10 4098
10 4097
10 4096
10 4095
10 4094
10 4093
10 4092
10 4091
10 4090
10 4089
10 4088
10 4087
10 4086
10 4085
10 4084
10 4083
10 4082
10 4081
10 4080
11 4079
11 4078
11 4077
11 4076
11 4075
11 4074
11 4073
12 4072
12 4071
12 4070
12 4069
12 4068
12 4067
12 4066
12 4065
13 4064
13 4063
13 4062
13 4061
13 4060
13 4059
14 4058
14 4057
14 4056
14 4055
15 4054
15 4053
15 4052
16 4051
16 4050
16 4049
16 4048
16 4047
16 4046
16 4045
16 4044
16 4043
16 4042
17 4041
18 4040
18 4039
18 4038
18 4037
18 4036
19 4035
19 4034
19 4033
20 4032
20 4031
20 4030
20 4029
20 4028
20 4027
20 4026
20 4025
22 4024
22 4023
22 4022
22 4021
22 4020
22 4019
22 4018
22 4017
22 4016
22 4015
22 4014
22 4013
22 4012
22 4011
23 4010
23 4009
24 4008
24 4007
24 4006
24 4005
24 4004
24 4003
24 4002
25 4001
26 4000
28 3999
29 3998
29 3997
29 3996
29 3995
29 3994
30 3993
30 3992
30 3991
30 3990
31 3989
31 3988
31 3987
31 3986
31 3985
31 3984
33 3983
33 3982
33 3981
35 3980
35 3979
36 3978
36 3977
37 3976
37 3975
38 3974
38 3973
38 3972
40 3971
41 3970
41 3969
41 3968
42 3967
43 3966
43 3965
43 3964
43 3963
43 3962
43 3961
43 3960
43 3959
43 3958
44 3957
44 3956
44 3955
45 3954
45 3953
45 3952
45 3951
46 3950
46 3949
48 3948
48 3947
48 3946
48 3945
48 3944
48 3943
48 3942
50 3941
50 3940
50 3939
50 3938
50 3937
50 3936
50 3935
50 3934
51 3933
52 3932
52 3931
52 3930
52 3929
52 3928
52 3927
52 3926
52 3925
52 3924
52 3923
52 3922
52 3921
52 3920
52 3919
52 3918
52 3917
52 3916
52 3915
52 3914
54 3913
54 3912
54 3911
56 3910
57 3909
58 3908
58 3907
59 3906
59 3905
63 3904
63 3903
63 3902
64 3901
64 3900
64 3899
64 3898
66 3897
66 3896
66 3895
66 3894
66 3893
66 3892
69 3891
71 3890
73 3889
75 3888
75 3887
75 3886
75 3885
75 3884
75 3883
75 3882
75 3881
75 3880
75 3879
76 3878
77 3877
77 3876
77 3875
77 3874
77 3873
77 3872
77 3871
77 3870
79 3869
79 3868
80 3867
80 3866
80 3865
80 3864
81 3863
81 3862
81 3861
81 3860
81 3859
81 3858
81 3857
81 3856
81 3855
81 3854
81 3853
81 3852
83 3851
84 3850
84 3849
84 3848
85 3847
85 3846
85 3845
85 3844
85 3843
86 3842
86 3841
86 3840
86 3839
88 3838
88 3837
88 3836
89 3835
89 3834
90 3833
90 3832
91 3831
91 3830
91 3829
91 3828
92 3827
92 3826
92 3825
92 3824
93 3823
97 3822
97 3821
97 3820
97 3819
100 3818
100 3817
100 3816
101 3815
102 3814
102 3813
102 3812
103 3811
103 3810
103 3809
103 3808
105 3807
107 3806
107 3805
107 3804
107 3803
107 3802
107 3801
109 3800
109 3799
110 3798
111 3797
111 3796
111 3795
113 3794
115 3793
116 3792
116 3791
116 3790
116 3789
116 3788
117 3787
117 3786
117 3785
117 3784
117 3783
117 3782
120 3781
120 3780
120 3779
120 3778
120 3777
120 3776
120 3775
120 3774
122 3773
124 3772
125 3771
126 3770
127 3769
127 3768
127 3767
128 3766
128 3765
128 3764
128 3763
132 3762
132 3761
132 3760
132 3759
132 3758
132 3757
132 3756
133 3755
134 3754
134 3753
135 3752
135 3751
136 3750
136 3749
136 3748
136 3747
136 3746
136 3745
140 3744
140 3743
140 3742
140 3741
141 3740
141 3739
141 3738
142 3737
143 3736
143 3735
145 3734
145 3733
145 3732
145 3731
145 3730
147 3729
147 3728
147 3727
147 3726
148 3725
149 3724
149 3723
149 3722
149 3721
149 3720
149 3719
149 3718
149 3717
149 3716
149 3715
150 3714
151 3713
151 3712
151 3711
154 3710
155 3709
155 3708
155 3707
156 3706
159 3705
159 3704
159 3703
160 3702
161 3701
162 3700
162 3699
162 3698
162 3697
162 3696
163 3695
163 3694
163 3693
163 3692
163 3691
166 3690
168 3689
168 3688
169 3687
169 3686
169 3685
169 3684
169 3683
169 3682
169 3681
173 3680
173 3679
173 3678
174 3677
174 3676
174 3675
174 3674
174 3673
174 3672
175 3671
177 3670
178 3669
178 3668
178 3667
179 3666
179 3665
180 3664
183 3663
184 3662
187 3661
187 3660
190 3659
190 3658
190 3657
190 3656
191 3655
195 3654
195 3653
195 3652
195 3651
195 3650
195 3649
197 3648
197 3647
197 3646
199 3645
199 3644
199 3643
199 3642
203 3641
204 3640
204 3639
204 3638
204 3637
205 3636
208 3635
210 3634
214 3633
215 3632
215 3631
218 3630
222 3629
222 3628
222 3627
222 3626
222 3625
222 3624
222 3623
222 3622
223 3621
223 3620
223 3619
223 3618
223 3617
224 3616
225 3615
225 3614
226 3613
226 3612
226 3611
226 3610
226 3609
226 3608
226 3607
227 3606
227 3605
229 3604
229 3603
229 3602
229 3601
229 3600
229 3599
230 3598
234 3597
238 3596
243 3595
243 3594
243 3593
243 3592
245 3591
249 3590
249 3589
253 3588
253 3587
253 3586
255 3585
256 3584
256 3583
256 3582
256 3581
256 3580
258 3579
260 3578
264 3577
264 3576
264 3575
264 3574
265 3573
265 3572
265 3571
268 3570
272 3569
272 3568
272 3567
282 3566
282 3565
282 3564
283 3563
285 3562
285 3561
285 3560
288 3559
290 3558
290 3557
292 3556
292 3555
292 3554
292 3553
292 3552
293 3551
293 3550
297 3549
297 3548
298 3547
299 3546
301 3545
301 3544
301 3543
308 3542
309 3541
314 3540
315 3539
315 3538
315 3537
321 3536
322 3535
323 3534
326 3533
326 3532
326 3531
326 3530
326 3529
326 3528
329 3527
329 3526
332 3525
332 3524
336 3523
340 3522
344 3521
347 3520
348 3519
355 3518
358 3517
360 3516
360 3515
363 3514
363 3513
365 3512
365 3511
367 3510
367 3509
367 3508
371 3507
372 3506
377 3505
381 3504
381 3503
381 3502
385 3501
386 3500
387 3499
387 3498
391 3497
393 3496
393 3495
394 3494
397 3493
398 3492
398 3491
398 3490
402 3489
404 3488
404 3487
404 3486
405 3485
405 3484
406 3483
408 3482
408 3481
410 3480
410 3479
410 3478
413 3477
415 3476
415 3475
416 3474
416 3473
417 3472
423 3471
424 3470
427 3469
427 3468
433 3467
433 3466
433 3465
433 3464
437 3463
442 3462
442 3461
442 3460
447 3459
447 3458
448 3457
448 3456
448 3455
448 3454
449 3453
449 3452
449 3451
449 3450
449 3449
449 3448
449 3447
454 3446
454 3445
454 3444
454 3443
454 3442
454 3441
461 3440
463 3439
463 3438
469 3437
469 3436
469 3435
469 3434
476 3433
478 3432
480 3431
480 3430
480 3429
480 3428
482 3427
482 3426
482 3425
482 3424
483 3423
483 3422
483 3421
483 3420
484 3419
484 3418
484 3417
486 3416
486 3415
503 3414
504 3413
507 3412
510 3411
510 3410
516 3409
516 3408
518 3407
518 3406
518 3405
518 3404
518 3403
522 3402
522 3401
533 3400
537 3399
544 3398
550 3397
553 3396
553 3395
557 3394
557 3393
557 3392
557 3391
560 3390
567 3389
567 3388
568 3387
573 3386
575 3385
579 3384
579 3383
580 3382
585 3381
585 3380
586 3379
586 3378
586 3377
586 3376
589 3375
589 3374
589 3373
593 3372
594 3371
595 3370
595 3369
