0 4940
0 4939
0 4938
0 4937
0 4936
0 4935
0 4934
0 4933
0 4932
0 4931
0 4930
0 4929
0 4928
0 4927
0 4926
0 4925
0 4924
0 4923
0 4922
0 4921
0 4920
0 4919
0 4918
0 4917
0 4916
0 4915
0 4914
0 4913
0 4912
0 4911
0 4910
0 4909
0 4908
0 4907
0 4906
0 4905
0 4904
0 4903
0 4902
0 4901
0 4900
0 4899
0 4898
0 4897
0 4896
0 4895
0 4894
0 4893
0 4892
0 4891
0 4890
0 4889
0 4888
0 4887
0 4886
0 4885
0 4884
0 4883
0 4882
0 4881
0 4880
0 4879
0 4878
0 4877
0 4876
0 4875
0 4874
0 4873
0 4872
0 4871
0 4870
0 4869
0 4868
0 4867
0 4866
0 4865
0 4864
0 4863
0 4862
0 4861
0 4860
0 4859
0 4858
0 4857
0 4856
0 4855
0 4854
0 4853
0 4852
0 4851
0 4850
0 4849
0 4848
0 4847
0 4846
0 4845
0 4844
0 4843
0 4842
0 4841
0 4840
0 4839
0 4838
0 4837
0 4836
0 4835
0 4834
0 4833
0 4832
0 4831
0 4830
0 4829
0 4828
0 4827
0 4826
0 4825
0 4824
0 4823
0 4822
0 4821
0 4820
0 4819
0 4818
0 4817
0 4816
0 4815
0 4814
0 4813
0 4812
0 4811
0 4810
0 4809
0 4808
0 4807
0 4806
0 4805
0 4804
0 4803
0 4802
0 4801
0 4800
0 4799
0 4798
0 4797
0 4796
0 4795
0 4794
0 4793
0 4792
0 4791
0 4790
0 4789
0 4788
0 4787
0 4786
0 4785
0 4784
0 4783
0 4782
0 4781
0 4780
0 4779
0 4778
0 4777
0 4776
0 4775
0 4774
0 4773
0 4772
0 4771
0 4770
0 4769
0 4768
0 4767
0 4766
0 4765
0 4764
0 4763
0 4762
0 4761
0 4760
0 4759
0 4758
0 4757
0 4756
0 4755
0 4754
0 4753
0 4752
0 4751
0 4750
0 4749
0 4748
0 4747
0 4746
0 4745
0 4744
0 4743
0 4742
0 4741
0 4740
0 4739
0 4738
0 4737
0 4736
0 4735
0 4734
0 4733
0 4732
0 4731
0 4730
0 4729
0 4728
0 4727
0 4726
0 4725
0 4724
0 4723
0 4722
0 4721
0 4720
0 4719
0 4718
0 4717
0 4716
0 4715
0 4714
0 4713
0 4712
0 4711
0 4710
0 4709
0 4708
0 4707
0 4706
0 4705
0 4704
0 4703
0 4702
0 4701
0 4700
0 4699
0 4698
0 4697
0 4696
0 4695
0 4694
0 4693
0 4692
0 4691
0 4690
0 4689
0 4688
0 4687
0 4686
0 4685
0 4684
0 4683
0 4682
0 4681
0 4680
0 4679
0 4678
0 4677
0 4676
0 4675
0 4674
0 4673
0 4672
0 4671
0 4670
0 4669
0 4668
0 4667
0 4666
0 4665
0 4664
0 4663
0 4662
0 4661
0 4660
0 4659
0 4658
0 4657
0 4656
0 4655
0 4654
0 4653
0 4652
0 4651
0 4650
0 4649
0 4648
0 4647
0 4646
0 4645
0 4644
0 4643
0 4642
0 4641
0 4640
0 4639
0 4638
0 4637
0 4636
0 4635
0 4634
0 4633
0 4632
0 4631
0 4630
0 4629
0 4628
0 4627
0 4626
0 4625
0 4624
0 4623
0 4622
0 4621
0 4620
0 4619
0 4618
0 4617
0 4616
0 4615
0 4614
0 4613
0 4612
0 4611
0 4610
0 4609
0 4608
0 4607
0 4606
0 4605
0 4604
0 4603
0 4602
0 4601
0 4600
0 4599
0 4598
0 4597
0 4596
0 4595
0 4594
0 4593
0 4592
0 4591
0 4590
0 4589
0 4588
0 4587
0 4586
0 4585
0 4584
0 4583
0 4582
0 4581
0 4580
0 4579
0 4578
0 4577
0 4576
0 4575
0 4574
0 4573
0 4572
0 4571
0 4570
0 4569
0 4568
0 4567
0 4566
0 4565
0 4564
0 4563
0 4562
0 4561
0 4560
0 4559
0 4558
0 4557
0 4556
0 4555
0 4554
0 4553
0 4552
0 4551
0 4550
0 4549
0 4548
0 4547
0 4546
0 4545
0 4544
0 4543
0 4542
0 4541
0 4540
0 4539
0 4538
0 4537
0 4536
0 4535
0 4534
0 4533
0 4532
0 4531
0 4530
0 4529
0 4528
0 4527
0 4526
0 4525
0 4524
0 4523
0 4522
0 4521
0 4520
0 4519
0 4518
0 4517
0 4516
0 4515
0 4514
0 4513
0 4512
0 4511
0 4510
0 4509
0 4508
0 4507
0 4506
0 4505
0 4504
0 4503
0 4502
0 4501
0 4500
0 4499
0 4498
0 4497
0 4496
0 4495
0 4494
0 4493
0 4492
0 4491
0 4490
0 4489
0 4488
0 4487
0 4486
0 4485
0 4484
0 4483
0 4482
0 4481
0 4480
0 4479
0 4478
0 4477
0 4476
0 4475
0 4474
0 4473
0 4472
0 4471
0 4470
0 4469
0 4468
0 4467
0 4466
0 4465
0 4464
1 4463
1 4462
1 4461
1 4460
1 4459
1 4458
1 4457
1 4456
1 4455
1 4454
1 4453
1 4452
1 4451
1 4450
1 4449
1 4448
1 4447
1 4446
1 4445
1 4444
1 4443
1 4442
1 4441
1 4440
1 4439
1 4438
1 4437
1 4436
1 4435
1 4434
1 4433
1 4432
1 4431
1 4430
1 4429
1 4428
1 4427
1 4426
1 4425
1 4424
1 4423
1 4422
1 4421
1 4420
1 4419
1 4418
1 4417
1 4416
1 4415
1 4414
1 4413
1 4412
1 4411
1 4410
1 4409
1 4408
1 4407
1 4406
1 4405
1 4404
1 4403
1 4402
1 4401
1 4400
1 4399
1 4398
1 4397
1 4396
1 4395
1 4394
1 4393
1 4392
1 4391
1 4390
1 4389
1 4388
1 4387
1 4386
1 4385
1 4384
1 4383
1 4382
1 4381
1 4380
1 4379
1 4378
1 4377
1 4376
1 4375
1 4374
1 4373
1 4372
1 4371
1 4370
1 4369
1 4368
1 4367
1 4366
1 4365
1 4364
1 4363
1 4362
1 4361
1 4360
1 4359
1 4358
1 4357
1 4356
1 4355
1 4354
1 4353
1 4352
1 4351
1 4350
1 4349
1 4348
1 4347
1 4346
1 4345
1 4344
1 4343
1 4342
1 4341
1 4340
1 4339
1 4338
1 4337
1 4336
1 4335
1 4334
1 4333
1 4332
1 4331
1 4330
1 4329
1 4328
1 4327
1 4326
1 4325
1 4324
1 4323
1 4322
1 4321
1 4320
1 4319
1 4318
1 4317
1 4316
1 4315
2 4314
2 4313
2 4312
2 4311
2 4310
2 4309
2 4308
2 4307
2 4306
2 4305
2 4304
2 4303
2 4302
2 4301
2 4300
2 4299
2 4298
2 4297
2 4296
2 4295
2 4294
2 4293
2 4292
2 4291
2 4290
2 4289
2 4288
2 4287
2 4286
2 4285
2 4284
2 4283
2 4282
2 4281
2 4280
2 4279
2 4278
2 4277
2 4276
2 4275
2 4274
2 4273
2 4272
2 4271
2 4270
2 4269
2 4268
2 4267
2 4266
2 4265
2 4264
2 4263
2 4262
2 4261
2 4260
2 4259
2 4258
2 4257
2 4256
2 4255
2 4254
2 4253
2 4252
2 4251
2 4250
2 4249
2 4248
2 4247
2 4246
2 4245
2 4244
2 4243
2 4242
2 4241
2 4240
2 4239
2 4238
2 4237
2 4236
2 4235
2 4234
2 4233
2 4232
2 4231
2 4230
3 4229
3 4228
3 4227
3 4226
3 4225
3 4224
3 4223
3 4222
3 4221
3 4220
3 4219
3 4218
3 4217
3 4216
3 4215
3 4214
3 4213
3 4212
3 4211
3 4210
3 4209
3 4208
3 4207
3 4206
3 4205
3 4204
3 4203
3 4202
3 4201
3 4200
3 4199
3 4198
3 4197
3 4196
3 4195
3 4194
3 4193
3 4192
3 4191
3 4190
3 4189
3 4188
3 4187
4 4186
4 4185
4 4184
4 4183
4 4182
4 4181
4 4180
4 4179
4 4178
4 4177
4 4176
4 4175
4 4174
4 4173
4 4172
4 4171
4 4170
4 4169
4 4168
4 4167
4 4166
4 4165
4 4164
4 4163
4 4162
4 4161
4 4160
4 4159
4 4158
4 4157
4 4156
4 4155
4 4154
4 4153
4 4152
4 4151
4 4150
4 4149
4 4148
4 4147
4 4146
4 4145
4 4144
4 4143
4 4142
4 4141
5 4140
5 4139
5 4138
5 4137
5 4136
5 4135
5 4134
5 4133
5 4132
5 4131
5 4130
5 4129
5 4128
5 4127
5 4126
5 4125
6 4124
6 4123
6 4122
6 4121
6 4120
6 4119
6 4118
6 4117
6 4116
6 4115
6 4114
6 4113
6 4112
6 4111
6 4110
6 4109
6 4108
6 4107
6 4106
6 4105
6 4104
6 4103
6 4102
6 4101
6 4100
6 4099
6 4098
6 4097
6 4096
6 4095
6 4094
6 4093
6 4092
6 4091
6 4090
6 4089
6 4088
6 4087
7 4086
7 4085
7 4084
7 4083
7 4082
7 4081
7 4080
7 4079
7 4078
7 4077
7 4076
7 4075
7 4074
7 4073
7 4072
7 4071
7 4070
7 4069
7 4068
7 4067
7 4066
7 4065
7 4064
7 4063
7 4062
7 4061
7 4060
7 4059
7 4058
7 4057
9 4056
9 4055
9 4054
9 4053
9 4052
9 4051
9 4050
9 4049
9 4048
9 4047
9 4046
9 4045
9 4044
9 4043
10 4042
10 4041
10 4040
10 4039
10 4038
10 4037
10 4036
10 4035
10 4034
10 4033
11 4032
11 4031
11 4030
12 4029
13 4028
13 4027
13 4026
13 4025
13 4024
13 4023
13 4022
13 4021
13 4020
13 4019
13 4018
13 4017
13 4016
14 4015
15 4014
15 4013
15 4012
17 4011
17 4010
17 4009
18 4008
18 4007
18 4006
18 4005
18 4004
18 4003
18 4002
18 4001
18 4000
18 3999
18 3998
18 3997
18 3996
18 3995
19 3994
19 3993
20 3992
20 3991
20 3990
20 3989
20 3988
20 3987
20 3986
20 3985
20 3984
20 3983
20 3982
20 3981
21 3980
21 3979
21 3978
21 3977
21 3976
23 3975
23 3974
23 3973
23 3972
23 3971
23 3970
23 3969
23 3968
23 3967
23 3966
23 3965
23 3964
24 3963
24 3962
24 3961
24 3960
26 3959
26 3958
26 3957
26 3956
26 3955
26 3954
26 3953
26 3952
26 3951
26 3950
26 3949
26 3948
28 3947
28 3946
28 3945
28 3944
28 3943
28 3942
28 3941
28 3940
28 3939
28 3938
28 3937
28 3936
30 3935
30 3934
30 3933
30 3932
31 3931
31 3930
31 3929
31 3928
31 3927
32 3926
32 3925
32 3924
32 3923
32 3922
32 3921
32 3920
32 3919
33 3918
33 3917
33 3916
33 3915
33 3914
34 3913
35 3912
35 3911
35 3910
35 3909
35 3908
35 3907
35 3906
36 3905
36 3904
37 3903
37 3902
37 3901
37 3900
37 3899
37 3898
37 3897
37 3896
38 3895
38 3894
38 3893
38 3892
39 3891
39 3890
39 3889
39 3888
39 3887
39 3886
40 3885
40 3884
41 3883
41 3882
41 3881
42 3880
43 3879
43 3878
43 3877
44 3876
44 3875
45 3874
45 3873
45 3872
46 3871
48 3870
49 3869
49 3868
49 3867
49 3866
49 3865
49 3864
53 3863
54 3862
54 3861
57 3860
57 3859
57 3858
57 3857
57 3856
57 3855
60 3854
61 3853
61 3852
61 3851
62 3850
62 3849
62 3848
62 3847
62 3846
62 3845
63 3844
63 3843
64 3842
64 3841
66 3840
66 3839
67 3838
67 3837
67 3836
67 3835
67 3834
68 3833
68 3832
70 3831
71 3830
71 3829
72 3828
72 3827
72 3826
73 3825
76 3824
76 3823
76 3822
76 3821
82 3820
82 3819
82 3818
82 3817
84 3816
84 3815
84 3814
85 3813
85 3812
86 3811
86 3810
86 3809
86 3808
86 3807
90 3806
90 3805
90 3804
90 3803
91 3802
91 3801
91 3800
91 3799
93 3798
93 3797
93 3796
94 3795
94 3794
98 3793
98 3792
98 3791
98 3790
98 3789
98 3788
99 3787
99 3786
99 3785
101 3784
101 3783
101 3782
101 3781
101 3780
101 3779
103 3778
104 3777
104 3776
104 3775
105 3774
105 3773
105 3772
107 3771
107 3770
107 3769
110 3768
110 3767
110 3766
111 3765
111 3764
113 3763
113 3762
114 3761
114 3760
114 3759
114 3758
116 3757
116 3756
116 3755
116 3754
116 3753
116 3752
118 3751
119 3750
119 3749
119 3748
123 3747
127 3746
127 3745
127 3744
127 3743
127 3742
128 3741
129 3740
130 3739
132 3738
133 3737
133 3736
135 3735
137 3734
138 3733
138 3732
138 3731
138 3730
138 3729
138 3728
138 3727
141 3726
147 3725
149 3724
150 3723
150 3722
150 3721
150 3720
150 3719
150 3718
151 3717
156 3716
157 3715
158 3714
158 3713
163 3712
165 3711
166 3710
166 3709
170 3708
170 3707
171 3706
174 3705
174 3704
174 3703
174 3702
175 3701
175 3700
175 3699
176 3698
176 3697
178 3696
178 3695
178 3694
178 3693
182 3692
182 3691
185 3690
191 3689
191 3688
192 3687
192 3686
193 3685
193 3684
195 3683
195 3682
199 3681
201 3680
201 3679
202 3678
203 3677
203 3676
205 3675
206 3674
208 3673
208 3672
210 3671
210 3670
210 3669
210 3668
210 3667
210 3666
213 3665
213 3664
216 3663
216 3662
218 3661
218 3660
218 3659
218 3658
218 3657
218 3656
219 3655
220 3654
220 3653
220 3652
221 3651
221 3650
221 3649
222 3648
222 3647
222 3646
222 3645
222 3644
224 3643
226 3642
228 3641
231 3640
231 3639
233 3638
235 3637
236 3636
237 3635
237 3634
237 3633
237 3632
237 3631
237 3630
237 3629
237 3628
237 3627
237 3626
237 3625
237 3624
237 3623
237 3622
239 3621
239 3620
241 3619
241 3618
241 3617
241 3616
241 3615
241 3614
243 3613
245 3612
246 3611
246 3610
246 3609
253 3608
254 3607
254 3606
254 3605
254 3604
254 3603
254 3602
256 3601
258 3600
260 3599
260 3598
260 3597
263 3596
266 3595
267 3594
270 3593
272 3592
272 3591
272 3590
273 3589
274 3588
275 3587
275 3586
275 3585
275 3584
275 3583
281 3582
281 3581
281 3580
285 3579
286 3578
286 3577
286 3576
286 3575
289 3574
289 3573
290 3572
290 3571
295 3570
295 3569
295 3568
295 3567
296 3566
297 3565
298 3564
301 3563
301 3562
302 3561
302 3560
302 3559
306 3558
314 3557
316 3556
316 3555
316 3554
316 3553
321 3552
328 3551
328 3550
328 3549
329 3548
330 3547
330 3546
330 3545
330 3544
330 3543
330 3542
330 3541
330 3540
331 3539
331 3538
331 3537
334 3536
334 3535
335 3534
335 3533
337 3532
337 3531
337 3530
339 3529
339 3528
340 3527
340 3526
340 3525
341 3524
348 3523
351 3522
353 3521
353 3520
353 3519
353 3518
355 3517
355 3516
358 3515
362 3514
366 3513
369 3512
371 3511
375 3510
378 3509
378 3508
378 3507
383 3506
386 3505
391 3504
391 3503
394 3502
394 3501
395 3500
397 3499
397 3498
397 3497
400 3496
402 3495
403 3494
403 3493
403 3492
405 3491
405 3490
407 3489
410 3488
418 3487
419 3486
419 3485
420 3484
420 3483
420 3482
420 3481
425 3480
425 3479
425 3478
425 3477
426 3476
430 3475
430 3474
430 3473
433 3472
433 3471
433 3470
433 3469
438 3468
438 3467
438 3466
438 3465
438 3464
438 3463
439 3462
439 3461
439 3460
440 3459
442 3458
442 3457
442 3456
442 3455
443 3454
444 3453
444 3452
445 3451
451 3450
454 3449
459 3448
460 3447
466 3446
466 3445
467 3444
470 3443
471 3442
473 3441
473 3440
475 3439
475 3438
475 3437
478 3436
478 3435
481 3434
482 3433
482 3432
482 3431
482 3430
482 3429
484 3428
484 3427
484 3426
484 3425
484 3424
484 3423
484 3422
487 3421
490 3420
492 3419
496 3418
498 3417
504 3416
511 3415
512 3414
512 3413
516 3412
521 3411
521 3410
522 3409
523 3408
532 3407
533 3406
535 3405
535 3404
538 3403
540 3402
542 3401
542 3400
542 3399
542 3398
547 3397
547 3396
547 3395
550 3394
551 3393
552 3392
554 3391
559 3390
563 3389
563 3388
563 3387
563 3386
565 3385
565 3384
565 3383
567 3382
569 3381
571 3380
578 3379
578 3378
585 3377
593 3376
597 3375
597 3374
598 3373
