0 4940
0 4939
0 4938
0 4937
0 4936
0 4935
0 4934
0 4933
0 4932
0 4931
0 4930
0 4929
0 4928
0 4927
0 4926
0 4925
0 4924
0 4923
0 4922
0 4921
0 4920
0 4919
0 4918
0 4917
0 4916
0 4915
0 4914
0 4913
0 4912
0 4911
0 4910
0 4909
0 4908
0 4907
0 4906
0 4905
0 4904
0 4903
0 4902
0 4901
0 4900
0 4899
0 4898
0 4897
0 4896
0 4895
0 4894
0 4893
0 4892
0 4891
0 4890
0 4889
0 4888
0 4887
0 4886
0 4885
0 4884
0 4883
0 4882
0 4881
0 4880
0 4879
0 4878
0 4877
0 4876
0 4875
0 4874
0 4873
0 4872
0 4871
0 4870
0 4869
0 4868
0 4867
0 4866
0 4865
0 4864
0 4863
0 4862
0 4861
0 4860
0 4859
0 4858
0 4857
0 4856
0 4855
0 4854
0 4853
0 4852
0 4851
0 4850
0 4849
0 4848
0 4847
0 4846
0 4845
0 4844
0 4843
0 4842
0 4841
0 4840
0 4839
0 4838
0 4837
0 4836
0 4835
0 4834
0 4833
0 4832
0 4831
0 4830
0 4829
0 4828
0 4827
0 4826
0 4825
0 4824
0 4823
0 4822
0 4821
0 4820
0 4819
0 4818
0 4817
0 4816
0 4815
0 4814
0 4813
0 4812
0 4811
0 4810
0 4809
0 4808
0 4807
0 4806
0 4805
0 4804
0 4803
0 4802
0 4801
0 4800
0 4799
0 4798
0 4797
0 4796
0 4795
0 4794
0 4793
0 4792
0 4791
0 4790
0 4789
0 4788
0 4787
0 4786
0 4785
0 4784
0 4783
0 4782
0 4781
0 4780
0 4779
0 4778
0 4777
0 4776
0 4775
0 4774
0 4773
0 4772
0 4771
0 4770
0 4769
0 4768
0 4767
0 4766
0 4765
0 4764
0 4763
0 4762
0 4761
0 4760
0 4759
0 4758
0 4757
0 4756
0 4755
0 4754
0 4753
0 4752
0 4751
0 4750
0 4749
0 4748
0 4747
0 4746
0 4745
0 4744
0 4743
0 4742
0 4741
0 4740
0 4739
0 4738
0 4737
0 4736
0 4735
0 4734
0 4733
0 4732
0 4731
0 4730
0 4729
0 4728
0 4727
0 4726
0 4725
0 4724
0 4723
0 4722
0 4721
0 4720
0 4719
0 4718
0 4717
0 4716
0 4715
0 4714
0 4713
0 4712
0 4711
0 4710
0 4709
0 4708
0 4707
0 4706
0 4705
0 4704
0 4703
0 4702
0 4701
0 4700
0 4699
0 4698
0 4697
0 4696
0 4695
0 4694
0 4693
0 4692
0 4691
0 4690
0 4689
0 4688
0 4687
0 4686
0 4685
0 4684
0 4683
0 4682
0 4681
0 4680
0 4679
0 4678
0 4677
0 4676
0 4675
0 4674
0 4673
0 4672
0 4671
0 4670
0 4669
0 4668
0 4667
0 4666
0 4665
0 4664
0 4663
0 4662
0 4661
0 4660
0 4659
0 4658
0 4657
0 4656
0 4655
0 4654
0 4653
0 4652
0 4651
0 4650
0 4649
0 4648
0 4647
0 4646
0 4645
0 4644
0 4643
0 4642
0 4641
0 4640
0 4639
0 4638
0 4637
0 4636
0 4635
0 4634
0 4633
0 4632
0 4631
0 4630
0 4629
0 4628
0 4627
0 4626
0 4625
0 4624
0 4623
0 4622
0 4621
0 4620
0 4619
0 4618
0 4617
0 4616
0 4615
0 4614
0 4613
0 4612
0 4611
0 4610
0 4609
0 4608
0 4607
0 4606
0 4605
0 4604
0 4603
0 4602
0 4601
0 4600
0 4599
0 4598
0 4597
0 4596
0 4595
0 4594
0 4593
0 4592
0 4591
0 4590
0 4589
0 4588
0 4587
0 4586
0 4585
0 4584
0 4583
0 4582
0 4581
0 4580
0 4579
0 4578
0 4577
0 4576
0 4575
0 4574
0 4573
0 4572
0 4571
0 4570
0 4569
0 4568
0 4567
0 4566
0 4565
0 4564
0 4563
0 4562
0 4561
0 4560
0 4559
0 4558
0 4557
0 4556
0 4555
0 4554
0 4553
0 4552
0 4551
0 4550
0 4549
0 4548
0 4547
0 4546
0 4545
0 4544
0 4543
0 4542
0 4541
0 4540
0 4539
0 4538
0 4537
0 4536
0 4535
0 4534
0 4533
0 4532
0 4531
0 4530
0 4529
0 4528
0 4527
0 4526
0 4525
0 4524
0 4523
0 4522
0 4521
0 4520
0 4519
0 4518
0 4517
0 4516
0 4515
0 4514
0 4513
0 4512
0 4511
0 4510
0 4509
0 4508
0 4507
0 4506
0 4505
0 4504
0 4503
0 4502
0 4501
0 4500
0 4499
0 4498
0 4497
0 4496
0 4495
0 4494
0 4493
0 4492
0 4491
0 4490
0 4489
0 4488
0 4487
0 4486
0 4485
0 4484
0 4483
0 4482
0 4481
0 4480
0 4479
0 4478
0 4477
0 4476
0 4475
0 4474
0 4473
0 4472
0 4471
0 4470
0 4469
0 4468
0 4467
0 4466
0 4465
0 4464
0 4463
0 4462
1 4461
1 4460
1 4459
1 4458
1 4457
1 4456
1 4455
1 4454
1 4453
1 4452
1 4451
1 4450
1 4449
1 4448
1 4447
1 4446
1 4445
1 4444
1 4443
1 4442
1 4441
1 4440
1 4439
1 4438
1 4437
1 4436
1 4435
1 4434
1 4433
1 4432
1 4431
1 4430
1 4429
1 4428
1 4427
1 4426
1 4425
1 4424
1 4423
1 4422
1 4421
1 4420
1 4419
1 4418
1 4417
1 4416
1 4415
1 4414
1 4413
1 4412
1 4411
1 4410
1 4409
1 4408
1 4407
1 4406
1 4405
1 4404
1 4403
1 4402
1 4401
1 4400
1 4399
1 4398
1 4397
1 4396
1 4395
1 4394
1 4393
1 4392
1 4391
1 4390
1 4389
1 4388
1 4387
1 4386
1 4385
1 4384
1 4383
1 4382
1 4381
1 4380
1 4379
1 4378
1 4377
1 4376
1 4375
1 4374
1 4373
1 4372
1 4371
1 4370
1 4369
1 4368
1 4367
1 4366
1 4365
1 4364
1 4363
1 4362
1 4361
1 4360
1 4359
1 4358
1 4357
1 4356
1 4355
1 4354
1 4353
1 4352
1 4351
1 4350
1 4349
1 4348
1 4347
1 4346
1 4345
1 4344
1 4343
1 4342
1 4341
1 4340
1 4339
1 4338
1 4337
1 4336
1 4335
1 4334
1 4333
2 4332
2 4331
2 4330
2 4329
2 4328
2 4327
2 4326
2 4325
2 4324
2 4323
2 4322
2 4321
2 4320
2 4319
2 4318
2 4317
2 4316
2 4315
2 4314
2 4313
2 4312
2 4311
2 4310
2 4309
2 4308
2 4307
2 4306
2 4305
2 4304
2 4303
2 4302
2 4301
2 4300
2 4299
2 4298
2 4297
2 4296
2 4295
2 4294
2 4293
2 4292
2 4291
2 4290
2 4289
2 4288
2 4287
2 4286
2 4285
2 4284
2 4283
2 4282
2 4281
2 4280
2 4279
2 4278
2 4277
2 4276
2 4275
2 4274
2 4273
2 4272
2 4271
2 4270
2 4269
2 4268
2 4267
2 4266
2 4265
3 4264
3 4263
3 4262
3 4261
3 4260
3 4259
3 4258
3 4257
3 4256
3 4255
3 4254
3 4253
3 4252
3 4251
3 4250
3 4249
3 4248
3 4247
3 4246
3 4245
3 4244
3 4243
3 4242
3 4241
3 4240
3 4239
3 4238
3 4237
3 4236
3 4235
3 4234
3 4233
3 4232
3 4231
3 4230
3 4229
3 4228
3 4227
3 4226
3 4225
3 4224
3 4223
3 4222
3 4221
3 4220
3 4219
3 4218
3 4217
3 4216
3 4215
3 4214
3 4213
3 4212
3 4211
3 4210
3 4209
3 4208
3 4207
3 4206
3 4205
3 4204
3 4203
3 4202
3 4201
3 4200
3 4199
3 4198
3 4197
3 4196
3 4195
3 4194
3 4193
3 4192
3 4191
3 4190
3 4189
3 4188
3 4187
3 4186
3 4185
3 4184
3 4183
3 4182
3 4181
3 4180
3 4179
3 4178
3 4177
3 4176
3 4175
3 4174
3 4173
3 4172
3 4171
3 4170
4 4169
4 4168
4 4167
4 4166
4 4165
4 4164
4 4163
4 4162
4 4161
4 4160
4 4159
4 4158
4 4157
4 4156
4 4155
4 4154
4 4153
4 4152
4 4151
4 4150
5 4149
5 4148
5 4147
5 4146
5 4145
5 4144
5 4143
5 4142
5 4141
5 4140
5 4139
5 4138
5 4137
5 4136
5 4135
5 4134
5 4133
5 4132
5 4131
5 4130
5 4129
5 4128
5 4127
5 4126
5 4125
5 4124
5 4123
5 4122
5 4121
5 4120
5 4119
5 4118
5 4117
5 4116
5 4115
5 4114
5 4113
5 4112
5 4111
5 4110
5 4109
5 4108
5 4107
6 4106
6 4105
6 4104
6 4103
6 4102
6 4101
6 4100
6 4099
6 4098
6 4097
6 4096
6 4095
6 4094
6 4093
6 4092
6 4091
6 4090
6 4089
6 4088
6 4087
6 4086
6 4085
6 4084
6 4083
6 4082
6 4081
6 4080
6 4079
6 4078
6 4077
6 4076
6 4075
6 4074
6 4073
6 4072
7 4071
7 4070
7 4069
7 4068
7 4067
7 4066
7 4065
7 4064
7 4063
7 4062
7 4061
7 4060
8 4059
8 4058
9 4057
9 4056
9 4055
9 4054
9 4053
9 4052
9 4051
9 4050
9 4049
9 4048
9 4047
9 4046
9 4045
9 4044
9 4043
9 4042
9 4041
9 4040
9 4039
9 4038
9 4037
9 4036
9 4035
9 4034
10 4033
10 4032
10 4031
10 4030
10 4029
10 4028
10 4027
10 4026
11 4025
11 4024
11 4023
11 4022
11 4021
11 4020
11 4019
11 4018
11 4017
11 4016
11 4015
12 4014
12 4013
13 4012
13 4011
14 4010
14 4009
14 4008
14 4007
14 4006
14 4005
14 4004
14 4003
15 4002
15 4001
15 4000
15 3999
15 3998
15 3997
15 3996
15 3995
15 3994
15 3993
15 3992
16 3991
17 3990
17 3989
17 3988
18 3987
18 3986
18 3985
18 3984
18 3983
18 3982
19 3981
19 3980
19 3979
19 3978
19 3977
19 3976
19 3975
19 3974
19 3973
19 3972
19 3971
20 3970
20 3969
20 3968
20 3967
20 3966
20 3965
21 3964
21 3963
21 3962
24 3961
25 3960
25 3959
25 3958
25 3957
26 3956
26 3955
27 3954
27 3953
27 3952
27 3951
27 3950
27 3949
27 3948
28 3947
28 3946
28 3945
29 3944
29 3943
29 3942
29 3941
30 3940
30 3939
31 3938
31 3937
31 3936
32 3935
33 3934
34 3933
35 3932
36 3931
36 3930
37 3929
37 3928
37 3927
37 3926
37 3925
37 3924
37 3923
38 3922
38 3921
40 3920
40 3919
40 3918
40 3917
41 3916
41 3915
41 3914
41 3913
42 3912
42 3911
42 3910
42 3909
42 3908
42 3907
43 3906
43 3905
43 3904
43 3903
44 3902
44 3901
44 3900
44 3899
44 3898
44 3897
45 3896
46 3895
46 3894
46 3893
46 3892
46 3891
46 3890
46 3889
48 3888
48 3887
48 3886
48 3885
50 3884
50 3883
51 3882
51 3881
51 3880
51 3879
51 3878
53 3877
53 3876
53 3875
53 3874
54 3873
55 3872
56 3871
56 3870
56 3869
56 3868
56 3867
56 3866
56 3865
58 3864
58 3863
59 3862
59 3861
59 3860
60 3859
61 3858
61 3857
61 3856
61 3855
61 3854
61 3853
61 3852
61 3851
61 3850
62 3849
62 3848
62 3847
62 3846
62 3845
62 3844
62 3843
63 3842
63 3841
63 3840
63 3839
63 3838
63 3837
64 3836
64 3835
66 3834
66 3833
66 3832
66 3831
67 3830
67 3829
67 3828
67 3827
67 3826
67 3825
69 3824
70 3823
70 3822
70 3821
70 3820
71 3819
72 3818
72 3817
72 3816
72 3815
73 3814
73 3813
74 3812
77 3811
77 3810
77 3809
77 3808
77 3807
77 3806
77 3805
77 3804
77 3803
77 3802
79 3801
79 3800
79 3799
79 3798
80 3797
80 3796
82 3795
82 3794
82 3793
82 3792
83 3791
83 3790
83 3789
83 3788
83 3787
83 3786
83 3785
83 3784
83 3783
83 3782
83 3781
85 3780
85 3779
86 3778
86 3777
87 3776
88 3775
88 3774
91 3773
91 3772
92 3771
94 3770
94 3769
95 3768
95 3767
95 3766
97 3765
97 3764
97 3763
97 3762
97 3761
99 3760
101 3759
102 3758
102 3757
107 3756
108 3755
108 3754
109 3753
109 3752
109 3751
110 3750
110 3749
112 3748
113 3747
113 3746
115 3745
115 3744
115 3743
116 3742
117 3741
117 3740
121 3739
121 3738
122 3737
122 3736
122 3735
122 3734
122 3733
125 3732
125 3731
125 3730
127 3729
127 3728
127 3727
128 3726
128 3725
128 3724
131 3723
131 3722
131 3721
132 3720
132 3719
133 3718
135 3717
136 3716
138 3715
138 3714
138 3713
139 3712
139 3711
139 3710
141 3709
145 3708
145 3707
147 3706
147 3705
149 3704
149 3703
150 3702
151 3701
151 3700
151 3699
151 3698
151 3697
152 3696
152 3695
152 3694
154 3693
154 3692
155 3691
157 3690
157 3689
158 3688
158 3687
158 3686
158 3685
159 3684
162 3683
162 3682
162 3681
162 3680
162 3679
162 3678
163 3677
163 3676
163 3675
164 3674
165 3673
165 3672
165 3671
168 3670
169 3669
169 3668
169 3667
170 3666
173 3665
173 3664
173 3663
175 3662
176 3661
178 3660
178 3659
179 3658
180 3657
180 3656
180 3655
181 3654
184 3653
187 3652
188 3651
190 3650
190 3649
190 3648
190 3647
190 3646
191 3645
191 3644
191 3643
191 3642
191 3641
191 3640
191 3639
192 3638
192 3637
192 3636
193 3635
194 3634
194 3633
194 3632
194 3631
195 3630
199 3629
199 3628
200 3627
200 3626
200 3625
204 3624
204 3623
204 3622
206 3621
206 3620
206 3619
208 3618
209 3617
209 3616
209 3615
211 3614
211 3613
211 3612
211 3611
212 3610
212 3609
212 3608
212 3607
213 3606
215 3605
215 3604
217 3603
217 3602
217 3601
217 3600
217 3599
219 3598
219 3597
222 3596
222 3595
223 3594
223 3593
223 3592
223 3591
223 3590
223 3589
223 3588
224 3587
225 3586
225 3585
225 3584
226 3583
227 3582
227 3581
227 3580
230 3579
230 3578
230 3577
230 3576
230 3575
234 3574
234 3573
235 3572
237 3571
237 3570
237 3569
237 3568
238 3567
238 3566
238 3565
238 3564
238 3563
238 3562
238 3561
240 3560
243 3559
243 3558
243 3557
243 3556
244 3555
245 3554
245 3553
247 3552
248 3551
248 3550
248 3549
248 3548
248 3547
252 3546
253 3545
254 3544
254 3543
258 3542
258 3541
258 3540
258 3539
258 3538
258 3537
258 3536
258 3535
258 3534
261 3533
263 3532
267 3531
269 3530
270 3529
272 3528
273 3527
273 3526
273 3525
278 3524
278 3523
278 3522
278 3521
281 3520
283 3519
284 3518
284 3517
285 3516
285 3515
288 3514
288 3513
288 3512
288 3511
288 3510
288 3509
289 3508
289 3507
289 3506
289 3505
289 3504
289 3503
291 3502
291 3501
294 3500
295 3499
299 3498
300 3497
300 3496
301 3495
301 3494
301 3493
303 3492
303 3491
306 3490
306 3489
311 3488
313 3487
313 3486
313 3485
316 3484
319 3483
319 3482
319 3481
324 3480
324 3479
324 3478
327 3477
327 3476
327 3475
328 3474
329 3473
329 3472
329 3471
330 3470
331 3469
335 3468
335 3467
335 3466
336 3465
336 3464
336 3463
336 3462
336 3461
338 3460
341 3459
346 3458
346 3457
348 3456
354 3455
356 3454
357 3453
357 3452
371 3451
374 3450
375 3449
375 3448
375 3447
382 3446
382 3445
382 3444
382 3443
382 3442
384 3441
390 3440
390 3439
396 3438
396 3437
397 3436
399 3435
409 3434
412 3433
413 3432
413 3431
413 3430
418 3429
420 3428
422 3427
422 3426
422 3425
423 3424
428 3423
428 3422
428 3421
428 3420
428 3419
429 3418
432 3417
432 3416
433 3415
433 3414
435 3413
436 3412
436 3411
436 3410
436 3409
445 3408
445 3407
445 3406
446 3405
448 3404
448 3403
451 3402
451 3401
451 3400
451 3399
451 3398
453 3397
464 3396
465 3395
466 3394
466 3393
468 3392
472 3391
478 3390
478 3389
479 3388
480 3387
480 3386
480 3385
481 3384
481 3383
482 3382
482 3381
482 3380
483 3379
485 3378
486 3377
487 3376
487 3375
487 3374
493 3373
499 3372
499 3371
500 3370
501 3369
510 3368
511 3367
511 3366
511 3365
515 3364
515 3363
515 3362
515 3361
518 3360
519 3359
519 3358
520 3357
521 3356
521 3355
522 3354
527 3353
527 3352
527 3351
528 3350
528 3349
532 3348
534 3347
540 3346
543 3345
543 3344
543 3343
548 3342
548 3341
548 3340
548 3339
559 3338
561 3337
561 3336
561 3335
561 3334
562 3333
562 3332
562 3331
562 3330
562 3329
562 3328
562 3327
562 3326
565 3325
574 3324
576 3323
578 3322
578 3321
580 3320
586 3319
596 3318
599 3317
