0 4940
0 4939
0 4938
0 4937
0 4936
0 4935
0 4934
0 4933
0 4932
0 4931
0 4930
0 4929
0 4928
0 4927
0 4926
0 4925
0 4924
0 4923
0 4922
0 4921
0 4920
0 4919
0 4918
0 4917
0 4916
0 4915
0 4914
0 4913
0 4912
0 4911
0 4910
0 4909
0 4908
0 4907
0 4906
0 4905
0 4904
0 4903
0 4902
0 4901
0 4900
0 4899
0 4898
0 4897
0 4896
0 4895
0 4894
0 4893
0 4892
0 4891
0 4890
0 4889
0 4888
0 4887
0 4886
0 4885
0 4884
0 4883
0 4882
0 4881
0 4880
0 4879
0 4878
0 4877
0 4876
0 4875
0 4874
0 4873
0 4872
0 4871
0 4870
0 4869
0 4868
0 4867
0 4866
0 4865
0 4864
0 4863
0 4862
0 4861
0 4860
0 4859
0 4858
0 4857
0 4856
0 4855
0 4854
0 4853
0 4852
0 4851
0 4850
0 4849
0 4848
0 4847
0 4846
0 4845
0 4844
0 4843
0 4842
0 4841
0 4840
0 4839
0 4838
0 4837
0 4836
0 4835
0 4834
0 4833
0 4832
0 4831
0 4830
0 4829
0 4828
0 4827
0 4826
0 4825
0 4824
0 4823
0 4822
0 4821
0 4820
0 4819
0 4818
0 4817
0 4816
0 4815
0 4814
0 4813
0 4812
0 4811
0 4810
0 4809
0 4808
0 4807
0 4806
0 4805
0 4804
0 4803
0 4802
0 4801
0 4800
0 4799
0 4798
0 4797
0 4796
0 4795
0 4794
0 4793
0 4792
0 4791
0 4790
0 4789
0 4788
0 4787
0 4786
0 4785
0 4784
0 4783
0 4782
0 4781
0 4780
0 4779
0 4778
0 4777
0 4776
0 4775
0 4774
0 4773
0 4772
0 4771
0 4770
0 4769
0 4768
0 4767
0 4766
0 4765
0 4764
0 4763
0 4762
0 4761
0 4760
0 4759
0 4758
0 4757
0 4756
0 4755
0 4754
0 4753
0 4752
0 4751
0 4750
0 4749
0 4748
0 4747
0 4746
0 4745
0 4744
0 4743
0 4742
0 4741
0 4740
0 4739
0 4738
0 4737
0 4736
0 4735
0 4734
0 4733
0 4732
0 4731
0 4730
0 4729
0 4728
0 4727
0 4726
0 4725
0 4724
0 4723
0 4722
0 4721
0 4720
0 4719
0 4718
0 4717
0 4716
0 4715
0 4714
0 4713
0 4712
0 4711
0 4710
0 4709
0 4708
0 4707
0 4706
0 4705
0 4704
0 4703
0 4702
0 4701
0 4700
0 4699
0 4698
0 4697
0 4696
0 4695
0 4694
0 4693
0 4692
0 4691
0 4690
0 4689
0 4688
0 4687
0 4686
0 4685
0 4684
0 4683
0 4682
0 4681
0 4680
0 4679
0 4678
0 4677
0 4676
0 4675
0 4674
0 4673
0 4672
0 4671
0 4670
0 4669
0 4668
0 4667
0 4666
0 4665
0 4664
0 4663
0 4662
0 4661
0 4660
0 4659
0 4658
0 4657
0 4656
0 4655
0 4654
0 4653
0 4652
0 4651
0 4650
0 4649
0 4648
0 4647
0 4646
0 4645
0 4644
0 4643
0 4642
0 4641
0 4640
0 4639
0 4638
0 4637
0 4636
0 4635
0 4634
0 4633
0 4632
0 4631
0 4630
0 4629
0 4628
0 4627
0 4626
0 4625
0 4624
0 4623
0 4622
0 4621
0 4620
0 4619
0 4618
0 4617
0 4616
0 4615
0 4614
0 4613
0 4612
0 4611
0 4610
0 4609
0 4608
0 4607
0 4606
0 4605
0 4604
0 4603
0 4602
0 4601
0 4600
0 4599
0 4598
0 4597
0 4596
0 4595
0 4594
0 4593
0 4592
0 4591
0 4590
0 4589
0 4588
0 4587
0 4586
0 4585
0 4584
0 4583
0 4582
0 4581
0 4580
0 4579
0 4578
0 4577
0 4576
0 4575
0 4574
0 4573
0 4572
0 4571
0 4570
0 4569
0 4568
0 4567
0 4566
0 4565
0 4564
0 4563
0 4562
0 4561
0 4560
0 4559
0 4558
0 4557
0 4556
0 4555
0 4554
0 4553
0 4552
0 4551
0 4550
0 4549
0 4548
0 4547
0 4546
0 4545
0 4544
0 4543
0 4542
0 4541
0 4540
0 4539
0 4538
0 4537
0 4536
0 4535
0 4534
0 4533
0 4532
0 4531
0 4530
0 4529
0 4528
0 4527
0 4526
0 4525
0 4524
0 4523
0 4522
0 4521
0 4520
0 4519
0 4518
0 4517
0 4516
0 4515
0 4514
0 4513
0 4512
0 4511
0 4510
0 4509
0 4508
0 4507
0 4506
0 4505
0 4504
0 4503
0 4502
0 4501
0 4500
0 4499
0 4498
0 4497
0 4496
0 4495
0 4494
0 4493
0 4492
0 4491
0 4490
0 4489
0 4488
0 4487
0 4486
0 4485
0 4484
0 4483
0 4482
0 4481
0 4480
0 4479
1 4478
1 4477
1 4476
1 4475
1 4474
1 4473
1 4472
1 4471
1 4470
1 4469
1 4468
1 4467
1 4466
1 4465
1 4464
1 4463
1 4462
1 4461
1 4460
1 4459
1 4458
1 4457
1 4456
1 4455
1 4454
1 4453
1 4452
1 4451
1 4450
1 4449
1 4448
1 4447
1 4446
1 4445
1 4444
1 4443
1 4442
1 4441
1 4440
1 4439
1 4438
1 4437
1 4436
1 4435
1 4434
1 4433
1 4432
1 4431
1 4430
1 4429
1 4428
1 4427
1 4426
1 4425
1 4424
1 4423
1 4422
1 4421
1 4420
1 4419
1 4418
1 4417
1 4416
1 4415
1 4414
1 4413
1 4412
1 4411
1 4410
1 4409
1 4408
1 4407
1 4406
1 4405
1 4404
1 4403
1 4402
1 4401
1 4400
1 4399
1 4398
1 4397
1 4396
1 4395
1 4394
1 4393
1 4392
1 4391
1 4390
1 4389
1 4388
1 4387
1 4386
1 4385
1 4384
1 4383
1 4382
1 4381
1 4380
1 4379
1 4378
1 4377
1 4376
1 4375
1 4374
1 4373
1 4372
1 4371
1 4370
1 4369
1 4368
1 4367
1 4366
1 4365
1 4364
1 4363
1 4362
1 4361
1 4360
1 4359
1 4358
1 4357
1 4356
1 4355
1 4354
1 4353
1 4352
1 4351
1 4350
1 4349
1 4348
1 4347
1 4346
2 4345
2 4344
2 4343
2 4342
2 4341
2 4340
2 4339
2 4338
2 4337
2 4336
2 4335
2 4334
2 4333
2 4332
2 4331
2 4330
2 4329
2 4328
2 4327
2 4326
2 4325
2 4324
2 4323
2 4322
2 4321
2 4320
2 4319
2 4318
2 4317
2 4316
2 4315
2 4314
2 4313
2 4312
2 4311
2 4310
2 4309
2 4308
2 4307
2 4306
2 4305
2 4304
2 4303
2 4302
2 4301
2 4300
2 4299
2 4298
2 4297
2 4296
2 4295
2 4294
2 4293
2 4292
2 4291
2 4290
2 4289
2 4288
2 4287
2 4286
2 4285
2 4284
2 4283
2 4282
2 4281
3 4280
3 4279
3 4278
3 4277
3 4276
3 4275
3 4274
3 4273
3 4272
3 4271
3 4270
3 4269
3 4268
3 4267
3 4266
3 4265
3 4264
3 4263
3 4262
3 4261
3 4260
3 4259
3 4258
3 4257
3 4256
3 4255
3 4254
3 4253
3 4252
3 4251
3 4250
3 4249
3 4248
3 4247
3 4246
3 4245
3 4244
3 4243
3 4242
3 4241
3 4240
3 4239
3 4238
3 4237
3 4236
3 4235
3 4234
3 4233
3 4232
3 4231
3 4230
3 4229
3 4228
3 4227
3 4226
3 4225
3 4224
3 4223
3 4222
3 4221
3 4220
3 4219
3 4218
3 4217
3 4216
3 4215
3 4214
3 4213
3 4212
3 4211
3 4210
3 4209
3 4208
3 4207
3 4206
3 4205
3 4204
3 4203
3 4202
3 4201
3 4200
3 4199
3 4198
3 4197
3 4196
3 4195
3 4194
3 4193
3 4192
3 4191
3 4190
3 4189
3 4188
3 4187
3 4186
3 4185
3 4184
3 4183
3 4182
3 4181
3 4180
3 4179
3 4178
3 4177
3 4176
3 4175
3 4174
3 4173
3 4172
3 4171
3 4170
4 4169
4 4168
4 4167
4 4166
4 4165
4 4164
4 4163
4 4162
4 4161
4 4160
4 4159
4 4158
4 4157
4 4156
4 4155
4 4154
4 4153
4 4152
4 4151
4 4150
4 4149
4 4148
4 4147
4 4146
4 4145
4 4144
4 4143
4 4142
4 4141
4 4140
4 4139
4 4138
4 4137
4 4136
4 4135
4 4134
4 4133
5 4132
5 4131
5 4130
5 4129
5 4128
5 4127
5 4126
5 4125
5 4124
5 4123
5 4122
5 4121
5 4120
5 4119
5 4118
5 4117
5 4116
5 4115
5 4114
5 4113
5 4112
5 4111
5 4110
5 4109
5 4108
5 4107
5 4106
5 4105
5 4104
5 4103
5 4102
5 4101
5 4100
6 4099
6 4098
6 4097
6 4096
6 4095
6 4094
6 4093
6 4092
6 4091
6 4090
6 4089
6 4088
6 4087
6 4086
6 4085
6 4084
6 4083
6 4082
6 4081
6 4080
6 4079
6 4078
6 4077
6 4076
6 4075
6 4074
6 4073
6 4072
7 4071
7 4070
7 4069
7 4068
7 4067
7 4066
7 4065
7 4064
7 4063
7 4062
7 4061
7 4060
7 4059
7 4058
7 4057
7 4056
7 4055
7 4054
7 4053
7 4052
7 4051
7 4050
7 4049
7 4048
7 4047
7 4046
7 4045
7 4044
7 4043
8 4042
8 4041
8 4040
8 4039
8 4038
8 4037
8 4036
9 4035
9 4034
9 4033
9 4032
9 4031
9 4030
9 4029
9 4028
9 4027
9 4026
9 4025
9 4024
9 4023
9 4022
9 4021
9 4020
9 4019
9 4018
10 4017
10 4016
10 4015
10 4014
10 4013
11 4012
11 4011
11 4010
11 4009
12 4008
12 4007
12 4006
12 4005
12 4004
12 4003
12 4002
12 4001
12 4000
12 3999
12 3998
12 3997
12 3996
13 3995
13 3994
14 3993
14 3992
14 3991
14 3990
14 3989
14 3988
14 3987
14 3986
15 3985
15 3984
15 3983
15 3982
15 3981
16 3980
16 3979
16 3978
16 3977
16 3976
16 3975
16 3974
16 3973
16 3972
16 3971
16 3970
16 3969
16 3968
16 3967
16 3966
16 3965
17 3964
17 3963
17 3962
17 3961
18 3960
18 3959
18 3958
18 3957
19 3956
19 3955
19 3954
19 3953
19 3952
19 3951
19 3950
19 3949
19 3948
19 3947
20 3946
20 3945
21 3944
21 3943
21 3942
21 3941
21 3940
21 3939
21 3938
21 3937
21 3936
21 3935
21 3934
21 3933
21 3932
21 3931
22 3930
22 3929
22 3928
22 3927
22 3926
22 3925
22 3924
22 3923
22 3922
22 3921
22 3920
22 3919
22 3918
22 3917
22 3916
22 3915
22 3914
22 3913
22 3912
22 3911
22 3910
23 3909
23 3908
23 3907
23 3906
23 3905
23 3904
23 3903
23 3902
23 3901
23 3900
24 3899
24 3898
26 3897
26 3896
26 3895
27 3894
27 3893
27 3892
27 3891
27 3890
28 3889
29 3888
29 3887
29 3886
31 3885
31 3884
31 3883
31 3882
31 3881
31 3880
32 3879
32 3878
32 3877
32 3876
32 3875
32 3874
32 3873
32 3872
33 3871
34 3870
35 3869
35 3868
36 3867
36 3866
36 3865
37 3864
37 3863
37 3862
37 3861
38 3860
39 3859
40 3858
40 3857
40 3856
40 3855
41 3854
41 3853
43 3852
43 3851
43 3850
43 3849
43 3848
43 3847
43 3846
43 3845
44 3844
44 3843
44 3842
45 3841
46 3840
46 3839
46 3838
49 3837
50 3836
52 3835
52 3834
52 3833
53 3832
53 3831
53 3830
54 3829
54 3828
54 3827
54 3826
54 3825
57 3824
57 3823
57 3822
57 3821
59 3820
59 3819
59 3818
60 3817
60 3816
62 3815
62 3814
63 3813
64 3812
64 3811
64 3810
66 3809
67 3808
67 3807
69 3806
69 3805
69 3804
71 3803
71 3802
73 3801
73 3800
73 3799
75 3798
75 3797
75 3796
75 3795
76 3794
76 3793
77 3792
77 3791
77 3790
77 3789
78 3788
78 3787
78 3786
80 3785
82 3784
82 3783
82 3782
84 3781
84 3780
84 3779
84 3778
85 3777
85 3776
86 3775
86 3774
87 3773
88 3772
88 3771
90 3770
91 3769
91 3768
92 3767
92 3766
92 3765
92 3764
92 3763
92 3762
92 3761
94 3760
94 3759
95 3758
96 3757
98 3756
98 3755
101 3754
104 3753
104 3752
104 3751
104 3750
104 3749
104 3748
108 3747
109 3746
110 3745
117 3744
117 3743
121 3742
122 3741
122 3740
123 3739
124 3738
129 3737
129 3736
133 3735
134 3734
135 3733
139 3732
139 3731
139 3730
140 3729
140 3728
140 3727
142 3726
143 3725
143 3724
144 3723
144 3722
147 3721
147 3720
148 3719
148 3718
148 3717
148 3716
148 3715
148 3714
148 3713
148 3712
148 3711
148 3710
148 3709
148 3708
151 3707
151 3706
151 3705
151 3704
151 3703
151 3702
152 3701
158 3700
158 3699
158 3698
161 3697
164 3696
165 3695
167 3694
167 3693
167 3692
167 3691
169 3690
169 3689
169 3688
169 3687
169 3686
169 3685
174 3684
175 3683
176 3682
176 3681
176 3680
176 3679
176 3678
176 3677
180 3676
180 3675
180 3674
180 3673
180 3672
180 3671
180 3670
180 3669
180 3668
182 3667
182 3666
182 3665
182 3664
182 3663
182 3662
182 3661
184 3660
184 3659
186 3658
186 3657
187 3656
187 3655
189 3654
190 3653
191 3652
193 3651
193 3650
193 3649
193 3648
193 3647
200 3646
200 3645
208 3644
208 3643
208 3642
211 3641
211 3640
214 3639
214 3638
214 3637
216 3636
216 3635
216 3634
218 3633
220 3632
220 3631
220 3630
221 3629
228 3628
228 3627
228 3626
229 3625
229 3624
229 3623
229 3622
235 3621
237 3620
237 3619
237 3618
237 3617
237 3616
237 3615
237 3614
237 3613
238 3612
238 3611
238 3610
243 3609
243 3608
245 3607
245 3606
245 3605
245 3604
245 3603
245 3602
248 3601
249 3600
249 3599
249 3598
249 3597
250 3596
250 3595
252 3594
254 3593
261 3592
263 3591
263 3590
265 3589
265 3588
266 3587
266 3586
266 3585
266 3584
266 3583
266 3582
266 3581
266 3580
266 3579
269 3578
269 3577
269 3576
271 3575
274 3574
274 3573
274 3572
275 3571
275 3570
278 3569
278 3568
279 3567
281 3566
281 3565
281 3564
281 3563
281 3562
281 3561
281 3560
281 3559
282 3558
282 3557
282 3556
287 3555
287 3554
287 3553
288 3552
298 3551
298 3550
299 3549
300 3548
301 3547
301 3546
302 3545
303 3544
306 3543
308 3542
308 3541
310 3540
315 3539
315 3538
318 3537
318 3536
318 3535
318 3534
319 3533
321 3532
321 3531
321 3530
325 3529
325 3528
327 3527
327 3526
328 3525
331 3524
333 3523
335 3522
335 3521
338 3520
338 3519
339 3518
339 3517
342 3516
342 3515
345 3514
347 3513
347 3512
347 3511
347 3510
356 3509
356 3508
356 3507
357 3506
359 3505
360 3504
360 3503
360 3502
362 3501
362 3500
362 3499
363 3498
363 3497
366 3496
366 3495
366 3494
366 3493
366 3492
370 3491
373 3490
375 3489
377 3488
377 3487
378 3486
378 3485
378 3484
383 3483
391 3482
395 3481
398 3480
402 3479
405 3478
405 3477
405 3476
405 3475
412 3474
413 3473
413 3472
417 3471
418 3470
418 3469
419 3468
421 3467
428 3466
430 3465
430 3464
431 3463
431 3462
431 3461
431 3460
431 3459
435 3458
435 3457
435 3456
435 3455
438 3454
438 3453
438 3452
438 3451
440 3450
447 3449
447 3448
450 3447
450 3446
450 3445
452 3444
452 3443
452 3442
452 3441
452 3440
452 3439
452 3438
452 3437
452 3436
453 3435
453 3434
453 3433
453 3432
455 3431
455 3430
455 3429
457 3428
467 3427
467 3426
467 3425
467 3424
468 3423
472 3422
472 3421
472 3420
472 3419
472 3418
472 3417
474 3416
474 3415
474 3414
477 3413
482 3412
482 3411
485 3410
485 3409
485 3408
485 3407
485 3406
485 3405
485 3404
485 3403
488 3402
492 3401
493 3400
497 3399
497 3398
502 3397
505 3396
506 3395
508 3394
508 3393
512 3392
512 3391
519 3390
522 3389
522 3388
526 3387
534 3386
534 3385
534 3384
537 3383
537 3382
540 3381
540 3380
543 3379
543 3378
543 3377
555 3376
555 3375
556 3374
559 3373
561 3372
573 3371
573 3370
573 3369
573 3368
575 3367
575 3366
576 3365
579 3364
582 3363
584 3362
584 3361
589 3360
595 3359
