0 4940
0 4939
0 4938
0 4937
0 4936
0 4935
0 4934
0 4933
0 4932
0 4931
0 4930
0 4929
0 4928
0 4927
0 4926
0 4925
0 4924
0 4923
0 4922
0 4921
0 4920
0 4919
0 4918
0 4917
0 4916
0 4915
0 4914
0 4913
0 4912
0 4911
0 4910
0 4909
0 4908
0 4907
0 4906
0 4905
0 4904
0 4903
0 4902
0 4901
0 4900
0 4899
0 4898
0 4897
0 4896
0 4895
0 4894
0 4893
0 4892
0 4891
0 4890
0 4889
0 4888
0 4887
0 4886
0 4885
0 4884
0 4883
0 4882
0 4881
0 4880
0 4879
0 4878
0 4877
0 4876
0 4875
0 4874
0 4873
0 4872
0 4871
0 4870
0 4869
0 4868
0 4867
0 4866
0 4865
0 4864
0 4863
0 4862
0 4861
0 4860
0 4859
0 4858
0 4857
0 4856
0 4855
0 4854
0 4853
0 4852
0 4851
0 4850
0 4849
0 4848
0 4847
0 4846
0 4845
0 4844
0 4843
0 4842
0 4841
0 4840
0 4839
0 4838
0 4837
0 4836
0 4835
0 4834
0 4833
0 4832
0 4831
0 4830
0 4829
0 4828
0 4827
0 4826
0 4825
0 4824
0 4823
0 4822
0 4821
0 4820
0 4819
0 4818
0 4817
0 4816
0 4815
0 4814
0 4813
0 4812
0 4811
0 4810
0 4809
0 4808
0 4807
0 4806
0 4805
0 4804
0 4803
0 4802
0 4801
0 4800
0 4799
0 4798
0 4797
0 4796
0 4795
0 4794
0 4793
0 4792
0 4791
0 4790
0 4789
0 4788
0 4787
0 4786
0 4785
0 4784
0 4783
0 4782
0 4781
0 4780
0 4779
0 4778
0 4777
0 4776
0 4775
0 4774
0 4773
0 4772
0 4771
0 4770
0 4769
0 4768
0 4767
0 4766
0 4765
0 4764
0 4763
0 4762
0 4761
0 4760
0 4759
0 4758
0 4757
0 4756
0 4755
0 4754
0 4753
0 4752
0 4751
0 4750
0 4749
0 4748
0 4747
0 4746
0 4745
0 4744
0 4743
0 4742
0 4741
0 4740
0 4739
0 4738
0 4737
0 4736
0 4735
0 4734
0 4733
0 4732
0 4731
0 4730
0 4729
0 4728
0 4727
0 4726
0 4725
0 4724
0 4723
0 4722
0 4721
0 4720
0 4719
0 4718
0 4717
0 4716
0 4715
0 4714
0 4713
0 4712
0 4711
0 4710
0 4709
0 4708
0 4707
0 4706
0 4705
0 4704
0 4703
0 4702
0 4701
0 4700
0 4699
0 4698
0 4697
0 4696
0 4695
0 4694
0 4693
0 4692
0 4691
0 4690
0 4689
0 4688
0 4687
0 4686
0 4685
0 4684
0 4683
0 4682
0 4681
0 4680
0 4679
0 4678
0 4677
0 4676
0 4675
0 4674
0 4673
0 4672
0 4671
0 4670
0 4669
0 4668
0 4667
0 4666
0 4665
0 4664
0 4663
0 4662
0 4661
0 4660
0 4659
0 4658
0 4657
0 4656
0 4655
0 4654
0 4653
0 4652
0 4651
0 4650
0 4649
0 4648
0 4647
0 4646
0 4645
0 4644
0 4643
0 4642
0 4641
0 4640
0 4639
0 4638
0 4637
0 4636
0 4635
0 4634
0 4633
0 4632
0 4631
0 4630
0 4629
0 4628
0 4627
0 4626
0 4625
0 4624
0 4623
0 4622
0 4621
0 4620
0 4619
0 4618
0 4617
0 4616
0 4615
0 4614
0 4613
0 4612
0 4611
0 4610
0 4609
0 4608
0 4607
0 4606
0 4605
0 4604
0 4603
0 4602
0 4601
0 4600
0 4599
0 4598
0 4597
0 4596
0 4595
0 4594
0 4593
0 4592
0 4591
0 4590
0 4589
0 4588
0 4587
0 4586
0 4585
0 4584
0 4583
0 4582
0 4581
0 4580
0 4579
0 4578
0 4577
0 4576
0 4575
0 4574
0 4573
0 4572
0 4571
0 4570
0 4569
0 4568
0 4567
0 4566
0 4565
0 4564
0 4563
0 4562
0 4561
0 4560
0 4559
0 4558
0 4557
0 4556
0 4555
0 4554
0 4553
0 4552
0 4551
0 4550
0 4549
0 4548
0 4547
0 4546
0 4545
0 4544
0 4543
0 4542
0 4541
0 4540
0 4539
0 4538
0 4537
0 4536
0 4535
0 4534
0 4533
0 4532
0 4531
0 4530
0 4529
0 4528
0 4527
0 4526
0 4525
0 4524
0 4523
0 4522
0 4521
0 4520
0 4519
0 4518
0 4517
0 4516
0 4515
0 4514
0 4513
0 4512
0 4511
0 4510
0 4509
0 4508
0 4507
0 4506
0 4505
0 4504
0 4503
0 4502
0 4501
0 4500
0 4499
0 4498
0 4497
0 4496
0 4495
0 4494
0 4493
1 4492
1 4491
1 4490
1 4489
1 4488
1 4487
1 4486
1 4485
1 4484
1 4483
1 4482
1 4481
1 4480
1 4479
1 4478
1 4477
1 4476
1 4475
1 4474
1 4473
1 4472
1 4471
1 4470
1 4469
1 4468
1 4467
1 4466
1 4465
1 4464
1 4463
1 4462
1 4461
1 4460
1 4459
1 4458
1 4457
1 4456
1 4455
1 4454
1 4453
1 4452
1 4451
1 4450
1 4449
1 4448
1 4447
1 4446
1 4445
1 4444
1 4443
1 4442
1 4441
1 4440
1 4439
1 4438
1 4437
1 4436
1 4435
1 4434
1 4433
1 4432
1 4431
1 4430
1 4429
1 4428
1 4427
1 4426
1 4425
1 4424
1 4423
1 4422
1 4421
1 4420
1 4419
1 4418
1 4417
1 4416
1 4415
1 4414
1 4413
1 4412
1 4411
1 4410
1 4409
1 4408
1 4407
1 4406
1 4405
1 4404
1 4403
1 4402
1 4401
1 4400
1 4399
1 4398
1 4397
1 4396
1 4395
1 4394
1 4393
1 4392
1 4391
1 4390
1 4389
1 4388
1 4387
1 4386
1 4385
1 4384
1 4383
1 4382
2 4381
2 4380
2 4379
2 4378
2 4377
2 4376
2 4375
2 4374
2 4373
2 4372
2 4371
2 4370
2 4369
2 4368
2 4367
2 4366
2 4365
2 4364
2 4363
2 4362
2 4361
2 4360
2 4359
2 4358
2 4357
2 4356
2 4355
2 4354
2 4353
2 4352
2 4351
2 4350
2 4349
2 4348
2 4347
2 4346
2 4345
2 4344
2 4343
2 4342
2 4341
2 4340
2 4339
2 4338
2 4337
2 4336
2 4335
2 4334
2 4333
2 4332
2 4331
2 4330
2 4329
2 4328
2 4327
2 4326
2 4325
2 4324
2 4323
2 4322
2 4321
2 4320
2 4319
2 4318
2 4317
2 4316
2 4315
2 4314
2 4313
2 4312
2 4311
2 4310
2 4309
2 4308
2 4307
2 4306
2 4305
2 4304
2 4303
2 4302
2 4301
2 4300
2 4299
2 4298
2 4297
2 4296
2 4295
2 4294
2 4293
2 4292
2 4291
2 4290
2 4289
2 4288
2 4287
2 4286
2 4285
2 4284
2 4283
2 4282
2 4281
2 4280
2 4279
3 4278
3 4277
3 4276
3 4275
3 4274
3 4273
3 4272
3 4271
3 4270
3 4269
3 4268
3 4267
3 4266
3 4265
3 4264
3 4263
3 4262
3 4261
3 4260
3 4259
3 4258
3 4257
3 4256
3 4255
3 4254
3 4253
3 4252
3 4251
3 4250
3 4249
3 4248
3 4247
3 4246
3 4245
3 4244
3 4243
3 4242
3 4241
3 4240
3 4239
3 4238
3 4237
3 4236
3 4235
3 4234
3 4233
3 4232
3 4231
3 4230
3 4229
3 4228
3 4227
3 4226
3 4225
3 4224
3 4223
3 4222
3 4221
3 4220
3 4219
3 4218
3 4217
3 4216
3 4215
3 4214
3 4213
3 4212
3 4211
3 4210
3 4209
3 4208
3 4207
3 4206
3 4205
3 4204
3 4203
3 4202
3 4201
3 4200
3 4199
3 4198
3 4197
3 4196
3 4195
3 4194
3 4193
3 4192
3 4191
3 4190
3 4189
3 4188
3 4187
3 4186
4 4185
4 4184
4 4183
4 4182
4 4181
4 4180
4 4179
4 4178
4 4177
4 4176
4 4175
4 4174
4 4173
4 4172
4 4171
4 4170
4 4169
4 4168
4 4167
4 4166
4 4165
4 4164
4 4163
4 4162
4 4161
4 4160
4 4159
4 4158
4 4157
4 4156
4 4155
4 4154
4 4153
4 4152
4 4151
4 4150
5 4149
5 4148
5 4147
5 4146
5 4145
5 4144
5 4143
5 4142
5 4141
5 4140
5 4139
5 4138
5 4137
5 4136
5 4135
5 4134
5 4133
5 4132
5 4131
5 4130
5 4129
5 4128
5 4127
5 4126
5 4125
6 4124
6 4123
6 4122
6 4121
6 4120
6 4119
6 4118
6 4117
6 4116
6 4115
6 4114
6 4113
6 4112
6 4111
6 4110
6 4109
6 4108
6 4107
6 4106
6 4105
6 4104
6 4103
6 4102
6 4101
7 4100
7 4099
7 4098
7 4097
7 4096
8 4095
8 4094
8 4093
8 4092
8 4091
8 4090
8 4089
8 4088
8 4087
8 4086
8 4085
8 4084
8 4083
9 4082
9 4081
9 4080
9 4079
9 4078
9 4077
9 4076
9 4075
9 4074
9 4073
9 4072
9 4071
9 4070
9 4069
9 4068
9 4067
9 4066
11 4065
11 4064
11 4063
11 4062
12 4061
12 4060
12 4059
12 4058
12 4057
13 4056
13 4055
13 4054
13 4053
13 4052
13 4051
14 4050
14 4049
14 4048
14 4047
14 4046
14 4045
14 4044
14 4043
15 4042
16 4041
16 4040
16 4039
16 4038
16 4037
16 4036
16 4035
16 4034
16 4033
16 4032
16 4031
16 4030
16 4029
16 4028
16 4027
19 4026
19 4025
19 4024
20 4023
20 4022
20 4021
20 4020
20 4019
20 4018
21 4017
21 4016
21 4015
21 4014
21 4013
21 4012
21 4011
21 4010
21 4009
21 4008
21 4007
21 4006
21 4005
21 4004
21 4003
21 4002
21 4001
21 4000
21 3999
22 3998
22 3997
22 3996
22 3995
22 3994
23 3993
23 3992
23 3991
23 3990
23 3989
23 3988
24 3987
24 3986
24 3985
24 3984
24 3983
26 3982
26 3981
26 3980
26 3979
26 3978
27 3977
27 3976
27 3975
27 3974
27 3973
29 3972
29 3971
29 3970
29 3969
29 3968
29 3967
29 3966
29 3965
29 3964
32 3963
32 3962
32 3961
32 3960
32 3959
32 3958
33 3957
34 3956
34 3955
34 3954
34 3953
34 3952
34 3951
34 3950
34 3949
34 3948
34 3947
34 3946
34 3945
37 3944
38 3943
39 3942
41 3941
41 3940
41 3939
41 3938
41 3937
41 3936
41 3935
41 3934
41 3933
41 3932
41 3931
42 3930
44 3929
44 3928
44 3927
44 3926
44 3925
44 3924
45 3923
46 3922
46 3921
47 3920
47 3919
47 3918
47 3917
48 3916
48 3915
49 3914
49 3913
51 3912
51 3911
51 3910
51 3909
52 3908
52 3907
52 3906
52 3905
52 3904
52 3903
52 3902
52 3901
53 3900
53 3899
53 3898
54 3897
55 3896
55 3895
55 3894
55 3893
55 3892
55 3891
56 3890
56 3889
57 3888
57 3887
58 3886
58 3885
58 3884
58 3883
58 3882
59 3881
59 3880
59 3879
60 3878
60 3877
61 3876
61 3875
61 3874
62 3873
62 3872
65 3871
67 3870
67 3869
67 3868
68 3867
69 3866
69 3865
72 3864
73 3863
73 3862
74 3861
74 3860
74 3859
75 3858
80 3857
81 3856
82 3855
82 3854
83 3853
83 3852
83 3851
83 3850
83 3849
83 3848
83 3847
84 3846
84 3845
84 3844
84 3843
84 3842
87 3841
87 3840
87 3839
87 3838
87 3837
88 3836
88 3835
88 3834
92 3833
92 3832
98 3831
98 3830
98 3829
98 3828
98 3827
101 3826
103 3825
103 3824
104 3823
104 3822
104 3821
104 3820
105 3819
105 3818
105 3817
106 3816
106 3815
106 3814
108 3813
108 3812
108 3811
108 3810
110 3809
110 3808
110 3807
111 3806
111 3805
114 3804
117 3803
119 3802
119 3801
119 3800
119 3799
119 3798
119 3797
119 3796
119 3795
119 3794
121 3793
121 3792
121 3791
121 3790
122 3789
123 3788
123 3787
123 3786
124 3785
125 3784
125 3783
125 3782
126 3781
127 3780
127 3779
127 3778
127 3777
127 3776
128 3775
128 3774
128 3773
128 3772
133 3771
133 3770
133 3769
137 3768
137 3767
137 3766
137 3765
137 3764
137 3763
137 3762
137 3761
137 3760
137 3759
137 3758
137 3757
137 3756
138 3755
138 3754
139 3753
139 3752
139 3751
139 3750
140 3749
140 3748
140 3747
140 3746
140 3745
142 3744
142 3743
143 3742
143 3741
146 3740
146 3739
148 3738
151 3737
151 3736
151 3735
151 3734
151 3733
151 3732
153 3731
153 3730
153 3729
157 3728
157 3727
158 3726
158 3725
158 3724
158 3723
159 3722
162 3721
164 3720
164 3719
166 3718
167 3717
167 3716
168 3715
168 3714
168 3713
172 3712
172 3711
181 3710
183 3709
186 3708
187 3707
187 3706
189 3705
189 3704
189 3703
189 3702
190 3701
193 3700
194 3699
195 3698
195 3697
195 3696
195 3695
195 3694
195 3693
195 3692
195 3691
199 3690
199 3689
201 3688
201 3687
202 3686
202 3685
202 3684
202 3683
202 3682
204 3681
206 3680
206 3679
206 3678
208 3677
208 3676
208 3675
208 3674
208 3673
208 3672
208 3671
208 3670
212 3669
212 3668
215 3667
215 3666
215 3665
216 3664
216 3663
216 3662
217 3661
217 3660
219 3659
219 3658
219 3657
220 3656
222 3655
223 3654
223 3653
223 3652
224 3651
224 3650
224 3649
224 3648
226 3647
226 3646
227 3645
227 3644
230 3643
230 3642
231 3641
232 3640
232 3639
233 3638
233 3637
235 3636
235 3635
235 3634
235 3633
235 3632
235 3631
239 3630
239 3629
239 3628
239 3627
239 3626
239 3625
239 3624
243 3623
243 3622
243 3621
243 3620
243 3619
243 3618
243 3617
243 3616
243 3615
243 3614
243 3613
243 3612
243 3611
243 3610
243 3609
243 3608
245 3607
245 3606
245 3605
245 3604
245 3603
245 3602
247 3601
247 3600
247 3599
247 3598
247 3597
249 3596
251 3595
252 3594
252 3593
253 3592
253 3591
253 3590
253 3589
254 3588
254 3587
254 3586
254 3585
256 3584
256 3583
256 3582
259 3581
260 3580
260 3579
261 3578
261 3577
266 3576
266 3575
267 3574
269 3573
269 3572
270 3571
276 3570
276 3569
276 3568
279 3567
279 3566
279 3565
279 3564
279 3563
279 3562
279 3561
286 3560
286 3559
288 3558
288 3557
288 3556
291 3555
291 3554
291 3553
291 3552
293 3551
295 3550
296 3549
297 3548
297 3547
297 3546
299 3545
299 3544
301 3543
307 3542
308 3541
308 3540
308 3539
308 3538
308 3537
309 3536
309 3535
309 3534
313 3533
317 3532
317 3531
319 3530
320 3529
320 3528
320 3527
323 3526
323 3525
323 3524
323 3523
326 3522
328 3521
333 3520
333 3519
333 3518
333 3517
335 3516
338 3515
340 3514
340 3513
340 3512
345 3511
349 3510
357 3509
357 3508
360 3507
360 3506
361 3505
362 3504
362 3503
362 3502
363 3501
364 3500
364 3499
365 3498
367 3497
367 3496
371 3495
371 3494
371 3493
372 3492
372 3491
375 3490
376 3489
376 3488
379 3487
381 3486
382 3485
385 3484
386 3483
386 3482
387 3481
388 3480
388 3479
388 3478
393 3477
393 3476
393 3475
396 3474
399 3473
401 3472
403 3471
405 3470
405 3469
405 3468
409 3467
410 3466
410 3465
412 3464
413 3463
413 3462
415 3461
421 3460
421 3459
424 3458
425 3457
425 3456
431 3455
433 3454
433 3453
433 3452
435 3451
435 3450
435 3449
435 3448
437 3447
438 3446
445 3445
448 3444
448 3443
456 3442
456 3441
456 3440
456 3439
461 3438
462 3437
462 3436
462 3435
463 3434
465 3433
465 3432
465 3431
465 3430
469 3429
471 3428
482 3427
482 3426
482 3425
483 3424
483 3423
488 3422
490 3421
490 3420
491 3419
491 3418
493 3417
495 3416
496 3415
496 3414
496 3413
501 3412
501 3411
504 3410
505 3409
505 3408
510 3407
510 3406
510 3405
510 3404
511 3403
512 3402
513 3401
518 3400
520 3399
526 3398
526 3397
526 3396
526 3395
526 3394
528 3393
532 3392
538 3391
538 3390
541 3389
541 3388
541 3387
541 3386
541 3385
543 3384
544 3383
547 3382
554 3381
555 3380
555 3379
555 3378
564 3377
564 3376
565 3375
565 3374
571 3373
571 3372
572 3371
573 3370
573 3369
573 3368
579 3367
580 3366
580 3365
587 3364
587 3363
587 3362
589 3361
589 3360
589 3359
590 3358
590 3357
592 3356
592 3355
593 3354
594 3353
594 3352
594 3351
