0 4940
0 4939
0 4938
0 4937
0 4936
0 4935
0 4934
0 4933
0 4932
0 4931
0 4930
0 4929
0 4928
0 4927
0 4926
0 4925
0 4924
0 4923
0 4922
0 4921
0 4920
0 4919
0 4918
0 4917
0 4916
0 4915
0 4914
0 4913
0 4912
0 4911
0 4910
0 4909
0 4908
0 4907
0 4906
0 4905
0 4904
0 4903
0 4902
0 4901
0 4900
0 4899
0 4898
0 4897
0 4896
0 4895
0 4894
0 4893
0 4892
0 4891
0 4890
0 4889
0 4888
0 4887
0 4886
0 4885
0 4884
0 4883
0 4882
0 4881
0 4880
0 4879
0 4878
0 4877
0 4876
0 4875
0 4874
0 4873
0 4872
0 4871
0 4870
0 4869
0 4868
0 4867
0 4866
0 4865
0 4864
0 4863
0 4862
0 4861
0 4860
0 4859
0 4858
0 4857
0 4856
0 4855
0 4854
0 4853
0 4852
0 4851
0 4850
0 4849
0 4848
0 4847
0 4846
0 4845
0 4844
0 4843
0 4842
0 4841
0 4840
0 4839
0 4838
0 4837
0 4836
0 4835
0 4834
0 4833
0 4832
0 4831
0 4830
0 4829
0 4828
0 4827
0 4826
0 4825
0 4824
0 4823
0 4822
0 4821
0 4820
0 4819
0 4818
0 4817
0 4816
0 4815
0 4814
0 4813
0 4812
0 4811
0 4810
0 4809
0 4808
0 4807
0 4806
0 4805
0 4804
0 4803
0 4802
0 4801
0 4800
0 4799
0 4798
0 4797
0 4796
0 4795
0 4794
0 4793
0 4792
0 4791
0 4790
0 4789
0 4788
0 4787
0 4786
0 4785
0 4784
0 4783
0 4782
0 4781
0 4780
0 4779
0 4778
0 4777
0 4776
0 4775
0 4774
0 4773
0 4772
0 4771
0 4770
0 4769
0 4768
0 4767
0 4766
0 4765
0 4764
0 4763
0 4762
0 4761
0 4760
0 4759
0 4758
0 4757
0 4756
0 4755
0 4754
0 4753
0 4752
0 4751
0 4750
0 4749
0 4748
0 4747
0 4746
0 4745
0 4744
0 4743
0 4742
0 4741
0 4740
0 4739
0 4738
0 4737
0 4736
0 4735
0 4734
0 4733
0 4732
0 4731
0 4730
0 4729
0 4728
0 4727
0 4726
0 4725
0 4724
0 4723
0 4722
0 4721
0 4720
0 4719
0 4718
0 4717
0 4716
0 4715
0 4714
0 4713
0 4712
0 4711
0 4710
0 4709
0 4708
0 4707
0 4706
0 4705
0 4704
0 4703
0 4702
0 4701
0 4700
0 4699
0 4698
0 4697
0 4696
0 4695
0 4694
0 4693
0 4692
0 4691
0 4690
0 4689
0 4688
0 4687
0 4686
0 4685
0 4684
0 4683
0 4682
0 4681
0 4680
0 4679
0 4678
0 4677
0 4676
0 4675
0 4674
0 4673
0 4672
0 4671
0 4670
0 4669
0 4668
0 4667
0 4666
0 4665
0 4664
0 4663
0 4662
0 4661
0 4660
0 4659
0 4658
0 4657
0 4656
0 4655
0 4654
0 4653
0 4652
0 4651
0 4650
0 4649
0 4648
0 4647
0 4646
0 4645
0 4644
0 4643
0 4642
0 4641
0 4640
0 4639
0 4638
0 4637
0 4636
0 4635
0 4634
0 4633
0 4632
0 4631
0 4630
0 4629
0 4628
0 4627
0 4626
0 4625
0 4624
0 4623
0 4622
0 4621
0 4620
0 4619
0 4618
0 4617
0 4616
0 4615
0 4614
0 4613
0 4612
0 4611
0 4610
0 4609
0 4608
0 4607
0 4606
0 4605
0 4604
0 4603
0 4602
0 4601
0 4600
0 4599
0 4598
0 4597
0 4596
0 4595
0 4594
0 4593
0 4592
0 4591
0 4590
0 4589
0 4588
0 4587
0 4586
0 4585
0 4584
0 4583
0 4582
0 4581
0 4580
0 4579
0 4578
0 4577
0 4576
0 4575
0 4574
0 4573
0 4572
0 4571
0 4570
0 4569
0 4568
0 4567
0 4566
0 4565
0 4564
0 4563
0 4562
0 4561
0 4560
0 4559
0 4558
0 4557
0 4556
0 4555
0 4554
0 4553
0 4552
0 4551
0 4550
0 4549
0 4548
0 4547
0 4546
0 4545
0 4544
0 4543
0 4542
0 4541
0 4540
0 4539
0 4538
0 4537
0 4536
0 4535
0 4534
0 4533
0 4532
0 4531
0 4530
0 4529
0 4528
0 4527
0 4526
0 4525
0 4524
0 4523
0 4522
0 4521
0 4520
0 4519
0 4518
0 4517
0 4516
0 4515
1 4514
1 4513
1 4512
1 4511
1 4510
1 4509
1 4508
1 4507
1 4506
1 4505
1 4504
1 4503
1 4502
1 4501
1 4500
1 4499
1 4498
1 4497
1 4496
1 4495
1 4494
1 4493
1 4492
1 4491
1 4490
1 4489
1 4488
1 4487
1 4486
1 4485
1 4484
1 4483
1 4482
1 4481
1 4480
1 4479
1 4478
1 4477
1 4476
1 4475
1 4474
1 4473
1 4472
1 4471
1 4470
1 4469
1 4468
1 4467
1 4466
1 4465
1 4464
1 4463
1 4462
1 4461
1 4460
1 4459
1 4458
1 4457
1 4456
1 4455
1 4454
1 4453
1 4452
1 4451
1 4450
1 4449
1 4448
1 4447
1 4446
1 4445
1 4444
1 4443
1 4442
1 4441
1 4440
1 4439
1 4438
1 4437
1 4436
1 4435
1 4434
1 4433
1 4432
1 4431
1 4430
1 4429
1 4428
1 4427
1 4426
1 4425
1 4424
1 4423
1 4422
1 4421
1 4420
1 4419
1 4418
1 4417
1 4416
1 4415
1 4414
1 4413
1 4412
1 4411
1 4410
1 4409
1 4408
1 4407
1 4406
1 4405
1 4404
1 4403
1 4402
1 4401
1 4400
1 4399
1 4398
1 4397
1 4396
1 4395
1 4394
1 4393
1 4392
1 4391
1 4390
1 4389
1 4388
1 4387
1 4386
1 4385
1 4384
1 4383
1 4382
1 4381
1 4380
1 4379
1 4378
1 4377
1 4376
1 4375
1 4374
2 4373
2 4372
2 4371
2 4370
2 4369
2 4368
2 4367
2 4366
2 4365
2 4364
2 4363
2 4362
2 4361
2 4360
2 4359
2 4358
2 4357
2 4356
2 4355
2 4354
2 4353
2 4352
2 4351
2 4350
2 4349
2 4348
2 4347
2 4346
2 4345
2 4344
2 4343
2 4342
2 4341
2 4340
2 4339
2 4338
2 4337
2 4336
2 4335
2 4334
2 4333
2 4332
2 4331
2 4330
2 4329
2 4328
2 4327
2 4326
2 4325
2 4324
2 4323
2 4322
2 4321
2 4320
2 4319
2 4318
2 4317
2 4316
2 4315
2 4314
2 4313
2 4312
2 4311
2 4310
2 4309
2 4308
2 4307
2 4306
2 4305
2 4304
2 4303
2 4302
2 4301
2 4300
2 4299
2 4298
2 4297
2 4296
2 4295
2 4294
3 4293
3 4292
3 4291
3 4290
3 4289
3 4288
3 4287
3 4286
3 4285
3 4284
3 4283
3 4282
3 4281
3 4280
3 4279
3 4278
3 4277
3 4276
3 4275
3 4274
3 4273
3 4272
3 4271
3 4270
3 4269
3 4268
3 4267
3 4266
3 4265
3 4264
3 4263
3 4262
3 4261
3 4260
3 4259
3 4258
3 4257
3 4256
3 4255
3 4254
3 4253
3 4252
3 4251
3 4250
3 4249
3 4248
3 4247
3 4246
3 4245
3 4244
3 4243
3 4242
3 4241
3 4240
3 4239
3 4238
3 4237
3 4236
3 4235
3 4234
3 4233
3 4232
3 4231
3 4230
3 4229
3 4228
3 4227
3 4226
3 4225
3 4224
3 4223
3 4222
3 4221
3 4220
3 4219
4 4218
4 4217
4 4216
4 4215
4 4214
4 4213
4 4212
4 4211
4 4210
4 4209
4 4208
4 4207
4 4206
4 4205
4 4204
4 4203
4 4202
4 4201
4 4200
4 4199
4 4198
4 4197
4 4196
4 4195
4 4194
4 4193
4 4192
4 4191
4 4190
4 4189
4 4188
4 4187
4 4186
4 4185
4 4184
4 4183
4 4182
4 4181
4 4180
5 4179
5 4178
5 4177
5 4176
5 4175
5 4174
5 4173
5 4172
5 4171
5 4170
5 4169
5 4168
5 4167
5 4166
5 4165
5 4164
5 4163
5 4162
5 4161
6 4160
6 4159
6 4158
6 4157
6 4156
6 4155
6 4154
6 4153
6 4152
6 4151
6 4150
6 4149
6 4148
6 4147
6 4146
6 4145
6 4144
6 4143
6 4142
6 4141
6 4140
6 4139
6 4138
6 4137
7 4136
7 4135
7 4134
7 4133
7 4132
7 4131
7 4130
7 4129
7 4128
7 4127
7 4126
7 4125
7 4124
7 4123
7 4122
7 4121
7 4120
7 4119
7 4118
7 4117
7 4116
7 4115
7 4114
7 4113
7 4112
7 4111
7 4110
7 4109
7 4108
7 4107
7 4106
7 4105
7 4104
7 4103
7 4102
7 4101
7 4100
7 4099
7 4098
7 4097
7 4096
7 4095
8 4094
8 4093
8 4092
8 4091
8 4090
8 4089
8 4088
9 4087
9 4086
9 4085
9 4084
9 4083
9 4082
9 4081
9 4080
9 4079
9 4078
9 4077
9 4076
9 4075
10 4074
10 4073
10 4072
10 4071
10 4070
10 4069
10 4068
10 4067
10 4066
10 4065
10 4064
10 4063
10 4062
10 4061
10 4060
10 4059
10 4058
10 4057
10 4056
10 4055
12 4054
12 4053
13 4052
14 4051
14 4050
14 4049
14 4048
14 4047
14 4046
15 4045
15 4044
15 4043
16 4042
16 4041
16 4040
16 4039
16 4038
16 4037
17 4036
17 4035
17 4034
17 4033
17 4032
17 4031
17 4030
17 4029
17 4028
17 4027
17 4026
17 4025
17 4024
17 4023
17 4022
17 4021
18 4020
19 4019
19 4018
19 4017
19 4016
20 4015
20 4014
20 4013
20 4012
20 4011
21 4010
21 4009
21 4008
21 4007
21 4006
21 4005
21 4004
22 4003
22 4002
23 4001
23 4000
23 3999
24 3998
24 3997
24 3996
24 3995
24 3994
24 3993
24 3992
25 3991
25 3990
25 3989
25 3988
25 3987
25 3986
25 3985
25 3984
25 3983
26 3982
26 3981
26 3980
27 3979
27 3978
27 3977
27 3976
27 3975
27 3974
27 3973
28 3972
28 3971
28 3970
28 3969
28 3968
28 3967
28 3966
29 3965
29 3964
29 3963
29 3962
29 3961
29 3960
31 3959
31 3958
32 3957
32 3956
32 3955
32 3954
32 3953
32 3952
32 3951
33 3950
33 3949
33 3948
34 3947
34 3946
34 3945
36 3944
36 3943
36 3942
37 3941
37 3940
37 3939
38 3938
38 3937
39 3936
39 3935
39 3934
40 3933
41 3932
41 3931
41 3930
41 3929
41 3928
41 3927
42 3926
42 3925
42 3924
42 3923
42 3922
42 3921
42 3920
42 3919
42 3918
42 3917
42 3916
42 3915
43 3914
43 3913
43 3912
43 3911
44 3910
45 3909
47 3908
48 3907
48 3906
50 3905
50 3904
50 3903
50 3902
50 3901
50 3900
51 3899
51 3898
51 3897
52 3896
52 3895
52 3894
52 3893
52 3892
54 3891
54 3890
57 3889
57 3888
57 3887
58 3886
58 3885
58 3884
58 3883
58 3882
58 3881
58 3880
58 3879
58 3878
58 3877
58 3876
58 3875
58 3874
59 3873
59 3872
60 3871
60 3870
60 3869
60 3868
60 3867
60 3866
60 3865
61 3864
61 3863
61 3862
62 3861
62 3860
62 3859
64 3858
64 3857
65 3856
65 3855
66 3854
67 3853
67 3852
67 3851
67 3850
67 3849
67 3848
67 3847
68 3846
68 3845
68 3844
69 3843
69 3842
69 3841
69 3840
70 3839
70 3838
70 3837
71 3836
71 3835
72 3834
72 3833
73 3832
73 3831
73 3830
73 3829
73 3828
73 3827
73 3826
73 3825
73 3824
74 3823
74 3822
74 3821
74 3820
74 3819
76 3818
76 3817
78 3816
79 3815
79 3814
79 3813
80 3812
80 3811
80 3810
82 3809
82 3808
84 3807
84 3806
86 3805
86 3804
86 3803
86 3802
89 3801
89 3800
89 3799
90 3798
91 3797
91 3796
91 3795
91 3794
91 3793
91 3792
91 3791
92 3790
92 3789
92 3788
92 3787
92 3786
92 3785
92 3784
92 3783
96 3782
97 3781
97 3780
97 3779
97 3778
98 3777
98 3776
98 3775
98 3774
98 3773
98 3772
100 3771
101 3770
101 3769
104 3768
104 3767
104 3766
104 3765
107 3764
110 3763
110 3762
110 3761
111 3760
113 3759
114 3758
114 3757
114 3756
114 3755
114 3754
114 3753
114 3752
122 3751
122 3750
122 3749
122 3748
124 3747
124 3746
124 3745
124 3744
124 3743
127 3742
127 3741
127 3740
127 3739
127 3738
127 3737
127 3736
127 3735
127 3734
127 3733
129 3732
129 3731
129 3730
129 3729
129 3728
130 3727
130 3726
130 3725
130 3724
130 3723
131 3722
131 3721
131 3720
133 3719
133 3718
133 3717
133 3716
133 3715
133 3714
133 3713
136 3712
136 3711
137 3710
137 3709
137 3708
137 3707
137 3706
137 3705
139 3704
139 3703
140 3702
140 3701
140 3700
140 3699
140 3698
141 3697
142 3696
142 3695
142 3694
142 3693
144 3692
144 3691
145 3690
148 3689
148 3688
148 3687
148 3686
148 3685
148 3684
148 3683
153 3682
153 3681
154 3680
154 3679
154 3678
156 3677
156 3676
157 3675
159 3674
159 3673
159 3672
160 3671
165 3670
166 3669
168 3668
168 3667
168 3666
168 3665
169 3664
172 3663
176 3662
176 3661
176 3660
177 3659
177 3658
177 3657
178 3656
178 3655
178 3654
180 3653
181 3652
181 3651
182 3650
182 3649
185 3648
185 3647
185 3646
185 3645
185 3644
185 3643
185 3642
185 3641
185 3640
185 3639
185 3638
189 3637
190 3636
190 3635
191 3634
191 3633
191 3632
193 3631
193 3630
195 3629
195 3628
195 3627
195 3626
195 3625
195 3624
201 3623
201 3622
201 3621
201 3620
203 3619
203 3618
205 3617
206 3616
206 3615
206 3614
206 3613
208 3612
211 3611
212 3610
212 3609
214 3608
214 3607
215 3606
215 3605
216 3604
216 3603
217 3602
217 3601
219 3600
220 3599
220 3598
220 3597
220 3596
220 3595
220 3594
222 3593
224 3592
228 3591
228 3590
231 3589
231 3588
232 3587
243 3586
243 3585
243 3584
244 3583
244 3582
244 3581
244 3580
244 3579
250 3578
250 3577
250 3576
251 3575
252 3574
254 3573
254 3572
254 3571
254 3570
254 3569
255 3568
255 3567
256 3566
261 3565
261 3564
262 3563
264 3562
266 3561
266 3560
272 3559
275 3558
280 3557
282 3556
282 3555
283 3554
283 3553
283 3552
283 3551
283 3550
285 3549
286 3548
287 3547
288 3546
288 3545
288 3544
290 3543
290 3542
294 3541
295 3540
297 3539
300 3538
305 3537
308 3536
308 3535
308 3534
311 3533
320 3532
320 3531
323 3530
323 3529
326 3528
326 3527
326 3526
326 3525
340 3524
340 3523
340 3522
340 3521
340 3520
353 3519
354 3518
354 3517
360 3516
360 3515
361 3514
361 3513
362 3512
362 3511
362 3510
364 3509
365 3508
365 3507
365 3506
365 3505
369 3504
370 3503
372 3502
372 3501
372 3500
378 3499
379 3498
383 3497
386 3496
388 3495
388 3494
389 3493
389 3492
393 3491
393 3490
393 3489
393 3488
397 3487
397 3486
400 3485
400 3484
400 3483
402 3482
402 3481
404 3480
413 3479
414 3478
414 3477
414 3476
414 3475
414 3474
418 3473
418 3472
418 3471
418 3470
418 3469
421 3468
421 3467
422 3466
422 3465
427 3464
427 3463
427 3462
427 3461
430 3460
430 3459
433 3458
436 3457
436 3456
438 3455
438 3454
438 3453
438 3452
438 3451
442 3450
443 3449
444 3448
444 3447
449 3446
450 3445
450 3444
450 3443
452 3442
454 3441
463 3440
463 3439
463 3438
463 3437
463 3436
465 3435
465 3434
468 3433
472 3432
472 3431
472 3430
480 3429
482 3428
482 3427
485 3426
492 3425
492 3424
492 3423
494 3422
494 3421
502 3420
502 3419
502 3418
502 3417
502 3416
506 3415
511 3414
511 3413
518 3412
518 3411
527 3410
527 3409
535 3408
540 3407
544 3406
544 3405
544 3404
548 3403
549 3402
549 3401
552 3400
552 3399
552 3398
552 3397
552 3396
552 3395
552 3394
555 3393
555 3392
556 3391
556 3390
557 3389
564 3388
564 3387
569 3386
570 3385
578 3384
579 3383
582 3382
587 3381
589 3380
590 3379
591 3378
593 3377
596 3376
598 3375
