0 4940
0 4939
0 4938
0 4937
0 4936
0 4935
0 4934
0 4933
0 4932
0 4931
0 4930
0 4929
0 4928
0 4927
0 4926
0 4925
0 4924
0 4923
0 4922
0 4921
0 4920
0 4919
0 4918
0 4917
0 4916
0 4915
0 4914
0 4913
0 4912
0 4911
0 4910
0 4909
0 4908
0 4907
0 4906
0 4905
0 4904
0 4903
0 4902
0 4901
0 4900
0 4899
0 4898
0 4897
0 4896
0 4895
0 4894
0 4893
0 4892
0 4891
0 4890
0 4889
0 4888
0 4887
0 4886
0 4885
0 4884
0 4883
0 4882
0 4881
0 4880
0 4879
0 4878
0 4877
0 4876
0 4875
0 4874
0 4873
0 4872
0 4871
0 4870
0 4869
0 4868
0 4867
0 4866
0 4865
0 4864
0 4863
0 4862
0 4861
0 4860
0 4859
0 4858
0 4857
0 4856
0 4855
0 4854
0 4853
0 4852
0 4851
0 4850
0 4849
0 4848
0 4847
0 4846
0 4845
0 4844
0 4843
0 4842
0 4841
0 4840
0 4839
0 4838
0 4837
0 4836
0 4835
0 4834
0 4833
0 4832
0 4831
0 4830
0 4829
0 4828
0 4827
0 4826
0 4825
0 4824
0 4823
0 4822
0 4821
0 4820
0 4819
0 4818
0 4817
0 4816
0 4815
0 4814
0 4813
0 4812
0 4811
0 4810
0 4809
0 4808
0 4807
0 4806
0 4805
0 4804
0 4803
0 4802
0 4801
0 4800
0 4799
0 4798
0 4797
0 4796
0 4795
0 4794
0 4793
0 4792
0 4791
0 4790
0 4789
0 4788
0 4787
0 4786
0 4785
0 4784
0 4783
0 4782
0 4781
0 4780
0 4779
0 4778
0 4777
0 4776
0 4775
0 4774
0 4773
0 4772
0 4771
0 4770
0 4769
0 4768
0 4767
0 4766
0 4765
0 4764
0 4763
0 4762
0 4761
0 4760
0 4759
0 4758
0 4757
0 4756
0 4755
0 4754
0 4753
0 4752
0 4751
0 4750
0 4749
0 4748
0 4747
0 4746
0 4745
0 4744
0 4743
0 4742
0 4741
0 4740
0 4739
0 4738
0 4737
0 4736
0 4735
0 4734
0 4733
0 4732
0 4731
0 4730
0 4729
0 4728
0 4727
0 4726
0 4725
0 4724
0 4723
0 4722
0 4721
0 4720
0 4719
0 4718
0 4717
0 4716
0 4715
0 4714
0 4713
0 4712
0 4711
0 4710
0 4709
0 4708
0 4707
0 4706
0 4705
0 4704
0 4703
0 4702
0 4701
0 4700
0 4699
0 4698
0 4697
0 4696
0 4695
0 4694
0 4693
0 4692
0 4691
0 4690
0 4689
0 4688
0 4687
0 4686
0 4685
0 4684
0 4683
0 4682
0 4681
0 4680
0 4679
0 4678
0 4677
0 4676
0 4675
0 4674
0 4673
0 4672
0 4671
0 4670
0 4669
0 4668
0 4667
0 4666
0 4665
0 4664
0 4663
0 4662
0 4661
0 4660
0 4659
0 4658
0 4657
0 4656
0 4655
0 4654
0 4653
0 4652
0 4651
0 4650
0 4649
0 4648
0 4647
0 4646
0 4645
0 4644
0 4643
0 4642
0 4641
0 4640
0 4639
0 4638
0 4637
0 4636
0 4635
0 4634
0 4633
0 4632
0 4631
0 4630
0 4629
0 4628
0 4627
0 4626
0 4625
0 4624
0 4623
0 4622
0 4621
0 4620
0 4619
0 4618
0 4617
0 4616
0 4615
0 4614
0 4613
0 4612
0 4611
0 4610
0 4609
0 4608
0 4607
0 4606
0 4605
0 4604
0 4603
0 4602
0 4601
0 4600
0 4599
0 4598
0 4597
0 4596
0 4595
0 4594
0 4593
0 4592
0 4591
0 4590
0 4589
0 4588
0 4587
0 4586
0 4585
0 4584
0 4583
0 4582
0 4581
0 4580
0 4579
0 4578
0 4577
0 4576
0 4575
0 4574
0 4573
0 4572
0 4571
0 4570
0 4569
0 4568
0 4567
0 4566
0 4565
0 4564
0 4563
0 4562
0 4561
0 4560
0 4559
0 4558
0 4557
0 4556
0 4555
0 4554
0 4553
0 4552
0 4551
0 4550
0 4549
0 4548
0 4547
0 4546
0 4545
0 4544
0 4543
0 4542
0 4541
0 4540
0 4539
0 4538
0 4537
0 4536
0 4535
0 4534
0 4533
0 4532
1 4531
1 4530
1 4529
1 4528
1 4527
1 4526
1 4525
1 4524
1 4523
1 4522
1 4521
1 4520
1 4519
1 4518
1 4517
1 4516
1 4515
1 4514
1 4513
1 4512
1 4511
1 4510
1 4509
1 4508
1 4507
1 4506
1 4505
1 4504
1 4503
1 4502
1 4501
1 4500
1 4499
1 4498
1 4497
1 4496
1 4495
1 4494
1 4493
1 4492
1 4491
1 4490
1 4489
1 4488
1 4487
1 4486
1 4485
1 4484
1 4483
1 4482
1 4481
1 4480
1 4479
1 4478
1 4477
1 4476
1 4475
1 4474
1 4473
1 4472
1 4471
1 4470
1 4469
1 4468
1 4467
1 4466
1 4465
1 4464
1 4463
1 4462
1 4461
1 4460
1 4459
1 4458
1 4457
1 4456
1 4455
1 4454
1 4453
1 4452
1 4451
1 4450
1 4449
1 4448
1 4447
1 4446
1 4445
1 4444
1 4443
1 4442
1 4441
1 4440
1 4439
1 4438
1 4437
1 4436
1 4435
1 4434
1 4433
1 4432
1 4431
1 4430
1 4429
1 4428
1 4427
1 4426
1 4425
1 4424
1 4423
1 4422
1 4421
1 4420
1 4419
1 4418
1 4417
1 4416
1 4415
1 4414
1 4413
1 4412
1 4411
1 4410
1 4409
1 4408
1 4407
1 4406
1 4405
1 4404
1 4403
1 4402
1 4401
1 4400
1 4399
1 4398
1 4397
1 4396
1 4395
1 4394
1 4393
1 4392
1 4391
1 4390
1 4389
1 4388
1 4387
1 4386
1 4385
1 4384
1 4383
1 4382
1 4381
1 4380
1 4379
1 4378
1 4377
1 4376
1 4375
1 4374
1 4373
1 4372
1 4371
1 4370
1 4369
1 4368
1 4367
1 4366
1 4365
1 4364
1 4363
1 4362
1 4361
2 4360
2 4359
2 4358
2 4357
2 4356
2 4355
2 4354
2 4353
2 4352
2 4351
2 4350
2 4349
2 4348
2 4347
2 4346
2 4345
2 4344
2 4343
2 4342
2 4341
2 4340
2 4339
2 4338
2 4337
2 4336
2 4335
2 4334
2 4333
2 4332
2 4331
2 4330
2 4329
2 4328
2 4327
2 4326
2 4325
2 4324
2 4323
2 4322
2 4321
2 4320
2 4319
2 4318
2 4317
2 4316
2 4315
2 4314
2 4313
2 4312
2 4311
2 4310
2 4309
2 4308
2 4307
2 4306
2 4305
2 4304
2 4303
2 4302
2 4301
2 4300
2 4299
2 4298
2 4297
2 4296
2 4295
2 4294
2 4293
2 4292
2 4291
2 4290
2 4289
2 4288
2 4287
2 4286
2 4285
2 4284
2 4283
2 4282
2 4281
2 4280
2 4279
2 4278
2 4277
2 4276
2 4275
2 4274
2 4273
2 4272
2 4271
2 4270
2 4269
2 4268
2 4267
2 4266
2 4265
2 4264
2 4263
2 4262
2 4261
2 4260
2 4259
2 4258
2 4257
2 4256
2 4255
2 4254
2 4253
2 4252
2 4251
2 4250
2 4249
2 4248
3 4247
3 4246
3 4245
3 4244
3 4243
3 4242
3 4241
3 4240
3 4239
3 4238
3 4237
3 4236
3 4235
3 4234
3 4233
3 4232
3 4231
3 4230
3 4229
3 4228
3 4227
3 4226
3 4225
3 4224
3 4223
3 4222
3 4221
3 4220
3 4219
3 4218
3 4217
3 4216
3 4215
3 4214
3 4213
3 4212
3 4211
3 4210
3 4209
3 4208
3 4207
3 4206
3 4205
3 4204
3 4203
3 4202
3 4201
3 4200
3 4199
3 4198
3 4197
3 4196
3 4195
3 4194
3 4193
3 4192
3 4191
3 4190
3 4189
3 4188
3 4187
3 4186
3 4185
3 4184
3 4183
3 4182
3 4181
3 4180
3 4179
3 4178
3 4177
3 4176
4 4175
4 4174
4 4173
4 4172
4 4171
4 4170
4 4169
4 4168
4 4167
4 4166
4 4165
4 4164
4 4163
4 4162
4 4161
4 4160
4 4159
4 4158
4 4157
4 4156
4 4155
4 4154
4 4153
4 4152
4 4151
4 4150
4 4149
4 4148
4 4147
4 4146
4 4145
4 4144
4 4143
4 4142
4 4141
4 4140
4 4139
4 4138
4 4137
4 4136
4 4135
4 4134
4 4133
4 4132
4 4131
4 4130
4 4129
4 4128
4 4127
4 4126
4 4125
4 4124
5 4123
5 4122
5 4121
5 4120
5 4119
5 4118
5 4117
5 4116
5 4115
5 4114
5 4113
5 4112
5 4111
5 4110
5 4109
5 4108
5 4107
5 4106
5 4105
5 4104
5 4103
5 4102
5 4101
5 4100
5 4099
5 4098
6 4097
6 4096
6 4095
6 4094
6 4093
6 4092
6 4091
6 4090
6 4089
6 4088
6 4087
6 4086
6 4085
6 4084
6 4083
7 4082
8 4081
8 4080
8 4079
8 4078
8 4077
8 4076
8 4075
8 4074
8 4073
8 4072
8 4071
8 4070
8 4069
8 4068
8 4067
8 4066
8 4065
8 4064
8 4063
8 4062
8 4061
9 4060
9 4059
9 4058
9 4057
9 4056
9 4055
9 4054
9 4053
9 4052
10 4051
10 4050
10 4049
10 4048
10 4047
10 4046
10 4045
10 4044
11 4043
11 4042
11 4041
11 4040
11 4039
12 4038
12 4037
12 4036
12 4035
12 4034
12 4033
12 4032
12 4031
12 4030
12 4029
13 4028
13 4027
13 4026
13 4025
13 4024
13 4023
13 4022
13 4021
13 4020
13 4019
13 4018
13 4017
13 4016
13 4015
13 4014
13 4013
13 4012
14 4011
14 4010
14 4009
14 4008
14 4007
14 4006
14 4005
14 4004
14 4003
15 4002
15 4001
15 4000
15 3999
15 3998
15 3997
15 3996
15 3995
15 3994
16 3993
16 3992
16 3991
16 3990
16 3989
16 3988
17 3987
17 3986
17 3985
18 3984
18 3983
18 3982
18 3981
18 3980
18 3979
18 3978
18 3977
18 3976
18 3975
19 3974
19 3973
19 3972
19 3971
19 3970
19 3969
20 3968
21 3967
22 3966
22 3965
22 3964
22 3963
22 3962
23 3961
23 3960
23 3959
23 3958
23 3957
23 3956
23 3955
23 3954
23 3953
23 3952
23 3951
23 3950
23 3949
23 3948
25 3947
25 3946
25 3945
26 3944
26 3943
26 3942
26 3941
26 3940
27 3939
28 3938
28 3937
28 3936
29 3935
29 3934
30 3933
30 3932
30 3931
30 3930
30 3929
31 3928
31 3927
31 3926
31 3925
31 3924
31 3923
31 3922
31 3921
31 3920
31 3919
32 3918
32 3917
32 3916
32 3915
32 3914
32 3913
32 3912
32 3911
32 3910
32 3909
32 3908
32 3907
33 3906
33 3905
33 3904
33 3903
33 3902
34 3901
34 3900
34 3899
34 3898
36 3897
36 3896
36 3895
36 3894
36 3893
36 3892
36 3891
36 3890
37 3889
37 3888
38 3887
38 3886
40 3885
42 3884
42 3883
43 3882
43 3881
43 3880
43 3879
43 3878
43 3877
43 3876
43 3875
43 3874
43 3873
43 3872
43 3871
43 3870
44 3869
44 3868
44 3867
44 3866
44 3865
44 3864
44 3863
44 3862
45 3861
46 3860
46 3859
46 3858
49 3857
49 3856
49 3855
49 3854
49 3853
49 3852
49 3851
50 3850
50 3849
50 3848
50 3847
51 3846
51 3845
51 3844
52 3843
52 3842
53 3841
53 3840
54 3839
54 3838
54 3837
54 3836
55 3835
56 3834
56 3833
57 3832
57 3831
58 3830
61 3829
61 3828
61 3827
63 3826
63 3825
63 3824
65 3823
65 3822
65 3821
65 3820
66 3819
66 3818
66 3817
70 3816
72 3815
74 3814
76 3813
79 3812
79 3811
79 3810
79 3809
80 3808
80 3807
81 3806
81 3805
81 3804
82 3803
85 3802
86 3801
86 3800
87 3799
87 3798
88 3797
89 3796
89 3795
90 3794
92 3793
92 3792
92 3791
92 3790
93 3789
93 3788
93 3787
93 3786
93 3785
93 3784
93 3783
95 3782
97 3781
97 3780
97 3779
99 3778
99 3777
100 3776
102 3775
102 3774
102 3773
104 3772
105 3771
105 3770
106 3769
111 3768
111 3767
111 3766
112 3765
112 3764
112 3763
112 3762
114 3761
114 3760
114 3759
114 3758
114 3757
119 3756
119 3755
119 3754
119 3753
119 3752
119 3751
119 3750
119 3749
119 3748
121 3747
121 3746
123 3745
123 3744
123 3743
124 3742
124 3741
126 3740
127 3739
128 3738
131 3737
131 3736
131 3735
131 3734
132 3733
132 3732
132 3731
133 3730
134 3729
137 3728
137 3727
137 3726
137 3725
137 3724
139 3723
140 3722
140 3721
141 3720
141 3719
144 3718
144 3717
144 3716
144 3715
144 3714
146 3713
146 3712
148 3711
149 3710
150 3709
150 3708
150 3707
150 3706
150 3705
151 3704
152 3703
152 3702
152 3701
156 3700
156 3699
156 3698
156 3697
158 3696
158 3695
158 3694
159 3693
159 3692
161 3691
162 3690
162 3689
162 3688
162 3687
162 3686
163 3685
163 3684
165 3683
165 3682
169 3681
169 3680
169 3679
169 3678
169 3677
169 3676
175 3675
176 3674
176 3673
176 3672
176 3671
176 3670
178 3669
178 3668
178 3667
178 3666
181 3665
182 3664
183 3663
184 3662
184 3661
184 3660
185 3659
185 3658
187 3657
192 3656
192 3655
192 3654
193 3653
194 3652
195 3651
198 3650
199 3649
199 3648
199 3647
199 3646
199 3645
199 3644
199 3643
199 3642
199 3641
199 3640
201 3639
201 3638
201 3637
201 3636
202 3635
202 3634
202 3633
202 3632
204 3631
204 3630
204 3629
205 3628
205 3627
205 3626
205 3625
213 3624
215 3623
215 3622
217 3621
217 3620
217 3619
219 3618
222 3617
222 3616
222 3615
223 3614
223 3613
223 3612
223 3611
223 3610
223 3609
223 3608
225 3607
225 3606
225 3605
226 3604
226 3603
226 3602
230 3601
230 3600
234 3599
234 3598
234 3597
234 3596
234 3595
234 3594
236 3593
236 3592
236 3591
242 3590
242 3589
243 3588
243 3587
245 3586
246 3585
246 3584
247 3583
250 3582
258 3581
258 3580
258 3579
259 3578
259 3577
261 3576
261 3575
262 3574
264 3573
268 3572
268 3571
268 3570
270 3569
270 3568
270 3567
270 3566
270 3565
271 3564
274 3563
274 3562
274 3561
277 3560
277 3559
277 3558
277 3557
277 3556
277 3555
280 3554
280 3553
281 3552
284 3551
290 3550
292 3549
292 3548
294 3547
294 3546
294 3545
294 3544
294 3543
295 3542
297 3541
297 3540
298 3539
298 3538
301 3537
302 3536
305 3535
306 3534
306 3533
306 3532
306 3531
308 3530
308 3529
309 3528
311 3527
313 3526
313 3525
313 3524
315 3523
316 3522
317 3521
319 3520
321 3519
323 3518
323 3517
324 3516
324 3515
324 3514
326 3513
328 3512
328 3511
328 3510
328 3509
328 3508
328 3507
328 3506
332 3505
333 3504
334 3503
338 3502
338 3501
342 3500
342 3499
343 3498
346 3497
348 3496
348 3495
348 3494
355 3493
360 3492
360 3491
360 3490
362 3489
362 3488
363 3487
366 3486
366 3485
366 3484
366 3483
367 3482
367 3481
367 3480
367 3479
369 3478
369 3477
375 3476
375 3475
375 3474
377 3473
377 3472
381 3471
381 3470
381 3469
381 3468
381 3467
383 3466
384 3465
387 3464
391 3463
391 3462
391 3461
394 3460
397 3459
403 3458
404 3457
406 3456
406 3455
406 3454
409 3453
409 3452
413 3451
421 3450
423 3449
426 3448
426 3447
427 3446
428 3445
429 3444
429 3443
433 3442
433 3441
433 3440
438 3439
444 3438
444 3437
455 3436
458 3435
458 3434
458 3433
458 3432
460 3431
465 3430
472 3429
472 3428
473 3427
473 3426
477 3425
477 3424
478 3423
478 3422
478 3421
485 3420
487 3419
487 3418
488 3417
490 3416
492 3415
492 3414
492 3413
492 3412
492 3411
500 3410
505 3409
508 3408
508 3407
508 3406
511 3405
512 3404
512 3403
512 3402
520 3401
523 3400
523 3399
524 3398
524 3397
524 3396
529 3395
533 3394
533 3393
540 3392
540 3391
540 3390
553 3389
553 3388
557 3387
558 3386
558 3385
563 3384
564 3383
565 3382
573 3381
573 3380
576 3379
579 3378
581 3377
584 3376
586 3375
592 3374
592 3373
592 3372
593 3371
593 3370
593 3369
593 3368
593 3367
