0 4940
0 4939
0 4938
0 4937
0 4936
0 4935
0 4934
0 4933
0 4932
0 4931
0 4930
0 4929
0 4928
0 4927
0 4926
0 4925
0 4924
0 4923
0 4922
0 4921
0 4920
0 4919
0 4918
0 4917
0 4916
0 4915
0 4914
0 4913
0 4912
0 4911
0 4910
0 4909
0 4908
0 4907
0 4906
0 4905
0 4904
0 4903
0 4902
0 4901
0 4900
0 4899
0 4898
0 4897
0 4896
0 4895
0 4894
0 4893
0 4892
0 4891
0 4890
0 4889
0 4888
0 4887
0 4886
0 4885
0 4884
0 4883
0 4882
0 4881
0 4880
0 4879
0 4878
0 4877
0 4876
0 4875
0 4874
0 4873
0 4872
0 4871
0 4870
0 4869
0 4868
0 4867
0 4866
0 4865
0 4864
0 4863
0 4862
0 4861
0 4860
0 4859
0 4858
0 4857
0 4856
0 4855
0 4854
0 4853
0 4852
0 4851
0 4850
0 4849
0 4848
0 4847
0 4846
0 4845
0 4844
0 4843
0 4842
0 4841
0 4840
0 4839
0 4838
0 4837
0 4836
0 4835
0 4834
0 4833
0 4832
0 4831
0 4830
0 4829
0 4828
0 4827
0 4826
0 4825
0 4824
0 4823
0 4822
0 4821
0 4820
0 4819
0 4818
0 4817
0 4816
0 4815
0 4814
0 4813
0 4812
0 4811
0 4810
0 4809
0 4808
0 4807
0 4806
0 4805
0 4804
0 4803
0 4802
0 4801
0 4800
0 4799
0 4798
0 4797
0 4796
0 4795
0 4794
0 4793
0 4792
0 4791
0 4790
0 4789
0 4788
0 4787
0 4786
0 4785
0 4784
0 4783
0 4782
0 4781
0 4780
0 4779
0 4778
0 4777
0 4776
0 4775
0 4774
0 4773
0 4772
0 4771
0 4770
0 4769
0 4768
0 4767
0 4766
0 4765
0 4764
0 4763
0 4762
0 4761
0 4760
0 4759
0 4758
0 4757
0 4756
0 4755
0 4754
0 4753
0 4752
0 4751
0 4750
0 4749
0 4748
0 4747
0 4746
0 4745
0 4744
0 4743
0 4742
0 4741
0 4740
0 4739
0 4738
0 4737
0 4736
0 4735
0 4734
0 4733
0 4732
0 4731
0 4730
0 4729
0 4728
0 4727
0 4726
0 4725
0 4724
0 4723
0 4722
0 4721
0 4720
0 4719
0 4718
0 4717
0 4716
0 4715
0 4714
0 4713
0 4712
0 4711
0 4710
0 4709
0 4708
0 4707
0 4706
0 4705
0 4704
0 4703
0 4702
0 4701
0 4700
0 4699
0 4698
0 4697
0 4696
0 4695
0 4694
0 4693
0 4692
0 4691
0 4690
0 4689
0 4688
0 4687
0 4686
0 4685
0 4684
0 4683
0 4682
0 4681
0 4680
0 4679
0 4678
0 4677
0 4676
0 4675
0 4674
0 4673
0 4672
0 4671
0 4670
0 4669
0 4668
0 4667
0 4666
0 4665
0 4664
0 4663
0 4662
0 4661
0 4660
0 4659
0 4658
0 4657
0 4656
0 4655
0 4654
0 4653
0 4652
0 4651
0 4650
0 4649
0 4648
0 4647
0 4646
0 4645
0 4644
0 4643
0 4642
0 4641
0 4640
0 4639
0 4638
0 4637
0 4636
0 4635
0 4634
0 4633
0 4632
0 4631
0 4630
0 4629
0 4628
0 4627
0 4626
0 4625
0 4624
0 4623
0 4622
0 4621
0 4620
0 4619
0 4618
0 4617
0 4616
0 4615
0 4614
0 4613
0 4612
0 4611
0 4610
0 4609
0 4608
0 4607
0 4606
0 4605
0 4604
0 4603
0 4602
0 4601
0 4600
0 4599
0 4598
0 4597
0 4596
0 4595
0 4594
0 4593
0 4592
0 4591
0 4590
0 4589
0 4588
0 4587
0 4586
0 4585
0 4584
0 4583
0 4582
0 4581
0 4580
0 4579
0 4578
0 4577
0 4576
0 4575
0 4574
0 4573
0 4572
0 4571
0 4570
0 4569
0 4568
0 4567
0 4566
0 4565
0 4564
0 4563
0 4562
0 4561
0 4560
0 4559
0 4558
0 4557
0 4556
0 4555
0 4554
0 4553
0 4552
0 4551
0 4550
0 4549
0 4548
0 4547
0 4546
0 4545
1 4544
1 4543
1 4542
1 4541
1 4540
1 4539
1 4538
1 4537
1 4536
1 4535
1 4534
1 4533
1 4532
1 4531
1 4530
1 4529
1 4528
1 4527
1 4526
1 4525
1 4524
1 4523
1 4522
1 4521
1 4520
1 4519
1 4518
1 4517
1 4516
1 4515
1 4514
1 4513
1 4512
1 4511
1 4510
1 4509
1 4508
1 4507
1 4506
1 4505
1 4504
1 4503
1 4502
1 4501
1 4500
1 4499
1 4498
1 4497
1 4496
1 4495
1 4494
1 4493
1 4492
1 4491
1 4490
1 4489
1 4488
1 4487
1 4486
1 4485
1 4484
1 4483
1 4482
1 4481
1 4480
1 4479
1 4478
1 4477
1 4476
1 4475
1 4474
1 4473
1 4472
1 4471
1 4470
1 4469
1 4468
1 4467
1 4466
1 4465
1 4464
1 4463
1 4462
1 4461
1 4460
1 4459
1 4458
1 4457
1 4456
1 4455
1 4454
1 4453
1 4452
1 4451
1 4450
1 4449
1 4448
1 4447
1 4446
1 4445
1 4444
1 4443
1 4442
1 4441
1 4440
1 4439
1 4438
1 4437
1 4436
1 4435
1 4434
1 4433
1 4432
1 4431
1 4430
1 4429
1 4428
1 4427
1 4426
1 4425
1 4424
1 4423
1 4422
1 4421
1 4420
1 4419
1 4418
1 4417
1 4416
1 4415
1 4414
1 4413
1 4412
1 4411
1 4410
1 4409
1 4408
1 4407
1 4406
1 4405
1 4404
1 4403
1 4402
1 4401
1 4400
1 4399
1 4398
1 4397
1 4396
1 4395
1 4394
1 4393
1 4392
2 4391
2 4390
2 4389
2 4388
2 4387
2 4386
2 4385
2 4384
2 4383
2 4382
2 4381
2 4380
2 4379
2 4378
2 4377
2 4376
2 4375
2 4374
2 4373
2 4372
2 4371
2 4370
2 4369
2 4368
2 4367
2 4366
2 4365
2 4364
2 4363
2 4362
2 4361
2 4360
2 4359
2 4358
2 4357
2 4356
2 4355
2 4354
2 4353
2 4352
2 4351
2 4350
2 4349
2 4348
2 4347
2 4346
2 4345
2 4344
2 4343
2 4342
2 4341
2 4340
2 4339
2 4338
2 4337
2 4336
2 4335
2 4334
2 4333
2 4332
2 4331
2 4330
2 4329
2 4328
2 4327
2 4326
2 4325
2 4324
2 4323
2 4322
2 4321
2 4320
2 4319
2 4318
2 4317
2 4316
3 4315
3 4314
3 4313
3 4312
3 4311
3 4310
3 4309
3 4308
3 4307
3 4306
3 4305
3 4304
3 4303
3 4302
3 4301
3 4300
3 4299
3 4298
3 4297
3 4296
3 4295
3 4294
3 4293
3 4292
3 4291
3 4290
3 4289
3 4288
3 4287
3 4286
3 4285
3 4284
3 4283
3 4282
3 4281
3 4280
3 4279
3 4278
3 4277
3 4276
3 4275
3 4274
3 4273
3 4272
3 4271
3 4270
3 4269
3 4268
3 4267
3 4266
3 4265
3 4264
3 4263
3 4262
3 4261
3 4260
3 4259
3 4258
3 4257
3 4256
3 4255
3 4254
3 4253
3 4252
3 4251
3 4250
3 4249
3 4248
3 4247
3 4246
3 4245
3 4244
3 4243
3 4242
3 4241
3 4240
3 4239
3 4238
3 4237
3 4236
3 4235
3 4234
3 4233
3 4232
3 4231
3 4230
3 4229
3 4228
3 4227
3 4226
3 4225
3 4224
3 4223
3 4222
3 4221
3 4220
3 4219
3 4218
4 4217
4 4216
4 4215
4 4214
4 4213
4 4212
4 4211
4 4210
4 4209
4 4208
4 4207
4 4206
4 4205
4 4204
4 4203
4 4202
4 4201
4 4200
4 4199
4 4198
4 4197
4 4196
4 4195
4 4194
4 4193
4 4192
4 4191
4 4190
4 4189
4 4188
4 4187
4 4186
5 4185
5 4184
5 4183
5 4182
5 4181
5 4180
5 4179
5 4178
5 4177
5 4176
5 4175
5 4174
5 4173
5 4172
5 4171
5 4170
6 4169
6 4168
6 4167
6 4166
6 4165
6 4164
6 4163
6 4162
6 4161
6 4160
6 4159
6 4158
6 4157
6 4156
6 4155
6 4154
6 4153
6 4152
6 4151
6 4150
6 4149
6 4148
6 4147
6 4146
6 4145
6 4144
6 4143
6 4142
7 4141
7 4140
7 4139
7 4138
7 4137
7 4136
7 4135
7 4134
7 4133
7 4132
7 4131
7 4130
7 4129
7 4128
7 4127
7 4126
7 4125
7 4124
7 4123
7 4122
7 4121
7 4120
7 4119
7 4118
7 4117
7 4116
7 4115
7 4114
7 4113
7 4112
7 4111
7 4110
8 4109
8 4108
8 4107
8 4106
8 4105
8 4104
8 4103
8 4102
8 4101
9 4100
9 4099
9 4098
9 4097
9 4096
9 4095
9 4094
9 4093
9 4092
10 4091
10 4090
10 4089
10 4088
10 4087
10 4086
10 4085
10 4084
11 4083
11 4082
11 4081
11 4080
11 4079
11 4078
11 4077
11 4076
11 4075
11 4074
11 4073
11 4072
11 4071
11 4070
11 4069
11 4068
11 4067
11 4066
11 4065
11 4064
11 4063
12 4062
12 4061
12 4060
12 4059
12 4058
12 4057
12 4056
13 4055
13 4054
13 4053
13 4052
13 4051
13 4050
13 4049
13 4048
13 4047
13 4046
13 4045
13 4044
13 4043
13 4042
13 4041
13 4040
14 4039
14 4038
14 4037
14 4036
14 4035
14 4034
14 4033
14 4032
14 4031
14 4030
14 4029
14 4028
14 4027
14 4026
15 4025
15 4024
16 4023
16 4022
16 4021
16 4020
17 4019
17 4018
17 4017
17 4016
17 4015
17 4014
18 4013
18 4012
18 4011
19 4010
19 4009
19 4008
19 4007
19 4006
20 4005
20 4004
20 4003
20 4002
21 4001
21 4000
21 3999
21 3998
21 3997
21 3996
21 3995
21 3994
21 3993
22 3992
22 3991
23 3990
23 3989
24 3988
24 3987
25 3986
25 3985
25 3984
25 3983
25 3982
25 3981
25 3980
26 3979
26 3978
26 3977
26 3976
27 3975
27 3974
27 3973
27 3972
27 3971
27 3970
27 3969
27 3968
28 3967
28 3966
28 3965
28 3964
29 3963
30 3962
30 3961
30 3960
30 3959
30 3958
30 3957
30 3956
30 3955
30 3954
30 3953
30 3952
30 3951
32 3950
32 3949
32 3948
32 3947
33 3946
33 3945
33 3944
34 3943
34 3942
35 3941
35 3940
35 3939
35 3938
35 3937
35 3936
35 3935
38 3934
38 3933
38 3932
38 3931
39 3930
40 3929
40 3928
40 3927
40 3926
40 3925
40 3924
41 3923
41 3922
41 3921
41 3920
41 3919
41 3918
43 3917
43 3916
43 3915
43 3914
43 3913
43 3912
44 3911
44 3910
44 3909
44 3908
45 3907
45 3906
45 3905
45 3904
45 3903
48 3902
48 3901
48 3900
48 3899
48 3898
48 3897
48 3896
48 3895
49 3894
49 3893
49 3892
50 3891
51 3890
51 3889
52 3888
52 3887
52 3886
52 3885
52 3884
52 3883
52 3882
52 3881
52 3880
52 3879
52 3878
53 3877
54 3876
54 3875
54 3874
54 3873
55 3872
55 3871
55 3870
55 3869
55 3868
55 3867
55 3866
55 3865
55 3864
56 3863
56 3862
57 3861
57 3860
57 3859
57 3858
58 3857
58 3856
60 3855
60 3854
60 3853
60 3852
61 3851
61 3850
62 3849
62 3848
62 3847
62 3846
62 3845
62 3844
62 3843
64 3842
65 3841
65 3840
65 3839
65 3838
66 3837
68 3836
68 3835
68 3834
68 3833
69 3832
69 3831
69 3830
70 3829
72 3828
72 3827
72 3826
72 3825
72 3824
72 3823
72 3822
72 3821
74 3820
74 3819
74 3818
75 3817
75 3816
76 3815
76 3814
76 3813
77 3812
79 3811
79 3810
80 3809
80 3808
80 3807
80 3806
81 3805
82 3804
85 3803
85 3802
85 3801
86 3800
88 3799
89 3798
89 3797
93 3796
93 3795
96 3794
97 3793
98 3792
98 3791
100 3790
100 3789
100 3788
100 3787
100 3786
100 3785
100 3784
100 3783
100 3782
102 3781
102 3780
102 3779
102 3778
102 3777
102 3776
102 3775
102 3774
103 3773
104 3772
104 3771
106 3770
106 3769
106 3768
107 3767
107 3766
109 3765
109 3764
110 3763
112 3762
112 3761
114 3760
114 3759
114 3758
114 3757
115 3756
115 3755
116 3754
116 3753
117 3752
117 3751
117 3750
117 3749
117 3748
121 3747
123 3746
125 3745
125 3744
127 3743
127 3742
127 3741
127 3740
128 3739
129 3738
134 3737
135 3736
135 3735
135 3734
137 3733
137 3732
137 3731
139 3730
139 3729
141 3728
141 3727
141 3726
143 3725
143 3724
143 3723
146 3722
146 3721
146 3720
146 3719
146 3718
149 3717
149 3716
149 3715
150 3714
150 3713
150 3712
150 3711
150 3710
153 3709
154 3708
154 3707
155 3706
155 3705
157 3704
158 3703
158 3702
158 3701
158 3700
160 3699
160 3698
160 3697
160 3696
160 3695
160 3694
160 3693
162 3692
165 3691
165 3690
165 3689
167 3688
170 3687
170 3686
170 3685
170 3684
170 3683
173 3682
173 3681
173 3680
173 3679
173 3678
179 3677
179 3676
184 3675
185 3674
186 3673
187 3672
187 3671
187 3670
187 3669
187 3668
187 3667
187 3666
187 3665
187 3664
188 3663
189 3662
191 3661
194 3660
195 3659
196 3658
196 3657
197 3656
198 3655
200 3654
203 3653
203 3652
203 3651
205 3650
205 3649
205 3648
205 3647
206 3646
206 3645
206 3644
207 3643
207 3642
207 3641
210 3640
210 3639
213 3638
213 3637
213 3636
213 3635
213 3634
214 3633
214 3632
214 3631
216 3630
216 3629
216 3628
216 3627
218 3626
221 3625
221 3624
223 3623
223 3622
224 3621
226 3620
226 3619
227 3618
228 3617
228 3616
228 3615
231 3614
234 3613
235 3612
235 3611
235 3610
235 3609
236 3608
239 3607
241 3606
241 3605
243 3604
243 3603
243 3602
243 3601
243 3600
243 3599
245 3598
246 3597
247 3596
247 3595
249 3594
249 3593
251 3592
251 3591
251 3590
251 3589
251 3588
251 3587
251 3586
251 3585
251 3584
256 3583
256 3582
256 3581
256 3580
257 3579
257 3578
260 3577
260 3576
261 3575
263 3574
263 3573
263 3572
263 3571
263 3570
263 3569
264 3568
264 3567
264 3566
264 3565
264 3564
264 3563
264 3562
271 3561
271 3560
278 3559
280 3558
283 3557
283 3556
283 3555
288 3554
290 3553
290 3552
293 3551
297 3550
299 3549
303 3548
304 3547
304 3546
304 3545
304 3544
304 3543
305 3542
309 3541
309 3540
312 3539
313 3538
314 3537
314 3536
314 3535
323 3534
329 3533
329 3532
329 3531
329 3530
331 3529
333 3528
333 3527
336 3526
336 3525
341 3524
341 3523
341 3522
341 3521
341 3520
342 3519
342 3518
342 3517
342 3516
346 3515
352 3514
352 3513
353 3512
354 3511
354 3510
354 3509
354 3508
354 3507
355 3506
362 3505
367 3504
368 3503
368 3502
368 3501
368 3500
370 3499
370 3498
370 3497
370 3496
373 3495
375 3494
381 3493
382 3492
382 3491
382 3490
382 3489
383 3488
383 3487
383 3486
385 3485
385 3484
385 3483
385 3482
385 3481
385 3480
387 3479
387 3478
397 3477
397 3476
398 3475
398 3474
399 3473
403 3472
408 3471
408 3470
408 3469
413 3468
418 3467
419 3466
424 3465
426 3464
427 3463
427 3462
431 3461
434 3460
458 3459
462 3458
463 3457
463 3456
463 3455
465 3454
465 3453
467 3452
472 3451
472 3450
475 3449
477 3448
479 3447
487 3446
490 3445
490 3444
494 3443
494 3442
497 3441
497 3440
497 3439
497 3438
501 3437
501 3436
502 3435
502 3434
502 3433
502 3432
502 3431
502 3430
502 3429
502 3428
502 3427
504 3426
504 3425
504 3424
506 3423
506 3422
516 3421
518 3420
518 3419
522 3418
523 3417
523 3416
523 3415
526 3414
526 3413
528 3412
528 3411
534 3410
535 3409
538 3408
540 3407
540 3406
541 3405
553 3404
565 3403
567 3402
567 3401
567 3400
569 3399
569 3398
569 3397
569 3396
570 3395
582 3394
585 3393
585 3392
585 3391
585 3390
592 3389
