0 4940
0 4939
0 4938
0 4937
0 4936
0 4935
0 4934
0 4933
0 4932
0 4931
0 4930
0 4929
0 4928
0 4927
0 4926
0 4925
0 4924
0 4923
0 4922
0 4921
0 4920
0 4919
0 4918
0 4917
0 4916
0 4915
0 4914
0 4913
0 4912
0 4911
0 4910
0 4909
0 4908
0 4907
0 4906
0 4905
0 4904
0 4903
0 4902
0 4901
0 4900
0 4899
0 4898
0 4897
0 4896
0 4895
0 4894
0 4893
0 4892
0 4891
0 4890
0 4889
0 4888
0 4887
0 4886
0 4885
0 4884
0 4883
0 4882
0 4881
0 4880
0 4879
0 4878
0 4877
0 4876
0 4875
0 4874
0 4873
0 4872
0 4871
0 4870
0 4869
0 4868
0 4867
0 4866
0 4865
0 4864
0 4863
0 4862
0 4861
0 4860
0 4859
0 4858
0 4857
0 4856
0 4855
0 4854
0 4853
0 4852
0 4851
0 4850
0 4849
0 4848
0 4847
0 4846
0 4845
0 4844
0 4843
0 4842
0 4841
0 4840
0 4839
0 4838
0 4837
0 4836
0 4835
0 4834
0 4833
0 4832
0 4831
0 4830
0 4829
0 4828
0 4827
0 4826
0 4825
0 4824
0 4823
0 4822
0 4821
0 4820
0 4819
0 4818
0 4817
0 4816
0 4815
0 4814
0 4813
0 4812
0 4811
0 4810
0 4809
0 4808
0 4807
0 4806
0 4805
0 4804
0 4803
0 4802
0 4801
0 4800
0 4799
0 4798
0 4797
0 4796
0 4795
0 4794
0 4793
0 4792
0 4791
0 4790
0 4789
0 4788
0 4787
0 4786
0 4785
0 4784
0 4783
0 4782
0 4781
0 4780
0 4779
0 4778
0 4777
0 4776
0 4775
0 4774
0 4773
0 4772
0 4771
0 4770
0 4769
0 4768
0 4767
0 4766
0 4765
0 4764
0 4763
0 4762
0 4761
0 4760
0 4759
0 4758
0 4757
0 4756
0 4755
0 4754
0 4753
0 4752
0 4751
0 4750
0 4749
0 4748
0 4747
0 4746
0 4745
0 4744
0 4743
0 4742
0 4741
0 4740
0 4739
0 4738
0 4737
0 4736
0 4735
0 4734
0 4733
0 4732
0 4731
0 4730
0 4729
0 4728
0 4727
0 4726
0 4725
0 4724
0 4723
0 4722
0 4721
0 4720
0 4719
0 4718
0 4717
0 4716
0 4715
0 4714
0 4713
0 4712
0 4711
0 4710
0 4709
0 4708
0 4707
0 4706
0 4705
0 4704
0 4703
0 4702
0 4701
0 4700
0 4699
0 4698
0 4697
0 4696
0 4695
0 4694
0 4693
0 4692
0 4691
0 4690
0 4689
0 4688
0 4687
0 4686
0 4685
0 4684
0 4683
0 4682
0 4681
0 4680
0 4679
0 4678
0 4677
0 4676
0 4675
0 4674
0 4673
0 4672
0 4671
0 4670
0 4669
0 4668
0 4667
0 4666
0 4665
0 4664
0 4663
0 4662
0 4661
0 4660
0 4659
0 4658
0 4657
0 4656
0 4655
0 4654
0 4653
0 4652
0 4651
0 4650
0 4649
0 4648
0 4647
0 4646
0 4645
0 4644
0 4643
0 4642
0 4641
0 4640
0 4639
0 4638
0 4637
0 4636
0 4635
0 4634
0 4633
0 4632
0 4631
0 4630
0 4629
0 4628
0 4627
0 4626
0 4625
0 4624
0 4623
0 4622
0 4621
0 4620
0 4619
0 4618
0 4617
0 4616
0 4615
0 4614
0 4613
0 4612
0 4611
0 4610
0 4609
0 4608
0 4607
0 4606
0 4605
0 4604
0 4603
0 4602
0 4601
0 4600
0 4599
0 4598
0 4597
0 4596
0 4595
0 4594
0 4593
0 4592
0 4591
0 4590
0 4589
0 4588
0 4587
0 4586
0 4585
0 4584
0 4583
0 4582
0 4581
0 4580
0 4579
0 4578
0 4577
0 4576
0 4575
0 4574
0 4573
0 4572
0 4571
0 4570
0 4569
0 4568
0 4567
0 4566
0 4565
0 4564
0 4563
0 4562
0 4561
0 4560
0 4559
0 4558
0 4557
0 4556
0 4555
0 4554
0 4553
0 4552
0 4551
0 4550
0 4549
0 4548
0 4547
0 4546
0 4545
0 4544
0 4543
0 4542
0 4541
0 4540
0 4539
0 4538
0 4537
0 4536
0 4535
0 4534
0 4533
0 4532
0 4531
0 4530
0 4529
0 4528
0 4527
0 4526
0 4525
0 4524
0 4523
0 4522
0 4521
0 4520
0 4519
0 4518
0 4517
0 4516
0 4515
0 4514
0 4513
0 4512
0 4511
0 4510
0 4509
0 4508
0 4507
0 4506
0 4505
0 4504
0 4503
0 4502
0 4501
0 4500
0 4499
0 4498
0 4497
0 4496
0 4495
0 4494
0 4493
0 4492
0 4491
0 4490
0 4489
0 4488
0 4487
0 4486
0 4485
0 4484
0 4483
0 4482
0 4481
0 4480
0 4479
0 4478
0 4477
0 4476
0 4475
0 4474
0 4473
0 4472
1 4471
1 4470
1 4469
1 4468
1 4467
1 4466
1 4465
1 4464
1 4463
1 4462
1 4461
1 4460
1 4459
1 4458
1 4457
1 4456
1 4455
1 4454
1 4453
1 4452
1 4451
1 4450
1 4449
1 4448
1 4447
1 4446
1 4445
1 4444
1 4443
1 4442
1 4441
1 4440
1 4439
1 4438
1 4437
1 4436
1 4435
1 4434
1 4433
1 4432
1 4431
1 4430
1 4429
1 4428
1 4427
1 4426
1 4425
1 4424
1 4423
1 4422
1 4421
1 4420
1 4419
1 4418
1 4417
1 4416
1 4415
1 4414
1 4413
1 4412
1 4411
1 4410
1 4409
1 4408
1 4407
1 4406
1 4405
1 4404
1 4403
1 4402
1 4401
1 4400
1 4399
1 4398
1 4397
1 4396
1 4395
1 4394
1 4393
1 4392
1 4391
1 4390
1 4389
1 4388
1 4387
1 4386
1 4385
1 4384
1 4383
1 4382
1 4381
1 4380
1 4379
1 4378
1 4377
1 4376
1 4375
1 4374
1 4373
1 4372
1 4371
1 4370
1 4369
1 4368
1 4367
1 4366
1 4365
1 4364
1 4363
1 4362
1 4361
1 4360
1 4359
1 4358
1 4357
1 4356
1 4355
1 4354
1 4353
1 4352
1 4351
1 4350
1 4349
1 4348
1 4347
1 4346
1 4345
1 4344
1 4343
1 4342
1 4341
1 4340
1 4339
1 4338
1 4337
1 4336
1 4335
1 4334
1 4333
1 4332
1 4331
1 4330
1 4329
1 4328
1 4327
1 4326
1 4325
1 4324
1 4323
1 4322
2 4321
2 4320
2 4319
2 4318
2 4317
2 4316
2 4315
2 4314
2 4313
2 4312
2 4311
2 4310
2 4309
2 4308
2 4307
2 4306
2 4305
2 4304
2 4303
2 4302
2 4301
2 4300
2 4299
2 4298
2 4297
2 4296
2 4295
2 4294
2 4293
2 4292
2 4291
2 4290
2 4289
2 4288
2 4287
2 4286
2 4285
2 4284
2 4283
2 4282
2 4281
2 4280
2 4279
2 4278
2 4277
2 4276
2 4275
2 4274
2 4273
2 4272
2 4271
2 4270
2 4269
2 4268
2 4267
2 4266
2 4265
2 4264
2 4263
2 4262
2 4261
2 4260
2 4259
2 4258
2 4257
2 4256
2 4255
2 4254
2 4253
2 4252
2 4251
2 4250
2 4249
2 4248
2 4247
2 4246
2 4245
3 4244
3 4243
3 4242
3 4241
3 4240
3 4239
3 4238
3 4237
3 4236
3 4235
3 4234
3 4233
3 4232
3 4231
3 4230
3 4229
3 4228
3 4227
3 4226
3 4225
3 4224
3 4223
3 4222
3 4221
3 4220
3 4219
3 4218
3 4217
3 4216
3 4215
3 4214
3 4213
3 4212
3 4211
3 4210
3 4209
3 4208
3 4207
3 4206
3 4205
3 4204
3 4203
3 4202
3 4201
3 4200
3 4199
3 4198
3 4197
3 4196
3 4195
3 4194
3 4193
3 4192
3 4191
3 4190
3 4189
3 4188
3 4187
3 4186
3 4185
3 4184
3 4183
3 4182
3 4181
3 4180
3 4179
3 4178
3 4177
3 4176
3 4175
3 4174
3 4173
3 4172
3 4171
3 4170
3 4169
3 4168
3 4167
3 4166
3 4165
3 4164
3 4163
3 4162
3 4161
3 4160
3 4159
3 4158
3 4157
3 4156
3 4155
3 4154
3 4153
3 4152
3 4151
3 4150
3 4149
3 4148
3 4147
3 4146
3 4145
3 4144
3 4143
3 4142
3 4141
3 4140
4 4139
4 4138
4 4137
4 4136
4 4135
4 4134
4 4133
4 4132
4 4131
4 4130
4 4129
4 4128
4 4127
4 4126
5 4125
5 4124
5 4123
5 4122
5 4121
5 4120
5 4119
5 4118
5 4117
5 4116
5 4115
5 4114
5 4113
5 4112
5 4111
5 4110
5 4109
5 4108
5 4107
5 4106
5 4105
5 4104
5 4103
5 4102
5 4101
5 4100
5 4099
5 4098
5 4097
5 4096
5 4095
5 4094
5 4093
5 4092
5 4091
5 4090
5 4089
5 4088
5 4087
5 4086
5 4085
5 4084
5 4083
5 4082
5 4081
5 4080
5 4079
5 4078
5 4077
5 4076
6 4075
6 4074
6 4073
6 4072
6 4071
6 4070
6 4069
6 4068
6 4067
6 4066
6 4065
6 4064
6 4063
6 4062
6 4061
6 4060
7 4059
7 4058
7 4057
7 4056
7 4055
7 4054
7 4053
7 4052
7 4051
7 4050
7 4049
7 4048
7 4047
8 4046
8 4045
8 4044
8 4043
8 4042
8 4041
8 4040
8 4039
8 4038
8 4037
8 4036
8 4035
8 4034
8 4033
8 4032
8 4031
8 4030
8 4029
8 4028
8 4027
8 4026
8 4025
8 4024
9 4023
9 4022
9 4021
10 4020
10 4019
10 4018
10 4017
10 4016
10 4015
10 4014
10 4013
10 4012
10 4011
10 4010
10 4009
10 4008
10 4007
10 4006
10 4005
10 4004
10 4003
10 4002
10 4001
10 4000
10 3999
10 3998
10 3997
10 3996
11 3995
11 3994
11 3993
11 3992
12 3991
12 3990
12 3989
12 3988
12 3987
12 3986
12 3985
12 3984
12 3983
12 3982
12 3981
12 3980
12 3979
12 3978
12 3977
12 3976
12 3975
12 3974
13 3973
13 3972
13 3971
13 3970
13 3969
13 3968
13 3967
13 3966
13 3965
13 3964
13 3963
14 3962
14 3961
14 3960
14 3959
14 3958
14 3957
14 3956
15 3955
15 3954
15 3953
15 3952
15 3951
15 3950
15 3949
15 3948
15 3947
15 3946
15 3945
16 3944
16 3943
16 3942
16 3941
16 3940
16 3939
16 3938
16 3937
16 3936
17 3935
17 3934
17 3933
18 3932
18 3931
18 3930
18 3929
20 3928
20 3927
20 3926
20 3925
21 3924
21 3923
21 3922
21 3921
21 3920
21 3919
21 3918
21 3917
21 3916
22 3915
22 3914
22 3913
22 3912
22 3911
22 3910
22 3909
23 3908
23 3907
23 3906
23 3905
23 3904
23 3903
24 3902
25 3901
25 3900
25 3899
25 3898
25 3897
25 3896
25 3895
25 3894
25 3893
26 3892
27 3891
28 3890
28 3889
29 3888
29 3887
30 3886
30 3885
30 3884
30 3883
30 3882
30 3881
30 3880
31 3879
31 3878
31 3877
31 3876
32 3875
32 3874
32 3873
34 3872
34 3871
35 3870
35 3869
35 3868
35 3867
35 3866
36 3865
36 3864
36 3863
36 3862
36 3861
38 3860
39 3859
40 3858
40 3857
40 3856
40 3855
40 3854
41 3853
41 3852
41 3851
41 3850
41 3849
41 3848
43 3847
44 3846
44 3845
45 3844
45 3843
45 3842
45 3841
45 3840
46 3839
46 3838
46 3837
46 3836
46 3835
46 3834
47 3833
48 3832
50 3831
51 3830
51 3829
51 3828
51 3827
52 3826
53 3825
53 3824
54 3823
58 3822
58 3821
58 3820
58 3819
58 3818
58 3817
60 3816
60 3815
60 3814
60 3813
60 3812
60 3811
60 3810
60 3809
60 3808
60 3807
60 3806
60 3805
60 3804
60 3803
60 3802
60 3801
60 3800
60 3799
61 3798
61 3797
61 3796
61 3795
61 3794
61 3793
61 3792
61 3791
61 3790
61 3789
61 3788
62 3787
62 3786
62 3785
62 3784
63 3783
63 3782
65 3781
65 3780
65 3779
65 3778
66 3777
66 3776
67 3775
67 3774
67 3773
69 3772
69 3771
69 3770
70 3769
70 3768
70 3767
72 3766
72 3765
74 3764
74 3763
74 3762
74 3761
75 3760
76 3759
76 3758
76 3757
76 3756
76 3755
76 3754
76 3753
77 3752
78 3751
79 3750
79 3749
80 3748
84 3747
84 3746
84 3745
85 3744
85 3743
85 3742
85 3741
85 3740
85 3739
86 3738
86 3737
86 3736
86 3735
86 3734
88 3733
89 3732
89 3731
90 3730
92 3729
92 3728
92 3727
92 3726
92 3725
92 3724
93 3723
94 3722
94 3721
95 3720
95 3719
95 3718
95 3717
97 3716
97 3715
97 3714
97 3713
97 3712
97 3711
99 3710
99 3709
99 3708
99 3707
99 3706
102 3705
103 3704
105 3703
105 3702
106 3701
106 3700
108 3699
108 3698
108 3697
108 3696
108 3695
108 3694
108 3693
108 3692
108 3691
109 3690
109 3689
110 3688
110 3687
110 3686
111 3685
111 3684
113 3683
113 3682
113 3681
113 3680
113 3679
115 3678
115 3677
116 3676
117 3675
121 3674
123 3673
125 3672
125 3671
127 3670
127 3669
130 3668
131 3667
131 3666
131 3665
132 3664
132 3663
134 3662
134 3661
134 3660
136 3659
136 3658
137 3657
137 3656
137 3655
137 3654
138 3653
138 3652
140 3651
141 3650
141 3649
141 3648
141 3647
142 3646
142 3645
142 3644
142 3643
142 3642
142 3641
142 3640
142 3639
142 3638
146 3637
146 3636
147 3635
148 3634
149 3633
149 3632
149 3631
149 3630
149 3629
149 3628
151 3627
154 3626
157 3625
157 3624
158 3623
160 3622
163 3621
163 3620
163 3619
165 3618
168 3617
169 3616
169 3615
170 3614
170 3613
176 3612
176 3611
176 3610
176 3609
176 3608
176 3607
181 3606
181 3605
181 3604
181 3603
181 3602
181 3601
184 3600
184 3599
184 3598
185 3597
186 3596
186 3595
186 3594
186 3593
186 3592
188 3591
188 3590
188 3589
190 3588
191 3587
191 3586
192 3585
192 3584
192 3583
193 3582
193 3581
193 3580
193 3579
193 3578
194 3577
194 3576
195 3575
195 3574
195 3573
195 3572
195 3571
195 3570
195 3569
195 3568
196 3567
197 3566
197 3565
197 3564
197 3563
199 3562
199 3561
199 3560
199 3559
208 3558
208 3557
209 3556
209 3555
209 3554
209 3553
212 3552
212 3551
212 3550
212 3549
212 3548
212 3547
212 3546
212 3545
213 3544
213 3543
213 3542
213 3541
213 3540
213 3539
215 3538
215 3537
216 3536
216 3535
216 3534
216 3533
218 3532
218 3531
218 3530
219 3529
219 3528
221 3527
222 3526
222 3525
222 3524
222 3523
222 3522
223 3521
226 3520
226 3519
226 3518
226 3517
226 3516
227 3515
227 3514
227 3513
232 3512
232 3511
235 3510
235 3509
235 3508
237 3507
239 3506
239 3505
239 3504
240 3503
243 3502
246 3501
252 3500
255 3499
256 3498
258 3497
261 3496
261 3495
262 3494
262 3493
265 3492
265 3491
265 3490
266 3489
266 3488
269 3487
271 3486
275 3485
275 3484
280 3483
280 3482
281 3481
282 3480
285 3479
286 3478
290 3477
294 3476
296 3475
296 3474
299 3473
299 3472
299 3471
304 3470
304 3469
306 3468
306 3467
307 3466
309 3465
309 3464
309 3463
309 3462
309 3461
311 3460
312 3459
312 3458
324 3457
327 3456
328 3455
328 3454
328 3453
328 3452
332 3451
332 3450
334 3449
336 3448
337 3447
337 3446
337 3445
337 3444
337 3443
337 3442
337 3441
339 3440
339 3439
339 3438
353 3437
353 3436
357 3435
357 3434
357 3433
364 3432
364 3431
364 3430
371 3429
374 3428
374 3427
375 3426
378 3425
386 3424
386 3423
386 3422
386 3421
386 3420
387 3419
387 3418
393 3417
397 3416
398 3415
404 3414
405 3413
405 3412
407 3411
407 3410
409 3409
411 3408
417 3407
417 3406
417 3405
417 3404
417 3403
420 3402
428 3401
436 3400
436 3399
436 3398
436 3397
436 3396
436 3395
443 3394
443 3393
446 3392
454 3391
454 3390
464 3389
467 3388
468 3387
471 3386
473 3385
476 3384
476 3383
479 3382
480 3381
488 3380
488 3379
499 3378
499 3377
500 3376
502 3375
505 3374
505 3373
507 3372
507 3371
507 3370
507 3369
507 3368
508 3367
516 3366
516 3365
516 3364
516 3363
518 3362
518 3361
522 3360
522 3359
523 3358
523 3357
523 3356
523 3355
527 3354
527 3353
534 3352
536 3351
536 3350
536 3349
536 3348
536 3347
538 3346
539 3345
542 3344
544 3343
546 3342
546 3341
553 3340
553 3339
558 3338
559 3337
559 3336
560 3335
561 3334
564 3333
564 3332
570 3331
572 3330
572 3329
572 3328
578 3327
578 3326
579 3325
579 3324
583 3323
587 3322
587 3321
588 3320
588 3319
593 3318
593 3317
598 3316
