0 4940
0 4939
0 4938
0 4937
0 4936
0 4935
0 4934
0 4933
0 4932
0 4931
0 4930
0 4929
0 4928
0 4927
0 4926
0 4925
0 4924
0 4923
0 4922
0 4921
0 4920
0 4919
0 4918
0 4917
0 4916
0 4915
0 4914
0 4913
0 4912
0 4911
0 4910
0 4909
0 4908
0 4907
0 4906
0 4905
0 4904
0 4903
0 4902
0 4901
0 4900
0 4899
0 4898
0 4897
0 4896
0 4895
0 4894
0 4893
0 4892
0 4891
0 4890
0 4889
0 4888
0 4887
0 4886
0 4885
0 4884
0 4883
0 4882
0 4881
0 4880
0 4879
0 4878
0 4877
0 4876
0 4875
0 4874
0 4873
0 4872
0 4871
0 4870
0 4869
0 4868
0 4867
0 4866
0 4865
0 4864
0 4863
0 4862
0 4861
0 4860
0 4859
0 4858
0 4857
0 4856
0 4855
0 4854
0 4853
0 4852
0 4851
0 4850
0 4849
0 4848
0 4847
0 4846
0 4845
0 4844
0 4843
0 4842
0 4841
0 4840
0 4839
0 4838
0 4837
0 4836
0 4835
0 4834
0 4833
0 4832
0 4831
0 4830
0 4829
0 4828
0 4827
0 4826
0 4825
0 4824
0 4823
0 4822
0 4821
0 4820
0 4819
0 4818
0 4817
0 4816
0 4815
0 4814
0 4813
0 4812
0 4811
0 4810
0 4809
0 4808
0 4807
0 4806
0 4805
0 4804
0 4803
0 4802
0 4801
0 4800
0 4799
0 4798
0 4797
0 4796
0 4795
0 4794
0 4793
0 4792
0 4791
0 4790
0 4789
0 4788
0 4787
0 4786
0 4785
0 4784
0 4783
0 4782
0 4781
0 4780
0 4779
0 4778
0 4777
0 4776
0 4775
0 4774
0 4773
0 4772
0 4771
0 4770
0 4769
0 4768
0 4767
0 4766
0 4765
0 4764
0 4763
0 4762
0 4761
0 4760
0 4759
0 4758
0 4757
0 4756
0 4755
0 4754
0 4753
0 4752
0 4751
0 4750
0 4749
0 4748
0 4747
0 4746
0 4745
0 4744
0 4743
0 4742
0 4741
0 4740
0 4739
0 4738
0 4737
0 4736
0 4735
0 4734
0 4733
0 4732
0 4731
0 4730
0 4729
0 4728
0 4727
0 4726
0 4725
0 4724
0 4723
0 4722
0 4721
0 4720
0 4719
0 4718
0 4717
0 4716
0 4715
0 4714
0 4713
0 4712
0 4711
0 4710
0 4709
0 4708
0 4707
0 4706
0 4705
0 4704
0 4703
0 4702
0 4701
0 4700
0 4699
0 4698
0 4697
0 4696
0 4695
0 4694
0 4693
0 4692
0 4691
0 4690
0 4689
0 4688
0 4687
0 4686
0 4685
0 4684
0 4683
0 4682
0 4681
0 4680
0 4679
0 4678
0 4677
0 4676
0 4675
0 4674
0 4673
0 4672
0 4671
0 4670
0 4669
0 4668
0 4667
0 4666
0 4665
0 4664
0 4663
0 4662
0 4661
0 4660
0 4659
0 4658
0 4657
0 4656
0 4655
0 4654
0 4653
0 4652
0 4651
0 4650
0 4649
0 4648
0 4647
0 4646
0 4645
0 4644
0 4643
0 4642
0 4641
0 4640
0 4639
0 4638
0 4637
0 4636
0 4635
0 4634
0 4633
0 4632
0 4631
0 4630
0 4629
0 4628
0 4627
0 4626
0 4625
0 4624
0 4623
0 4622
0 4621
0 4620
0 4619
0 4618
0 4617
0 4616
0 4615
0 4614
0 4613
0 4612
0 4611
0 4610
0 4609
0 4608
0 4607
0 4606
0 4605
0 4604
0 4603
0 4602
0 4601
0 4600
0 4599
0 4598
0 4597
0 4596
0 4595
0 4594
0 4593
0 4592
0 4591
0 4590
0 4589
0 4588
0 4587
0 4586
0 4585
0 4584
0 4583
0 4582
0 4581
0 4580
0 4579
0 4578
0 4577
0 4576
0 4575
0 4574
0 4573
0 4572
0 4571
0 4570
0 4569
0 4568
0 4567
0 4566
0 4565
0 4564
0 4563
0 4562
0 4561
0 4560
0 4559
0 4558
0 4557
0 4556
0 4555
0 4554
0 4553
0 4552
0 4551
0 4550
0 4549
0 4548
0 4547
0 4546
0 4545
0 4544
0 4543
0 4542
0 4541
0 4540
0 4539
0 4538
0 4537
0 4536
0 4535
0 4534
0 4533
0 4532
0 4531
0 4530
0 4529
0 4528
0 4527
0 4526
0 4525
0 4524
0 4523
0 4522
0 4521
0 4520
0 4519
0 4518
0 4517
0 4516
0 4515
0 4514
0 4513
0 4512
0 4511
0 4510
0 4509
0 4508
0 4507
0 4506
0 4505
0 4504
0 4503
0 4502
0 4501
0 4500
0 4499
0 4498
0 4497
0 4496
0 4495
0 4494
0 4493
0 4492
0 4491
0 4490
0 4489
0 4488
0 4487
0 4486
0 4485
0 4484
0 4483
0 4482
0 4481
0 4480
1 4479
1 4478
1 4477
1 4476
1 4475
1 4474
1 4473
1 4472
1 4471
1 4470
1 4469
1 4468
1 4467
1 4466
1 4465
1 4464
1 4463
1 4462
1 4461
1 4460
1 4459
1 4458
1 4457
1 4456
1 4455
1 4454
1 4453
1 4452
1 4451
1 4450
1 4449
1 4448
1 4447
1 4446
1 4445
1 4444
1 4443
1 4442
1 4441
1 4440
1 4439
1 4438
1 4437
1 4436
1 4435
1 4434
1 4433
1 4432
1 4431
1 4430
1 4429
1 4428
1 4427
1 4426
1 4425
1 4424
1 4423
1 4422
1 4421
1 4420
1 4419
1 4418
1 4417
1 4416
1 4415
1 4414
1 4413
1 4412
1 4411
1 4410
1 4409
1 4408
1 4407
1 4406
1 4405
1 4404
1 4403
1 4402
1 4401
1 4400
1 4399
1 4398
1 4397
1 4396
1 4395
1 4394
1 4393
1 4392
1 4391
1 4390
1 4389
1 4388
1 4387
1 4386
1 4385
1 4384
1 4383
1 4382
1 4381
1 4380
1 4379
1 4378
1 4377
1 4376
1 4375
1 4374
1 4373
1 4372
1 4371
1 4370
1 4369
1 4368
1 4367
1 4366
1 4365
1 4364
1 4363
1 4362
1 4361
2 4360
2 4359
2 4358
2 4357
2 4356
2 4355
2 4354
2 4353
2 4352
2 4351
2 4350
2 4349
2 4348
2 4347
2 4346
2 4345
2 4344
2 4343
2 4342
2 4341
2 4340
2 4339
2 4338
2 4337
2 4336
2 4335
2 4334
2 4333
2 4332
2 4331
2 4330
2 4329
2 4328
2 4327
2 4326
2 4325
2 4324
2 4323
2 4322
2 4321
2 4320
2 4319
2 4318
2 4317
2 4316
2 4315
2 4314
2 4313
2 4312
2 4311
2 4310
2 4309
2 4308
2 4307
2 4306
2 4305
2 4304
2 4303
2 4302
2 4301
2 4300
2 4299
2 4298
2 4297
2 4296
2 4295
2 4294
2 4293
2 4292
2 4291
2 4290
2 4289
2 4288
2 4287
3 4286
3 4285
3 4284
3 4283
3 4282
3 4281
3 4280
3 4279
3 4278
3 4277
3 4276
3 4275
3 4274
3 4273
3 4272
3 4271
3 4270
3 4269
3 4268
3 4267
3 4266
3 4265
3 4264
3 4263
3 4262
3 4261
3 4260
3 4259
3 4258
3 4257
3 4256
3 4255
3 4254
3 4253
3 4252
3 4251
3 4250
3 4249
3 4248
3 4247
3 4246
3 4245
3 4244
3 4243
3 4242
3 4241
3 4240
3 4239
3 4238
3 4237
3 4236
3 4235
4 4234
4 4233
4 4232
4 4231
4 4230
4 4229
4 4228
4 4227
4 4226
4 4225
4 4224
4 4223
4 4222
4 4221
4 4220
4 4219
4 4218
4 4217
4 4216
4 4215
4 4214
4 4213
4 4212
4 4211
4 4210
4 4209
4 4208
4 4207
4 4206
4 4205
4 4204
4 4203
4 4202
4 4201
4 4200
4 4199
4 4198
4 4197
4 4196
4 4195
4 4194
5 4193
5 4192
5 4191
5 4190
5 4189
5 4188
5 4187
5 4186
5 4185
5 4184
5 4183
5 4182
5 4181
5 4180
5 4179
5 4178
5 4177
5 4176
5 4175
5 4174
5 4173
5 4172
5 4171
5 4170
5 4169
5 4168
6 4167
6 4166
6 4165
6 4164
6 4163
6 4162
6 4161
6 4160
6 4159
6 4158
6 4157
6 4156
6 4155
6 4154
6 4153
6 4152
6 4151
6 4150
6 4149
6 4148
6 4147
6 4146
6 4145
6 4144
6 4143
6 4142
6 4141
6 4140
6 4139
6 4138
7 4137
7 4136
7 4135
7 4134
7 4133
7 4132
7 4131
7 4130
7 4129
7 4128
7 4127
7 4126
7 4125
7 4124
7 4123
7 4122
7 4121
7 4120
7 4119
7 4118
7 4117
7 4116
7 4115
7 4114
7 4113
7 4112
7 4111
7 4110
7 4109
8 4108
8 4107
8 4106
8 4105
8 4104
8 4103
8 4102
8 4101
8 4100
8 4099
8 4098
8 4097
8 4096
8 4095
8 4094
8 4093
8 4092
8 4091
8 4090
8 4089
9 4088
9 4087
9 4086
9 4085
9 4084
9 4083
9 4082
9 4081
9 4080
9 4079
9 4078
9 4077
9 4076
9 4075
9 4074
9 4073
9 4072
9 4071
9 4070
10 4069
10 4068
10 4067
10 4066
10 4065
10 4064
10 4063
10 4062
10 4061
10 4060
10 4059
10 4058
10 4057
10 4056
10 4055
10 4054
10 4053
10 4052
10 4051
10 4050
11 4049
11 4048
11 4047
11 4046
11 4045
11 4044
11 4043
11 4042
11 4041
11 4040
11 4039
12 4038
12 4037
12 4036
12 4035
12 4034
12 4033
12 4032
12 4031
12 4030
12 4029
12 4028
13 4027
13 4026
13 4025
13 4024
13 4023
13 4022
13 4021
14 4020
14 4019
14 4018
14 4017
14 4016
14 4015
15 4014
15 4013
15 4012
15 4011
15 4010
15 4009
15 4008
15 4007
15 4006
15 4005
16 4004
17 4003
17 4002
17 4001
17 4000
17 3999
18 3998
18 3997
18 3996
18 3995
18 3994
18 3993
18 3992
19 3991
19 3990
19 3989
19 3988
19 3987
19 3986
19 3985
19 3984
19 3983
19 3982
19 3981
19 3980
19 3979
19 3978
20 3977
20 3976
20 3975
20 3974
20 3973
21 3972
23 3971
23 3970
23 3969
23 3968
23 3967
23 3966
23 3965
23 3964
24 3963
26 3962
26 3961
26 3960
26 3959
26 3958
26 3957
26 3956
26 3955
26 3954
27 3953
29 3952
29 3951
29 3950
30 3949
30 3948
30 3947
30 3946
31 3945
31 3944
32 3943
35 3942
35 3941
38 3940
38 3939
38 3938
38 3937
38 3936
38 3935
39 3934
39 3933
39 3932
42 3931
42 3930
42 3929
42 3928
42 3927
42 3926
43 3925
44 3924
44 3923
44 3922
44 3921
46 3920
47 3919
49 3918
49 3917
49 3916
49 3915
49 3914
50 3913
50 3912
50 3911
51 3910
51 3909
51 3908
51 3907
51 3906
51 3905
52 3904
52 3903
52 3902
54 3901
54 3900
54 3899
54 3898
55 3897
55 3896
55 3895
56 3894
57 3893
58 3892
60 3891
60 3890
60 3889
60 3888
60 3887
60 3886
60 3885
60 3884
61 3883
61 3882
61 3881
61 3880
61 3879
63 3878
64 3877
64 3876
65 3875
65 3874
65 3873
65 3872
66 3871
66 3870
67 3869
68 3868
71 3867
71 3866
71 3865
71 3864
72 3863
73 3862
73 3861
73 3860
73 3859
73 3858
75 3857
75 3856
75 3855
75 3854
76 3853
77 3852
77 3851
77 3850
77 3849
79 3848
79 3847
79 3846
80 3845
80 3844
80 3843
81 3842
81 3841
82 3840
83 3839
83 3838
83 3837
84 3836
87 3835
87 3834
87 3833
87 3832
87 3831
87 3830
87 3829
87 3828
87 3827
87 3826
87 3825
87 3824
87 3823
87 3822
87 3821
88 3820
89 3819
89 3818
90 3817
92 3816
93 3815
93 3814
93 3813
93 3812
93 3811
93 3810
96 3809
96 3808
97 3807
98 3806
99 3805
101 3804
101 3803
103 3802
103 3801
103 3800
105 3799
107 3798
107 3797
107 3796
107 3795
109 3794
109 3793
111 3792
114 3791
114 3790
114 3789
116 3788
116 3787
116 3786
116 3785
116 3784
119 3783
119 3782
120 3781
120 3780
120 3779
122 3778
122 3777
123 3776
123 3775
123 3774
123 3773
124 3772
125 3771
125 3770
125 3769
127 3768
128 3767
128 3766
129 3765
129 3764
131 3763
131 3762
131 3761
131 3760
131 3759
131 3758
132 3757
132 3756
134 3755
134 3754
134 3753
134 3752
134 3751
137 3750
137 3749
138 3748
138 3747
138 3746
138 3745
138 3744
138 3743
138 3742
138 3741
140 3740
142 3739
142 3738
147 3737
147 3736
147 3735
148 3734
149 3733
149 3732
149 3731
149 3730
149 3729
149 3728
149 3727
152 3726
152 3725
152 3724
153 3723
155 3722
160 3721
161 3720
161 3719
161 3718
162 3717
165 3716
165 3715
167 3714
168 3713
170 3712
170 3711
172 3710
172 3709
172 3708
172 3707
176 3706
176 3705
176 3704
179 3703
181 3702
181 3701
181 3700
182 3699
182 3698
182 3697
184 3696
185 3695
185 3694
185 3693
185 3692
187 3691
187 3690
187 3689
187 3688
187 3687
187 3686
189 3685
189 3684
189 3683
189 3682
191 3681
191 3680
196 3679
199 3678
199 3677
202 3676
205 3675
206 3674
206 3673
206 3672
206 3671
206 3670
206 3669
210 3668
210 3667
211 3666
213 3665
213 3664
214 3663
215 3662
215 3661
217 3660
218 3659
218 3658
218 3657
218 3656
221 3655
221 3654
221 3653
222 3652
222 3651
222 3650
222 3649
222 3648
222 3647
223 3646
223 3645
223 3644
225 3643
225 3642
229 3641
230 3640
230 3639
235 3638
235 3637
237 3636
237 3635
238 3634
239 3633
239 3632
239 3631
239 3630
239 3629
239 3628
240 3627
240 3626
241 3625
241 3624
241 3623
243 3622
243 3621
243 3620
244 3619
248 3618
250 3617
250 3616
250 3615
250 3614
250 3613
250 3612
250 3611
250 3610
250 3609
257 3608
257 3607
257 3606
259 3605
260 3604
260 3603
260 3602
260 3601
260 3600
260 3599
260 3598
263 3597
263 3596
263 3595
264 3594
268 3593
269 3592
269 3591
270 3590
271 3589
271 3588
272 3587
272 3586
272 3585
276 3584
276 3583
280 3582
283 3581
291 3580
291 3579
292 3578
297 3577
297 3576
308 3575
315 3574
315 3573
315 3572
315 3571
319 3570
319 3569
328 3568
328 3567
330 3566
332 3565
335 3564
339 3563
342 3562
342 3561
342 3560
342 3559
342 3558
342 3557
342 3556
345 3555
345 3554
345 3553
345 3552
345 3551
345 3550
345 3549
345 3548
345 3547
345 3546
345 3545
345 3544
349 3543
349 3542
350 3541
352 3540
352 3539
352 3538
360 3537
365 3536
366 3535
366 3534
366 3533
369 3532
369 3531
369 3530
369 3529
371 3528
371 3527
371 3526
371 3525
371 3524
374 3523
374 3522
376 3521
376 3520
378 3519
389 3518
389 3517
391 3516
391 3515
391 3514
392 3513
397 3512
404 3511
404 3510
407 3509
408 3508
408 3507
415 3506
415 3505
417 3504
417 3503
417 3502
417 3501
417 3500
419 3499
423 3498
427 3497
427 3496
431 3495
431 3494
432 3493
434 3492
434 3491
437 3490
438 3489
438 3488
438 3487
440 3486
440 3485
440 3484
440 3483
440 3482
440 3481
442 3480
448 3479
448 3478
448 3477
451 3476
460 3475
460 3474
460 3473
460 3472
460 3471
460 3470
460 3469
460 3468
470 3467
470 3466
473 3465
473 3464
473 3463
473 3462
474 3461
477 3460
481 3459
481 3458
481 3457
481 3456
481 3455
481 3454
485 3453
485 3452
485 3451
485 3450
488 3449
489 3448
490 3447
496 3446
509 3445
509 3444
512 3443
518 3442
518 3441
518 3440
520 3439
520 3438
522 3437
522 3436
526 3435
530 3434
530 3433
530 3432
530 3431
530 3430
530 3429
551 3428
551 3427
551 3426
555 3425
556 3424
564 3423
565 3422
568 3421
568 3420
568 3419
576 3418
576 3417
576 3416
581 3415
583 3414
583 3413
585 3412
590 3411
590 3410
591 3409
592 3408
595 3407
