0 11022
0 11021
0 11020
0 11019
0 11018
0 11017
0 11016
0 11015
0 11014
0 11013
0 11012
0 11011
0 11010
0 11009
0 11008
0 11007
0 11006
0 11005
0 11004
0 11003
0 11002
0 11001
0 11000
0 10999
0 10998
0 10997
0 10996
0 10995
0 10994
0 10993
0 10992
0 10991
0 10990
0 10989
0 10988
0 10987
0 10986
0 10985
0 10984
0 10983
0 10982
0 10981
0 10980
0 10979
0 10978
0 10977
0 10976
0 10975
0 10974
0 10973
0 10972
0 10971
0 10970
0 10969
0 10968
0 10967
0 10966
0 10965
0 10964
0 10963
0 10962
0 10961
0 10960
0 10959
0 10958
0 10957
0 10956
0 10955
0 10954
0 10953
0 10952
0 10951
0 10950
0 10949
0 10948
0 10947
0 10946
0 10945
0 10944
0 10943
0 10942
0 10941
0 10940
0 10939
0 10938
0 10937
0 10936
0 10935
0 10934
0 10933
0 10932
0 10931
0 10930
0 10929
0 10928
0 10927
0 10926
0 10925
0 10924
0 10923
0 10922
0 10921
0 10920
0 10919
0 10918
0 10917
0 10916
0 10915
0 10914
0 10913
0 10912
0 10911
0 10910
0 10909
0 10908
0 10907
0 10906
0 10905
0 10904
0 10903
0 10902
0 10901
0 10900
0 10899
0 10898
0 10897
0 10896
0 10895
0 10894
0 10893
0 10892
0 10891
0 10890
0 10889
0 10888
0 10887
0 10886
0 10885
0 10884
0 10883
0 10882
0 10881
0 10880
0 10879
0 10878
0 10877
0 10876
0 10875
0 10874
0 10873
0 10872
0 10871
0 10870
0 10869
0 10868
0 10867
0 10866
0 10865
0 10864
0 10863
0 10862
0 10861
0 10860
0 10859
0 10858
0 10857
0 10856
0 10855
0 10854
0 10853
0 10852
0 10851
0 10850
0 10849
0 10848
0 10847
0 10846
0 10845
0 10844
0 10843
0 10842
0 10841
0 10840
0 10839
0 10838
0 10837
0 10836
0 10835
0 10834
0 10833
0 10832
0 10831
0 10830
0 10829
0 10828
0 10827
0 10826
0 10825
0 10824
0 10823
0 10822
0 10821
0 10820
0 10819
0 10818
0 10817
0 10816
0 10815
0 10814
0 10813
0 10812
0 10811
0 10810
0 10809
0 10808
0 10807
0 10806
0 10805
0 10804
0 10803
0 10802
0 10801
0 10800
0 10799
0 10798
0 10797
0 10796
0 10795
0 10794
0 10793
0 10792
0 10791
0 10790
0 10789
0 10788
0 10787
0 10786
0 10785
0 10784
0 10783
0 10782
0 10781
0 10780
0 10779
0 10778
0 10777
0 10776
0 10775
0 10774
0 10773
0 10772
0 10771
0 10770
0 10769
0 10768
0 10767
0 10766
0 10765
0 10764
0 10763
0 10762
0 10761
0 10760
0 10759
0 10758
0 10757
0 10756
0 10755
0 10754
0 10753
0 10752
0 10751
0 10750
0 10749
0 10748
0 10747
0 10746
0 10745
0 10744
0 10743
0 10742
0 10741
0 10740
0 10739
0 10738
0 10737
0 10736
0 10735
0 10734
0 10733
0 10732
0 10731
0 10730
0 10729
0 10728
0 10727
0 10726
0 10725
0 10724
0 10723
0 10722
0 10721
0 10720
0 10719
0 10718
0 10717
0 10716
0 10715
0 10714
0 10713
0 10712
0 10711
0 10710
0 10709
0 10708
0 10707
0 10706
0 10705
0 10704
0 10703
0 10702
0 10701
0 10700
0 10699
0 10698
0 10697
0 10696
0 10695
0 10694
0 10693
0 10692
0 10691
0 10690
0 10689
0 10688
0 10687
0 10686
0 10685
0 10684
0 10683
0 10682
0 10681
0 10680
0 10679
0 10678
0 10677
0 10676
0 10675
0 10674
0 10673
0 10672
0 10671
0 10670
0 10669
0 10668
0 10667
0 10666
0 10665
0 10664
0 10663
0 10662
0 10661
0 10660
0 10659
0 10658
0 10657
0 10656
0 10655
0 10654
0 10653
0 10652
0 10651
0 10650
0 10649
0 10648
0 10647
0 10646
0 10645
0 10644
0 10643
0 10642
0 10641
0 10640
0 10639
0 10638
0 10637
0 10636
0 10635
0 10634
0 10633
0 10632
0 10631
0 10630
0 10629
0 10628
0 10627
0 10626
0 10625
0 10624
0 10623
0 10622
0 10621
0 10620
0 10619
0 10618
0 10617
0 10616
0 10615
0 10614
0 10613
0 10612
0 10611
0 10610
0 10609
0 10608
0 10607
0 10606
0 10605
0 10604
0 10603
0 10602
0 10601
0 10600
0 10599
0 10598
0 10597
0 10596
0 10595
0 10594
0 10593
0 10592
0 10591
0 10590
0 10589
0 10588
0 10587
0 10586
0 10585
0 10584
0 10583
0 10582
0 10581
0 10580
0 10579
0 10578
0 10577
0 10576
0 10575
0 10574
0 10573
0 10572
0 10571
0 10570
0 10569
0 10568
0 10567
0 10566
0 10565
0 10564
0 10563
0 10562
0 10561
0 10560
0 10559
0 10558
0 10557
0 10556
0 10555
0 10554
0 10553
0 10552
0 10551
0 10550
0 10549
0 10548
0 10547
0 10546
0 10545
0 10544
0 10543
0 10542
0 10541
0 10540
0 10539
0 10538
0 10537
0 10536
0 10535
0 10534
0 10533
0 10532
0 10531
0 10530
0 10529
0 10528
0 10527
0 10526
0 10525
0 10524
0 10523
0 10522
0 10521
0 10520
0 10519
0 10518
0 10517
0 10516
0 10515
0 10514
0 10513
0 10512
0 10511
0 10510
0 10509
0 10508
0 10507
0 10506
0 10505
0 10504
0 10503
0 10502
0 10501
0 10500
0 10499
0 10498
0 10497
0 10496
0 10495
0 10494
0 10493
0 10492
0 10491
0 10490
0 10489
0 10488
0 10487
0 10486
0 10485
0 10484
0 10483
0 10482
0 10481
0 10480
0 10479
0 10478
0 10477
0 10476
0 10475
0 10474
0 10473
0 10472
0 10471
0 10470
0 10469
0 10468
0 10467
0 10466
0 10465
0 10464
0 10463
0 10462
0 10461
0 10460
0 10459
0 10458
0 10457
0 10456
0 10455
0 10454
0 10453
0 10452
0 10451
0 10450
0 10449
0 10448
0 10447
0 10446
0 10445
0 10444
0 10443
0 10442
0 10441
0 10440
0 10439
0 10438
0 10437
0 10436
0 10435
0 10434
0 10433
0 10432
0 10431
0 10430
0 10429
0 10428
0 10427
0 10426
0 10425
0 10424
0 10423
0 10422
0 10421
0 10420
0 10419
0 10418
0 10417
0 10416
0 10415
0 10414
0 10413
0 10412
0 10411
0 10410
0 10409
0 10408
0 10407
0 10406
0 10405
0 10404
0 10403
0 10402
0 10401
0 10400
0 10399
0 10398
0 10397
0 10396
0 10395
0 10394
0 10393
0 10392
0 10391
0 10390
0 10389
0 10388
0 10387
0 10386
0 10385
0 10384
0 10383
0 10382
0 10381
0 10380
0 10379
0 10378
0 10377
0 10376
0 10375
0 10374
0 10373
0 10372
0 10371
0 10370
0 10369
0 10368
0 10367
0 10366
0 10365
0 10364
0 10363
0 10362
0 10361
0 10360
0 10359
0 10358
0 10357
0 10356
0 10355
0 10354
0 10353
0 10352
0 10351
0 10350
0 10349
0 10348
0 10347
0 10346
0 10345
0 10344
0 10343
0 10342
0 10341
0 10340
0 10339
0 10338
0 10337
0 10336
0 10335
0 10334
0 10333
0 10332
0 10331
0 10330
0 10329
0 10328
0 10327
0 10326
0 10325
0 10324
0 10323
0 10322
0 10321
0 10320
0 10319
0 10318
0 10317
0 10316
0 10315
0 10314
0 10313
0 10312
0 10311
0 10310
0 10309
0 10308
0 10307
0 10306
0 10305
0 10304
0 10303
0 10302
0 10301
0 10300
0 10299
0 10298
0 10297
0 10296
0 10295
0 10294
0 10293
0 10292
0 10291
0 10290
0 10289
0 10288
0 10287
0 10286
0 10285
0 10284
0 10283
0 10282
0 10281
0 10280
0 10279
0 10278
0 10277
0 10276
0 10275
0 10274
0 10273
0 10272
0 10271
0 10270
0 10269
0 10268
0 10267
0 10266
0 10265
0 10264
0 10263
0 10262
0 10261
0 10260
0 10259
0 10258
0 10257
0 10256
0 10255
0 10254
0 10253
0 10252
0 10251
0 10250
0 10249
0 10248
0 10247
0 10246
0 10245
0 10244
0 10243
0 10242
0 10241
0 10240
0 10239
0 10238
0 10237
0 10236
0 10235
0 10234
0 10233
0 10232
0 10231
0 10230
0 10229
0 10228
0 10227
0 10226
0 10225
0 10224
0 10223
0 10222
0 10221
0 10220
0 10219
0 10218
0 10217
0 10216
0 10215
0 10214
0 10213
0 10212
0 10211
0 10210
0 10209
0 10208
0 10207
0 10206
0 10205
0 10204
0 10203
0 10202
0 10201
0 10200
0 10199
0 10198
0 10197
0 10196
0 10195
0 10194
0 10193
0 10192
0 10191
0 10190
0 10189
0 10188
0 10187
0 10186
0 10185
0 10184
0 10183
0 10182
0 10181
0 10180
0 10179
0 10178
0 10177
0 10176
0 10175
0 10174
0 10173
0 10172
0 10171
0 10170
0 10169
0 10168
0 10167
0 10166
0 10165
0 10164
0 10163
0 10162
0 10161
0 10160
0 10159
0 10158
0 10157
0 10156
0 10155
0 10154
0 10153
0 10152
0 10151
0 10150
0 10149
0 10148
0 10147
0 10146
0 10145
0 10144
0 10143
0 10142
0 10141
0 10140
0 10139
0 10138
0 10137
0 10136
0 10135
0 10134
0 10133
0 10132
0 10131
0 10130
0 10129
0 10128
0 10127
0 10126
0 10125
0 10124
0 10123
0 10122
0 10121
0 10120
0 10119
0 10118
0 10117
0 10116
0 10115
0 10114
0 10113
0 10112
0 10111
0 10110
0 10109
0 10108
0 10107
0 10106
0 10105
0 10104
0 10103
0 10102
0 10101
0 10100
0 10099
0 10098
0 10097
0 10096
0 10095
0 10094
0 10093
0 10092
0 10091
0 10090
0 10089
0 10088
0 10087
0 10086
0 10085
0 10084
0 10083
0 10082
0 10081
0 10080
0 10079
0 10078
0 10077
0 10076
0 10075
0 10074
0 10073
0 10072
0 10071
0 10070
0 10069
0 10068
0 10067
0 10066
0 10065
0 10064
0 10063
0 10062
0 10061
0 10060
0 10059
0 10058
0 10057
0 10056
0 10055
0 10054
0 10053
0 10052
0 10051
0 10050
0 10049
0 10048
0 10047
0 10046
0 10045
0 10044
0 10043
0 10042
0 10041
0 10040
0 10039
0 10038
0 10037
0 10036
0 10035
0 10034
0 10033
0 10032
0 10031
0 10030
0 10029
0 10028
0 10027
0 10026
0 10025
0 10024
0 10023
0 10022
0 10021
0 10020
0 10019
0 10018
0 10017
0 10016
0 10015
0 10014
0 10013
0 10012
0 10011
0 10010
0 10009
0 10008
0 10007
0 10006
0 10005
0 10004
0 10003
0 10002
0 10001
0 10000
0 9999
0 9998
0 9997
0 9996
0 9995
0 9994
0 9993
0 9992
0 9991
0 9990
0 9989
0 9988
0 9987
0 9986
0 9985
0 9984
0 9983
0 9982
0 9981
0 9980
0 9979
0 9978
0 9977
0 9976
0 9975
0 9974
0 9973
0 9972
0 9971
0 9970
0 9969
0 9968
0 9967
0 9966
0 9965
0 9964
0 9963
0 9962
0 9961
0 9960
0 9959
0 9958
0 9957
0 9956
0 9955
0 9954
0 9953
0 9952
0 9951
0 9950
0 9949
0 9948
0 9947
0 9946
0 9945
0 9944
0 9943
0 9942
0 9941
0 9940
0 9939
0 9938
0 9937
0 9936
0 9935
0 9934
0 9933
0 9932
0 9931
0 9930
0 9929
0 9928
0 9927
0 9926
0 9925
0 9924
0 9923
0 9922
0 9921
0 9920
0 9919
0 9918
0 9917
0 9916
0 9915
0 9914
0 9913
0 9912
0 9911
0 9910
0 9909
0 9908
0 9907
0 9906
0 9905
0 9904
0 9903
0 9902
0 9901
0 9900
0 9899
0 9898
0 9897
0 9896
0 9895
0 9894
0 9893
0 9892
0 9891
0 9890
0 9889
0 9888
0 9887
0 9886
0 9885
0 9884
0 9883
0 9882
0 9881
0 9880
0 9879
0 9878
0 9877
0 9876
0 9875
0 9874
0 9873
0 9872
0 9871
0 9870
0 9869
0 9868
0 9867
0 9866
0 9865
0 9864
0 9863
0 9862
0 9861
0 9860
0 9859
0 9858
0 9857
0 9856
0 9855
0 9854
0 9853
0 9852
0 9851
0 9850
0 9849
0 9848
0 9847
0 9846
0 9845
0 9844
0 9843
0 9842
0 9841
0 9840
0 9839
0 9838
0 9837
0 9836
0 9835
0 9834
0 9833
0 9832
0 9831
0 9830
0 9829
0 9828
0 9827
0 9826
0 9825
0 9824
0 9823
0 9822
0 9821
0 9820
0 9819
0 9818
0 9817
0 9816
0 9815
0 9814
0 9813
0 9812
0 9811
0 9810
0 9809
0 9808
0 9807
0 9806
0 9805
0 9804
0 9803
0 9802
0 9801
0 9800
0 9799
0 9798
0 9797
0 9796
0 9795
0 9794
0 9793
0 9792
0 9791
0 9790
0 9789
0 9788
0 9787
0 9786
0 9785
0 9784
0 9783
0 9782
0 9781
0 9780
0 9779
0 9778
0 9777
0 9776
0 9775
0 9774
0 9773
0 9772
0 9771
0 9770
0 9769
0 9768
0 9767
0 9766
0 9765
0 9764
0 9763
0 9762
0 9761
0 9760
0 9759
0 9758
0 9757
0 9756
0 9755
0 9754
0 9753
0 9752
0 9751
0 9750
0 9749
0 9748
0 9747
0 9746
0 9745
0 9744
0 9743
0 9742
0 9741
0 9740
0 9739
0 9738
0 9737
0 9736
0 9735
0 9734
0 9733
0 9732
0 9731
0 9730
0 9729
0 9728
0 9727
0 9726
0 9725
0 9724
0 9723
0 9722
0 9721
0 9720
0 9719
0 9718
0 9717
0 9716
0 9715
0 9714
0 9713
0 9712
0 9711
0 9710
0 9709
0 9708
0 9707
0 9706
0 9705
0 9704
0 9703
0 9702
0 9701
0 9700
0 9699
0 9698
0 9697
0 9696
0 9695
0 9694
0 9693
0 9692
0 9691
0 9690
0 9689
0 9688
0 9687
0 9686
0 9685
0 9684
0 9683
0 9682
0 9681
0 9680
0 9679
0 9678
0 9677
0 9676
0 9675
0 9674
0 9673
0 9672
0 9671
0 9670
0 9669
0 9668
0 9667
0 9666
0 9665
0 9664
0 9663
0 9662
0 9661
0 9660
0 9659
0 9658
0 9657
0 9656
0 9655
0 9654
0 9653
0 9652
0 9651
0 9650
0 9649
0 9648
0 9647
0 9646
0 9645
0 9644
0 9643
0 9642
0 9641
0 9640
0 9639
0 9638
0 9637
0 9636
0 9635
0 9634
0 9633
0 9632
0 9631
0 9630
0 9629
0 9628
0 9627
0 9626
0 9625
0 9624
0 9623
0 9622
0 9621
0 9620
0 9619
0 9618
0 9617
0 9616
0 9615
0 9614
0 9613
0 9612
0 9611
0 9610
0 9609
0 9608
0 9607
0 9606
0 9605
0 9604
0 9603
0 9602
0 9601
0 9600
0 9599
0 9598
0 9597
0 9596
0 9595
0 9594
0 9593
0 9592
0 9591
0 9590
0 9589
0 9588
0 9587
0 9586
0 9585
0 9584
0 9583
0 9582
0 9581
0 9580
0 9579
0 9578
0 9577
0 9576
0 9575
0 9574
0 9573
0 9572
0 9571
0 9570
0 9569
0 9568
0 9567
0 9566
0 9565
0 9564
0 9563
0 9562
0 9561
0 9560
0 9559
0 9558
0 9557
0 9556
0 9555
0 9554
0 9553
0 9552
0 9551
0 9550
0 9549
0 9548
0 9547
0 9546
0 9545
0 9544
0 9543
0 9542
0 9541
0 9540
0 9539
0 9538
0 9537
0 9536
0 9535
0 9534
0 9533
0 9532
0 9531
0 9530
0 9529
0 9528
0 9527
0 9526
0 9525
0 9524
0 9523
0 9522
0 9521
0 9520
0 9519
0 9518
0 9517
0 9516
0 9515
0 9514
0 9513
0 9512
0 9511
0 9510
0 9509
0 9508
0 9507
0 9506
0 9505
0 9504
0 9503
0 9502
0 9501
0 9500
0 9499
0 9498
0 9497
0 9496
0 9495
0 9494
0 9493
0 9492
0 9491
0 9490
0 9489
0 9488
0 9487
0 9486
0 9485
0 9484
0 9483
0 9482
0 9481
0 9480
0 9479
0 9478
0 9477
0 9476
0 9475
0 9474
0 9473
0 9472
0 9471
0 9470
0 9469
0 9468
0 9467
0 9466
0 9465
0 9464
0 9463
0 9462
0 9461
0 9460
0 9459
0 9458
0 9457
0 9456
0 9455
0 9454
0 9453
0 9452
0 9451
0 9450
0 9449
0 9448
0 9447
0 9446
0 9445
0 9444
0 9443
0 9442
0 9441
0 9440
0 9439
0 9438
0 9437
0 9436
0 9435
0 9434
0 9433
0 9432
0 9431
0 9430
0 9429
0 9428
0 9427
0 9426
0 9425
0 9424
0 9423
0 9422
0 9421
0 9420
0 9419
0 9418
0 9417
0 9416
0 9415
0 9414
0 9413
0 9412
0 9411
0 9410
0 9409
0 9408
0 9407
0 9406
0 9405
0 9404
0 9403
0 9402
0 9401
0 9400
0 9399
0 9398
0 9397
0 9396
0 9395
0 9394
0 9393
0 9392
0 9391
0 9390
0 9389
0 9388
0 9387
0 9386
0 9385
0 9384
0 9383
0 9382
0 9381
0 9380
0 9379
0 9378
0 9377
0 9376
0 9375
0 9374
0 9373
0 9372
0 9371
0 9370
0 9369
0 9368
0 9367
0 9366
0 9365
0 9364
0 9363
0 9362
0 9361
0 9360
0 9359
0 9358
0 9357
0 9356
0 9355
0 9354
0 9353
0 9352
0 9351
0 9350
0 9349
0 9348
0 9347
0 9346
0 9345
0 9344
0 9343
0 9342
0 9341
0 9340
0 9339
0 9338
0 9337
0 9336
0 9335
0 9334
0 9333
0 9332
0 9331
0 9330
0 9329
0 9328
0 9327
0 9326
0 9325
0 9324
0 9323
0 9322
0 9321
0 9320
0 9319
0 9318
0 9317
0 9316
0 9315
0 9314
0 9313
0 9312
0 9311
0 9310
0 9309
0 9308
0 9307
0 9306
0 9305
0 9304
0 9303
0 9302
0 9301
0 9300
0 9299
0 9298
0 9297
0 9296
0 9295
0 9294
0 9293
0 9292
0 9291
0 9290
0 9289
0 9288
0 9287
0 9286
0 9285
0 9284
0 9283
0 9282
0 9281
0 9280
0 9279
0 9278
0 9277
0 9276
0 9275
0 9274
0 9273
0 9272
0 9271
0 9270
0 9269
0 9268
0 9267
0 9266
0 9265
0 9264
0 9263
0 9262
0 9261
0 9260
0 9259
0 9258
0 9257
0 9256
0 9255
0 9254
0 9253
0 9252
0 9251
0 9250
0 9249
0 9248
0 9247
0 9246
0 9245
0 9244
0 9243
0 9242
0 9241
0 9240
0 9239
0 9238
0 9237
0 9236
0 9235
0 9234
0 9233
0 9232
0 9231
0 9230
0 9229
0 9228
0 9227
0 9226
0 9225
0 9224
0 9223
0 9222
0 9221
0 9220
0 9219
0 9218
0 9217
0 9216
0 9215
0 9214
0 9213
0 9212
0 9211
0 9210
0 9209
0 9208
0 9207
0 9206
0 9205
0 9204
0 9203
0 9202
0 9201
0 9200
0 9199
2 9198
3 9197
4 9196
4 9195
4 9194
5 9193
5 9192
8 9191
9 9190
9 9189
9 9188
10 9187
10 9186
11 9185
11 9184
11 9183
11 9182
11 9181
12 9180
13 9179
13 9178
13 9177
14 9176
15 9175
16 9174
17 9173
17 9172
17 9171
17 9170
17 9169
17 9168
17 9167
18 9166
19 9165
19 9164
19 9163
20 9162
20 9161
20 9160
20 9159
21 9158
21 9157
21 9156
22 9155
22 9154
23 9153
23 9152
23 9151
23 9150
24 9149
24 9148
25 9147
26 9146
26 9145
27 9144
27 9143
27 9142
30 9141
30 9140
33 9139
34 9138
34 9137
34 9136
34 9135
34 9134
35 9133
35 9132
35 9131
35 9130
36 9129
36 9128
36 9127
37 9126
39 9125
39 9124
39 9123
40 9122
40 9121
41 9120
41 9119
41 9118
42 9117
43 9116
43 9115
43 9114
43 9113
43 9112
44 9111
44 9110
44 9109
45 9108
45 9107
46 9106
46 9105
51 9104
51 9103
51 9102
51 9101
51 9100
51 9099
51 9098
51 9097
51 9096
51 9095
51 9094
51 9093
51 9092
51 9091
51 9090
51 9089
51 9088
51 9087
51 9086
51 9085
51 9084
51 9083
51 9082
51 9081
51 9080
51 9079
51 9078
51 9077
51 9076
51 9075
51 9074
51 9073
51 9072
51 9071
51 9070
51 9069
51 9068
51 9067
51 9066
51 9065
51 9064
51 9063
51 9062
51 9061
51 9060
51 9059
51 9058
51 9057
51 9056
51 9055
51 9054
51 9053
51 9052
51 9051
51 9050
51 9049
51 9048
51 9047
51 9046
51 9045
51 9044
52 9043
52 9042
52 9041
52 9040
52 9039
52 9038
52 9037
52 9036
52 9035
52 9034
52 9033
52 9032
52 9031
52 9030
52 9029
52 9028
52 9027
52 9026
52 9025
52 9024
52 9023
52 9022
52 9021
52 9020
52 9019
52 9018
52 9017
52 9016
52 9015
52 9014
52 9013
52 9012
52 9011
52 9010
52 9009
52 9008
52 9007
52 9006
52 9005
52 9004
52 9003
52 9002
52 9001
52 9000
52 8999
52 8998
52 8997
52 8996
52 8995
52 8994
52 8993
52 8992
52 8991
52 8990
52 8989
52 8988
52 8987
52 8986
52 8985
52 8984
52 8983
52 8982
52 8981
52 8980
52 8979
52 8978
52 8977
52 8976
52 8975
52 8974
52 8973
52 8972
52 8971
52 8970
52 8969
52 8968
52 8967
52 8966
52 8965
52 8964
52 8963
52 8962
52 8961
53 8960
53 8959
53 8958
53 8957
53 8956
53 8955
53 8954
53 8953
53 8952
53 8951
53 8950
53 8949
53 8948
53 8947
53 8946
53 8945
53 8944
53 8943
53 8942
53 8941
53 8940
53 8939
53 8938
53 8937
53 8936
53 8935
53 8934
53 8933
53 8932
53 8931
53 8930
53 8929
53 8928
53 8927
53 8926
53 8925
53 8924
53 8923
53 8922
53 8921
53 8920
53 8919
53 8918
53 8917
53 8916
53 8915
53 8914
53 8913
53 8912
53 8911
53 8910
53 8909
53 8908
53 8907
53 8906
53 8905
54 8904
54 8903
54 8902
54 8901
54 8900
54 8899
54 8898
54 8897
54 8896
54 8895
55 8894
55 8893
55 8892
55 8891
55 8890
55 8889
56 8888
56 8887
56 8886
56 8885
57 8884
57 8883
57 8882
59 8881
59 8880
59 8879
60 8878
60 8877
60 8876
62 8875
62 8874
62 8873
63 8872
63 8871
64 8870
65 8869
65 8868
65 8867
66 8866
66 8865
66 8864
66 8863
67 8862
67 8861
67 8860
67 8859
68 8858
68 8857
68 8856
68 8855
68 8854
69 8853
69 8852
69 8851
69 8850
69 8849
69 8848
70 8847
70 8846
70 8845
70 8844
71 8843
71 8842
72 8841
72 8840
72 8839
72 8838
72 8837
73 8836
73 8835
73 8834
73 8833
74 8832
74 8831
74 8830
75 8829
75 8828
75 8827
75 8826
76 8825
77 8824
77 8823
78 8822
79 8821
79 8820
79 8819
80 8818
80 8817
80 8816
81 8815
81 8814
82 8813
82 8812
82 8811
82 8810
82 8809
82 8808
82 8807
83 8806
83 8805
83 8804
84 8803
84 8802
84 8801
84 8800
85 8799
85 8798
85 8797
85 8796
85 8795
86 8794
86 8793
87 8792
87 8791
88 8790
88 8789
89 8788
89 8787
90 8786
90 8785
90 8784
91 8783
91 8782
92 8781
92 8780
93 8779
93 8778
93 8777
94 8776
94 8775
95 8774
95 8773
95 8772
95 8771
96 8770
96 8769
97 8768
97 8767
98 8766
98 8765
99 8764
99 8763
100 8762
100 8761
101 8760
101 8759
101 8758
101 8757
102 8756
102 8755
102 8754
103 8753
103 8752
103 8751
104 8750
104 8749
104 8748
104 8747
104 8746
105 8745
106 8744
106 8743
106 8742
106 8741
107 8740
107 8739
107 8738
108 8737
108 8736
109 8735
109 8734
110 8733
115 8732
115 8731
115 8730
115 8729
115 8728
115 8727
115 8726
115 8725
115 8724
115 8723
115 8722
115 8721
115 8720
115 8719
115 8718
115 8717
115 8716
116 8715
116 8714
116 8713
116 8712
116 8711
116 8710
116 8709
117 8708
117 8707
117 8706
118 8705
118 8704
118 8703
118 8702
118 8701
118 8700
118 8699
118 8698
118 8697
118 8696
118 8695
119 8694
119 8693
119 8692
119 8691
119 8690
119 8689
119 8688
119 8687
119 8686
119 8685
119 8684
119 8683
119 8682
119 8681
119 8680
119 8679
119 8678
119 8677
119 8676
119 8675
119 8674
119 8673
119 8672
119 8671
119 8670
119 8669
120 8668
120 8667
120 8666
120 8665
120 8664
120 8663
120 8662
120 8661
120 8660
120 8659
120 8658
120 8657
120 8656
120 8655
120 8654
120 8653
120 8652
120 8651
120 8650
120 8649
120 8648
120 8647
120 8646
120 8645
120 8644
120 8643
121 8642
121 8641
121 8640
121 8639
121 8638
121 8637
121 8636
121 8635
121 8634
121 8633
121 8632
121 8631
121 8630
121 8629
121 8628
121 8627
121 8626
121 8625
121 8624
121 8623
122 8622
122 8621
122 8620
122 8619
122 8618
122 8617
122 8616
122 8615
122 8614
122 8613
122 8612
122 8611
122 8610
122 8609
122 8608
122 8607
122 8606
122 8605
122 8604
122 8603
123 8602
123 8601
123 8600
123 8599
123 8598
123 8597
123 8596
123 8595
123 8594
123 8593
123 8592
123 8591
123 8590
124 8589
124 8588
124 8587
124 8586
124 8585
125 8584
125 8583
126 8582
127 8581
127 8580
128 8579
130 8578
131 8577
131 8576
134 8575
134 8574
136 8573
137 8572
138 8571
138 8570
139 8569
139 8568
140 8567
141 8566
141 8565
142 8564
143 8563
144 8562
145 8561
145 8560
145 8559
146 8558
146 8557
148 8556
148 8555
148 8554
148 8553
148 8552
148 8551
150 8550
151 8549
152 8548
152 8547
152 8546
153 8545
153 8544
153 8543
154 8542
154 8541
154 8540
155 8539
156 8538
156 8537
157 8536
158 8535
158 8534
158 8533
159 8532
159 8531
159 8530
160 8529
160 8528
161 8527
161 8526
161 8525
162 8524
162 8523
163 8522
163 8521
163 8520
165 8519
165 8518
165 8517
166 8516
167 8515
167 8514
168 8513
170 8512
171 8511
171 8510
171 8509
172 8508
172 8507
173 8506
173 8505
175 8504
175 8503
175 8502
175 8501
176 8500
177 8499
177 8498
178 8497
179 8496
179 8495
180 8494
181 8493
182 8492
183 8491
184 8490
184 8489
185 8488
186 8487
186 8486
186 8485
192 8484
192 8483
192 8482
192 8481
192 8480
192 8479
193 8478
193 8477
193 8476
193 8475
193 8474
193 8473
194 8472
194 8471
194 8470
194 8469
194 8468
194 8467
194 8466
194 8465
194 8464
195 8463
195 8462
195 8461
196 8460
196 8459
196 8458
196 8457
196 8456
197 8455
197 8454
197 8453
197 8452
197 8451
197 8450
197 8449
197 8448
198 8447
198 8446
198 8445
198 8444
198 8443
198 8442
198 8441
198 8440
198 8439
198 8438
199 8437
199 8436
199 8435
199 8434
199 8433
200 8432
200 8431
200 8430
200 8429
200 8428
200 8427
200 8426
200 8425
201 8424
201 8423
201 8422
201 8421
201 8420
201 8419
201 8418
201 8417
202 8416
202 8415
202 8414
203 8413
203 8412
204 8411
205 8410
206 8409
206 8408
207 8407
210 8406
211 8405
212 8404
213 8403
215 8402
215 8401
216 8400
217 8399
217 8398
217 8397
218 8396
218 8395
218 8394
219 8393
221 8392
221 8391
225 8390
226 8389
227 8388
227 8387
227 8386
228 8385
229 8384
229 8383
230 8382
231 8381
233 8380
233 8379
236 8378
236 8377
238 8376
238 8375
239 8374
240 8373
241 8372
242 8371
243 8370
245 8369
247 8368
248 8367
249 8366
251 8365
252 8364
252 8363
254 8362
255 8361
256 8360
258 8359
259 8358
260 8357
260 8356
260 8355
261 8354
262 8353
262 8352
262 8351
263 8350
265 8349
265 8348
266 8347
266 8346
266 8345
266 8344
267 8343
267 8342
267 8341
268 8340
275 8339
275 8338
276 8337
276 8336
277 8335
277 8334
277 8333
277 8332
277 8331
277 8330
277 8329
278 8328
278 8327
278 8326
279 8325
279 8324
279 8323
279 8322
280 8321
280 8320
281 8319
281 8318
281 8317
282 8316
282 8315
282 8314
282 8313
282 8312
282 8311
283 8310
283 8309
283 8308
283 8307
284 8306
284 8305
285 8304
285 8303
286 8302
286 8301
286 8300
286 8299
287 8298
287 8297
287 8296
287 8295
288 8294
288 8293
288 8292
288 8291
288 8290
288 8289
291 8288
294 8287
294 8286
302 8285
304 8284
306 8283
310 8282
311 8281
313 8280
313 8279
316 8278
316 8277
316 8276
319 8275
320 8274
320 8273
320 8272
322 8271
324 8270
326 8269
327 8268
328 8267
331 8266
331 8265
332 8264
333 8263
337 8262
337 8261
337 8260
338 8259
340 8258
342 8257
342 8256
342 8255
343 8254
343 8253
343 8252
344 8251
345 8250
345 8249
345 8248
347 8247
348 8246
350 8245
352 8244
357 8243
358 8242
359 8241
359 8240
365 8239
365 8238
366 8237
367 8236
367 8235
367 8234
369 8233
369 8232
370 8231
371 8230
371 8229
371 8228
372 8227
373 8226
373 8225
373 8224
373 8223
377 8222
377 8221
377 8220
377 8219
377 8218
377 8217
378 8216
380 8215
380 8214
380 8213
380 8212
380 8211
380 8210
380 8209
380 8208
382 8207
388 8206
392 8205
393 8204
394 8203
395 8202
397 8201
403 8200
404 8199
405 8198
408 8197
412 8196
413 8195
418 8194
418 8193
419 8192
421 8191
421 8190
422 8189
422 8188
423 8187
428 8186
430 8185
432 8184
432 8183
433 8182
435 8181
437 8180
437 8179
438 8178
440 8177
440 8176
442 8175
442 8174
442 8173
442 8172
447 8171
448 8170
448 8169
461 8168
461 8167
461 8166
464 8165
466 8164
467 8163
468 8162
470 8161
471 8160
472 8159
473 8158
473 8157
473 8156
480 8155
481 8154
481 8153
481 8152
483 8151
483 8150
487 8149
488 8148
489 8147
490 8146
491 8145
491 8144
491 8143
492 8142
499 8141
503 8140
504 8139
506 8138
507 8137
508 8136
514 8135
515 8134
516 8133
516 8132
517 8131
519 8130
524 8129
525 8128
526 8127
526 8126
528 8125
528 8124
529 8123
535 8122
535 8121
545 8120
546 8119
550 8118
553 8117
560 8116
562 8115
562 8114
565 8113
571 8112
574 8111
576 8110
579 8109
581 8108
583 8107
586 8106
587 8105
587 8104
590 8103
590 8102
591 8101
593 8100
598 8099
