0 14108
0 14107
0 14106
0 14105
0 14104
0 14103
0 14102
0 14101
0 14100
0 14099
0 14098
0 14097
0 14096
0 14095
0 14094
0 14093
0 14092
0 14091
0 14090
0 14089
0 14088
0 14087
0 14086
0 14085
0 14084
0 14083
0 14082
0 14081
0 14080
0 14079
0 14078
0 14077
0 14076
0 14075
0 14074
0 14073
0 14072
0 14071
0 14070
0 14069
0 14068
0 14067
0 14066
0 14065
0 14064
0 14063
0 14062
0 14061
0 14060
0 14059
0 14058
0 14057
0 14056
0 14055
0 14054
0 14053
0 14052
0 14051
0 14050
0 14049
0 14048
0 14047
0 14046
0 14045
0 14044
0 14043
0 14042
0 14041
0 14040
0 14039
0 14038
0 14037
0 14036
0 14035
0 14034
0 14033
0 14032
0 14031
0 14030
0 14029
0 14028
0 14027
0 14026
0 14025
0 14024
0 14023
0 14022
0 14021
0 14020
0 14019
0 14018
0 14017
0 14016
0 14015
0 14014
0 14013
0 14012
0 14011
0 14010
0 14009
0 14008
0 14007
0 14006
0 14005
0 14004
0 14003
0 14002
0 14001
0 14000
0 13999
0 13998
0 13997
0 13996
0 13995
0 13994
0 13993
0 13992
0 13991
0 13990
0 13989
0 13988
0 13987
0 13986
0 13985
0 13984
0 13983
0 13982
0 13981
0 13980
0 13979
0 13978
0 13977
0 13976
0 13975
0 13974
0 13973
0 13972
0 13971
0 13970
0 13969
0 13968
0 13967
0 13966
0 13965
0 13964
0 13963
0 13962
0 13961
0 13960
0 13959
0 13958
0 13957
0 13956
0 13955
0 13954
0 13953
0 13952
0 13951
0 13950
0 13949
0 13948
0 13947
0 13946
0 13945
0 13944
0 13943
0 13942
0 13941
0 13940
0 13939
0 13938
0 13937
0 13936
0 13935
0 13934
0 13933
0 13932
0 13931
0 13930
0 13929
0 13928
0 13927
0 13926
0 13925
0 13924
0 13923
0 13922
0 13921
0 13920
0 13919
0 13918
0 13917
0 13916
0 13915
0 13914
0 13913
0 13912
0 13911
0 13910
0 13909
0 13908
0 13907
0 13906
0 13905
0 13904
0 13903
0 13902
0 13901
0 13900
0 13899
0 13898
0 13897
0 13896
0 13895
0 13894
0 13893
0 13892
0 13891
0 13890
0 13889
0 13888
0 13887
0 13886
0 13885
0 13884
0 13883
0 13882
0 13881
0 13880
0 13879
0 13878
0 13877
0 13876
0 13875
0 13874
0 13873
0 13872
0 13871
0 13870
0 13869
0 13868
0 13867
0 13866
0 13865
0 13864
0 13863
0 13862
0 13861
0 13860
0 13859
0 13858
0 13857
0 13856
0 13855
0 13854
0 13853
0 13852
0 13851
0 13850
0 13849
0 13848
0 13847
0 13846
0 13845
0 13844
0 13843
0 13842
0 13841
0 13840
0 13839
0 13838
0 13837
0 13836
0 13835
0 13834
0 13833
0 13832
0 13831
0 13830
0 13829
0 13828
0 13827
0 13826
0 13825
0 13824
0 13823
0 13822
0 13821
0 13820
0 13819
0 13818
0 13817
0 13816
0 13815
0 13814
0 13813
0 13812
0 13811
0 13810
0 13809
0 13808
0 13807
0 13806
0 13805
0 13804
0 13803
0 13802
0 13801
0 13800
0 13799
0 13798
0 13797
0 13796
0 13795
0 13794
0 13793
0 13792
0 13791
0 13790
0 13789
0 13788
0 13787
0 13786
0 13785
0 13784
0 13783
0 13782
0 13781
0 13780
0 13779
0 13778
0 13777
0 13776
0 13775
0 13774
0 13773
0 13772
0 13771
0 13770
0 13769
1 13768
1 13767
1 13766
1 13765
1 13764
1 13763
1 13762
1 13761
1 13760
1 13759
1 13758
1 13757
1 13756
1 13755
1 13754
1 13753
1 13752
1 13751
1 13750
1 13749
1 13748
1 13747
1 13746
1 13745
1 13744
1 13743
1 13742
1 13741
1 13740
1 13739
1 13738
1 13737
1 13736
1 13735
1 13734
1 13733
1 13732
1 13731
1 13730
1 13729
1 13728
1 13727
1 13726
1 13725
1 13724
1 13723
1 13722
1 13721
1 13720
1 13719
1 13718
1 13717
1 13716
1 13715
1 13714
1 13713
1 13712
1 13711
1 13710
1 13709
1 13708
1 13707
1 13706
1 13705
1 13704
1 13703
1 13702
1 13701
1 13700
1 13699
1 13698
1 13697
1 13696
1 13695
1 13694
1 13693
1 13692
1 13691
1 13690
1 13689
1 13688
1 13687
1 13686
1 13685
1 13684
1 13683
1 13682
1 13681
1 13680
1 13679
1 13678
1 13677
1 13676
1 13675
1 13674
1 13673
1 13672
1 13671
1 13670
1 13669
1 13668
1 13667
1 13666
1 13665
1 13664
1 13663
1 13662
1 13661
1 13660
1 13659
1 13658
1 13657
1 13656
1 13655
1 13654
1 13653
1 13652
1 13651
1 13650
1 13649
1 13648
1 13647
1 13646
1 13645
1 13644
1 13643
1 13642
1 13641
1 13640
1 13639
1 13638
1 13637
1 13636
1 13635
1 13634
1 13633
1 13632
1 13631
1 13630
1 13629
1 13628
1 13627
1 13626
1 13625
1 13624
1 13623
1 13622
1 13621
1 13620
1 13619
1 13618
1 13617
1 13616
1 13615
1 13614
1 13613
1 13612
1 13611
1 13610
1 13609
1 13608
1 13607
1 13606
1 13605
1 13604
1 13603
1 13602
1 13601
1 13600
1 13599
1 13598
1 13597
1 13596
1 13595
1 13594
1 13593
1 13592
1 13591
1 13590
1 13589
1 13588
1 13587
1 13586
1 13585
1 13584
1 13583
1 13582
1 13581
1 13580
1 13579
1 13578
1 13577
1 13576
1 13575
1 13574
1 13573
1 13572
1 13571
1 13570
1 13569
1 13568
1 13567
1 13566
1 13565
1 13564
1 13563
1 13562
1 13561
1 13560
1 13559
1 13558
1 13557
1 13556
1 13555
1 13554
1 13553
1 13552
1 13551
1 13550
1 13549
1 13548
1 13547
1 13546
1 13545
1 13544
1 13543
1 13542
1 13541
1 13540
1 13539
1 13538
1 13537
1 13536
1 13535
1 13534
1 13533
1 13532
1 13531
1 13530
1 13529
1 13528
1 13527
1 13526
1 13525
1 13524
1 13523
1 13522
1 13521
1 13520
1 13519
1 13518
1 13517
1 13516
1 13515
1 13514
1 13513
1 13512
1 13511
1 13510
1 13509
1 13508
1 13507
1 13506
1 13505
1 13504
1 13503
1 13502
1 13501
1 13500
1 13499
1 13498
1 13497
1 13496
1 13495
1 13494
1 13493
1 13492
1 13491
1 13490
1 13489
1 13488
1 13487
1 13486
1 13485
1 13484
1 13483
1 13482
1 13481
1 13480
1 13479
1 13478
1 13477
1 13476
1 13475
1 13474
1 13473
1 13472
1 13471
1 13470
1 13469
1 13468
1 13467
1 13466
1 13465
1 13464
1 13463
1 13462
1 13461
1 13460
1 13459
1 13458
1 13457
1 13456
1 13455
1 13454
1 13453
1 13452
1 13451
1 13450
1 13449
1 13448
1 13447
1 13446
1 13445
1 13444
1 13443
1 13442
1 13441
1 13440
1 13439
1 13438
1 13437
1 13436
1 13435
1 13434
1 13433
1 13432
1 13431
1 13430
1 13429
1 13428
1 13427
1 13426
1 13425
1 13424
1 13423
1 13422
1 13421
1 13420
1 13419
1 13418
1 13417
1 13416
1 13415
1 13414
1 13413
1 13412
1 13411
1 13410
1 13409
1 13408
1 13407
1 13406
1 13405
1 13404
1 13403
1 13402
1 13401
1 13400
1 13399
1 13398
1 13397
1 13396
1 13395
1 13394
1 13393
1 13392
1 13391
1 13390
1 13389
1 13388
1 13387
1 13386
1 13385
1 13384
1 13383
1 13382
1 13381
1 13380
1 13379
1 13378
1 13377
1 13376
1 13375
1 13374
1 13373
1 13372
1 13371
1 13370
1 13369
1 13368
1 13367
1 13366
1 13365
1 13364
1 13363
1 13362
1 13361
1 13360
1 13359
1 13358
1 13357
1 13356
1 13355
1 13354
1 13353
1 13352
1 13351
1 13350
1 13349
1 13348
1 13347
1 13346
1 13345
1 13344
1 13343
1 13342
1 13341
1 13340
1 13339
1 13338
1 13337
1 13336
1 13335
1 13334
1 13333
1 13332
1 13331
1 13330
1 13329
1 13328
1 13327
1 13326
1 13325
1 13324
1 13323
1 13322
1 13321
1 13320
1 13319
1 13318
1 13317
1 13316
1 13315
1 13314
1 13313
1 13312
1 13311
1 13310
1 13309
1 13308
1 13307
1 13306
1 13305
1 13304
1 13303
1 13302
1 13301
1 13300
1 13299
1 13298
1 13297
1 13296
1 13295
1 13294
1 13293
1 13292
1 13291
1 13290
1 13289
1 13288
1 13287
1 13286
1 13285
1 13284
1 13283
1 13282
1 13281
1 13280
1 13279
1 13278
1 13277
1 13276
1 13275
1 13274
1 13273
1 13272
1 13271
1 13270
1 13269
1 13268
1 13267
1 13266
1 13265
1 13264
1 13263
1 13262
1 13261
1 13260
1 13259
1 13258
1 13257
1 13256
1 13255
1 13254
1 13253
1 13252
1 13251
1 13250
1 13249
1 13248
1 13247
1 13246
1 13245
1 13244
1 13243
1 13242
1 13241
1 13240
1 13239
1 13238
1 13237
1 13236
1 13235
1 13234
1 13233
1 13232
1 13231
1 13230
1 13229
1 13228
1 13227
1 13226
1 13225
1 13224
1 13223
1 13222
1 13221
1 13220
1 13219
1 13218
1 13217
1 13216
1 13215
1 13214
1 13213
1 13212
1 13211
1 13210
1 13209
1 13208
1 13207
1 13206
1 13205
1 13204
1 13203
1 13202
1 13201
1 13200
1 13199
1 13198
1 13197
1 13196
1 13195
1 13194
1 13193
1 13192
1 13191
1 13190
1 13189
1 13188
1 13187
1 13186
1 13185
1 13184
1 13183
1 13182
1 13181
1 13180
1 13179
1 13178
1 13177
1 13176
1 13175
1 13174
1 13173
1 13172
1 13171
1 13170
1 13169
1 13168
1 13167
1 13166
1 13165
1 13164
1 13163
1 13162
1 13161
1 13160
1 13159
1 13158
1 13157
1 13156
1 13155
1 13154
1 13153
1 13152
1 13151
1 13150
1 13149
1 13148
1 13147
1 13146
1 13145
1 13144
1 13143
1 13142
1 13141
1 13140
1 13139
1 13138
1 13137
1 13136
1 13135
1 13134
1 13133
1 13132
1 13131
1 13130
1 13129
1 13128
1 13127
1 13126
1 13125
1 13124
1 13123
1 13122
1 13121
1 13120
1 13119
1 13118
1 13117
1 13116
1 13115
1 13114
1 13113
1 13112
1 13111
1 13110
1 13109
1 13108
1 13107
1 13106
1 13105
1 13104
1 13103
1 13102
1 13101
1 13100
1 13099
1 13098
1 13097
1 13096
1 13095
1 13094
1 13093
1 13092
1 13091
1 13090
1 13089
1 13088
1 13087
1 13086
1 13085
1 13084
1 13083
1 13082
1 13081
1 13080
1 13079
1 13078
1 13077
1 13076
1 13075
1 13074
1 13073
1 13072
1 13071
1 13070
1 13069
1 13068
1 13067
1 13066
1 13065
1 13064
1 13063
1 13062
1 13061
1 13060
1 13059
1 13058
1 13057
1 13056
1 13055
1 13054
1 13053
1 13052
1 13051
1 13050
1 13049
1 13048
1 13047
1 13046
1 13045
1 13044
1 13043
1 13042
1 13041
1 13040
1 13039
1 13038
1 13037
1 13036
1 13035
1 13034
1 13033
1 13032
1 13031
1 13030
1 13029
1 13028
1 13027
1 13026
1 13025
1 13024
1 13023
1 13022
1 13021
1 13020
1 13019
1 13018
1 13017
1 13016
1 13015
1 13014
1 13013
1 13012
1 13011
1 13010
1 13009
1 13008
1 13007
1 13006
1 13005
1 13004
1 13003
1 13002
1 13001
1 13000
1 12999
1 12998
1 12997
1 12996
1 12995
1 12994
1 12993
1 12992
1 12991
1 12990
1 12989
1 12988
1 12987
1 12986
1 12985
1 12984
1 12983
1 12982
1 12981
1 12980
1 12979
1 12978
1 12977
1 12976
1 12975
1 12974
1 12973
1 12972
1 12971
1 12970
1 12969
1 12968
1 12967
1 12966
1 12965
1 12964
1 12963
1 12962
1 12961
1 12960
1 12959
1 12958
1 12957
1 12956
1 12955
1 12954
1 12953
1 12952
1 12951
1 12950
1 12949
1 12948
1 12947
1 12946
1 12945
1 12944
1 12943
1 12942
1 12941
1 12940
1 12939
1 12938
1 12937
1 12936
1 12935
1 12934
1 12933
1 12932
1 12931
1 12930
1 12929
1 12928
1 12927
1 12926
1 12925
1 12924
1 12923
1 12922
1 12921
1 12920
1 12919
1 12918
1 12917
1 12916
1 12915
1 12914
1 12913
1 12912
1 12911
1 12910
1 12909
1 12908
1 12907
1 12906
1 12905
1 12904
1 12903
1 12902
1 12901
1 12900
1 12899
1 12898
1 12897
1 12896
1 12895
1 12894
1 12893
1 12892
1 12891
1 12890
1 12889
1 12888
1 12887
1 12886
1 12885
1 12884
1 12883
1 12882
1 12881
1 12880
1 12879
1 12878
1 12877
1 12876
1 12875
1 12874
1 12873
1 12872
1 12871
1 12870
1 12869
1 12868
1 12867
1 12866
1 12865
1 12864
1 12863
1 12862
1 12861
1 12860
1 12859
1 12858
1 12857
1 12856
1 12855
1 12854
1 12853
1 12852
1 12851
1 12850
1 12849
1 12848
1 12847
1 12846
1 12845
1 12844
1 12843
1 12842
1 12841
1 12840
1 12839
1 12838
1 12837
1 12836
1 12835
1 12834
1 12833
1 12832
1 12831
1 12830
1 12829
1 12828
1 12827
1 12826
1 12825
1 12824
1 12823
1 12822
1 12821
1 12820
1 12819
1 12818
1 12817
1 12816
1 12815
1 12814
1 12813
1 12812
1 12811
1 12810
1 12809
1 12808
1 12807
1 12806
1 12805
1 12804
1 12803
1 12802
1 12801
1 12800
1 12799
1 12798
1 12797
1 12796
1 12795
1 12794
1 12793
1 12792
1 12791
1 12790
1 12789
1 12788
1 12787
1 12786
1 12785
1 12784
1 12783
1 12782
1 12781
1 12780
1 12779
1 12778
1 12777
1 12776
1 12775
1 12774
1 12773
1 12772
1 12771
1 12770
1 12769
1 12768
1 12767
1 12766
1 12765
1 12764
1 12763
1 12762
1 12761
1 12760
1 12759
1 12758
1 12757
1 12756
1 12755
1 12754
1 12753
1 12752
1 12751
1 12750
1 12749
1 12748
1 12747
1 12746
1 12745
1 12744
1 12743
1 12742
1 12741
1 12740
1 12739
1 12738
1 12737
1 12736
1 12735
1 12734
1 12733
1 12732
1 12731
1 12730
1 12729
1 12728
1 12727
1 12726
1 12725
1 12724
1 12723
1 12722
1 12721
1 12720
1 12719
1 12718
1 12717
1 12716
1 12715
1 12714
1 12713
1 12712
1 12711
1 12710
1 12709
1 12708
1 12707
1 12706
1 12705
1 12704
1 12703
1 12702
1 12701
1 12700
1 12699
1 12698
1 12697
1 12696
1 12695
1 12694
1 12693
1 12692
1 12691
1 12690
1 12689
1 12688
1 12687
1 12686
1 12685
1 12684
1 12683
1 12682
1 12681
1 12680
1 12679
1 12678
1 12677
1 12676
1 12675
1 12674
1 12673
1 12672
1 12671
1 12670
1 12669
1 12668
1 12667
1 12666
1 12665
1 12664
1 12663
1 12662
1 12661
1 12660
1 12659
1 12658
1 12657
1 12656
1 12655
1 12654
1 12653
1 12652
1 12651
1 12650
1 12649
1 12648
1 12647
1 12646
1 12645
1 12644
1 12643
1 12642
1 12641
1 12640
1 12639
1 12638
1 12637
1 12636
1 12635
1 12634
1 12633
1 12632
1 12631
1 12630
1 12629
1 12628
1 12627
1 12626
1 12625
1 12624
1 12623
1 12622
1 12621
1 12620
1 12619
1 12618
1 12617
1 12616
1 12615
1 12614
1 12613
1 12612
1 12611
1 12610
1 12609
1 12608
1 12607
1 12606
1 12605
1 12604
1 12603
1 12602
1 12601
1 12600
1 12599
1 12598
1 12597
1 12596
1 12595
1 12594
1 12593
1 12592
1 12591
1 12590
1 12589
1 12588
1 12587
1 12586
1 12585
1 12584
1 12583
1 12582
1 12581
1 12580
1 12579
1 12578
1 12577
1 12576
1 12575
1 12574
1 12573
1 12572
1 12571
1 12570
1 12569
1 12568
1 12567
1 12566
1 12565
1 12564
1 12563
1 12562
1 12561
1 12560
1 12559
1 12558
1 12557
1 12556
1 12555
1 12554
1 12553
1 12552
1 12551
1 12550
1 12549
1 12548
1 12547
1 12546
1 12545
1 12544
1 12543
1 12542
1 12541
1 12540
1 12539
1 12538
1 12537
1 12536
1 12535
1 12534
1 12533
1 12532
1 12531
1 12530
1 12529
1 12528
1 12527
1 12526
1 12525
1 12524
1 12523
1 12522
1 12521
1 12520
1 12519
1 12518
1 12517
1 12516
1 12515
1 12514
1 12513
1 12512
1 12511
1 12510
1 12509
1 12508
1 12507
1 12506
1 12505
1 12504
1 12503
1 12502
1 12501
1 12500
1 12499
1 12498
1 12497
1 12496
1 12495
1 12494
1 12493
1 12492
1 12491
1 12490
1 12489
1 12488
1 12487
1 12486
1 12485
1 12484
1 12483
1 12482
1 12481
1 12480
1 12479
1 12478
1 12477
1 12476
1 12475
1 12474
1 12473
1 12472
1 12471
1 12470
1 12469
1 12468
1 12467
1 12466
1 12465
1 12464
1 12463
1 12462
1 12461
1 12460
1 12459
1 12458
1 12457
1 12456
1 12455
1 12454
1 12453
1 12452
1 12451
1 12450
1 12449
1 12448
1 12447
1 12446
1 12445
1 12444
1 12443
1 12442
1 12441
1 12440
1 12439
1 12438
1 12437
1 12436
1 12435
1 12434
1 12433
1 12432
1 12431
1 12430
1 12429
1 12428
1 12427
1 12426
1 12425
1 12424
1 12423
1 12422
1 12421
1 12420
1 12419
1 12418
1 12417
1 12416
1 12415
1 12414
1 12413
1 12412
1 12411
1 12410
1 12409
1 12408
1 12407
1 12406
1 12405
1 12404
1 12403
1 12402
1 12401
1 12400
1 12399
1 12398
1 12397
1 12396
1 12395
1 12394
1 12393
1 12392
1 12391
1 12390
1 12389
1 12388
1 12387
1 12386
1 12385
1 12384
1 12383
1 12382
1 12381
1 12380
1 12379
1 12378
1 12377
1 12376
1 12375
1 12374
1 12373
1 12372
1 12371
1 12370
1 12369
1 12368
1 12367
1 12366
1 12365
1 12364
1 12363
1 12362
1 12361
1 12360
1 12359
1 12358
1 12357
1 12356
1 12355
1 12354
1 12353
1 12352
1 12351
1 12350
1 12349
1 12348
1 12347
1 12346
1 12345
1 12344
1 12343
1 12342
1 12341
1 12340
1 12339
1 12338
1 12337
1 12336
1 12335
1 12334
1 12333
1 12332
1 12331
1 12330
1 12329
1 12328
1 12327
1 12326
1 12325
1 12324
1 12323
1 12322
1 12321
1 12320
1 12319
1 12318
1 12317
1 12316
1 12315
1 12314
1 12313
1 12312
1 12311
1 12310
1 12309
1 12308
1 12307
1 12306
1 12305
1 12304
1 12303
1 12302
1 12301
1 12300
1 12299
1 12298
1 12297
1 12296
1 12295
1 12294
1 12293
1 12292
1 12291
1 12290
1 12289
1 12288
1 12287
1 12286
1 12285
1 12284
1 12283
1 12282
1 12281
1 12280
1 12279
1 12278
1 12277
1 12276
1 12275
1 12274
1 12273
1 12272
1 12271
1 12270
1 12269
1 12268
1 12267
1 12266
1 12265
1 12264
1 12263
1 12262
1 12261
1 12260
1 12259
1 12258
1 12257
1 12256
1 12255
1 12254
1 12253
1 12252
1 12251
1 12250
1 12249
1 12248
1 12247
1 12246
1 12245
1 12244
1 12243
1 12242
1 12241
1 12240
1 12239
1 12238
1 12237
1 12236
1 12235
1 12234
1 12233
1 12232
1 12231
1 12230
1 12229
1 12228
1 12227
1 12226
1 12225
1 12224
1 12223
1 12222
1 12221
1 12220
1 12219
1 12218
1 12217
1 12216
1 12215
1 12214
1 12213
1 12212
1 12211
1 12210
1 12209
1 12208
1 12207
1 12206
1 12205
1 12204
1 12203
1 12202
1 12201
1 12200
1 12199
1 12198
1 12197
1 12196
1 12195
1 12194
1 12193
1 12192
1 12191
1 12190
1 12189
1 12188
1 12187
1 12186
1 12185
1 12184
1 12183
1 12182
1 12181
1 12180
2 12179
2 12178
2 12177
2 12176
2 12175
2 12174
2 12173
2 12172
2 12171
2 12170
2 12169
2 12168
2 12167
2 12166
2 12165
2 12164
2 12163
2 12162
2 12161
2 12160
2 12159
2 12158
2 12157
3 12156
3 12155
3 12154
3 12153
3 12152
3 12151
3 12150
3 12149
3 12148
3 12147
3 12146
3 12145
3 12144
3 12143
3 12142
3 12141
3 12140
3 12139
3 12138
3 12137
3 12136
3 12135
3 12134
3 12133
3 12132
3 12131
3 12130
3 12129
3 12128
3 12127
3 12126
3 12125
3 12124
3 12123
3 12122
3 12121
3 12120
3 12119
3 12118
3 12117
3 12116
3 12115
3 12114
3 12113
3 12112
3 12111
3 12110
3 12109
3 12108
3 12107
3 12106
3 12105
3 12104
3 12103
3 12102
3 12101
3 12100
3 12099
3 12098
3 12097
3 12096
3 12095
3 12094
3 12093
3 12092
3 12091
3 12090
3 12089
3 12088
3 12087
3 12086
3 12085
3 12084
3 12083
3 12082
3 12081
3 12080
3 12079
3 12078
3 12077
3 12076
3 12075
3 12074
3 12073
3 12072
3 12071
3 12070
3 12069
3 12068
3 12067
3 12066
3 12065
3 12064
3 12063
3 12062
3 12061
3 12060
3 12059
3 12058
3 12057
3 12056
3 12055
3 12054
3 12053
3 12052
3 12051
3 12050
3 12049
3 12048
3 12047
3 12046
3 12045
3 12044
3 12043
3 12042
3 12041
3 12040
3 12039
3 12038
3 12037
3 12036
3 12035
3 12034
3 12033
3 12032
3 12031
3 12030
3 12029
3 12028
3 12027
3 12026
3 12025
3 12024
3 12023
3 12022
3 12021
3 12020
3 12019
3 12018
3 12017
3 12016
3 12015
3 12014
3 12013
3 12012
3 12011
3 12010
3 12009
3 12008
3 12007
3 12006
3 12005
3 12004
3 12003
3 12002
3 12001
3 12000
3 11999
3 11998
3 11997
3 11996
3 11995
3 11994
3 11993
3 11992
3 11991
3 11990
3 11989
3 11988
3 11987
3 11986
3 11985
3 11984
3 11983
3 11982
3 11981
3 11980
3 11979
3 11978
3 11977
3 11976
3 11975
3 11974
3 11973
3 11972
3 11971
3 11970
3 11969
3 11968
3 11967
3 11966
3 11965
3 11964
3 11963
3 11962
3 11961
3 11960
3 11959
3 11958
3 11957
3 11956
3 11955
3 11954
3 11953
3 11952
3 11951
3 11950
3 11949
3 11948
3 11947
3 11946
3 11945
3 11944
3 11943
3 11942
3 11941
3 11940
3 11939
3 11938
3 11937
3 11936
3 11935
3 11934
3 11933
3 11932
3 11931
3 11930
3 11929
3 11928
3 11927
3 11926
3 11925
3 11924
3 11923
3 11922
3 11921
3 11920
3 11919
3 11918
3 11917
3 11916
3 11915
3 11914
3 11913
3 11912
3 11911
3 11910
3 11909
3 11908
3 11907
3 11906
3 11905
3 11904
3 11903
3 11902
3 11901
3 11900
3 11899
3 11898
3 11897
3 11896
3 11895
3 11894
3 11893
3 11892
3 11891
3 11890
3 11889
3 11888
3 11887
3 11886
3 11885
3 11884
3 11883
3 11882
3 11881
3 11880
3 11879
3 11878
3 11877
3 11876
3 11875
3 11874
3 11873
3 11872
3 11871
3 11870
3 11869
3 11868
3 11867
3 11866
3 11865
3 11864
3 11863
3 11862
3 11861
3 11860
3 11859
3 11858
3 11857
3 11856
3 11855
3 11854
3 11853
3 11852
3 11851
3 11850
3 11849
3 11848
3 11847
3 11846
3 11845
3 11844
3 11843
3 11842
3 11841
3 11840
3 11839
3 11838
3 11837
3 11836
3 11835
3 11834
3 11833
3 11832
3 11831
3 11830
3 11829
3 11828
3 11827
3 11826
3 11825
3 11824
3 11823
3 11822
3 11821
3 11820
3 11819
3 11818
3 11817
3 11816
3 11815
3 11814
3 11813
3 11812
3 11811
3 11810
3 11809
3 11808
3 11807
3 11806
3 11805
3 11804
3 11803
3 11802
3 11801
3 11800
3 11799
3 11798
3 11797
3 11796
3 11795
3 11794
3 11793
3 11792
3 11791
3 11790
3 11789
3 11788
3 11787
3 11786
3 11785
3 11784
3 11783
3 11782
3 11781
3 11780
3 11779
3 11778
3 11777
3 11776
3 11775
3 11774
3 11773
3 11772
3 11771
3 11770
3 11769
3 11768
3 11767
3 11766
3 11765
3 11764
3 11763
3 11762
3 11761
3 11760
3 11759
3 11758
3 11757
3 11756
3 11755
3 11754
3 11753
3 11752
3 11751
3 11750
3 11749
3 11748
3 11747
3 11746
3 11745
3 11744
3 11743
3 11742
3 11741
3 11740
3 11739
3 11738
3 11737
3 11736
3 11735
3 11734
3 11733
3 11732
3 11731
3 11730
3 11729
3 11728
3 11727
3 11726
3 11725
3 11724
3 11723
3 11722
3 11721
3 11720
3 11719
3 11718
3 11717
3 11716
3 11715
3 11714
3 11713
3 11712
3 11711
3 11710
3 11709
3 11708
3 11707
3 11706
3 11705
3 11704
3 11703
3 11702
3 11701
3 11700
3 11699
3 11698
3 11697
3 11696
3 11695
3 11694
3 11693
3 11692
3 11691
3 11690
3 11689
3 11688
3 11687
3 11686
3 11685
3 11684
3 11683
3 11682
3 11681
3 11680
3 11679
3 11678
3 11677
3 11676
3 11675
3 11674
3 11673
3 11672
3 11671
3 11670
3 11669
3 11668
3 11667
3 11666
3 11665
3 11664
3 11663
3 11662
3 11661
3 11660
3 11659
3 11658
3 11657
3 11656
3 11655
3 11654
3 11653
3 11652
3 11651
3 11650
3 11649
3 11648
3 11647
3 11646
3 11645
3 11644
3 11643
3 11642
3 11641
3 11640
3 11639
3 11638
3 11637
3 11636
3 11635
3 11634
3 11633
3 11632
3 11631
3 11630
3 11629
3 11628
3 11627
3 11626
3 11625
3 11624
3 11623
3 11622
3 11621
3 11620
3 11619
3 11618
3 11617
3 11616
3 11615
3 11614
3 11613
3 11612
3 11611
3 11610
3 11609
3 11608
3 11607
3 11606
3 11605
3 11604
3 11603
3 11602
3 11601
3 11600
3 11599
3 11598
3 11597
3 11596
3 11595
3 11594
3 11593
3 11592
3 11591
3 11590
3 11589
3 11588
3 11587
3 11586
3 11585
3 11584
3 11583
3 11582
3 11581
3 11580
3 11579
3 11578
3 11577
3 11576
3 11575
3 11574
3 11573
3 11572
3 11571
3 11570
3 11569
3 11568
3 11567
3 11566
3 11565
3 11564
3 11563
3 11562
3 11561
3 11560
3 11559
3 11558
3 11557
3 11556
3 11555
3 11554
3 11553
3 11552
3 11551
3 11550
3 11549
3 11548
3 11547
3 11546
3 11545
3 11544
3 11543
3 11542
3 11541
3 11540
3 11539
3 11538
3 11537
3 11536
3 11535
3 11534
3 11533
3 11532
3 11531
3 11530
3 11529
3 11528
3 11527
3 11526
3 11525
3 11524
3 11523
3 11522
3 11521
3 11520
3 11519
3 11518
3 11517
3 11516
3 11515
3 11514
3 11513
3 11512
3 11511
3 11510
3 11509
3 11508
3 11507
3 11506
3 11505
3 11504
3 11503
3 11502
3 11501
3 11500
3 11499
3 11498
3 11497
3 11496
3 11495
3 11494
3 11493
3 11492
3 11491
3 11490
3 11489
3 11488
3 11487
3 11486
3 11485
3 11484
3 11483
3 11482
3 11481
3 11480
3 11479
3 11478
3 11477
3 11476
3 11475
3 11474
3 11473
3 11472
3 11471
3 11470
3 11469
3 11468
3 11467
3 11466
3 11465
3 11464
3 11463
3 11462
3 11461
3 11460
3 11459
3 11458
3 11457
3 11456
3 11455
3 11454
3 11453
3 11452
3 11451
3 11450
3 11449
3 11448
3 11447
3 11446
3 11445
3 11444
3 11443
3 11442
3 11441
3 11440
3 11439
3 11438
3 11437
3 11436
3 11435
3 11434
3 11433
3 11432
3 11431
3 11430
3 11429
3 11428
3 11427
3 11426
3 11425
3 11424
3 11423
3 11422
3 11421
3 11420
3 11419
3 11418
3 11417
3 11416
3 11415
3 11414
3 11413
3 11412
3 11411
3 11410
3 11409
3 11408
3 11407
3 11406
3 11405
3 11404
3 11403
3 11402
3 11401
3 11400
3 11399
3 11398
3 11397
3 11396
3 11395
3 11394
3 11393
3 11392
3 11391
3 11390
3 11389
3 11388
3 11387
3 11386
3 11385
3 11384
3 11383
3 11382
3 11381
3 11380
3 11379
3 11378
3 11377
3 11376
3 11375
3 11374
3 11373
3 11372
3 11371
3 11370
3 11369
3 11368
3 11367
3 11366
3 11365
3 11364
3 11363
3 11362
3 11361
3 11360
3 11359
3 11358
3 11357
3 11356
3 11355
3 11354
3 11353
3 11352
3 11351
3 11350
3 11349
3 11348
3 11347
3 11346
3 11345
3 11344
3 11343
3 11342
3 11341
3 11340
3 11339
3 11338
3 11337
3 11336
7 11335
7 11334
9 11333
11 11332
14 11331
14 11330
14 11329
14 11328
14 11327
17 11326
18 11325
18 11324
18 11323
18 11322
18 11321
21 11320
21 11319
22 11318
22 11317
31 11316
46 11315
46 11314
48 11313
48 11312
48 11311
48 11310
48 11309
48 11308
48 11307
48 11306
48 11305
48 11304
48 11303
48 11302
48 11301
48 11300
49 11299
49 11298
49 11297
49 11296
49 11295
50 11294
50 11293
50 11292
50 11291
50 11290
50 11289
50 11288
50 11287
50 11286
50 11285
50 11284
50 11283
51 11282
51 11281
51 11280
51 11279
51 11278
51 11277
51 11276
51 11275
51 11274
51 11273
51 11272
51 11271
51 11270
52 11269
52 11268
52 11267
52 11266
53 11265
53 11264
55 11263
55 11262
55 11261
55 11260
55 11259
56 11258
56 11257
56 11256
56 11255
56 11254
56 11253
56 11252
56 11251
56 11250
56 11249
57 11248
57 11247
57 11246
57 11245
57 11244
57 11243
57 11242
57 11241
57 11240
57 11239
57 11238
57 11237
57 11236
57 11235
57 11234
57 11233
57 11232
57 11231
57 11230
57 11229
57 11228
57 11227
57 11226
57 11225
57 11224
57 11223
57 11222
57 11221
57 11220
57 11219
60 11218
60 11217
60 11216
60 11215
60 11214
60 11213
60 11212
60 11211
60 11210
60 11209
60 11208
60 11207
61 11206
61 11205
61 11204
61 11203
61 11202
61 11201
61 11200
61 11199
61 11198
61 11197
61 11196
61 11195
61 11194
61 11193
61 11192
61 11191
61 11190
61 11189
74 11188
77 11187
80 11186
102 11185
108 11184
110 11183
110 11182
111 11181
111 11180
111 11179
111 11178
111 11177
111 11176
111 11175
111 11174
111 11173
111 11172
111 11171
112 11170
112 11169
112 11168
112 11167
112 11166
112 11165
112 11164
112 11163
112 11162
112 11161
112 11160
112 11159
112 11158
113 11157
122 11156
127 11155
132 11154
132 11153
132 11152
132 11151
151 11150
151 11149
167 11148
167 11147
167 11146
167 11145
167 11144
167 11143
167 11142
167 11141
167 11140
172 11139
172 11138
172 11137
172 11136
172 11135
172 11134
172 11133
172 11132
172 11131
172 11130
172 11129
172 11128
172 11127
172 11126
172 11125
172 11124
173 11123
174 11122
174 11121
174 11120
174 11119
174 11118
174 11117
174 11116
174 11115
174 11114
174 11113
174 11112
174 11111
174 11110
175 11109
175 11108
175 11107
175 11106
175 11105
175 11104
175 11103
175 11102
175 11101
175 11100
175 11099
175 11098
175 11097
175 11096
175 11095
175 11094
175 11093
175 11092
175 11091
175 11090
175 11089
175 11088
175 11087
175 11086
175 11085
175 11084
175 11083
175 11082
175 11081
175 11080
175 11079
175 11078
175 11077
175 11076
177 11075
177 11074
180 11073
189 11072
194 11071
207 11070
207 11069
207 11068
207 11067
218 11066
218 11065
218 11064
229 11063
229 11062
229 11061
229 11060
231 11059
231 11058
231 11057
231 11056
231 11055
235 11054
235 11053
236 11052
236 11051
236 11050
236 11049
236 11048
259 11047
281 11046
286 11045
287 11044
287 11043
287 11042
287 11041
288 11040
288 11039
288 11038
293 11037
293 11036
293 11035
293 11034
296 11033
296 11032
296 11031
298 11030
298 11029
298 11028
298 11027
302 11026
330 11025
350 11024
354 11023
354 11022
354 11021
354 11020
360 11019
360 11018
360 11017
360 11016
360 11015
403 11014
406 11013
406 11012
406 11011
409 11010
409 11009
409 11008
409 11007
409 11006
409 11005
409 11004
409 11003
409 11002
422 11001
429 11000
429 10999
429 10998
462 10997
463 10996
463 10995
465 10994
465 10993
465 10992
465 10991
467 10990
467 10989
474 10988
478 10987
489 10986
489 10985
489 10984
489 10983
491 10982
491 10981
491 10980
504 10979
506 10978
506 10977
513 10976
513 10975
544 10974
544 10973
544 10972
544 10971
544 10970
544 10969
544 10968
556 10967
571 10966
572 10965
572 10964
572 10963
572 10962
572 10961
572 10960
572 10959
590 10958
594 10957
594 10956
594 10955
594 10954
594 10953
594 10952
