0 14108
0 14107
0 14106
0 14105
0 14104
0 14103
0 14102
0 14101
0 14100
0 14099
0 14098
0 14097
0 14096
0 14095
0 14094
0 14093
0 14092
0 14091
0 14090
0 14089
0 14088
0 14087
0 14086
0 14085
0 14084
0 14083
0 14082
0 14081
0 14080
0 14079
0 14078
0 14077
0 14076
0 14075
0 14074
0 14073
0 14072
0 14071
0 14070
0 14069
0 14068
0 14067
0 14066
0 14065
0 14064
0 14063
0 14062
0 14061
0 14060
0 14059
0 14058
0 14057
0 14056
0 14055
0 14054
0 14053
0 14052
0 14051
0 14050
0 14049
0 14048
0 14047
0 14046
0 14045
0 14044
0 14043
0 14042
0 14041
0 14040
0 14039
0 14038
0 14037
0 14036
0 14035
0 14034
0 14033
0 14032
0 14031
0 14030
0 14029
0 14028
0 14027
0 14026
0 14025
0 14024
0 14023
0 14022
0 14021
0 14020
0 14019
0 14018
0 14017
0 14016
0 14015
0 14014
0 14013
0 14012
0 14011
0 14010
0 14009
0 14008
0 14007
0 14006
0 14005
0 14004
0 14003
0 14002
0 14001
0 14000
0 13999
0 13998
0 13997
0 13996
0 13995
0 13994
0 13993
0 13992
0 13991
0 13990
0 13989
0 13988
0 13987
0 13986
0 13985
0 13984
0 13983
0 13982
0 13981
0 13980
0 13979
0 13978
0 13977
0 13976
0 13975
0 13974
0 13973
0 13972
0 13971
0 13970
0 13969
0 13968
0 13967
0 13966
0 13965
0 13964
0 13963
0 13962
0 13961
0 13960
0 13959
0 13958
0 13957
0 13956
0 13955
0 13954
0 13953
0 13952
0 13951
0 13950
0 13949
0 13948
0 13947
0 13946
0 13945
0 13944
0 13943
0 13942
0 13941
0 13940
0 13939
0 13938
0 13937
0 13936
0 13935
0 13934
0 13933
0 13932
0 13931
0 13930
0 13929
0 13928
0 13927
0 13926
0 13925
0 13924
0 13923
0 13922
0 13921
0 13920
0 13919
0 13918
0 13917
0 13916
0 13915
0 13914
0 13913
0 13912
0 13911
0 13910
0 13909
0 13908
0 13907
0 13906
0 13905
0 13904
0 13903
0 13902
0 13901
0 13900
0 13899
0 13898
0 13897
0 13896
0 13895
0 13894
0 13893
0 13892
0 13891
0 13890
0 13889
0 13888
0 13887
0 13886
0 13885
0 13884
0 13883
0 13882
0 13881
0 13880
0 13879
0 13878
0 13877
0 13876
0 13875
0 13874
0 13873
0 13872
0 13871
0 13870
0 13869
0 13868
0 13867
0 13866
0 13865
0 13864
0 13863
0 13862
0 13861
0 13860
0 13859
0 13858
0 13857
0 13856
0 13855
0 13854
0 13853
0 13852
0 13851
0 13850
0 13849
0 13848
0 13847
0 13846
0 13845
0 13844
0 13843
0 13842
0 13841
0 13840
0 13839
0 13838
0 13837
0 13836
0 13835
0 13834
0 13833
0 13832
0 13831
0 13830
0 13829
0 13828
0 13827
0 13826
0 13825
0 13824
0 13823
0 13822
0 13821
0 13820
0 13819
0 13818
0 13817
0 13816
0 13815
0 13814
1 13813
1 13812
1 13811
1 13810
1 13809
1 13808
1 13807
1 13806
1 13805
1 13804
1 13803
1 13802
1 13801
1 13800
1 13799
1 13798
1 13797
1 13796
1 13795
1 13794
1 13793
1 13792
1 13791
1 13790
1 13789
1 13788
1 13787
1 13786
1 13785
1 13784
1 13783
1 13782
1 13781
1 13780
1 13779
1 13778
1 13777
1 13776
1 13775
1 13774
1 13773
1 13772
1 13771
1 13770
1 13769
1 13768
1 13767
1 13766
1 13765
1 13764
1 13763
1 13762
1 13761
1 13760
1 13759
1 13758
1 13757
1 13756
1 13755
1 13754
1 13753
1 13752
1 13751
1 13750
1 13749
2 13748
2 13747
2 13746
2 13745
2 13744
2 13743
2 13742
2 13741
2 13740
2 13739
2 13738
2 13737
2 13736
2 13735
2 13734
2 13733
2 13732
2 13731
2 13730
2 13729
2 13728
2 13727
2 13726
2 13725
2 13724
2 13723
2 13722
2 13721
2 13720
2 13719
2 13718
2 13717
2 13716
2 13715
2 13714
2 13713
2 13712
2 13711
2 13710
2 13709
2 13708
2 13707
2 13706
2 13705
2 13704
2 13703
2 13702
2 13701
2 13700
2 13699
2 13698
2 13697
2 13696
2 13695
2 13694
2 13693
2 13692
2 13691
2 13690
2 13689
2 13688
2 13687
2 13686
2 13685
2 13684
2 13683
2 13682
2 13681
2 13680
2 13679
2 13678
2 13677
2 13676
2 13675
2 13674
2 13673
2 13672
2 13671
2 13670
2 13669
2 13668
2 13667
2 13666
2 13665
2 13664
2 13663
2 13662
2 13661
2 13660
2 13659
2 13658
2 13657
2 13656
2 13655
2 13654
2 13653
2 13652
2 13651
2 13650
2 13649
2 13648
2 13647
2 13646
2 13645
2 13644
2 13643
2 13642
2 13641
2 13640
2 13639
2 13638
2 13637
2 13636
2 13635
2 13634
2 13633
2 13632
2 13631
2 13630
2 13629
2 13628
2 13627
2 13626
2 13625
2 13624
2 13623
2 13622
2 13621
2 13620
2 13619
2 13618
2 13617
2 13616
2 13615
2 13614
2 13613
2 13612
2 13611
2 13610
2 13609
2 13608
2 13607
2 13606
2 13605
2 13604
2 13603
2 13602
2 13601
2 13600
2 13599
2 13598
2 13597
2 13596
2 13595
2 13594
2 13593
2 13592
2 13591
2 13590
2 13589
2 13588
2 13587
2 13586
2 13585
2 13584
2 13583
2 13582
2 13581
2 13580
2 13579
2 13578
2 13577
2 13576
2 13575
2 13574
2 13573
2 13572
2 13571
2 13570
2 13569
2 13568
2 13567
2 13566
2 13565
2 13564
2 13563
2 13562
2 13561
2 13560
2 13559
2 13558
2 13557
2 13556
2 13555
2 13554
2 13553
2 13552
2 13551
2 13550
2 13549
2 13548
2 13547
2 13546
2 13545
2 13544
2 13543
2 13542
2 13541
2 13540
2 13539
2 13538
2 13537
2 13536
2 13535
2 13534
2 13533
2 13532
2 13531
2 13530
2 13529
2 13528
2 13527
2 13526
2 13525
2 13524
2 13523
2 13522
2 13521
2 13520
2 13519
2 13518
2 13517
2 13516
2 13515
2 13514
2 13513
2 13512
2 13511
2 13510
2 13509
2 13508
2 13507
2 13506
2 13505
2 13504
2 13503
2 13502
2 13501
2 13500
2 13499
2 13498
2 13497
2 13496
2 13495
2 13494
2 13493
2 13492
2 13491
2 13490
2 13489
2 13488
2 13487
2 13486
2 13485
2 13484
2 13483
2 13482
2 13481
2 13480
2 13479
2 13478
2 13477
2 13476
2 13475
2 13474
2 13473
2 13472
2 13471
2 13470
2 13469
2 13468
2 13467
2 13466
2 13465
2 13464
2 13463
2 13462
2 13461
2 13460
2 13459
2 13458
2 13457
2 13456
2 13455
2 13454
2 13453
2 13452
2 13451
2 13450
2 13449
2 13448
2 13447
2 13446
2 13445
2 13444
2 13443
2 13442
2 13441
2 13440
2 13439
2 13438
2 13437
2 13436
2 13435
2 13434
2 13433
2 13432
2 13431
2 13430
2 13429
2 13428
2 13427
2 13426
2 13425
2 13424
2 13423
2 13422
2 13421
2 13420
2 13419
2 13418
2 13417
2 13416
2 13415
2 13414
2 13413
2 13412
2 13411
2 13410
2 13409
2 13408
2 13407
2 13406
2 13405
2 13404
2 13403
2 13402
2 13401
2 13400
2 13399
2 13398
2 13397
2 13396
2 13395
2 13394
2 13393
2 13392
2 13391
2 13390
2 13389
2 13388
2 13387
2 13386
2 13385
2 13384
2 13383
2 13382
2 13381
2 13380
2 13379
2 13378
2 13377
2 13376
2 13375
2 13374
2 13373
2 13372
2 13371
2 13370
2 13369
2 13368
2 13367
2 13366
2 13365
2 13364
2 13363
2 13362
2 13361
2 13360
2 13359
2 13358
2 13357
2 13356
2 13355
2 13354
2 13353
2 13352
2 13351
2 13350
2 13349
2 13348
2 13347
2 13346
2 13345
2 13344
2 13343
2 13342
2 13341
2 13340
2 13339
2 13338
2 13337
2 13336
2 13335
2 13334
2 13333
2 13332
2 13331
2 13330
2 13329
2 13328
2 13327
2 13326
2 13325
2 13324
2 13323
2 13322
2 13321
2 13320
2 13319
2 13318
2 13317
2 13316
2 13315
2 13314
2 13313
2 13312
2 13311
2 13310
2 13309
2 13308
2 13307
2 13306
2 13305
2 13304
2 13303
2 13302
2 13301
2 13300
2 13299
2 13298
2 13297
2 13296
2 13295
2 13294
2 13293
2 13292
2 13291
2 13290
2 13289
2 13288
2 13287
2 13286
2 13285
2 13284
2 13283
2 13282
2 13281
2 13280
2 13279
2 13278
2 13277
2 13276
2 13275
2 13274
2 13273
2 13272
2 13271
2 13270
2 13269
2 13268
2 13267
2 13266
2 13265
2 13264
2 13263
2 13262
2 13261
2 13260
2 13259
2 13258
2 13257
2 13256
2 13255
2 13254
2 13253
2 13252
2 13251
2 13250
2 13249
2 13248
2 13247
2 13246
2 13245
2 13244
2 13243
2 13242
2 13241
2 13240
2 13239
2 13238
2 13237
2 13236
2 13235
2 13234
2 13233
2 13232
2 13231
2 13230
2 13229
2 13228
2 13227
2 13226
2 13225
2 13224
2 13223
2 13222
2 13221
2 13220
2 13219
2 13218
2 13217
2 13216
2 13215
2 13214
2 13213
2 13212
2 13211
2 13210
2 13209
2 13208
2 13207
2 13206
2 13205
2 13204
2 13203
2 13202
2 13201
2 13200
2 13199
2 13198
2 13197
2 13196
2 13195
2 13194
2 13193
2 13192
2 13191
2 13190
2 13189
2 13188
2 13187
2 13186
2 13185
2 13184
2 13183
2 13182
2 13181
2 13180
2 13179
2 13178
2 13177
2 13176
2 13175
2 13174
2 13173
2 13172
2 13171
2 13170
2 13169
2 13168
2 13167
2 13166
2 13165
2 13164
2 13163
2 13162
2 13161
2 13160
2 13159
2 13158
2 13157
2 13156
2 13155
2 13154
2 13153
2 13152
2 13151
2 13150
2 13149
2 13148
2 13147
2 13146
2 13145
2 13144
2 13143
2 13142
2 13141
2 13140
2 13139
2 13138
2 13137
2 13136
2 13135
2 13134
2 13133
2 13132
2 13131
2 13130
2 13129
2 13128
2 13127
2 13126
2 13125
2 13124
2 13123
2 13122
2 13121
2 13120
2 13119
2 13118
2 13117
2 13116
2 13115
2 13114
2 13113
2 13112
2 13111
2 13110
2 13109
2 13108
2 13107
2 13106
2 13105
2 13104
2 13103
2 13102
2 13101
2 13100
2 13099
2 13098
2 13097
2 13096
2 13095
2 13094
2 13093
2 13092
2 13091
2 13090
2 13089
2 13088
2 13087
2 13086
2 13085
2 13084
2 13083
2 13082
2 13081
2 13080
2 13079
2 13078
2 13077
2 13076
2 13075
2 13074
2 13073
2 13072
2 13071
2 13070
2 13069
2 13068
2 13067
2 13066
2 13065
2 13064
2 13063
2 13062
2 13061
2 13060
2 13059
2 13058
2 13057
2 13056
2 13055
2 13054
2 13053
2 13052
2 13051
2 13050
2 13049
2 13048
2 13047
2 13046
2 13045
2 13044
2 13043
2 13042
2 13041
2 13040
2 13039
2 13038
2 13037
2 13036
2 13035
2 13034
2 13033
2 13032
2 13031
2 13030
2 13029
2 13028
2 13027
2 13026
2 13025
2 13024
2 13023
2 13022
2 13021
2 13020
2 13019
2 13018
2 13017
2 13016
2 13015
2 13014
2 13013
2 13012
2 13011
2 13010
2 13009
2 13008
2 13007
2 13006
2 13005
2 13004
2 13003
2 13002
2 13001
2 13000
2 12999
2 12998
2 12997
2 12996
2 12995
2 12994
2 12993
2 12992
2 12991
2 12990
2 12989
2 12988
2 12987
2 12986
2 12985
2 12984
2 12983
2 12982
2 12981
2 12980
2 12979
2 12978
2 12977
2 12976
2 12975
2 12974
2 12973
2 12972
2 12971
2 12970
2 12969
2 12968
2 12967
2 12966
2 12965
2 12964
2 12963
2 12962
2 12961
2 12960
2 12959
2 12958
2 12957
2 12956
2 12955
2 12954
2 12953
2 12952
2 12951
2 12950
2 12949
2 12948
2 12947
2 12946
2 12945
2 12944
2 12943
2 12942
2 12941
2 12940
2 12939
2 12938
2 12937
2 12936
2 12935
2 12934
2 12933
2 12932
2 12931
2 12930
2 12929
2 12928
2 12927
2 12926
2 12925
2 12924
2 12923
2 12922
2 12921
2 12920
2 12919
2 12918
2 12917
2 12916
2 12915
2 12914
2 12913
2 12912
2 12911
2 12910
2 12909
2 12908
2 12907
2 12906
2 12905
2 12904
2 12903
2 12902
2 12901
2 12900
2 12899
2 12898
2 12897
2 12896
2 12895
2 12894
2 12893
2 12892
2 12891
2 12890
2 12889
2 12888
2 12887
2 12886
2 12885
2 12884
2 12883
2 12882
2 12881
2 12880
2 12879
2 12878
2 12877
2 12876
2 12875
2 12874
2 12873
2 12872
2 12871
2 12870
2 12869
2 12868
2 12867
2 12866
2 12865
2 12864
2 12863
2 12862
2 12861
2 12860
2 12859
2 12858
2 12857
2 12856
2 12855
2 12854
2 12853
2 12852
2 12851
2 12850
2 12849
2 12848
2 12847
2 12846
2 12845
2 12844
2 12843
2 12842
2 12841
2 12840
2 12839
2 12838
2 12837
2 12836
2 12835
2 12834
2 12833
2 12832
2 12831
2 12830
2 12829
2 12828
2 12827
2 12826
2 12825
2 12824
2 12823
2 12822
2 12821
2 12820
2 12819
2 12818
2 12817
2 12816
2 12815
2 12814
2 12813
2 12812
2 12811
2 12810
2 12809
2 12808
2 12807
2 12806
2 12805
2 12804
2 12803
2 12802
2 12801
2 12800
2 12799
2 12798
2 12797
2 12796
2 12795
2 12794
2 12793
2 12792
2 12791
2 12790
2 12789
2 12788
2 12787
2 12786
2 12785
2 12784
2 12783
2 12782
2 12781
2 12780
2 12779
2 12778
2 12777
2 12776
2 12775
2 12774
2 12773
2 12772
2 12771
2 12770
2 12769
2 12768
2 12767
2 12766
2 12765
2 12764
2 12763
2 12762
2 12761
2 12760
2 12759
2 12758
2 12757
2 12756
2 12755
2 12754
2 12753
2 12752
2 12751
2 12750
2 12749
2 12748
2 12747
2 12746
2 12745
2 12744
2 12743
2 12742
2 12741
2 12740
2 12739
2 12738
2 12737
2 12736
2 12735
2 12734
2 12733
2 12732
2 12731
2 12730
2 12729
2 12728
2 12727
2 12726
2 12725
2 12724
2 12723
2 12722
2 12721
2 12720
2 12719
2 12718
2 12717
2 12716
2 12715
2 12714
2 12713
2 12712
2 12711
2 12710
2 12709
2 12708
2 12707
2 12706
2 12705
2 12704
2 12703
2 12702
2 12701
2 12700
2 12699
2 12698
2 12697
2 12696
2 12695
2 12694
2 12693
2 12692
2 12691
2 12690
2 12689
2 12688
2 12687
2 12686
2 12685
2 12684
2 12683
2 12682
2 12681
2 12680
2 12679
2 12678
2 12677
2 12676
2 12675
2 12674
2 12673
2 12672
2 12671
2 12670
2 12669
2 12668
2 12667
2 12666
2 12665
2 12664
2 12663
2 12662
2 12661
2 12660
2 12659
2 12658
2 12657
2 12656
2 12655
2 12654
2 12653
2 12652
2 12651
2 12650
2 12649
2 12648
2 12647
2 12646
2 12645
2 12644
2 12643
2 12642
2 12641
2 12640
2 12639
2 12638
2 12637
2 12636
2 12635
2 12634
2 12633
2 12632
2 12631
2 12630
2 12629
2 12628
2 12627
2 12626
2 12625
2 12624
2 12623
2 12622
2 12621
2 12620
2 12619
2 12618
2 12617
2 12616
2 12615
2 12614
2 12613
2 12612
2 12611
2 12610
2 12609
2 12608
2 12607
2 12606
2 12605
2 12604
2 12603
2 12602
2 12601
2 12600
2 12599
2 12598
2 12597
2 12596
2 12595
2 12594
2 12593
2 12592
2 12591
2 12590
2 12589
2 12588
2 12587
2 12586
2 12585
2 12584
2 12583
2 12582
2 12581
2 12580
2 12579
2 12578
2 12577
2 12576
2 12575
2 12574
2 12573
2 12572
2 12571
2 12570
2 12569
2 12568
2 12567
2 12566
2 12565
2 12564
2 12563
2 12562
2 12561
2 12560
2 12559
2 12558
2 12557
2 12556
2 12555
2 12554
2 12553
2 12552
2 12551
2 12550
2 12549
2 12548
2 12547
2 12546
2 12545
2 12544
2 12543
2 12542
2 12541
2 12540
2 12539
2 12538
2 12537
2 12536
2 12535
2 12534
2 12533
2 12532
2 12531
2 12530
2 12529
2 12528
2 12527
2 12526
2 12525
2 12524
2 12523
2 12522
2 12521
2 12520
2 12519
2 12518
2 12517
2 12516
2 12515
2 12514
2 12513
2 12512
2 12511
2 12510
2 12509
2 12508
2 12507
2 12506
2 12505
2 12504
2 12503
2 12502
2 12501
2 12500
2 12499
2 12498
2 12497
2 12496
2 12495
2 12494
2 12493
2 12492
2 12491
2 12490
2 12489
2 12488
2 12487
2 12486
2 12485
2 12484
2 12483
2 12482
2 12481
2 12480
2 12479
2 12478
2 12477
2 12476
2 12475
2 12474
2 12473
2 12472
2 12471
2 12470
2 12469
2 12468
2 12467
2 12466
2 12465
2 12464
2 12463
2 12462
2 12461
2 12460
2 12459
2 12458
2 12457
2 12456
2 12455
2 12454
2 12453
2 12452
2 12451
2 12450
2 12449
2 12448
2 12447
2 12446
2 12445
2 12444
2 12443
2 12442
2 12441
2 12440
2 12439
2 12438
2 12437
2 12436
2 12435
2 12434
2 12433
2 12432
2 12431
2 12430
2 12429
2 12428
2 12427
2 12426
2 12425
2 12424
2 12423
2 12422
2 12421
2 12420
2 12419
2 12418
2 12417
2 12416
2 12415
2 12414
2 12413
2 12412
2 12411
2 12410
2 12409
2 12408
2 12407
2 12406
2 12405
2 12404
2 12403
2 12402
2 12401
2 12400
2 12399
2 12398
2 12397
2 12396
2 12395
2 12394
2 12393
2 12392
2 12391
2 12390
2 12389
2 12388
2 12387
2 12386
2 12385
2 12384
2 12383
2 12382
2 12381
2 12380
2 12379
2 12378
2 12377
2 12376
2 12375
2 12374
2 12373
2 12372
2 12371
2 12370
2 12369
2 12368
2 12367
2 12366
2 12365
2 12364
2 12363
2 12362
2 12361
2 12360
2 12359
2 12358
2 12357
2 12356
2 12355
2 12354
2 12353
2 12352
2 12351
2 12350
2 12349
2 12348
2 12347
2 12346
2 12345
2 12344
2 12343
2 12342
2 12341
2 12340
2 12339
2 12338
2 12337
2 12336
2 12335
2 12334
2 12333
2 12332
2 12331
2 12330
2 12329
2 12328
2 12327
2 12326
2 12325
2 12324
2 12323
2 12322
2 12321
2 12320
2 12319
2 12318
2 12317
2 12316
2 12315
2 12314
2 12313
2 12312
2 12311
2 12310
2 12309
2 12308
2 12307
2 12306
2 12305
2 12304
2 12303
2 12302
2 12301
2 12300
2 12299
2 12298
2 12297
2 12296
2 12295
2 12294
2 12293
2 12292
2 12291
2 12290
2 12289
2 12288
2 12287
2 12286
2 12285
2 12284
2 12283
2 12282
2 12281
2 12280
2 12279
2 12278
2 12277
2 12276
2 12275
2 12274
2 12273
2 12272
2 12271
2 12270
2 12269
2 12268
2 12267
2 12266
2 12265
2 12264
2 12263
2 12262
2 12261
2 12260
2 12259
2 12258
2 12257
2 12256
2 12255
2 12254
2 12253
2 12252
2 12251
2 12250
2 12249
2 12248
2 12247
2 12246
2 12245
2 12244
2 12243
2 12242
2 12241
2 12240
2 12239
2 12238
2 12237
2 12236
2 12235
2 12234
2 12233
2 12232
2 12231
2 12230
2 12229
2 12228
2 12227
2 12226
2 12225
2 12224
2 12223
2 12222
2 12221
2 12220
2 12219
2 12218
2 12217
2 12216
2 12215
2 12214
2 12213
3 12212
3 12211
3 12210
3 12209
3 12208
3 12207
3 12206
3 12205
3 12204
3 12203
3 12202
3 12201
3 12200
3 12199
3 12198
3 12197
3 12196
3 12195
4 12194
4 12193
4 12192
4 12191
4 12190
4 12189
4 12188
4 12187
4 12186
4 12185
4 12184
4 12183
4 12182
5 12181
5 12180
5 12179
5 12178
5 12177
5 12176
5 12175
5 12174
5 12173
5 12172
5 12171
5 12170
5 12169
5 12168
5 12167
5 12166
5 12165
5 12164
5 12163
5 12162
5 12161
5 12160
5 12159
5 12158
5 12157
5 12156
5 12155
5 12154
5 12153
5 12152
5 12151
5 12150
5 12149
5 12148
5 12147
5 12146
5 12145
5 12144
5 12143
5 12142
5 12141
5 12140
5 12139
5 12138
5 12137
5 12136
5 12135
5 12134
5 12133
5 12132
5 12131
5 12130
5 12129
5 12128
5 12127
5 12126
5 12125
5 12124
5 12123
5 12122
5 12121
5 12120
5 12119
5 12118
5 12117
5 12116
5 12115
5 12114
5 12113
5 12112
5 12111
5 12110
5 12109
5 12108
5 12107
5 12106
5 12105
5 12104
5 12103
5 12102
5 12101
5 12100
5 12099
5 12098
5 12097
5 12096
5 12095
5 12094
5 12093
5 12092
5 12091
5 12090
5 12089
5 12088
5 12087
5 12086
5 12085
5 12084
5 12083
5 12082
5 12081
5 12080
5 12079
5 12078
5 12077
5 12076
5 12075
5 12074
5 12073
5 12072
5 12071
5 12070
5 12069
5 12068
5 12067
5 12066
5 12065
5 12064
5 12063
5 12062
5 12061
5 12060
5 12059
5 12058
5 12057
5 12056
5 12055
5 12054
5 12053
5 12052
5 12051
5 12050
5 12049
5 12048
5 12047
5 12046
5 12045
5 12044
5 12043
5 12042
5 12041
5 12040
5 12039
5 12038
5 12037
5 12036
5 12035
5 12034
5 12033
5 12032
5 12031
5 12030
5 12029
5 12028
5 12027
5 12026
5 12025
5 12024
5 12023
5 12022
5 12021
5 12020
5 12019
5 12018
5 12017
5 12016
5 12015
5 12014
5 12013
5 12012
5 12011
5 12010
5 12009
5 12008
5 12007
5 12006
5 12005
5 12004
5 12003
5 12002
5 12001
5 12000
5 11999
5 11998
5 11997
5 11996
5 11995
5 11994
5 11993
5 11992
5 11991
5 11990
5 11989
5 11988
5 11987
5 11986
5 11985
5 11984
5 11983
5 11982
5 11981
5 11980
5 11979
5 11978
5 11977
5 11976
5 11975
5 11974
5 11973
5 11972
5 11971
5 11970
5 11969
5 11968
5 11967
5 11966
5 11965
5 11964
5 11963
5 11962
5 11961
5 11960
5 11959
5 11958
5 11957
5 11956
5 11955
5 11954
5 11953
5 11952
5 11951
5 11950
5 11949
5 11948
5 11947
5 11946
5 11945
5 11944
5 11943
5 11942
5 11941
5 11940
5 11939
5 11938
5 11937
5 11936
5 11935
5 11934
5 11933
5 11932
5 11931
5 11930
5 11929
5 11928
5 11927
5 11926
5 11925
5 11924
5 11923
5 11922
5 11921
5 11920
5 11919
5 11918
5 11917
5 11916
5 11915
5 11914
5 11913
5 11912
5 11911
5 11910
5 11909
5 11908
5 11907
5 11906
5 11905
5 11904
5 11903
5 11902
5 11901
5 11900
5 11899
5 11898
5 11897
5 11896
5 11895
5 11894
5 11893
5 11892
5 11891
5 11890
5 11889
5 11888
5 11887
5 11886
5 11885
5 11884
5 11883
5 11882
5 11881
5 11880
5 11879
5 11878
5 11877
5 11876
5 11875
5 11874
5 11873
5 11872
5 11871
5 11870
5 11869
5 11868
5 11867
5 11866
5 11865
5 11864
5 11863
5 11862
5 11861
5 11860
5 11859
5 11858
5 11857
5 11856
5 11855
5 11854
5 11853
5 11852
5 11851
5 11850
5 11849
5 11848
5 11847
5 11846
5 11845
5 11844
5 11843
5 11842
5 11841
5 11840
5 11839
5 11838
5 11837
5 11836
5 11835
5 11834
5 11833
5 11832
5 11831
5 11830
5 11829
5 11828
5 11827
5 11826
5 11825
5 11824
5 11823
5 11822
5 11821
5 11820
5 11819
5 11818
5 11817
5 11816
5 11815
5 11814
5 11813
5 11812
5 11811
5 11810
5 11809
5 11808
5 11807
5 11806
5 11805
5 11804
5 11803
5 11802
5 11801
5 11800
5 11799
5 11798
5 11797
5 11796
5 11795
5 11794
5 11793
5 11792
5 11791
5 11790
5 11789
5 11788
5 11787
5 11786
5 11785
5 11784
5 11783
5 11782
5 11781
5 11780
5 11779
5 11778
5 11777
5 11776
5 11775
5 11774
5 11773
5 11772
5 11771
5 11770
5 11769
5 11768
5 11767
5 11766
5 11765
5 11764
5 11763
5 11762
5 11761
5 11760
5 11759
5 11758
5 11757
5 11756
5 11755
5 11754
5 11753
5 11752
5 11751
5 11750
5 11749
5 11748
5 11747
5 11746
5 11745
5 11744
5 11743
5 11742
5 11741
5 11740
5 11739
5 11738
5 11737
5 11736
5 11735
5 11734
5 11733
5 11732
5 11731
5 11730
5 11729
5 11728
5 11727
5 11726
5 11725
5 11724
5 11723
5 11722
5 11721
5 11720
5 11719
5 11718
5 11717
5 11716
10 11715
10 11714
10 11713
10 11712
10 11711
10 11710
10 11709
10 11708
10 11707
10 11706
10 11705
10 11704
14 11703
14 11702
14 11701
14 11700
15 11699
15 11698
15 11697
16 11696
16 11695
16 11694
17 11693
17 11692
18 11691
18 11690
18 11689
18 11688
20 11687
21 11686
24 11685
24 11684
28 11683
45 11682
45 11681
45 11680
46 11679
47 11678
47 11677
47 11676
47 11675
48 11674
48 11673
48 11672
48 11671
48 11670
48 11669
49 11668
49 11667
49 11666
49 11665
49 11664
49 11663
49 11662
49 11661
49 11660
49 11659
49 11658
49 11657
49 11656
49 11655
49 11654
50 11653
50 11652
50 11651
50 11650
50 11649
50 11648
50 11647
50 11646
50 11645
50 11644
50 11643
50 11642
50 11641
50 11640
50 11639
50 11638
50 11637
50 11636
50 11635
50 11634
50 11633
50 11632
50 11631
50 11630
50 11629
50 11628
50 11627
50 11626
50 11625
50 11624
50 11623
50 11622
50 11621
50 11620
52 11619
52 11618
52 11617
53 11616
53 11615
53 11614
53 11613
53 11612
53 11611
53 11610
53 11609
53 11608
53 11607
53 11606
53 11605
53 11604
53 11603
53 11602
53 11601
53 11600
53 11599
53 11598
53 11597
53 11596
53 11595
54 11594
54 11593
54 11592
54 11591
54 11590
54 11589
54 11588
54 11587
54 11586
54 11585
54 11584
54 11583
54 11582
54 11581
54 11580
54 11579
54 11578
54 11577
54 11576
54 11575
54 11574
54 11573
54 11572
54 11571
54 11570
54 11569
55 11568
55 11567
55 11566
55 11565
55 11564
55 11563
55 11562
55 11561
55 11560
55 11559
55 11558
55 11557
55 11556
55 11555
55 11554
55 11553
55 11552
55 11551
56 11550
56 11549
56 11548
56 11547
56 11546
56 11545
56 11544
56 11543
56 11542
56 11541
56 11540
56 11539
56 11538
56 11537
56 11536
56 11535
56 11534
56 11533
56 11532
56 11531
56 11530
56 11529
56 11528
56 11527
56 11526
56 11525
56 11524
56 11523
56 11522
56 11521
56 11520
56 11519
56 11518
56 11517
56 11516
56 11515
56 11514
56 11513
56 11512
67 11511
72 11510
72 11509
85 11508
91 11507
94 11506
94 11505
98 11504
98 11503
98 11502
98 11501
98 11500
98 11499
98 11498
100 11497
100 11496
100 11495
100 11494
100 11493
100 11492
100 11491
100 11490
100 11489
100 11488
100 11487
100 11486
100 11485
100 11484
100 11483
101 11482
101 11481
101 11480
101 11479
101 11478
101 11477
101 11476
101 11475
101 11474
101 11473
101 11472
101 11471
101 11470
101 11469
102 11468
102 11467
102 11466
102 11465
102 11464
102 11463
102 11462
102 11461
102 11460
102 11459
102 11458
102 11457
102 11456
102 11455
102 11454
102 11453
102 11452
102 11451
102 11450
102 11449
102 11448
102 11447
102 11446
102 11445
102 11444
102 11443
102 11442
102 11441
102 11440
102 11439
102 11438
102 11437
102 11436
102 11435
105 11434
105 11433
105 11432
105 11431
105 11430
105 11429
105 11428
105 11427
105 11426
108 11425
117 11424
145 11423
147 11422
147 11421
156 11420
156 11419
156 11418
156 11417
156 11416
156 11415
156 11414
156 11413
156 11412
156 11411
156 11410
160 11409
160 11408
160 11407
160 11406
160 11405
160 11404
190 11403
192 11402
192 11401
192 11400
192 11399
192 11398
192 11397
192 11396
196 11395
199 11394
201 11393
201 11392
201 11391
201 11390
201 11389
201 11388
203 11387
203 11386
203 11385
203 11384
203 11383
203 11382
204 11381
204 11380
204 11379
204 11378
204 11377
204 11376
209 11375
209 11374
217 11373
217 11372
223 11371
225 11370
225 11369
225 11368
225 11367
237 11366
237 11365
241 11364
241 11363
241 11362
241 11361
241 11360
246 11359
246 11358
246 11357
246 11356
246 11355
246 11354
246 11353
246 11352
246 11351
246 11350
246 11349
246 11348
246 11347
246 11346
246 11345
246 11344
249 11343
250 11342
250 11341
250 11340
250 11339
250 11338
250 11337
250 11336
250 11335
250 11334
250 11333
250 11332
250 11331
250 11330
251 11329
258 11328
258 11327
258 11326
258 11325
258 11324
258 11323
258 11322
262 11321
276 11320
282 11319
282 11318
284 11317
286 11316
292 11315
292 11314
293 11313
293 11312
294 11311
294 11310
306 11309
306 11308
310 11307
310 11306
311 11305
323 11304
334 11303
334 11302
334 11301
338 11300
338 11299
338 11298
338 11297
338 11296
338 11295
338 11294
338 11293
338 11292
338 11291
338 11290
339 11289
339 11288
339 11287
339 11286
339 11285
339 11284
379 11283
404 11282
418 11281
429 11280
429 11279
429 11278
429 11277
433 11276
433 11275
433 11274
433 11273
434 11272
453 11271
453 11270
461 11269
461 11268
461 11267
461 11266
468 11265
468 11264
486 11263
486 11262
503 11261
510 11260
510 11259
510 11258
510 11257
514 11256
517 11255
517 11254
521 11253
521 11252
525 11251
525 11250
531 11249
531 11248
531 11247
531 11246
531 11245
534 11244
534 11243
544 11242
552 11241
552 11240
552 11239
552 11238
552 11237
558 11236
570 11235
578 11234
578 11233
583 11232
586 11231
586 11230
596 11229
597 11228
