0 14108
0 14107
0 14106
0 14105
0 14104
0 14103
0 14102
0 14101
0 14100
0 14099
0 14098
0 14097
0 14096
0 14095
0 14094
0 14093
0 14092
0 14091
0 14090
0 14089
0 14088
0 14087
0 14086
0 14085
0 14084
0 14083
0 14082
0 14081
0 14080
0 14079
0 14078
0 14077
0 14076
0 14075
0 14074
0 14073
0 14072
0 14071
0 14070
0 14069
0 14068
0 14067
0 14066
0 14065
0 14064
0 14063
0 14062
0 14061
0 14060
0 14059
0 14058
0 14057
0 14056
0 14055
0 14054
0 14053
0 14052
0 14051
0 14050
0 14049
0 14048
0 14047
0 14046
0 14045
0 14044
0 14043
0 14042
0 14041
0 14040
0 14039
0 14038
0 14037
0 14036
0 14035
0 14034
0 14033
0 14032
0 14031
0 14030
0 14029
0 14028
0 14027
0 14026
0 14025
0 14024
0 14023
0 14022
0 14021
0 14020
0 14019
0 14018
0 14017
0 14016
0 14015
0 14014
0 14013
0 14012
0 14011
0 14010
0 14009
0 14008
0 14007
0 14006
0 14005
0 14004
0 14003
0 14002
0 14001
0 14000
0 13999
0 13998
0 13997
0 13996
0 13995
0 13994
0 13993
0 13992
0 13991
0 13990
0 13989
0 13988
0 13987
0 13986
0 13985
0 13984
0 13983
0 13982
0 13981
0 13980
0 13979
0 13978
0 13977
0 13976
0 13975
0 13974
0 13973
0 13972
0 13971
0 13970
0 13969
0 13968
0 13967
0 13966
0 13965
0 13964
0 13963
0 13962
0 13961
0 13960
0 13959
0 13958
0 13957
0 13956
0 13955
0 13954
0 13953
0 13952
0 13951
0 13950
0 13949
0 13948
0 13947
0 13946
0 13945
0 13944
0 13943
0 13942
0 13941
0 13940
0 13939
0 13938
0 13937
0 13936
0 13935
0 13934
0 13933
0 13932
0 13931
0 13930
0 13929
0 13928
0 13927
0 13926
0 13925
0 13924
0 13923
0 13922
0 13921
0 13920
0 13919
0 13918
0 13917
0 13916
0 13915
0 13914
0 13913
0 13912
0 13911
0 13910
0 13909
0 13908
0 13907
0 13906
0 13905
0 13904
0 13903
0 13902
0 13901
0 13900
0 13899
0 13898
0 13897
0 13896
0 13895
0 13894
0 13893
0 13892
0 13891
0 13890
0 13889
0 13888
0 13887
0 13886
0 13885
0 13884
0 13883
0 13882
0 13881
0 13880
0 13879
0 13878
0 13877
0 13876
0 13875
0 13874
0 13873
0 13872
0 13871
0 13870
0 13869
0 13868
0 13867
0 13866
0 13865
0 13864
0 13863
0 13862
0 13861
0 13860
0 13859
0 13858
0 13857
0 13856
0 13855
0 13854
0 13853
0 13852
0 13851
0 13850
0 13849
0 13848
0 13847
0 13846
0 13845
0 13844
0 13843
0 13842
0 13841
0 13840
0 13839
0 13838
0 13837
0 13836
0 13835
0 13834
0 13833
0 13832
0 13831
0 13830
0 13829
0 13828
0 13827
0 13826
0 13825
0 13824
0 13823
0 13822
0 13821
0 13820
0 13819
0 13818
0 13817
0 13816
0 13815
0 13814
0 13813
0 13812
0 13811
0 13810
0 13809
0 13808
0 13807
0 13806
0 13805
0 13804
0 13803
0 13802
0 13801
0 13800
0 13799
0 13798
0 13797
0 13796
0 13795
0 13794
0 13793
0 13792
0 13791
0 13790
0 13789
0 13788
0 13787
0 13786
0 13785
0 13784
0 13783
0 13782
0 13781
0 13780
0 13779
0 13778
0 13777
1 13776
1 13775
1 13774
1 13773
1 13772
1 13771
1 13770
1 13769
1 13768
1 13767
1 13766
1 13765
1 13764
1 13763
1 13762
1 13761
1 13760
1 13759
1 13758
1 13757
1 13756
1 13755
1 13754
1 13753
1 13752
1 13751
1 13750
1 13749
1 13748
1 13747
1 13746
1 13745
1 13744
1 13743
1 13742
1 13741
1 13740
1 13739
1 13738
1 13737
1 13736
1 13735
1 13734
1 13733
1 13732
1 13731
1 13730
1 13729
1 13728
1 13727
1 13726
1 13725
1 13724
1 13723
1 13722
1 13721
1 13720
1 13719
1 13718
1 13717
1 13716
1 13715
1 13714
1 13713
1 13712
1 13711
1 13710
1 13709
1 13708
1 13707
1 13706
1 13705
1 13704
1 13703
1 13702
1 13701
1 13700
1 13699
1 13698
1 13697
1 13696
1 13695
1 13694
1 13693
1 13692
1 13691
1 13690
1 13689
1 13688
1 13687
1 13686
1 13685
1 13684
1 13683
1 13682
1 13681
1 13680
1 13679
1 13678
1 13677
1 13676
1 13675
1 13674
1 13673
1 13672
1 13671
1 13670
1 13669
1 13668
1 13667
1 13666
1 13665
1 13664
1 13663
1 13662
1 13661
1 13660
1 13659
1 13658
1 13657
1 13656
1 13655
1 13654
1 13653
1 13652
1 13651
1 13650
1 13649
1 13648
1 13647
1 13646
1 13645
1 13644
1 13643
1 13642
1 13641
1 13640
1 13639
1 13638
1 13637
1 13636
1 13635
1 13634
1 13633
1 13632
1 13631
1 13630
1 13629
1 13628
1 13627
1 13626
1 13625
1 13624
1 13623
1 13622
1 13621
1 13620
1 13619
1 13618
1 13617
1 13616
1 13615
1 13614
1 13613
1 13612
1 13611
1 13610
1 13609
1 13608
1 13607
1 13606
1 13605
1 13604
1 13603
1 13602
1 13601
1 13600
1 13599
1 13598
1 13597
1 13596
1 13595
1 13594
1 13593
1 13592
1 13591
1 13590
1 13589
1 13588
1 13587
1 13586
1 13585
1 13584
1 13583
1 13582
1 13581
1 13580
1 13579
1 13578
1 13577
1 13576
1 13575
1 13574
1 13573
1 13572
1 13571
1 13570
1 13569
1 13568
1 13567
1 13566
1 13565
1 13564
1 13563
1 13562
1 13561
1 13560
1 13559
1 13558
1 13557
1 13556
1 13555
1 13554
1 13553
1 13552
1 13551
1 13550
1 13549
1 13548
1 13547
1 13546
1 13545
1 13544
1 13543
1 13542
1 13541
1 13540
1 13539
1 13538
1 13537
1 13536
1 13535
1 13534
1 13533
1 13532
1 13531
1 13530
1 13529
1 13528
1 13527
1 13526
1 13525
1 13524
1 13523
1 13522
1 13521
1 13520
1 13519
1 13518
1 13517
1 13516
1 13515
1 13514
1 13513
1 13512
1 13511
1 13510
1 13509
1 13508
1 13507
1 13506
1 13505
1 13504
1 13503
1 13502
1 13501
1 13500
1 13499
1 13498
1 13497
1 13496
1 13495
1 13494
1 13493
1 13492
1 13491
1 13490
1 13489
1 13488
1 13487
1 13486
1 13485
1 13484
1 13483
1 13482
1 13481
1 13480
1 13479
1 13478
1 13477
1 13476
1 13475
1 13474
1 13473
1 13472
1 13471
1 13470
1 13469
1 13468
1 13467
1 13466
1 13465
1 13464
1 13463
1 13462
1 13461
1 13460
1 13459
1 13458
1 13457
1 13456
1 13455
1 13454
1 13453
1 13452
1 13451
1 13450
1 13449
1 13448
1 13447
1 13446
1 13445
1 13444
1 13443
1 13442
1 13441
1 13440
1 13439
1 13438
1 13437
1 13436
1 13435
1 13434
1 13433
1 13432
1 13431
1 13430
1 13429
1 13428
1 13427
1 13426
1 13425
1 13424
1 13423
1 13422
1 13421
1 13420
1 13419
1 13418
1 13417
1 13416
1 13415
1 13414
1 13413
1 13412
1 13411
1 13410
1 13409
1 13408
1 13407
1 13406
1 13405
1 13404
1 13403
1 13402
1 13401
1 13400
1 13399
1 13398
1 13397
1 13396
1 13395
1 13394
1 13393
1 13392
1 13391
1 13390
1 13389
1 13388
1 13387
1 13386
1 13385
1 13384
1 13383
1 13382
1 13381
1 13380
1 13379
1 13378
1 13377
1 13376
1 13375
1 13374
1 13373
1 13372
1 13371
1 13370
1 13369
1 13368
1 13367
1 13366
1 13365
1 13364
1 13363
1 13362
1 13361
1 13360
1 13359
1 13358
1 13357
1 13356
1 13355
1 13354
1 13353
1 13352
1 13351
1 13350
1 13349
1 13348
1 13347
1 13346
1 13345
1 13344
1 13343
1 13342
1 13341
1 13340
1 13339
1 13338
1 13337
1 13336
1 13335
1 13334
1 13333
1 13332
1 13331
1 13330
1 13329
1 13328
1 13327
1 13326
1 13325
1 13324
1 13323
1 13322
1 13321
1 13320
1 13319
1 13318
1 13317
1 13316
1 13315
1 13314
1 13313
1 13312
1 13311
1 13310
1 13309
1 13308
1 13307
1 13306
1 13305
1 13304
1 13303
1 13302
1 13301
1 13300
1 13299
1 13298
1 13297
1 13296
1 13295
1 13294
1 13293
1 13292
1 13291
1 13290
1 13289
1 13288
1 13287
1 13286
1 13285
1 13284
1 13283
1 13282
1 13281
1 13280
1 13279
1 13278
1 13277
1 13276
1 13275
1 13274
1 13273
1 13272
1 13271
1 13270
1 13269
1 13268
1 13267
1 13266
1 13265
1 13264
1 13263
1 13262
1 13261
1 13260
1 13259
1 13258
1 13257
1 13256
1 13255
1 13254
1 13253
1 13252
1 13251
1 13250
1 13249
1 13248
1 13247
1 13246
1 13245
1 13244
1 13243
1 13242
1 13241
1 13240
1 13239
1 13238
1 13237
1 13236
1 13235
1 13234
1 13233
1 13232
1 13231
1 13230
1 13229
1 13228
1 13227
1 13226
1 13225
1 13224
1 13223
1 13222
1 13221
1 13220
1 13219
1 13218
1 13217
1 13216
1 13215
1 13214
1 13213
1 13212
1 13211
1 13210
1 13209
1 13208
1 13207
1 13206
1 13205
1 13204
1 13203
1 13202
1 13201
1 13200
1 13199
1 13198
1 13197
1 13196
1 13195
1 13194
1 13193
1 13192
1 13191
1 13190
1 13189
1 13188
1 13187
1 13186
1 13185
1 13184
1 13183
1 13182
1 13181
1 13180
1 13179
1 13178
1 13177
1 13176
1 13175
1 13174
1 13173
1 13172
1 13171
1 13170
1 13169
1 13168
1 13167
1 13166
1 13165
1 13164
1 13163
1 13162
1 13161
1 13160
1 13159
1 13158
1 13157
1 13156
1 13155
1 13154
1 13153
1 13152
1 13151
1 13150
1 13149
1 13148
1 13147
1 13146
1 13145
1 13144
1 13143
1 13142
1 13141
1 13140
1 13139
1 13138
1 13137
1 13136
1 13135
1 13134
1 13133
1 13132
1 13131
1 13130
1 13129
1 13128
1 13127
1 13126
1 13125
1 13124
1 13123
1 13122
1 13121
1 13120
1 13119
1 13118
1 13117
1 13116
1 13115
1 13114
1 13113
1 13112
1 13111
1 13110
1 13109
1 13108
1 13107
1 13106
1 13105
1 13104
1 13103
1 13102
1 13101
1 13100
1 13099
1 13098
1 13097
1 13096
1 13095
1 13094
1 13093
1 13092
1 13091
1 13090
1 13089
1 13088
1 13087
1 13086
1 13085
1 13084
1 13083
1 13082
1 13081
1 13080
1 13079
1 13078
1 13077
1 13076
1 13075
1 13074
1 13073
1 13072
1 13071
1 13070
1 13069
1 13068
1 13067
1 13066
1 13065
1 13064
1 13063
1 13062
1 13061
1 13060
1 13059
1 13058
1 13057
1 13056
1 13055
1 13054
1 13053
1 13052
1 13051
1 13050
1 13049
1 13048
1 13047
1 13046
1 13045
1 13044
1 13043
1 13042
1 13041
1 13040
1 13039
1 13038
1 13037
1 13036
1 13035
1 13034
1 13033
1 13032
1 13031
1 13030
1 13029
1 13028
1 13027
1 13026
1 13025
1 13024
1 13023
1 13022
1 13021
1 13020
1 13019
1 13018
1 13017
1 13016
1 13015
1 13014
1 13013
1 13012
1 13011
1 13010
1 13009
1 13008
1 13007
1 13006
1 13005
1 13004
1 13003
1 13002
1 13001
1 13000
1 12999
1 12998
1 12997
1 12996
1 12995
1 12994
1 12993
1 12992
1 12991
1 12990
1 12989
1 12988
1 12987
1 12986
1 12985
1 12984
1 12983
1 12982
1 12981
1 12980
1 12979
1 12978
1 12977
1 12976
1 12975
1 12974
1 12973
1 12972
1 12971
1 12970
1 12969
1 12968
1 12967
1 12966
1 12965
1 12964
1 12963
1 12962
1 12961
1 12960
1 12959
1 12958
1 12957
1 12956
1 12955
1 12954
1 12953
1 12952
1 12951
1 12950
1 12949
1 12948
1 12947
1 12946
1 12945
1 12944
1 12943
1 12942
1 12941
1 12940
1 12939
1 12938
1 12937
1 12936
1 12935
1 12934
1 12933
1 12932
1 12931
1 12930
1 12929
1 12928
1 12927
1 12926
1 12925
1 12924
1 12923
1 12922
1 12921
1 12920
1 12919
1 12918
1 12917
1 12916
1 12915
1 12914
1 12913
1 12912
1 12911
1 12910
1 12909
1 12908
1 12907
1 12906
1 12905
1 12904
1 12903
1 12902
1 12901
1 12900
1 12899
1 12898
1 12897
1 12896
1 12895
1 12894
1 12893
1 12892
1 12891
1 12890
1 12889
1 12888
1 12887
1 12886
1 12885
1 12884
1 12883
1 12882
1 12881
1 12880
1 12879
1 12878
1 12877
1 12876
1 12875
1 12874
1 12873
1 12872
1 12871
1 12870
1 12869
1 12868
1 12867
1 12866
1 12865
1 12864
1 12863
1 12862
1 12861
1 12860
1 12859
1 12858
1 12857
1 12856
1 12855
1 12854
1 12853
1 12852
1 12851
1 12850
1 12849
1 12848
1 12847
1 12846
1 12845
1 12844
1 12843
1 12842
1 12841
1 12840
1 12839
1 12838
1 12837
1 12836
1 12835
1 12834
1 12833
1 12832
1 12831
1 12830
1 12829
1 12828
1 12827
1 12826
1 12825
1 12824
1 12823
1 12822
1 12821
1 12820
1 12819
1 12818
1 12817
1 12816
1 12815
1 12814
1 12813
1 12812
1 12811
1 12810
1 12809
1 12808
1 12807
1 12806
1 12805
1 12804
1 12803
1 12802
1 12801
1 12800
1 12799
1 12798
1 12797
1 12796
1 12795
1 12794
1 12793
1 12792
1 12791
1 12790
1 12789
1 12788
1 12787
1 12786
1 12785
1 12784
1 12783
1 12782
1 12781
1 12780
1 12779
1 12778
1 12777
1 12776
1 12775
1 12774
1 12773
1 12772
1 12771
1 12770
1 12769
1 12768
1 12767
1 12766
1 12765
1 12764
1 12763
1 12762
1 12761
1 12760
1 12759
1 12758
1 12757
1 12756
1 12755
1 12754
1 12753
1 12752
1 12751
1 12750
1 12749
1 12748
1 12747
1 12746
1 12745
1 12744
1 12743
1 12742
1 12741
1 12740
1 12739
1 12738
1 12737
1 12736
1 12735
1 12734
1 12733
1 12732
1 12731
1 12730
1 12729
1 12728
1 12727
1 12726
1 12725
1 12724
1 12723
1 12722
1 12721
1 12720
1 12719
1 12718
1 12717
1 12716
1 12715
1 12714
1 12713
1 12712
1 12711
1 12710
1 12709
1 12708
1 12707
1 12706
1 12705
1 12704
1 12703
1 12702
1 12701
1 12700
1 12699
1 12698
1 12697
1 12696
1 12695
1 12694
1 12693
1 12692
1 12691
1 12690
1 12689
1 12688
1 12687
1 12686
1 12685
1 12684
1 12683
1 12682
1 12681
1 12680
1 12679
1 12678
1 12677
1 12676
1 12675
1 12674
1 12673
1 12672
1 12671
1 12670
1 12669
1 12668
1 12667
1 12666
1 12665
1 12664
1 12663
1 12662
1 12661
1 12660
1 12659
1 12658
1 12657
1 12656
1 12655
1 12654
1 12653
1 12652
1 12651
1 12650
1 12649
1 12648
1 12647
1 12646
1 12645
1 12644
1 12643
1 12642
1 12641
1 12640
1 12639
1 12638
1 12637
1 12636
1 12635
1 12634
1 12633
1 12632
1 12631
1 12630
1 12629
1 12628
1 12627
1 12626
1 12625
1 12624
1 12623
1 12622
1 12621
1 12620
1 12619
1 12618
1 12617
1 12616
1 12615
1 12614
1 12613
1 12612
1 12611
1 12610
1 12609
1 12608
1 12607
1 12606
1 12605
1 12604
1 12603
1 12602
1 12601
1 12600
1 12599
1 12598
1 12597
1 12596
1 12595
1 12594
1 12593
1 12592
1 12591
1 12590
1 12589
1 12588
1 12587
1 12586
1 12585
1 12584
1 12583
1 12582
1 12581
1 12580
1 12579
1 12578
1 12577
1 12576
1 12575
1 12574
1 12573
1 12572
1 12571
1 12570
1 12569
1 12568
1 12567
1 12566
1 12565
1 12564
1 12563
1 12562
1 12561
1 12560
1 12559
1 12558
1 12557
1 12556
1 12555
1 12554
1 12553
1 12552
1 12551
1 12550
1 12549
1 12548
1 12547
1 12546
1 12545
1 12544
1 12543
1 12542
1 12541
1 12540
1 12539
1 12538
1 12537
1 12536
1 12535
1 12534
1 12533
1 12532
1 12531
1 12530
1 12529
1 12528
1 12527
1 12526
1 12525
1 12524
1 12523
1 12522
1 12521
1 12520
1 12519
1 12518
1 12517
1 12516
1 12515
1 12514
1 12513
1 12512
1 12511
1 12510
1 12509
1 12508
1 12507
1 12506
1 12505
1 12504
1 12503
1 12502
1 12501
1 12500
1 12499
1 12498
1 12497
1 12496
1 12495
1 12494
1 12493
1 12492
1 12491
1 12490
1 12489
1 12488
1 12487
1 12486
1 12485
1 12484
1 12483
1 12482
1 12481
1 12480
1 12479
1 12478
1 12477
1 12476
1 12475
1 12474
1 12473
1 12472
1 12471
1 12470
1 12469
1 12468
1 12467
1 12466
1 12465
1 12464
1 12463
1 12462
1 12461
1 12460
1 12459
1 12458
1 12457
1 12456
1 12455
1 12454
1 12453
1 12452
1 12451
1 12450
1 12449
1 12448
1 12447
1 12446
1 12445
1 12444
1 12443
1 12442
1 12441
1 12440
1 12439
1 12438
1 12437
1 12436
1 12435
1 12434
1 12433
1 12432
1 12431
1 12430
1 12429
1 12428
1 12427
1 12426
1 12425
1 12424
1 12423
1 12422
1 12421
1 12420
1 12419
1 12418
1 12417
1 12416
1 12415
1 12414
1 12413
1 12412
1 12411
1 12410
1 12409
1 12408
1 12407
1 12406
1 12405
1 12404
1 12403
1 12402
1 12401
1 12400
1 12399
1 12398
1 12397
1 12396
1 12395
1 12394
1 12393
1 12392
1 12391
1 12390
1 12389
1 12388
1 12387
1 12386
1 12385
1 12384
1 12383
1 12382
1 12381
1 12380
1 12379
1 12378
1 12377
1 12376
1 12375
1 12374
1 12373
1 12372
1 12371
1 12370
1 12369
1 12368
1 12367
1 12366
1 12365
1 12364
1 12363
1 12362
1 12361
1 12360
1 12359
1 12358
1 12357
1 12356
1 12355
1 12354
1 12353
1 12352
1 12351
1 12350
1 12349
1 12348
1 12347
1 12346
1 12345
1 12344
1 12343
1 12342
1 12341
1 12340
1 12339
1 12338
1 12337
1 12336
1 12335
1 12334
1 12333
1 12332
1 12331
1 12330
1 12329
1 12328
1 12327
1 12326
1 12325
1 12324
1 12323
1 12322
1 12321
1 12320
1 12319
1 12318
1 12317
1 12316
1 12315
1 12314
1 12313
1 12312
1 12311
1 12310
1 12309
1 12308
1 12307
1 12306
1 12305
1 12304
1 12303
1 12302
1 12301
1 12300
1 12299
1 12298
1 12297
1 12296
1 12295
1 12294
1 12293
1 12292
1 12291
1 12290
1 12289
1 12288
1 12287
1 12286
1 12285
1 12284
1 12283
1 12282
1 12281
1 12280
1 12279
1 12278
1 12277
1 12276
1 12275
1 12274
1 12273
1 12272
2 12271
2 12270
2 12269
2 12268
2 12267
2 12266
2 12265
2 12264
2 12263
2 12262
2 12261
2 12260
2 12259
2 12258
2 12257
2 12256
2 12255
2 12254
2 12253
2 12252
2 12251
2 12250
2 12249
2 12248
2 12247
2 12246
2 12245
2 12244
2 12243
2 12242
2 12241
2 12240
2 12239
2 12238
2 12237
2 12236
2 12235
2 12234
2 12233
2 12232
2 12231
2 12230
3 12229
3 12228
3 12227
3 12226
3 12225
3 12224
3 12223
3 12222
3 12221
3 12220
3 12219
3 12218
3 12217
3 12216
3 12215
3 12214
3 12213
3 12212
3 12211
3 12210
3 12209
3 12208
3 12207
3 12206
3 12205
3 12204
3 12203
3 12202
3 12201
3 12200
3 12199
3 12198
3 12197
3 12196
3 12195
3 12194
3 12193
3 12192
3 12191
3 12190
3 12189
3 12188
3 12187
3 12186
3 12185
3 12184
3 12183
3 12182
3 12181
3 12180
3 12179
3 12178
3 12177
3 12176
3 12175
3 12174
3 12173
3 12172
3 12171
3 12170
3 12169
3 12168
3 12167
3 12166
3 12165
3 12164
3 12163
3 12162
3 12161
3 12160
3 12159
3 12158
3 12157
3 12156
3 12155
3 12154
3 12153
3 12152
3 12151
3 12150
3 12149
3 12148
3 12147
3 12146
3 12145
3 12144
3 12143
3 12142
3 12141
3 12140
3 12139
3 12138
3 12137
3 12136
3 12135
3 12134
3 12133
3 12132
3 12131
3 12130
3 12129
3 12128
3 12127
3 12126
3 12125
3 12124
3 12123
3 12122
3 12121
3 12120
3 12119
3 12118
3 12117
3 12116
3 12115
3 12114
3 12113
3 12112
3 12111
3 12110
3 12109
3 12108
3 12107
3 12106
3 12105
3 12104
3 12103
3 12102
3 12101
3 12100
3 12099
3 12098
3 12097
3 12096
3 12095
3 12094
3 12093
3 12092
4 12091
4 12090
4 12089
4 12088
4 12087
4 12086
4 12085
4 12084
4 12083
4 12082
4 12081
4 12080
4 12079
4 12078
4 12077
4 12076
4 12075
4 12074
4 12073
4 12072
4 12071
4 12070
4 12069
4 12068
4 12067
4 12066
4 12065
4 12064
4 12063
4 12062
4 12061
4 12060
4 12059
4 12058
4 12057
4 12056
4 12055
4 12054
4 12053
4 12052
4 12051
4 12050
4 12049
4 12048
4 12047
4 12046
4 12045
4 12044
4 12043
4 12042
4 12041
4 12040
4 12039
4 12038
4 12037
4 12036
4 12035
4 12034
4 12033
4 12032
4 12031
4 12030
4 12029
4 12028
4 12027
4 12026
4 12025
4 12024
4 12023
4 12022
4 12021
4 12020
4 12019
4 12018
4 12017
4 12016
4 12015
4 12014
4 12013
4 12012
4 12011
4 12010
4 12009
4 12008
4 12007
4 12006
4 12005
4 12004
4 12003
4 12002
4 12001
4 12000
4 11999
4 11998
4 11997
4 11996
4 11995
4 11994
4 11993
4 11992
4 11991
4 11990
4 11989
4 11988
4 11987
4 11986
4 11985
4 11984
4 11983
4 11982
4 11981
4 11980
4 11979
4 11978
4 11977
4 11976
4 11975
4 11974
4 11973
4 11972
4 11971
4 11970
4 11969
4 11968
4 11967
4 11966
4 11965
4 11964
4 11963
4 11962
4 11961
4 11960
4 11959
4 11958
4 11957
4 11956
4 11955
4 11954
4 11953
4 11952
4 11951
4 11950
4 11949
4 11948
4 11947
4 11946
4 11945
4 11944
4 11943
4 11942
4 11941
4 11940
4 11939
4 11938
4 11937
4 11936
4 11935
4 11934
4 11933
4 11932
4 11931
4 11930
4 11929
4 11928
4 11927
4 11926
4 11925
4 11924
4 11923
4 11922
4 11921
4 11920
4 11919
7 11918
7 11917
9 11916
9 11915
10 11914
10 11913
12 11912
12 11911
13 11910
14 11909
16 11908
16 11907
18 11906
18 11905
18 11904
18 11903
30 11902
35 11901
35 11900
36 11899
37 11898
37 11897
37 11896
37 11895
37 11894
37 11893
37 11892
37 11891
37 11890
38 11889
38 11888
38 11887
38 11886
38 11885
38 11884
38 11883
38 11882
38 11881
39 11880
39 11879
39 11878
39 11877
39 11876
39 11875
39 11874
39 11873
39 11872
39 11871
39 11870
39 11869
39 11868
39 11867
39 11866
39 11865
39 11864
39 11863
39 11862
39 11861
39 11860
39 11859
39 11858
39 11857
39 11856
39 11855
39 11854
39 11853
39 11852
39 11851
39 11850
39 11849
39 11848
39 11847
39 11846
39 11845
39 11844
39 11843
39 11842
39 11841
39 11840
39 11839
39 11838
39 11837
39 11836
40 11835
40 11834
40 11833
40 11832
40 11831
40 11830
40 11829
40 11828
40 11827
40 11826
40 11825
40 11824
40 11823
40 11822
40 11821
40 11820
40 11819
40 11818
40 11817
40 11816
40 11815
40 11814
40 11813
42 11812
42 11811
42 11810
42 11809
42 11808
42 11807
42 11806
43 11805
43 11804
43 11803
43 11802
43 11801
43 11800
43 11799
43 11798
43 11797
43 11796
43 11795
43 11794
43 11793
43 11792
43 11791
43 11790
43 11789
43 11788
43 11787
43 11786
43 11785
43 11784
43 11783
43 11782
43 11781
43 11780
43 11779
43 11778
43 11777
43 11776
43 11775
43 11774
43 11773
43 11772
44 11771
44 11770
44 11769
44 11768
44 11767
44 11766
44 11765
44 11764
44 11763
44 11762
44 11761
44 11760
44 11759
44 11758
44 11757
44 11756
44 11755
44 11754
44 11753
44 11752
44 11751
44 11750
44 11749
44 11748
44 11747
44 11746
44 11745
44 11744
44 11743
44 11742
44 11741
44 11740
44 11739
44 11738
44 11737
44 11736
44 11735
44 11734
44 11733
44 11732
44 11731
44 11730
44 11729
44 11728
44 11727
44 11726
44 11725
44 11724
44 11723
45 11722
45 11721
45 11720
45 11719
45 11718
45 11717
45 11716
45 11715
45 11714
45 11713
45 11712
45 11711
45 11710
45 11709
45 11708
45 11707
45 11706
45 11705
45 11704
45 11703
45 11702
45 11701
45 11700
45 11699
45 11698
45 11697
45 11696
45 11695
45 11694
45 11693
45 11692
45 11691
45 11690
45 11689
45 11688
45 11687
45 11686
45 11685
45 11684
45 11683
45 11682
45 11681
45 11680
45 11679
45 11678
45 11677
45 11676
47 11675
47 11674
49 11673
49 11672
49 11671
49 11670
49 11669
50 11668
51 11667
51 11666
59 11665
60 11664
60 11663
72 11662
73 11661
77 11660
78 11659
78 11658
78 11657
78 11656
78 11655
78 11654
78 11653
78 11652
78 11651
79 11650
79 11649
79 11648
79 11647
79 11646
79 11645
81 11644
81 11643
82 11642
82 11641
82 11640
82 11639
83 11638
83 11637
83 11636
83 11635
83 11634
83 11633
83 11632
83 11631
83 11630
84 11629
85 11628
85 11627
85 11626
86 11625
86 11624
86 11623
86 11622
86 11621
86 11620
86 11619
87 11618
87 11617
87 11616
87 11615
87 11614
87 11613
87 11612
87 11611
87 11610
87 11609
87 11608
87 11607
87 11606
87 11605
87 11604
87 11603
87 11602
87 11601
87 11600
87 11599
87 11598
87 11597
87 11596
87 11595
87 11594
87 11593
87 11592
87 11591
87 11590
87 11589
87 11588
87 11587
87 11586
87 11585
87 11584
87 11583
87 11582
87 11581
87 11580
88 11579
88 11578
88 11577
88 11576
88 11575
88 11574
88 11573
88 11572
88 11571
88 11570
88 11569
88 11568
88 11567
88 11566
93 11565
93 11564
96 11563
96 11562
96 11561
127 11560
127 11559
127 11558
127 11557
127 11556
127 11555
129 11554
129 11553
129 11552
129 11551
129 11550
129 11549
129 11548
129 11547
129 11546
129 11545
129 11544
129 11543
131 11542
131 11541
132 11540
132 11539
132 11538
132 11537
132 11536
132 11535
132 11534
132 11533
132 11532
132 11531
132 11530
132 11529
132 11528
132 11527
132 11526
132 11525
132 11524
132 11523
132 11522
132 11521
132 11520
132 11519
132 11518
132 11517
132 11516
132 11515
132 11514
132 11513
132 11512
132 11511
132 11510
132 11509
132 11508
132 11507
132 11506
132 11505
132 11504
132 11503
133 11502
133 11501
133 11500
133 11499
133 11498
133 11497
135 11496
135 11495
135 11494
143 11493
161 11492
161 11491
161 11490
161 11489
175 11488
175 11487
175 11486
175 11485
175 11484
175 11483
175 11482
176 11481
176 11480
176 11479
176 11478
178 11477
179 11476
179 11475
179 11474
179 11473
181 11472
181 11471
181 11470
181 11469
182 11468
183 11467
183 11466
183 11465
183 11464
183 11463
183 11462
183 11461
183 11460
183 11459
183 11458
183 11457
183 11456
183 11455
183 11454
183 11453
183 11452
183 11451
183 11450
183 11449
183 11448
183 11447
183 11446
183 11445
185 11444
186 11443
186 11442
186 11441
186 11440
186 11439
186 11438
186 11437
186 11436
186 11435
186 11434
186 11433
187 11432
187 11431
187 11430
198 11429
198 11428
198 11427
202 11426
205 11425
205 11424
226 11423
227 11422
234 11421
234 11420
234 11419
234 11418
234 11417
234 11416
234 11415
248 11414
248 11413
248 11412
249 11411
249 11410
249 11409
249 11408
249 11407
273 11406
273 11405
273 11404
273 11403
273 11402
273 11401
273 11400
273 11399
277 11398
277 11397
278 11396
278 11395
280 11394
283 11393
283 11392
283 11391
283 11390
283 11389
283 11388
283 11387
306 11386
320 11385
320 11384
320 11383
320 11382
320 11381
324 11380
324 11379
331 11378
331 11377
331 11376
331 11375
331 11374
331 11373
331 11372
332 11371
332 11370
332 11369
332 11368
332 11367
332 11366
332 11365
332 11364
332 11363
332 11362
335 11361
337 11360
343 11359
344 11358
365 11357
367 11356
367 11355
367 11354
367 11353
367 11352
367 11351
382 11350
387 11349
387 11348
387 11347
389 11346
404 11345
404 11344
404 11343
411 11342
411 11341
411 11340
414 11339
414 11338
414 11337
414 11336
426 11335
426 11334
426 11333
426 11332
426 11331
431 11330
431 11329
431 11328
431 11327
431 11326
431 11325
431 11324
431 11323
431 11322
431 11321
431 11320
431 11319
431 11318
431 11317
431 11316
431 11315
434 11314
434 11313
434 11312
434 11311
436 11310
436 11309
466 11308
476 11307
476 11306
482 11305
482 11304
482 11303
482 11302
482 11301
525 11300
549 11299
549 11298
579 11297
586 11296
586 11295
586 11294
586 11293
588 11292
588 11291
588 11290
588 11289
588 11288
588 11287
588 11286
588 11285
588 11284
588 11283
588 11282
588 11281
