0 14108
0 14107
0 14106
0 14105
0 14104
0 14103
0 14102
0 14101
0 14100
0 14099
0 14098
0 14097
0 14096
0 14095
0 14094
0 14093
0 14092
0 14091
0 14090
0 14089
0 14088
0 14087
0 14086
0 14085
0 14084
0 14083
0 14082
0 14081
0 14080
0 14079
0 14078
0 14077
0 14076
0 14075
0 14074
0 14073
0 14072
0 14071
0 14070
0 14069
0 14068
0 14067
0 14066
0 14065
0 14064
0 14063
0 14062
0 14061
0 14060
0 14059
0 14058
0 14057
0 14056
0 14055
0 14054
0 14053
0 14052
0 14051
0 14050
0 14049
0 14048
0 14047
0 14046
0 14045
0 14044
0 14043
0 14042
0 14041
0 14040
0 14039
0 14038
0 14037
0 14036
0 14035
0 14034
0 14033
0 14032
0 14031
0 14030
0 14029
0 14028
0 14027
0 14026
0 14025
0 14024
0 14023
0 14022
0 14021
0 14020
0 14019
0 14018
0 14017
0 14016
0 14015
0 14014
0 14013
0 14012
0 14011
0 14010
0 14009
0 14008
0 14007
0 14006
0 14005
0 14004
0 14003
0 14002
0 14001
0 14000
0 13999
0 13998
0 13997
0 13996
0 13995
0 13994
0 13993
0 13992
0 13991
0 13990
0 13989
0 13988
0 13987
0 13986
0 13985
0 13984
0 13983
0 13982
0 13981
0 13980
0 13979
0 13978
0 13977
0 13976
0 13975
0 13974
0 13973
0 13972
0 13971
0 13970
0 13969
0 13968
0 13967
0 13966
0 13965
0 13964
0 13963
0 13962
0 13961
0 13960
0 13959
0 13958
0 13957
0 13956
0 13955
0 13954
0 13953
0 13952
0 13951
0 13950
0 13949
0 13948
0 13947
0 13946
0 13945
0 13944
0 13943
0 13942
0 13941
0 13940
0 13939
0 13938
0 13937
0 13936
0 13935
0 13934
0 13933
0 13932
0 13931
0 13930
0 13929
0 13928
0 13927
0 13926
0 13925
0 13924
0 13923
0 13922
0 13921
0 13920
0 13919
0 13918
0 13917
0 13916
0 13915
0 13914
0 13913
0 13912
0 13911
0 13910
0 13909
0 13908
0 13907
0 13906
0 13905
0 13904
0 13903
0 13902
0 13901
0 13900
0 13899
0 13898
0 13897
0 13896
0 13895
0 13894
0 13893
0 13892
0 13891
0 13890
0 13889
0 13888
0 13887
0 13886
0 13885
0 13884
0 13883
0 13882
0 13881
0 13880
0 13879
0 13878
0 13877
0 13876
0 13875
0 13874
0 13873
0 13872
0 13871
0 13870
0 13869
0 13868
0 13867
0 13866
0 13865
0 13864
0 13863
0 13862
0 13861
0 13860
0 13859
0 13858
0 13857
0 13856
0 13855
0 13854
0 13853
0 13852
0 13851
0 13850
0 13849
0 13848
0 13847
0 13846
0 13845
0 13844
0 13843
0 13842
0 13841
0 13840
0 13839
0 13838
0 13837
0 13836
0 13835
0 13834
0 13833
0 13832
0 13831
0 13830
0 13829
0 13828
0 13827
0 13826
0 13825
0 13824
0 13823
0 13822
0 13821
0 13820
0 13819
0 13818
0 13817
0 13816
0 13815
0 13814
0 13813
0 13812
0 13811
0 13810
0 13809
0 13808
0 13807
0 13806
0 13805
0 13804
0 13803
1 13802
1 13801
1 13800
1 13799
1 13798
1 13797
1 13796
1 13795
1 13794
1 13793
1 13792
1 13791
1 13790
1 13789
1 13788
1 13787
1 13786
1 13785
1 13784
1 13783
1 13782
1 13781
1 13780
1 13779
1 13778
1 13777
1 13776
1 13775
1 13774
1 13773
1 13772
1 13771
1 13770
1 13769
1 13768
1 13767
1 13766
1 13765
1 13764
1 13763
1 13762
1 13761
1 13760
1 13759
1 13758
1 13757
1 13756
1 13755
1 13754
1 13753
1 13752
1 13751
1 13750
1 13749
1 13748
1 13747
1 13746
1 13745
1 13744
1 13743
1 13742
1 13741
1 13740
1 13739
1 13738
1 13737
1 13736
1 13735
1 13734
1 13733
1 13732
1 13731
1 13730
1 13729
1 13728
1 13727
1 13726
1 13725
1 13724
1 13723
1 13722
1 13721
1 13720
1 13719
1 13718
1 13717
1 13716
1 13715
1 13714
1 13713
1 13712
1 13711
1 13710
1 13709
1 13708
1 13707
1 13706
1 13705
1 13704
1 13703
1 13702
1 13701
1 13700
1 13699
1 13698
1 13697
1 13696
1 13695
1 13694
1 13693
1 13692
1 13691
1 13690
1 13689
1 13688
1 13687
1 13686
1 13685
1 13684
1 13683
1 13682
1 13681
1 13680
1 13679
1 13678
1 13677
1 13676
1 13675
1 13674
1 13673
1 13672
1 13671
1 13670
1 13669
1 13668
1 13667
1 13666
1 13665
1 13664
1 13663
1 13662
1 13661
1 13660
1 13659
1 13658
1 13657
1 13656
1 13655
1 13654
1 13653
1 13652
1 13651
1 13650
1 13649
1 13648
1 13647
1 13646
1 13645
1 13644
1 13643
1 13642
1 13641
1 13640
1 13639
1 13638
1 13637
1 13636
1 13635
1 13634
1 13633
1 13632
1 13631
1 13630
1 13629
1 13628
1 13627
1 13626
1 13625
1 13624
1 13623
1 13622
1 13621
1 13620
1 13619
1 13618
1 13617
1 13616
1 13615
1 13614
1 13613
1 13612
1 13611
1 13610
1 13609
1 13608
1 13607
1 13606
1 13605
1 13604
1 13603
1 13602
1 13601
1 13600
1 13599
1 13598
1 13597
1 13596
1 13595
1 13594
1 13593
1 13592
1 13591
1 13590
1 13589
1 13588
1 13587
1 13586
1 13585
1 13584
1 13583
1 13582
1 13581
1 13580
1 13579
1 13578
1 13577
1 13576
1 13575
1 13574
1 13573
1 13572
1 13571
1 13570
1 13569
1 13568
1 13567
1 13566
1 13565
1 13564
1 13563
1 13562
1 13561
1 13560
1 13559
1 13558
1 13557
1 13556
1 13555
1 13554
1 13553
1 13552
1 13551
1 13550
1 13549
1 13548
1 13547
1 13546
1 13545
1 13544
1 13543
1 13542
1 13541
1 13540
1 13539
1 13538
1 13537
1 13536
1 13535
1 13534
1 13533
1 13532
1 13531
1 13530
1 13529
1 13528
1 13527
1 13526
1 13525
1 13524
1 13523
1 13522
1 13521
1 13520
1 13519
1 13518
1 13517
1 13516
1 13515
1 13514
1 13513
1 13512
1 13511
1 13510
1 13509
1 13508
1 13507
1 13506
1 13505
1 13504
1 13503
1 13502
1 13501
1 13500
1 13499
1 13498
1 13497
1 13496
1 13495
1 13494
1 13493
1 13492
1 13491
1 13490
1 13489
1 13488
1 13487
1 13486
1 13485
1 13484
1 13483
1 13482
1 13481
1 13480
1 13479
1 13478
1 13477
1 13476
1 13475
1 13474
1 13473
1 13472
1 13471
1 13470
1 13469
1 13468
1 13467
1 13466
1 13465
1 13464
1 13463
1 13462
1 13461
1 13460
1 13459
1 13458
1 13457
1 13456
1 13455
1 13454
1 13453
1 13452
1 13451
1 13450
1 13449
1 13448
1 13447
1 13446
1 13445
1 13444
1 13443
1 13442
1 13441
1 13440
1 13439
1 13438
1 13437
1 13436
1 13435
1 13434
1 13433
1 13432
1 13431
1 13430
1 13429
1 13428
1 13427
1 13426
1 13425
1 13424
1 13423
1 13422
1 13421
1 13420
1 13419
1 13418
1 13417
1 13416
1 13415
1 13414
1 13413
1 13412
1 13411
1 13410
1 13409
1 13408
1 13407
1 13406
1 13405
1 13404
1 13403
1 13402
1 13401
1 13400
1 13399
1 13398
1 13397
1 13396
1 13395
1 13394
1 13393
1 13392
1 13391
1 13390
1 13389
1 13388
1 13387
1 13386
1 13385
1 13384
1 13383
1 13382
1 13381
1 13380
1 13379
1 13378
1 13377
1 13376
1 13375
1 13374
1 13373
1 13372
1 13371
1 13370
1 13369
1 13368
1 13367
1 13366
1 13365
1 13364
1 13363
1 13362
1 13361
1 13360
1 13359
1 13358
1 13357
1 13356
1 13355
1 13354
1 13353
1 13352
1 13351
1 13350
1 13349
1 13348
1 13347
1 13346
1 13345
1 13344
1 13343
1 13342
1 13341
1 13340
1 13339
1 13338
1 13337
1 13336
1 13335
1 13334
1 13333
1 13332
1 13331
1 13330
1 13329
1 13328
1 13327
1 13326
1 13325
1 13324
1 13323
1 13322
1 13321
1 13320
1 13319
1 13318
1 13317
1 13316
1 13315
1 13314
1 13313
1 13312
1 13311
1 13310
1 13309
1 13308
1 13307
1 13306
1 13305
1 13304
1 13303
1 13302
1 13301
1 13300
1 13299
1 13298
1 13297
1 13296
1 13295
1 13294
1 13293
1 13292
1 13291
1 13290
1 13289
1 13288
1 13287
1 13286
1 13285
1 13284
1 13283
1 13282
1 13281
1 13280
1 13279
1 13278
1 13277
1 13276
1 13275
1 13274
1 13273
1 13272
1 13271
1 13270
1 13269
1 13268
1 13267
1 13266
1 13265
1 13264
1 13263
1 13262
1 13261
1 13260
1 13259
1 13258
1 13257
1 13256
1 13255
1 13254
1 13253
1 13252
1 13251
1 13250
1 13249
1 13248
1 13247
1 13246
1 13245
1 13244
1 13243
1 13242
1 13241
1 13240
1 13239
1 13238
1 13237
1 13236
1 13235
1 13234
1 13233
1 13232
1 13231
1 13230
1 13229
1 13228
1 13227
1 13226
1 13225
1 13224
1 13223
1 13222
1 13221
1 13220
1 13219
1 13218
1 13217
1 13216
1 13215
1 13214
1 13213
1 13212
1 13211
1 13210
1 13209
1 13208
1 13207
1 13206
1 13205
1 13204
1 13203
1 13202
1 13201
1 13200
1 13199
1 13198
1 13197
1 13196
1 13195
1 13194
1 13193
1 13192
1 13191
1 13190
1 13189
1 13188
1 13187
1 13186
1 13185
1 13184
1 13183
1 13182
1 13181
1 13180
1 13179
1 13178
1 13177
1 13176
1 13175
1 13174
1 13173
1 13172
1 13171
1 13170
1 13169
1 13168
1 13167
1 13166
1 13165
1 13164
1 13163
1 13162
1 13161
1 13160
1 13159
1 13158
1 13157
1 13156
1 13155
1 13154
1 13153
1 13152
1 13151
1 13150
1 13149
1 13148
1 13147
1 13146
1 13145
1 13144
1 13143
1 13142
1 13141
1 13140
1 13139
1 13138
1 13137
1 13136
1 13135
1 13134
1 13133
1 13132
1 13131
1 13130
1 13129
1 13128
1 13127
1 13126
1 13125
1 13124
1 13123
1 13122
1 13121
1 13120
1 13119
1 13118
1 13117
1 13116
1 13115
1 13114
1 13113
1 13112
1 13111
1 13110
1 13109
1 13108
1 13107
1 13106
1 13105
1 13104
1 13103
1 13102
1 13101
1 13100
1 13099
1 13098
1 13097
1 13096
1 13095
1 13094
1 13093
1 13092
1 13091
1 13090
1 13089
1 13088
1 13087
1 13086
1 13085
1 13084
1 13083
1 13082
1 13081
1 13080
1 13079
1 13078
1 13077
1 13076
1 13075
1 13074
1 13073
1 13072
1 13071
1 13070
1 13069
1 13068
1 13067
1 13066
1 13065
1 13064
1 13063
1 13062
1 13061
1 13060
1 13059
1 13058
1 13057
1 13056
1 13055
1 13054
1 13053
1 13052
1 13051
1 13050
1 13049
1 13048
1 13047
1 13046
1 13045
1 13044
1 13043
1 13042
1 13041
1 13040
1 13039
1 13038
1 13037
1 13036
1 13035
1 13034
1 13033
1 13032
1 13031
1 13030
1 13029
1 13028
1 13027
1 13026
1 13025
1 13024
1 13023
1 13022
1 13021
1 13020
1 13019
1 13018
1 13017
1 13016
1 13015
1 13014
1 13013
1 13012
1 13011
1 13010
1 13009
1 13008
1 13007
1 13006
1 13005
1 13004
1 13003
1 13002
1 13001
1 13000
1 12999
1 12998
1 12997
1 12996
1 12995
1 12994
1 12993
1 12992
1 12991
1 12990
1 12989
1 12988
1 12987
1 12986
1 12985
1 12984
1 12983
1 12982
1 12981
1 12980
1 12979
1 12978
1 12977
1 12976
1 12975
1 12974
1 12973
1 12972
1 12971
1 12970
1 12969
1 12968
1 12967
1 12966
1 12965
1 12964
1 12963
1 12962
1 12961
1 12960
1 12959
1 12958
1 12957
1 12956
1 12955
1 12954
1 12953
1 12952
1 12951
1 12950
1 12949
1 12948
1 12947
1 12946
1 12945
1 12944
1 12943
1 12942
1 12941
1 12940
1 12939
1 12938
1 12937
1 12936
1 12935
1 12934
1 12933
1 12932
1 12931
1 12930
1 12929
1 12928
1 12927
1 12926
1 12925
1 12924
1 12923
1 12922
1 12921
1 12920
1 12919
1 12918
1 12917
1 12916
1 12915
1 12914
1 12913
1 12912
1 12911
1 12910
1 12909
1 12908
1 12907
1 12906
1 12905
1 12904
1 12903
1 12902
1 12901
1 12900
1 12899
1 12898
1 12897
1 12896
1 12895
1 12894
1 12893
1 12892
1 12891
1 12890
1 12889
1 12888
1 12887
1 12886
1 12885
1 12884
1 12883
1 12882
1 12881
1 12880
1 12879
1 12878
1 12877
1 12876
1 12875
1 12874
1 12873
1 12872
1 12871
1 12870
1 12869
1 12868
1 12867
1 12866
1 12865
1 12864
1 12863
1 12862
1 12861
1 12860
1 12859
1 12858
1 12857
1 12856
1 12855
1 12854
1 12853
1 12852
1 12851
1 12850
1 12849
1 12848
1 12847
1 12846
1 12845
1 12844
1 12843
1 12842
1 12841
1 12840
1 12839
1 12838
1 12837
1 12836
1 12835
1 12834
1 12833
1 12832
1 12831
1 12830
1 12829
1 12828
1 12827
1 12826
1 12825
1 12824
1 12823
1 12822
1 12821
1 12820
1 12819
1 12818
1 12817
1 12816
1 12815
1 12814
1 12813
1 12812
1 12811
1 12810
1 12809
1 12808
1 12807
1 12806
1 12805
1 12804
1 12803
1 12802
1 12801
1 12800
1 12799
1 12798
1 12797
1 12796
1 12795
1 12794
1 12793
1 12792
1 12791
1 12790
1 12789
1 12788
1 12787
1 12786
1 12785
1 12784
1 12783
1 12782
1 12781
1 12780
1 12779
1 12778
1 12777
1 12776
1 12775
1 12774
1 12773
1 12772
1 12771
1 12770
1 12769
1 12768
1 12767
1 12766
1 12765
1 12764
1 12763
1 12762
1 12761
1 12760
1 12759
1 12758
1 12757
1 12756
1 12755
1 12754
1 12753
1 12752
1 12751
1 12750
1 12749
1 12748
1 12747
1 12746
1 12745
1 12744
1 12743
1 12742
1 12741
1 12740
1 12739
1 12738
1 12737
1 12736
1 12735
1 12734
1 12733
1 12732
1 12731
1 12730
1 12729
1 12728
1 12727
1 12726
1 12725
1 12724
1 12723
1 12722
1 12721
1 12720
1 12719
1 12718
1 12717
1 12716
1 12715
1 12714
1 12713
1 12712
1 12711
1 12710
1 12709
1 12708
1 12707
1 12706
1 12705
1 12704
1 12703
1 12702
1 12701
1 12700
1 12699
1 12698
1 12697
1 12696
1 12695
1 12694
1 12693
1 12692
1 12691
1 12690
1 12689
1 12688
1 12687
1 12686
1 12685
1 12684
1 12683
1 12682
1 12681
1 12680
1 12679
1 12678
1 12677
1 12676
1 12675
1 12674
1 12673
1 12672
1 12671
1 12670
1 12669
1 12668
1 12667
1 12666
1 12665
1 12664
1 12663
1 12662
1 12661
1 12660
1 12659
1 12658
1 12657
1 12656
1 12655
1 12654
1 12653
1 12652
1 12651
1 12650
1 12649
1 12648
1 12647
1 12646
1 12645
1 12644
1 12643
1 12642
1 12641
1 12640
1 12639
1 12638
1 12637
1 12636
1 12635
1 12634
1 12633
1 12632
1 12631
1 12630
1 12629
1 12628
1 12627
1 12626
1 12625
1 12624
1 12623
1 12622
1 12621
1 12620
1 12619
1 12618
1 12617
1 12616
1 12615
1 12614
1 12613
1 12612
1 12611
1 12610
1 12609
1 12608
1 12607
1 12606
1 12605
1 12604
1 12603
1 12602
1 12601
1 12600
1 12599
1 12598
1 12597
1 12596
1 12595
1 12594
1 12593
1 12592
1 12591
1 12590
1 12589
1 12588
1 12587
1 12586
1 12585
1 12584
1 12583
1 12582
1 12581
1 12580
1 12579
1 12578
1 12577
1 12576
1 12575
1 12574
1 12573
1 12572
1 12571
1 12570
1 12569
1 12568
1 12567
1 12566
1 12565
1 12564
1 12563
1 12562
1 12561
1 12560
1 12559
1 12558
1 12557
1 12556
1 12555
1 12554
1 12553
1 12552
1 12551
1 12550
1 12549
1 12548
1 12547
1 12546
1 12545
1 12544
1 12543
1 12542
1 12541
1 12540
1 12539
1 12538
1 12537
1 12536
1 12535
1 12534
1 12533
1 12532
1 12531
1 12530
1 12529
1 12528
1 12527
1 12526
1 12525
1 12524
1 12523
1 12522
1 12521
1 12520
1 12519
1 12518
1 12517
1 12516
1 12515
1 12514
1 12513
1 12512
1 12511
1 12510
1 12509
1 12508
1 12507
1 12506
1 12505
1 12504
1 12503
1 12502
1 12501
1 12500
1 12499
1 12498
1 12497
1 12496
1 12495
1 12494
1 12493
1 12492
1 12491
1 12490
1 12489
1 12488
1 12487
1 12486
1 12485
1 12484
1 12483
1 12482
1 12481
1 12480
1 12479
1 12478
1 12477
1 12476
1 12475
1 12474
1 12473
1 12472
1 12471
1 12470
1 12469
1 12468
1 12467
1 12466
1 12465
1 12464
1 12463
1 12462
1 12461
1 12460
1 12459
1 12458
1 12457
1 12456
1 12455
1 12454
1 12453
1 12452
1 12451
1 12450
1 12449
1 12448
1 12447
1 12446
1 12445
1 12444
1 12443
1 12442
1 12441
1 12440
1 12439
1 12438
1 12437
1 12436
1 12435
1 12434
1 12433
1 12432
1 12431
1 12430
1 12429
1 12428
1 12427
1 12426
1 12425
1 12424
1 12423
1 12422
1 12421
1 12420
1 12419
1 12418
1 12417
1 12416
1 12415
1 12414
1 12413
1 12412
1 12411
1 12410
1 12409
1 12408
1 12407
1 12406
1 12405
1 12404
1 12403
1 12402
1 12401
1 12400
1 12399
1 12398
1 12397
1 12396
1 12395
1 12394
1 12393
1 12392
1 12391
1 12390
1 12389
1 12388
1 12387
1 12386
1 12385
1 12384
1 12383
1 12382
1 12381
1 12380
1 12379
1 12378
1 12377
1 12376
1 12375
1 12374
1 12373
1 12372
1 12371
1 12370
1 12369
1 12368
1 12367
1 12366
1 12365
1 12364
1 12363
1 12362
1 12361
1 12360
1 12359
1 12358
1 12357
1 12356
1 12355
1 12354
1 12353
1 12352
1 12351
1 12350
1 12349
1 12348
1 12347
1 12346
1 12345
1 12344
1 12343
1 12342
1 12341
1 12340
1 12339
1 12338
1 12337
1 12336
1 12335
1 12334
1 12333
1 12332
1 12331
1 12330
1 12329
1 12328
1 12327
1 12326
1 12325
1 12324
1 12323
1 12322
1 12321
1 12320
1 12319
1 12318
1 12317
1 12316
1 12315
1 12314
1 12313
1 12312
1 12311
1 12310
1 12309
1 12308
1 12307
1 12306
1 12305
1 12304
1 12303
1 12302
1 12301
1 12300
1 12299
1 12298
1 12297
1 12296
1 12295
1 12294
1 12293
1 12292
1 12291
1 12290
1 12289
1 12288
1 12287
1 12286
1 12285
1 12284
1 12283
1 12282
1 12281
1 12280
1 12279
1 12278
1 12277
1 12276
1 12275
1 12274
1 12273
1 12272
1 12271
1 12270
1 12269
1 12268
1 12267
1 12266
1 12265
1 12264
1 12263
1 12262
1 12261
1 12260
1 12259
1 12258
1 12257
1 12256
1 12255
1 12254
1 12253
1 12252
1 12251
1 12250
1 12249
1 12248
1 12247
1 12246
1 12245
1 12244
1 12243
1 12242
1 12241
2 12240
2 12239
2 12238
2 12237
2 12236
2 12235
2 12234
2 12233
2 12232
2 12231
2 12230
2 12229
2 12228
2 12227
2 12226
2 12225
2 12224
2 12223
2 12222
2 12221
2 12220
3 12219
3 12218
3 12217
3 12216
3 12215
3 12214
3 12213
3 12212
3 12211
3 12210
3 12209
3 12208
3 12207
3 12206
3 12205
3 12204
3 12203
3 12202
3 12201
3 12200
3 12199
3 12198
3 12197
3 12196
3 12195
3 12194
3 12193
3 12192
3 12191
4 12190
4 12189
4 12188
4 12187
4 12186
4 12185
4 12184
4 12183
4 12182
4 12181
4 12180
4 12179
4 12178
4 12177
4 12176
4 12175
4 12174
4 12173
4 12172
4 12171
4 12170
4 12169
4 12168
4 12167
4 12166
4 12165
4 12164
4 12163
4 12162
4 12161
4 12160
4 12159
4 12158
4 12157
4 12156
4 12155
4 12154
4 12153
4 12152
4 12151
4 12150
4 12149
4 12148
4 12147
4 12146
4 12145
4 12144
4 12143
4 12142
4 12141
4 12140
4 12139
4 12138
4 12137
4 12136
4 12135
4 12134
4 12133
4 12132
4 12131
4 12130
4 12129
4 12128
4 12127
4 12126
4 12125
4 12124
4 12123
4 12122
4 12121
4 12120
4 12119
4 12118
4 12117
4 12116
4 12115
4 12114
4 12113
4 12112
4 12111
4 12110
4 12109
4 12108
4 12107
4 12106
4 12105
4 12104
4 12103
4 12102
4 12101
4 12100
4 12099
4 12098
4 12097
4 12096
4 12095
4 12094
4 12093
4 12092
4 12091
4 12090
4 12089
4 12088
4 12087
4 12086
4 12085
4 12084
4 12083
4 12082
4 12081
4 12080
4 12079
4 12078
4 12077
4 12076
4 12075
4 12074
4 12073
4 12072
4 12071
4 12070
4 12069
4 12068
4 12067
4 12066
4 12065
4 12064
4 12063
4 12062
4 12061
4 12060
4 12059
4 12058
4 12057
4 12056
4 12055
4 12054
4 12053
4 12052
4 12051
4 12050
4 12049
4 12048
4 12047
4 12046
4 12045
4 12044
4 12043
4 12042
4 12041
4 12040
4 12039
4 12038
4 12037
4 12036
4 12035
4 12034
4 12033
4 12032
4 12031
4 12030
4 12029
4 12028
4 12027
4 12026
4 12025
4 12024
4 12023
4 12022
4 12021
4 12020
4 12019
4 12018
4 12017
4 12016
4 12015
4 12014
4 12013
4 12012
4 12011
4 12010
4 12009
4 12008
4 12007
4 12006
4 12005
4 12004
4 12003
4 12002
4 12001
4 12000
4 11999
4 11998
4 11997
4 11996
4 11995
4 11994
4 11993
4 11992
4 11991
4 11990
4 11989
4 11988
4 11987
4 11986
4 11985
4 11984
4 11983
4 11982
4 11981
4 11980
4 11979
4 11978
4 11977
4 11976
4 11975
4 11974
4 11973
4 11972
4 11971
4 11970
4 11969
4 11968
4 11967
4 11966
4 11965
4 11964
4 11963
4 11962
4 11961
4 11960
4 11959
4 11958
4 11957
4 11956
4 11955
4 11954
4 11953
4 11952
4 11951
4 11950
4 11949
4 11948
4 11947
4 11946
4 11945
4 11944
4 11943
4 11942
4 11941
4 11940
4 11939
4 11938
4 11937
4 11936
4 11935
4 11934
4 11933
4 11932
4 11931
4 11930
4 11929
4 11928
4 11927
4 11926
4 11925
4 11924
4 11923
4 11922
4 11921
4 11920
4 11919
4 11918
4 11917
4 11916
4 11915
4 11914
4 11913
4 11912
4 11911
4 11910
4 11909
4 11908
4 11907
4 11906
4 11905
4 11904
4 11903
4 11902
4 11901
4 11900
4 11899
4 11898
4 11897
4 11896
4 11895
4 11894
4 11893
4 11892
4 11891
4 11890
4 11889
4 11888
4 11887
4 11886
4 11885
4 11884
4 11883
4 11882
4 11881
4 11880
4 11879
4 11878
4 11877
4 11876
4 11875
4 11874
4 11873
4 11872
4 11871
4 11870
4 11869
4 11868
4 11867
4 11866
4 11865
4 11864
4 11863
4 11862
4 11861
4 11860
4 11859
4 11858
4 11857
4 11856
4 11855
4 11854
4 11853
4 11852
4 11851
4 11850
4 11849
4 11848
4 11847
4 11846
4 11845
4 11844
4 11843
4 11842
4 11841
4 11840
4 11839
4 11838
4 11837
4 11836
4 11835
4 11834
4 11833
4 11832
4 11831
4 11830
4 11829
4 11828
4 11827
4 11826
4 11825
4 11824
4 11823
4 11822
4 11821
4 11820
4 11819
4 11818
4 11817
4 11816
4 11815
4 11814
4 11813
4 11812
4 11811
4 11810
4 11809
4 11808
4 11807
4 11806
4 11805
4 11804
4 11803
4 11802
4 11801
4 11800
4 11799
4 11798
4 11797
4 11796
4 11795
4 11794
4 11793
4 11792
4 11791
4 11790
4 11789
4 11788
4 11787
4 11786
4 11785
4 11784
4 11783
4 11782
4 11781
4 11780
4 11779
4 11778
4 11777
4 11776
4 11775
4 11774
4 11773
4 11772
4 11771
4 11770
4 11769
4 11768
4 11767
4 11766
4 11765
4 11764
4 11763
4 11762
4 11761
4 11760
4 11759
4 11758
4 11757
4 11756
4 11755
4 11754
4 11753
4 11752
4 11751
4 11750
4 11749
4 11748
4 11747
4 11746
4 11745
4 11744
4 11743
4 11742
4 11741
4 11740
4 11739
4 11738
4 11737
4 11736
4 11735
4 11734
4 11733
4 11732
4 11731
4 11730
4 11729
4 11728
4 11727
4 11726
4 11725
4 11724
4 11723
4 11722
4 11721
4 11720
4 11719
4 11718
4 11717
4 11716
4 11715
4 11714
4 11713
4 11712
4 11711
4 11710
4 11709
4 11708
4 11707
4 11706
7 11705
7 11704
7 11703
9 11702
12 11701
12 11700
12 11699
13 11698
13 11697
16 11696
16 11695
16 11694
16 11693
17 11692
18 11691
21 11690
21 11689
29 11688
42 11687
42 11686
42 11685
43 11684
44 11683
44 11682
44 11681
45 11680
45 11679
45 11678
45 11677
45 11676
45 11675
45 11674
45 11673
46 11672
46 11671
46 11670
46 11669
46 11668
46 11667
46 11666
46 11665
46 11664
46 11663
46 11662
46 11661
46 11660
46 11659
46 11658
46 11657
46 11656
46 11655
46 11654
46 11653
47 11652
47 11651
47 11650
47 11649
47 11648
48 11647
48 11646
48 11645
48 11644
48 11643
48 11642
48 11641
48 11640
48 11639
48 11638
48 11637
48 11636
48 11635
48 11634
48 11633
48 11632
48 11631
48 11630
48 11629
48 11628
48 11627
48 11626
48 11625
48 11624
48 11623
48 11622
48 11621
48 11620
48 11619
48 11618
48 11617
48 11616
48 11615
48 11614
48 11613
51 11612
51 11611
51 11610
51 11609
51 11608
51 11607
51 11606
51 11605
51 11604
51 11603
51 11602
51 11601
51 11600
51 11599
51 11598
51 11597
51 11596
51 11595
51 11594
51 11593
51 11592
51 11591
51 11590
51 11589
51 11588
51 11587
51 11586
51 11585
51 11584
51 11583
51 11582
51 11581
52 11580
52 11579
52 11578
52 11577
52 11576
52 11575
52 11574
52 11573
52 11572
52 11571
52 11570
52 11569
52 11568
52 11567
52 11566
52 11565
52 11564
52 11563
52 11562
52 11561
52 11560
52 11559
52 11558
52 11557
52 11556
52 11555
52 11554
52 11553
52 11552
52 11551
52 11550
52 11549
53 11548
53 11547
54 11546
54 11545
54 11544
54 11543
54 11542
54 11541
54 11540
54 11539
54 11538
54 11537
54 11536
54 11535
54 11534
54 11533
54 11532
54 11531
54 11530
54 11529
54 11528
54 11527
54 11526
54 11525
55 11524
55 11523
55 11522
55 11521
55 11520
55 11519
55 11518
55 11517
55 11516
55 11515
55 11514
55 11513
55 11512
55 11511
55 11510
55 11509
55 11508
56 11507
56 11506
56 11505
56 11504
56 11503
56 11502
56 11501
56 11500
56 11499
56 11498
56 11497
56 11496
56 11495
56 11494
56 11493
56 11492
56 11491
56 11490
56 11489
56 11488
56 11487
56 11486
56 11485
56 11484
56 11483
56 11482
56 11481
56 11480
56 11479
56 11478
56 11477
56 11476
56 11475
56 11474
56 11473
56 11472
56 11471
56 11470
56 11469
56 11468
56 11467
56 11466
56 11465
56 11464
56 11463
56 11462
56 11461
60 11460
60 11459
60 11458
60 11457
60 11456
60 11455
61 11454
61 11453
61 11452
71 11451
71 11450
71 11449
83 11448
95 11447
95 11446
95 11445
107 11444
107 11443
107 11442
107 11441
107 11440
107 11439
108 11438
108 11437
108 11436
109 11435
109 11434
109 11433
109 11432
109 11431
109 11430
109 11429
109 11428
109 11427
109 11426
109 11425
110 11424
111 11423
111 11422
111 11421
111 11420
111 11419
111 11418
111 11417
111 11416
111 11415
111 11414
111 11413
111 11412
112 11411
112 11410
112 11409
112 11408
112 11407
112 11406
112 11405
112 11404
114 11403
114 11402
114 11401
114 11400
117 11399
139 11398
139 11397
139 11396
139 11395
157 11394
157 11393
157 11392
157 11391
157 11390
157 11389
157 11388
157 11387
157 11386
157 11385
157 11384
157 11383
160 11382
160 11381
160 11380
160 11379
162 11378
162 11377
162 11376
162 11375
162 11374
162 11373
163 11372
163 11371
163 11370
163 11369
163 11368
163 11367
163 11366
163 11365
163 11364
163 11363
164 11362
164 11361
164 11360
164 11359
164 11358
164 11357
164 11356
164 11355
164 11354
164 11353
164 11352
164 11351
165 11350
165 11349
165 11348
165 11347
165 11346
165 11345
165 11344
165 11343
165 11342
166 11341
166 11340
166 11339
166 11338
166 11337
166 11336
166 11335
166 11334
166 11333
166 11332
166 11331
166 11330
166 11329
166 11328
167 11327
167 11326
169 11325
169 11324
174 11323
180 11322
180 11321
180 11320
203 11319
203 11318
203 11317
208 11316
208 11315
216 11314
216 11313
216 11312
216 11311
216 11310
216 11309
216 11308
216 11307
216 11306
216 11305
216 11304
216 11303
216 11302
216 11301
225 11300
225 11299
225 11298
271 11297
271 11296
271 11295
271 11294
271 11293
271 11292
271 11291
271 11290
271 11289
271 11288
271 11287
271 11286
271 11285
271 11284
271 11283
271 11282
271 11281
271 11280
271 11279
271 11278
271 11277
271 11276
273 11275
273 11274
273 11273
273 11272
273 11271
274 11270
274 11269
274 11268
274 11267
274 11266
274 11265
274 11264
277 11263
277 11262
282 11261
282 11260
282 11259
282 11258
285 11257
285 11256
285 11255
285 11254
285 11253
315 11252
324 11251
336 11250
336 11249
340 11248
340 11247
340 11246
340 11245
340 11244
340 11243
340 11242
340 11241
340 11240
344 11239
370 11238
370 11237
370 11236
370 11235
370 11234
370 11233
370 11232
375 11231
375 11230
375 11229
375 11228
380 11227
380 11226
380 11225
380 11224
380 11223
387 11222
387 11221
397 11220
397 11219
397 11218
397 11217
397 11216
397 11215
397 11214
399 11213
406 11212
412 11211
412 11210
412 11209
415 11208
415 11207
420 11206
433 11205
438 11204
438 11203
438 11202
438 11201
440 11200
440 11199
440 11198
449 11197
451 11196
451 11195
451 11194
454 11193
454 11192
454 11191
454 11190
454 11189
454 11188
482 11187
482 11186
482 11185
482 11184
482 11183
482 11182
482 11181
482 11180
482 11179
482 11178
499 11177
499 11176
499 11175
499 11174
499 11173
499 11172
501 11171
501 11170
501 11169
501 11168
501 11167
506 11166
506 11165
506 11164
539 11163
539 11162
539 11161
539 11160
552 11159
552 11158
552 11157
552 11156
552 11155
552 11154
552 11153
552 11152
558 11151
558 11150
564 11149
564 11148
566 11147
599 11146
599 11145
599 11144
599 11143
599 11142
599 11141
599 11140
