0 14108
0 14107
0 14106
0 14105
0 14104
0 14103
0 14102
0 14101
0 14100
0 14099
0 14098
0 14097
0 14096
0 14095
0 14094
0 14093
0 14092
0 14091
0 14090
0 14089
0 14088
0 14087
0 14086
0 14085
0 14084
0 14083
0 14082
0 14081
0 14080
0 14079
0 14078
0 14077
0 14076
0 14075
0 14074
0 14073
0 14072
0 14071
0 14070
0 14069
0 14068
0 14067
0 14066
0 14065
0 14064
0 14063
0 14062
0 14061
0 14060
0 14059
0 14058
0 14057
0 14056
0 14055
0 14054
0 14053
0 14052
0 14051
0 14050
0 14049
0 14048
0 14047
0 14046
0 14045
0 14044
0 14043
0 14042
0 14041
0 14040
0 14039
0 14038
0 14037
0 14036
0 14035
0 14034
0 14033
0 14032
0 14031
0 14030
0 14029
0 14028
0 14027
0 14026
0 14025
0 14024
0 14023
0 14022
0 14021
0 14020
0 14019
0 14018
0 14017
0 14016
0 14015
0 14014
0 14013
0 14012
0 14011
0 14010
0 14009
0 14008
0 14007
0 14006
0 14005
0 14004
0 14003
0 14002
0 14001
0 14000
0 13999
0 13998
0 13997
0 13996
0 13995
0 13994
0 13993
0 13992
0 13991
0 13990
0 13989
0 13988
0 13987
0 13986
0 13985
0 13984
0 13983
0 13982
0 13981
0 13980
0 13979
0 13978
0 13977
0 13976
0 13975
0 13974
0 13973
0 13972
0 13971
0 13970
0 13969
0 13968
0 13967
0 13966
0 13965
0 13964
0 13963
0 13962
0 13961
0 13960
0 13959
0 13958
0 13957
0 13956
0 13955
0 13954
0 13953
0 13952
0 13951
0 13950
0 13949
0 13948
0 13947
0 13946
0 13945
0 13944
0 13943
0 13942
0 13941
0 13940
0 13939
0 13938
0 13937
0 13936
0 13935
0 13934
0 13933
0 13932
0 13931
0 13930
0 13929
0 13928
0 13927
0 13926
0 13925
0 13924
0 13923
0 13922
0 13921
0 13920
0 13919
0 13918
0 13917
0 13916
0 13915
0 13914
0 13913
0 13912
0 13911
0 13910
0 13909
0 13908
0 13907
0 13906
0 13905
0 13904
0 13903
0 13902
0 13901
0 13900
0 13899
0 13898
0 13897
0 13896
0 13895
0 13894
0 13893
0 13892
0 13891
0 13890
0 13889
0 13888
0 13887
0 13886
0 13885
0 13884
0 13883
0 13882
0 13881
0 13880
0 13879
0 13878
0 13877
0 13876
0 13875
0 13874
0 13873
0 13872
0 13871
0 13870
0 13869
0 13868
0 13867
0 13866
0 13865
0 13864
0 13863
0 13862
0 13861
0 13860
0 13859
0 13858
0 13857
0 13856
0 13855
0 13854
0 13853
0 13852
0 13851
0 13850
0 13849
0 13848
0 13847
0 13846
0 13845
0 13844
0 13843
0 13842
0 13841
0 13840
0 13839
0 13838
0 13837
0 13836
0 13835
0 13834
0 13833
0 13832
0 13831
0 13830
0 13829
0 13828
0 13827
0 13826
0 13825
0 13824
0 13823
0 13822
0 13821
0 13820
0 13819
0 13818
0 13817
0 13816
0 13815
0 13814
0 13813
0 13812
0 13811
0 13810
0 13809
0 13808
0 13807
0 13806
0 13805
0 13804
0 13803
0 13802
0 13801
0 13800
0 13799
0 13798
0 13797
0 13796
0 13795
0 13794
0 13793
0 13792
0 13791
0 13790
0 13789
0 13788
0 13787
0 13786
0 13785
0 13784
0 13783
0 13782
0 13781
0 13780
0 13779
0 13778
0 13777
0 13776
0 13775
0 13774
0 13773
0 13772
0 13771
0 13770
0 13769
0 13768
0 13767
0 13766
0 13765
0 13764
0 13763
0 13762
0 13761
0 13760
0 13759
0 13758
0 13757
0 13756
0 13755
0 13754
0 13753
0 13752
0 13751
0 13750
0 13749
0 13748
0 13747
0 13746
0 13745
0 13744
1 13743
1 13742
1 13741
1 13740
1 13739
1 13738
1 13737
1 13736
1 13735
1 13734
1 13733
1 13732
1 13731
1 13730
1 13729
1 13728
1 13727
1 13726
1 13725
1 13724
1 13723
1 13722
1 13721
1 13720
1 13719
1 13718
1 13717
1 13716
1 13715
1 13714
1 13713
1 13712
1 13711
1 13710
1 13709
1 13708
1 13707
1 13706
1 13705
1 13704
1 13703
1 13702
1 13701
1 13700
1 13699
1 13698
1 13697
1 13696
1 13695
1 13694
1 13693
1 13692
1 13691
1 13690
1 13689
1 13688
1 13687
1 13686
1 13685
1 13684
1 13683
1 13682
1 13681
1 13680
1 13679
1 13678
1 13677
1 13676
1 13675
1 13674
1 13673
1 13672
1 13671
1 13670
1 13669
1 13668
1 13667
1 13666
1 13665
1 13664
1 13663
1 13662
1 13661
1 13660
1 13659
1 13658
1 13657
1 13656
1 13655
1 13654
1 13653
1 13652
1 13651
1 13650
1 13649
1 13648
1 13647
1 13646
1 13645
1 13644
1 13643
1 13642
1 13641
1 13640
1 13639
1 13638
1 13637
1 13636
1 13635
1 13634
1 13633
1 13632
1 13631
1 13630
1 13629
1 13628
1 13627
1 13626
1 13625
1 13624
1 13623
1 13622
1 13621
1 13620
1 13619
1 13618
1 13617
1 13616
1 13615
1 13614
1 13613
1 13612
1 13611
1 13610
1 13609
1 13608
1 13607
1 13606
1 13605
1 13604
1 13603
1 13602
1 13601
1 13600
1 13599
1 13598
1 13597
1 13596
1 13595
1 13594
1 13593
1 13592
1 13591
1 13590
1 13589
1 13588
1 13587
1 13586
1 13585
1 13584
1 13583
1 13582
1 13581
1 13580
1 13579
1 13578
1 13577
1 13576
1 13575
1 13574
1 13573
1 13572
1 13571
1 13570
1 13569
1 13568
1 13567
1 13566
1 13565
1 13564
1 13563
1 13562
1 13561
1 13560
1 13559
1 13558
1 13557
1 13556
1 13555
1 13554
1 13553
1 13552
1 13551
1 13550
1 13549
1 13548
1 13547
1 13546
1 13545
1 13544
1 13543
1 13542
1 13541
1 13540
1 13539
1 13538
1 13537
1 13536
1 13535
1 13534
1 13533
1 13532
1 13531
1 13530
1 13529
1 13528
1 13527
1 13526
1 13525
1 13524
1 13523
1 13522
1 13521
1 13520
1 13519
1 13518
1 13517
1 13516
1 13515
1 13514
1 13513
1 13512
1 13511
1 13510
1 13509
1 13508
1 13507
1 13506
1 13505
1 13504
1 13503
1 13502
1 13501
1 13500
1 13499
1 13498
1 13497
1 13496
1 13495
1 13494
1 13493
1 13492
1 13491
1 13490
1 13489
1 13488
1 13487
1 13486
1 13485
1 13484
1 13483
1 13482
1 13481
1 13480
1 13479
1 13478
1 13477
1 13476
1 13475
1 13474
1 13473
1 13472
1 13471
1 13470
1 13469
1 13468
1 13467
1 13466
1 13465
1 13464
1 13463
1 13462
1 13461
1 13460
1 13459
1 13458
1 13457
1 13456
1 13455
1 13454
1 13453
1 13452
1 13451
1 13450
1 13449
1 13448
1 13447
1 13446
1 13445
1 13444
1 13443
1 13442
1 13441
1 13440
1 13439
1 13438
1 13437
1 13436
1 13435
1 13434
1 13433
1 13432
1 13431
1 13430
1 13429
1 13428
1 13427
1 13426
1 13425
1 13424
1 13423
1 13422
1 13421
1 13420
1 13419
1 13418
1 13417
1 13416
1 13415
1 13414
1 13413
1 13412
1 13411
1 13410
1 13409
1 13408
1 13407
1 13406
1 13405
1 13404
1 13403
1 13402
1 13401
1 13400
1 13399
1 13398
1 13397
1 13396
1 13395
1 13394
1 13393
1 13392
1 13391
1 13390
1 13389
1 13388
1 13387
1 13386
1 13385
1 13384
1 13383
1 13382
1 13381
1 13380
1 13379
1 13378
1 13377
1 13376
1 13375
1 13374
1 13373
1 13372
1 13371
1 13370
1 13369
1 13368
1 13367
1 13366
1 13365
1 13364
1 13363
1 13362
1 13361
1 13360
1 13359
1 13358
1 13357
1 13356
1 13355
1 13354
1 13353
1 13352
1 13351
1 13350
1 13349
1 13348
1 13347
1 13346
1 13345
1 13344
1 13343
1 13342
1 13341
1 13340
1 13339
1 13338
1 13337
1 13336
1 13335
1 13334
1 13333
1 13332
1 13331
1 13330
1 13329
1 13328
1 13327
1 13326
1 13325
1 13324
1 13323
1 13322
1 13321
1 13320
1 13319
1 13318
1 13317
1 13316
1 13315
1 13314
1 13313
1 13312
1 13311
1 13310
1 13309
1 13308
1 13307
1 13306
1 13305
1 13304
1 13303
1 13302
1 13301
1 13300
1 13299
1 13298
1 13297
1 13296
1 13295
1 13294
1 13293
1 13292
1 13291
1 13290
1 13289
1 13288
1 13287
1 13286
1 13285
1 13284
1 13283
1 13282
1 13281
1 13280
1 13279
1 13278
1 13277
1 13276
1 13275
1 13274
1 13273
1 13272
1 13271
1 13270
1 13269
1 13268
1 13267
1 13266
1 13265
1 13264
1 13263
1 13262
1 13261
1 13260
1 13259
1 13258
1 13257
1 13256
1 13255
1 13254
1 13253
1 13252
1 13251
1 13250
1 13249
1 13248
1 13247
1 13246
1 13245
1 13244
1 13243
1 13242
1 13241
1 13240
1 13239
1 13238
1 13237
1 13236
1 13235
1 13234
1 13233
1 13232
1 13231
1 13230
1 13229
1 13228
1 13227
1 13226
1 13225
1 13224
1 13223
1 13222
1 13221
1 13220
1 13219
1 13218
1 13217
1 13216
1 13215
1 13214
1 13213
1 13212
1 13211
1 13210
1 13209
1 13208
1 13207
1 13206
1 13205
1 13204
1 13203
1 13202
1 13201
1 13200
1 13199
1 13198
1 13197
1 13196
1 13195
1 13194
1 13193
1 13192
1 13191
1 13190
1 13189
1 13188
1 13187
1 13186
1 13185
1 13184
1 13183
1 13182
1 13181
1 13180
1 13179
1 13178
1 13177
1 13176
1 13175
1 13174
1 13173
1 13172
1 13171
1 13170
1 13169
1 13168
1 13167
1 13166
1 13165
1 13164
1 13163
1 13162
1 13161
1 13160
1 13159
1 13158
1 13157
1 13156
1 13155
1 13154
1 13153
1 13152
1 13151
1 13150
1 13149
1 13148
1 13147
1 13146
1 13145
1 13144
1 13143
1 13142
1 13141
1 13140
1 13139
1 13138
1 13137
1 13136
1 13135
1 13134
1 13133
1 13132
1 13131
1 13130
1 13129
1 13128
1 13127
1 13126
1 13125
1 13124
1 13123
1 13122
1 13121
1 13120
1 13119
1 13118
1 13117
1 13116
1 13115
1 13114
1 13113
1 13112
1 13111
1 13110
1 13109
1 13108
1 13107
1 13106
1 13105
1 13104
1 13103
1 13102
1 13101
1 13100
1 13099
1 13098
1 13097
1 13096
1 13095
1 13094
1 13093
1 13092
1 13091
1 13090
1 13089
1 13088
1 13087
1 13086
1 13085
1 13084
1 13083
1 13082
1 13081
1 13080
1 13079
1 13078
1 13077
1 13076
1 13075
1 13074
1 13073
1 13072
1 13071
1 13070
1 13069
1 13068
1 13067
1 13066
1 13065
1 13064
1 13063
1 13062
1 13061
1 13060
1 13059
1 13058
1 13057
1 13056
1 13055
1 13054
1 13053
1 13052
1 13051
1 13050
1 13049
1 13048
1 13047
1 13046
1 13045
1 13044
1 13043
1 13042
1 13041
1 13040
1 13039
1 13038
1 13037
1 13036
1 13035
1 13034
1 13033
1 13032
1 13031
1 13030
1 13029
1 13028
1 13027
1 13026
1 13025
1 13024
1 13023
1 13022
1 13021
1 13020
1 13019
1 13018
1 13017
1 13016
1 13015
1 13014
1 13013
1 13012
1 13011
1 13010
1 13009
1 13008
1 13007
1 13006
1 13005
1 13004
1 13003
1 13002
1 13001
1 13000
1 12999
1 12998
1 12997
1 12996
1 12995
1 12994
1 12993
1 12992
1 12991
1 12990
1 12989
1 12988
1 12987
1 12986
1 12985
1 12984
1 12983
1 12982
1 12981
1 12980
1 12979
1 12978
1 12977
1 12976
1 12975
1 12974
1 12973
1 12972
1 12971
1 12970
1 12969
1 12968
1 12967
1 12966
1 12965
1 12964
1 12963
1 12962
1 12961
1 12960
1 12959
1 12958
1 12957
1 12956
1 12955
1 12954
1 12953
1 12952
1 12951
1 12950
1 12949
1 12948
1 12947
1 12946
1 12945
1 12944
1 12943
1 12942
1 12941
1 12940
1 12939
1 12938
1 12937
1 12936
1 12935
1 12934
1 12933
1 12932
1 12931
1 12930
1 12929
1 12928
1 12927
1 12926
1 12925
1 12924
1 12923
1 12922
1 12921
1 12920
1 12919
1 12918
1 12917
1 12916
1 12915
1 12914
1 12913
1 12912
1 12911
1 12910
1 12909
1 12908
1 12907
1 12906
1 12905
1 12904
1 12903
1 12902
1 12901
1 12900
1 12899
1 12898
1 12897
1 12896
1 12895
1 12894
1 12893
1 12892
1 12891
1 12890
1 12889
1 12888
1 12887
1 12886
1 12885
1 12884
1 12883
1 12882
1 12881
1 12880
1 12879
1 12878
1 12877
1 12876
1 12875
1 12874
1 12873
1 12872
1 12871
1 12870
1 12869
1 12868
1 12867
1 12866
1 12865
1 12864
1 12863
1 12862
1 12861
1 12860
1 12859
1 12858
1 12857
1 12856
1 12855
1 12854
1 12853
1 12852
1 12851
1 12850
1 12849
1 12848
1 12847
1 12846
1 12845
1 12844
1 12843
1 12842
1 12841
1 12840
1 12839
1 12838
1 12837
1 12836
1 12835
1 12834
1 12833
1 12832
1 12831
1 12830
1 12829
1 12828
1 12827
1 12826
1 12825
1 12824
1 12823
1 12822
1 12821
1 12820
1 12819
1 12818
1 12817
1 12816
1 12815
1 12814
1 12813
1 12812
1 12811
1 12810
1 12809
1 12808
1 12807
1 12806
1 12805
1 12804
1 12803
1 12802
1 12801
1 12800
1 12799
1 12798
1 12797
1 12796
1 12795
1 12794
1 12793
1 12792
1 12791
1 12790
1 12789
1 12788
1 12787
1 12786
1 12785
1 12784
1 12783
1 12782
1 12781
1 12780
1 12779
1 12778
1 12777
1 12776
1 12775
1 12774
1 12773
1 12772
1 12771
1 12770
1 12769
1 12768
1 12767
1 12766
1 12765
1 12764
1 12763
1 12762
1 12761
1 12760
1 12759
1 12758
1 12757
1 12756
1 12755
1 12754
1 12753
1 12752
1 12751
1 12750
1 12749
1 12748
1 12747
1 12746
1 12745
1 12744
1 12743
1 12742
1 12741
1 12740
1 12739
1 12738
1 12737
1 12736
1 12735
1 12734
1 12733
1 12732
1 12731
1 12730
1 12729
1 12728
1 12727
1 12726
1 12725
1 12724
1 12723
1 12722
1 12721
1 12720
1 12719
1 12718
1 12717
1 12716
1 12715
1 12714
1 12713
1 12712
1 12711
1 12710
1 12709
1 12708
1 12707
1 12706
1 12705
1 12704
1 12703
1 12702
1 12701
1 12700
1 12699
1 12698
1 12697
1 12696
1 12695
1 12694
1 12693
1 12692
1 12691
1 12690
1 12689
1 12688
1 12687
1 12686
1 12685
1 12684
1 12683
1 12682
1 12681
1 12680
1 12679
1 12678
1 12677
1 12676
1 12675
1 12674
1 12673
1 12672
1 12671
1 12670
1 12669
1 12668
1 12667
1 12666
1 12665
1 12664
1 12663
1 12662
1 12661
1 12660
1 12659
1 12658
1 12657
1 12656
1 12655
1 12654
1 12653
1 12652
1 12651
1 12650
1 12649
1 12648
1 12647
1 12646
1 12645
1 12644
1 12643
1 12642
1 12641
1 12640
1 12639
1 12638
1 12637
1 12636
1 12635
1 12634
1 12633
1 12632
1 12631
1 12630
1 12629
1 12628
1 12627
1 12626
1 12625
1 12624
1 12623
1 12622
1 12621
1 12620
1 12619
1 12618
1 12617
1 12616
1 12615
1 12614
1 12613
1 12612
1 12611
1 12610
1 12609
1 12608
1 12607
1 12606
1 12605
1 12604
1 12603
1 12602
1 12601
1 12600
1 12599
1 12598
1 12597
1 12596
1 12595
1 12594
1 12593
1 12592
1 12591
1 12590
1 12589
1 12588
1 12587
1 12586
1 12585
1 12584
1 12583
1 12582
1 12581
1 12580
1 12579
1 12578
1 12577
1 12576
1 12575
1 12574
1 12573
1 12572
1 12571
1 12570
1 12569
1 12568
1 12567
1 12566
1 12565
1 12564
1 12563
1 12562
1 12561
1 12560
1 12559
1 12558
1 12557
1 12556
1 12555
1 12554
1 12553
1 12552
1 12551
1 12550
1 12549
1 12548
1 12547
1 12546
1 12545
1 12544
1 12543
1 12542
1 12541
1 12540
1 12539
1 12538
1 12537
1 12536
1 12535
1 12534
1 12533
1 12532
1 12531
1 12530
1 12529
1 12528
1 12527
1 12526
1 12525
1 12524
1 12523
1 12522
1 12521
1 12520
1 12519
1 12518
1 12517
1 12516
1 12515
1 12514
1 12513
1 12512
1 12511
1 12510
1 12509
1 12508
1 12507
1 12506
1 12505
1 12504
1 12503
1 12502
1 12501
1 12500
1 12499
1 12498
1 12497
1 12496
1 12495
1 12494
1 12493
1 12492
1 12491
1 12490
1 12489
1 12488
1 12487
1 12486
1 12485
1 12484
1 12483
1 12482
1 12481
1 12480
1 12479
1 12478
1 12477
1 12476
1 12475
1 12474
1 12473
1 12472
1 12471
1 12470
1 12469
1 12468
1 12467
1 12466
1 12465
1 12464
1 12463
1 12462
1 12461
1 12460
1 12459
1 12458
1 12457
1 12456
1 12455
1 12454
1 12453
1 12452
1 12451
1 12450
1 12449
1 12448
1 12447
1 12446
1 12445
1 12444
1 12443
1 12442
1 12441
1 12440
1 12439
1 12438
1 12437
1 12436
1 12435
1 12434
1 12433
1 12432
1 12431
1 12430
1 12429
1 12428
1 12427
1 12426
1 12425
1 12424
1 12423
1 12422
1 12421
1 12420
1 12419
1 12418
1 12417
1 12416
1 12415
1 12414
1 12413
1 12412
1 12411
1 12410
1 12409
1 12408
1 12407
1 12406
1 12405
1 12404
1 12403
1 12402
1 12401
1 12400
1 12399
1 12398
1 12397
1 12396
1 12395
1 12394
1 12393
1 12392
1 12391
1 12390
1 12389
1 12388
1 12387
1 12386
1 12385
1 12384
1 12383
1 12382
1 12381
1 12380
1 12379
1 12378
1 12377
1 12376
1 12375
1 12374
1 12373
1 12372
1 12371
1 12370
1 12369
1 12368
1 12367
1 12366
1 12365
1 12364
1 12363
1 12362
1 12361
1 12360
1 12359
1 12358
1 12357
1 12356
1 12355
1 12354
1 12353
1 12352
1 12351
1 12350
1 12349
1 12348
1 12347
1 12346
1 12345
1 12344
1 12343
1 12342
1 12341
1 12340
1 12339
1 12338
1 12337
1 12336
1 12335
1 12334
1 12333
1 12332
1 12331
1 12330
1 12329
1 12328
1 12327
1 12326
1 12325
1 12324
1 12323
1 12322
1 12321
1 12320
1 12319
1 12318
1 12317
1 12316
1 12315
1 12314
1 12313
1 12312
1 12311
1 12310
1 12309
1 12308
1 12307
1 12306
1 12305
1 12304
1 12303
1 12302
1 12301
1 12300
1 12299
1 12298
1 12297
1 12296
1 12295
1 12294
1 12293
1 12292
1 12291
1 12290
1 12289
1 12288
1 12287
1 12286
1 12285
1 12284
1 12283
1 12282
1 12281
1 12280
1 12279
1 12278
1 12277
1 12276
1 12275
1 12274
1 12273
1 12272
1 12271
1 12270
1 12269
1 12268
1 12267
1 12266
1 12265
1 12264
1 12263
1 12262
1 12261
1 12260
1 12259
1 12258
1 12257
1 12256
1 12255
1 12254
1 12253
1 12252
1 12251
1 12250
1 12249
1 12248
1 12247
1 12246
1 12245
1 12244
1 12243
1 12242
1 12241
1 12240
1 12239
1 12238
1 12237
1 12236
1 12235
1 12234
1 12233
1 12232
1 12231
1 12230
1 12229
1 12228
1 12227
1 12226
1 12225
1 12224
1 12223
1 12222
1 12221
1 12220
1 12219
1 12218
1 12217
1 12216
1 12215
1 12214
1 12213
1 12212
1 12211
1 12210
1 12209
1 12208
1 12207
1 12206
1 12205
1 12204
1 12203
1 12202
1 12201
1 12200
1 12199
1 12198
1 12197
1 12196
1 12195
1 12194
1 12193
1 12192
1 12191
1 12190
1 12189
1 12188
1 12187
2 12186
2 12185
2 12184
2 12183
2 12182
2 12181
2 12180
2 12179
2 12178
3 12177
3 12176
3 12175
3 12174
3 12173
3 12172
3 12171
3 12170
3 12169
3 12168
3 12167
3 12166
3 12165
3 12164
3 12163
3 12162
3 12161
3 12160
3 12159
3 12158
3 12157
3 12156
3 12155
3 12154
3 12153
3 12152
3 12151
3 12150
3 12149
3 12148
3 12147
3 12146
3 12145
3 12144
3 12143
3 12142
3 12141
3 12140
3 12139
3 12138
3 12137
3 12136
3 12135
3 12134
3 12133
3 12132
3 12131
3 12130
3 12129
3 12128
3 12127
3 12126
3 12125
3 12124
3 12123
3 12122
3 12121
3 12120
3 12119
3 12118
3 12117
3 12116
3 12115
3 12114
3 12113
3 12112
3 12111
3 12110
3 12109
3 12108
3 12107
3 12106
3 12105
3 12104
3 12103
3 12102
3 12101
3 12100
3 12099
3 12098
3 12097
3 12096
3 12095
3 12094
3 12093
3 12092
3 12091
3 12090
3 12089
3 12088
3 12087
3 12086
3 12085
3 12084
3 12083
3 12082
3 12081
3 12080
3 12079
3 12078
3 12077
3 12076
3 12075
3 12074
3 12073
3 12072
3 12071
3 12070
3 12069
3 12068
3 12067
3 12066
3 12065
3 12064
3 12063
3 12062
3 12061
3 12060
3 12059
3 12058
3 12057
3 12056
3 12055
3 12054
3 12053
3 12052
3 12051
3 12050
3 12049
3 12048
3 12047
3 12046
3 12045
3 12044
3 12043
3 12042
3 12041
3 12040
3 12039
3 12038
3 12037
3 12036
3 12035
3 12034
3 12033
3 12032
3 12031
3 12030
3 12029
3 12028
3 12027
3 12026
3 12025
3 12024
3 12023
3 12022
3 12021
3 12020
3 12019
3 12018
3 12017
3 12016
3 12015
3 12014
3 12013
3 12012
3 12011
3 12010
3 12009
3 12008
3 12007
3 12006
3 12005
3 12004
3 12003
3 12002
3 12001
3 12000
3 11999
3 11998
3 11997
3 11996
3 11995
3 11994
3 11993
3 11992
3 11991
3 11990
3 11989
3 11988
3 11987
3 11986
3 11985
3 11984
3 11983
3 11982
3 11981
3 11980
3 11979
3 11978
3 11977
3 11976
3 11975
3 11974
3 11973
3 11972
3 11971
3 11970
3 11969
3 11968
3 11967
3 11966
3 11965
3 11964
3 11963
3 11962
3 11961
3 11960
3 11959
3 11958
3 11957
3 11956
3 11955
3 11954
3 11953
3 11952
3 11951
3 11950
3 11949
3 11948
3 11947
3 11946
3 11945
3 11944
3 11943
3 11942
3 11941
3 11940
3 11939
3 11938
3 11937
3 11936
3 11935
3 11934
3 11933
3 11932
3 11931
3 11930
3 11929
3 11928
3 11927
3 11926
3 11925
3 11924
3 11923
3 11922
3 11921
3 11920
3 11919
3 11918
3 11917
3 11916
3 11915
3 11914
3 11913
3 11912
3 11911
3 11910
3 11909
3 11908
3 11907
3 11906
3 11905
3 11904
3 11903
3 11902
3 11901
3 11900
3 11899
3 11898
3 11897
3 11896
3 11895
3 11894
3 11893
3 11892
3 11891
3 11890
3 11889
3 11888
3 11887
3 11886
3 11885
3 11884
3 11883
3 11882
3 11881
3 11880
3 11879
3 11878
3 11877
3 11876
3 11875
3 11874
3 11873
3 11872
3 11871
3 11870
3 11869
3 11868
3 11867
3 11866
3 11865
3 11864
3 11863
3 11862
3 11861
3 11860
3 11859
3 11858
3 11857
3 11856
3 11855
3 11854
3 11853
3 11852
3 11851
3 11850
3 11849
3 11848
3 11847
3 11846
3 11845
3 11844
3 11843
3 11842
3 11841
3 11840
3 11839
3 11838
3 11837
3 11836
3 11835
3 11834
3 11833
3 11832
3 11831
3 11830
3 11829
3 11828
3 11827
3 11826
3 11825
3 11824
3 11823
3 11822
3 11821
3 11820
3 11819
3 11818
3 11817
3 11816
3 11815
3 11814
3 11813
3 11812
3 11811
3 11810
3 11809
3 11808
3 11807
3 11806
3 11805
3 11804
3 11803
3 11802
3 11801
3 11800
3 11799
3 11798
3 11797
3 11796
3 11795
3 11794
3 11793
3 11792
3 11791
3 11790
3 11789
3 11788
3 11787
3 11786
3 11785
3 11784
3 11783
3 11782
3 11781
3 11780
3 11779
3 11778
3 11777
3 11776
3 11775
3 11774
3 11773
3 11772
3 11771
3 11770
3 11769
3 11768
3 11767
3 11766
3 11765
3 11764
3 11763
3 11762
3 11761
3 11760
3 11759
3 11758
3 11757
3 11756
3 11755
3 11754
3 11753
3 11752
3 11751
3 11750
3 11749
3 11748
3 11747
3 11746
3 11745
3 11744
3 11743
3 11742
3 11741
3 11740
3 11739
3 11738
3 11737
3 11736
3 11735
3 11734
3 11733
3 11732
3 11731
3 11730
3 11729
3 11728
3 11727
3 11726
3 11725
3 11724
3 11723
3 11722
3 11721
3 11720
3 11719
3 11718
3 11717
3 11716
3 11715
3 11714
3 11713
3 11712
3 11711
3 11710
3 11709
3 11708
3 11707
3 11706
3 11705
3 11704
3 11703
3 11702
3 11701
3 11700
3 11699
3 11698
3 11697
3 11696
3 11695
3 11694
3 11693
3 11692
3 11691
3 11690
3 11689
3 11688
3 11687
3 11686
3 11685
3 11684
3 11683
3 11682
3 11681
3 11680
3 11679
3 11678
3 11677
3 11676
3 11675
3 11674
3 11673
3 11672
3 11671
3 11670
3 11669
3 11668
3 11667
3 11666
3 11665
3 11664
3 11663
3 11662
3 11661
3 11660
3 11659
3 11658
3 11657
3 11656
3 11655
3 11654
3 11653
3 11652
3 11651
3 11650
3 11649
3 11648
3 11647
3 11646
3 11645
3 11644
3 11643
3 11642
3 11641
3 11640
3 11639
3 11638
3 11637
3 11636
3 11635
3 11634
3 11633
3 11632
3 11631
3 11630
3 11629
3 11628
3 11627
3 11626
3 11625
3 11624
3 11623
3 11622
3 11621
3 11620
3 11619
3 11618
3 11617
3 11616
3 11615
3 11614
3 11613
3 11612
3 11611
3 11610
3 11609
3 11608
3 11607
3 11606
3 11605
3 11604
3 11603
3 11602
3 11601
4 11600
4 11599
4 11598
4 11597
4 11596
4 11595
7 11594
8 11593
8 11592
8 11591
8 11590
8 11589
8 11588
8 11587
8 11586
11 11585
12 11584
12 11583
20 11582
20 11581
24 11580
31 11579
39 11578
39 11577
39 11576
39 11575
39 11574
39 11573
41 11572
41 11571
42 11570
42 11569
42 11568
42 11567
42 11566
42 11565
42 11564
42 11563
42 11562
42 11561
42 11560
42 11559
42 11558
42 11557
42 11556
42 11555
42 11554
42 11553
42 11552
42 11551
42 11550
42 11549
42 11548
43 11547
43 11546
43 11545
43 11544
43 11543
43 11542
43 11541
43 11540
43 11539
43 11538
43 11537
43 11536
43 11535
43 11534
43 11533
43 11532
43 11531
43 11530
43 11529
43 11528
44 11527
44 11526
44 11525
44 11524
44 11523
44 11522
44 11521
44 11520
44 11519
44 11518
44 11517
44 11516
44 11515
44 11514
44 11513
44 11512
44 11511
44 11510
44 11509
44 11508
46 11507
46 11506
46 11505
46 11504
46 11503
46 11502
46 11501
46 11500
47 11499
47 11498
47 11497
47 11496
47 11495
47 11494
47 11493
47 11492
47 11491
47 11490
47 11489
47 11488
47 11487
47 11486
47 11485
47 11484
47 11483
47 11482
47 11481
47 11480
47 11479
47 11478
47 11477
47 11476
47 11475
47 11474
47 11473
47 11472
47 11471
47 11470
48 11469
48 11468
48 11467
48 11466
48 11465
48 11464
48 11463
48 11462
48 11461
48 11460
48 11459
48 11458
48 11457
48 11456
48 11455
48 11454
48 11453
50 11452
50 11451
50 11450
50 11449
50 11448
50 11447
50 11446
50 11445
50 11444
50 11443
50 11442
50 11441
50 11440
50 11439
50 11438
50 11437
50 11436
50 11435
50 11434
50 11433
50 11432
50 11431
50 11430
50 11429
50 11428
50 11427
50 11426
50 11425
50 11424
50 11423
51 11422
51 11421
51 11420
51 11419
51 11418
51 11417
51 11416
51 11415
51 11414
51 11413
51 11412
51 11411
51 11410
51 11409
51 11408
51 11407
51 11406
51 11405
51 11404
51 11403
51 11402
51 11401
51 11400
51 11399
51 11398
51 11397
51 11396
51 11395
51 11394
51 11393
51 11392
51 11391
51 11390
51 11389
51 11388
51 11387
51 11386
51 11385
51 11384
51 11383
51 11382
51 11381
51 11380
51 11379
51 11378
51 11377
51 11376
51 11375
51 11374
51 11373
51 11372
51 11371
51 11370
51 11369
51 11368
51 11367
51 11366
51 11365
51 11364
51 11363
51 11362
51 11361
51 11360
51 11359
51 11358
51 11357
51 11356
51 11355
51 11354
51 11353
51 11352
51 11351
51 11350
51 11349
51 11348
51 11347
51 11346
51 11345
51 11344
51 11343
51 11342
52 11341
52 11340
57 11339
60 11338
62 11337
63 11336
63 11335
82 11334
89 11333
89 11332
94 11331
95 11330
95 11329
95 11328
95 11327
95 11326
95 11325
95 11324
95 11323
95 11322
95 11321
95 11320
95 11319
95 11318
95 11317
97 11316
97 11315
98 11314
98 11313
98 11312
98 11311
98 11310
98 11309
98 11308
98 11307
98 11306
98 11305
98 11304
98 11303
98 11302
99 11301
99 11300
99 11299
99 11298
99 11297
99 11296
99 11295
100 11294
100 11293
100 11292
100 11291
100 11290
100 11289
100 11288
100 11287
100 11286
100 11285
101 11284
101 11283
101 11282
101 11281
101 11280
101 11279
110 11278
110 11277
110 11276
121 11275
121 11274
121 11273
121 11272
121 11271
121 11270
121 11269
121 11268
121 11267
133 11266
133 11265
133 11264
149 11263
149 11262
151 11261
151 11260
158 11259
158 11258
158 11257
158 11256
158 11255
158 11254
158 11253
158 11252
158 11251
159 11250
159 11249
159 11248
159 11247
159 11246
159 11245
159 11244
160 11243
160 11242
161 11241
161 11240
161 11239
161 11238
161 11237
161 11236
161 11235
161 11234
161 11233
161 11232
161 11231
161 11230
161 11229
162 11228
162 11227
162 11226
162 11225
162 11224
162 11223
162 11222
162 11221
162 11220
162 11219
162 11218
164 11217
164 11216
166 11215
167 11214
167 11213
183 11212
188 11211
205 11210
205 11209
213 11208
214 11207
220 11206
220 11205
220 11204
220 11203
220 11202
220 11201
220 11200
220 11199
226 11198
226 11197
226 11196
244 11195
270 11194
270 11193
270 11192
270 11191
270 11190
270 11189
270 11188
275 11187
279 11186
305 11185
308 11184
311 11183
334 11182
334 11181
334 11180
334 11179
334 11178
340 11177
340 11176
340 11175
340 11174
340 11173
340 11172
340 11171
340 11170
340 11169
340 11168
340 11167
351 11166
351 11165
351 11164
351 11163
351 11162
368 11161
386 11160
386 11159
386 11158
386 11157
394 11156
394 11155
394 11154
394 11153
394 11152
400 11151
400 11150
406 11149
439 11148
439 11147
439 11146
439 11145
458 11144
458 11143
458 11142
465 11141
465 11140
465 11139
465 11138
517 11137
517 11136
525 11135
532 11134
532 11133
532 11132
532 11131
550 11130
550 11129
550 11128
550 11127
550 11126
550 11125
561 11124
561 11123
579 11122
579 11121
579 11120
579 11119
579 11118
579 11117
