0 14108
0 14107
0 14106
0 14105
0 14104
0 14103
0 14102
0 14101
0 14100
0 14099
0 14098
0 14097
0 14096
0 14095
0 14094
0 14093
0 14092
0 14091
0 14090
0 14089
0 14088
0 14087
0 14086
0 14085
0 14084
0 14083
0 14082
0 14081
0 14080
0 14079
0 14078
0 14077
0 14076
0 14075
0 14074
0 14073
0 14072
0 14071
0 14070
0 14069
0 14068
0 14067
0 14066
0 14065
0 14064
0 14063
0 14062
0 14061
0 14060
0 14059
0 14058
0 14057
0 14056
0 14055
0 14054
0 14053
0 14052
0 14051
0 14050
0 14049
0 14048
0 14047
0 14046
0 14045
0 14044
0 14043
0 14042
0 14041
0 14040
0 14039
0 14038
0 14037
0 14036
0 14035
0 14034
0 14033
0 14032
0 14031
0 14030
0 14029
0 14028
0 14027
0 14026
0 14025
0 14024
0 14023
0 14022
0 14021
0 14020
0 14019
0 14018
0 14017
0 14016
0 14015
0 14014
0 14013
0 14012
0 14011
0 14010
0 14009
0 14008
0 14007
0 14006
0 14005
0 14004
0 14003
0 14002
0 14001
0 14000
0 13999
0 13998
0 13997
0 13996
0 13995
0 13994
0 13993
0 13992
0 13991
0 13990
0 13989
0 13988
0 13987
0 13986
0 13985
0 13984
0 13983
0 13982
0 13981
0 13980
0 13979
0 13978
0 13977
0 13976
0 13975
0 13974
0 13973
0 13972
0 13971
0 13970
0 13969
0 13968
0 13967
0 13966
0 13965
0 13964
0 13963
0 13962
0 13961
0 13960
0 13959
0 13958
0 13957
0 13956
0 13955
0 13954
0 13953
0 13952
0 13951
0 13950
0 13949
0 13948
0 13947
0 13946
0 13945
0 13944
0 13943
0 13942
0 13941
0 13940
0 13939
0 13938
0 13937
0 13936
0 13935
0 13934
0 13933
0 13932
0 13931
0 13930
0 13929
0 13928
0 13927
0 13926
0 13925
0 13924
0 13923
0 13922
0 13921
0 13920
0 13919
0 13918
0 13917
0 13916
0 13915
0 13914
0 13913
0 13912
0 13911
0 13910
0 13909
0 13908
0 13907
0 13906
0 13905
0 13904
0 13903
0 13902
0 13901
0 13900
0 13899
0 13898
0 13897
0 13896
0 13895
0 13894
0 13893
0 13892
0 13891
0 13890
0 13889
0 13888
0 13887
0 13886
0 13885
0 13884
0 13883
0 13882
0 13881
0 13880
0 13879
0 13878
0 13877
0 13876
0 13875
0 13874
0 13873
0 13872
0 13871
0 13870
0 13869
0 13868
0 13867
0 13866
0 13865
0 13864
0 13863
0 13862
0 13861
0 13860
0 13859
0 13858
0 13857
0 13856
0 13855
0 13854
0 13853
0 13852
0 13851
0 13850
0 13849
0 13848
0 13847
0 13846
0 13845
0 13844
0 13843
0 13842
0 13841
0 13840
0 13839
0 13838
0 13837
0 13836
0 13835
0 13834
0 13833
0 13832
0 13831
0 13830
0 13829
0 13828
0 13827
0 13826
0 13825
0 13824
0 13823
0 13822
0 13821
0 13820
0 13819
0 13818
0 13817
0 13816
0 13815
0 13814
0 13813
0 13812
0 13811
0 13810
0 13809
0 13808
0 13807
0 13806
0 13805
0 13804
0 13803
0 13802
0 13801
0 13800
0 13799
0 13798
0 13797
0 13796
0 13795
0 13794
0 13793
0 13792
0 13791
0 13790
0 13789
0 13788
0 13787
0 13786
0 13785
0 13784
0 13783
1 13782
1 13781
1 13780
1 13779
1 13778
1 13777
1 13776
1 13775
1 13774
1 13773
1 13772
1 13771
1 13770
1 13769
1 13768
1 13767
1 13766
1 13765
1 13764
1 13763
1 13762
1 13761
1 13760
1 13759
1 13758
1 13757
1 13756
1 13755
1 13754
1 13753
1 13752
1 13751
1 13750
1 13749
1 13748
1 13747
1 13746
1 13745
1 13744
1 13743
1 13742
1 13741
1 13740
1 13739
1 13738
1 13737
1 13736
1 13735
1 13734
1 13733
1 13732
1 13731
1 13730
1 13729
1 13728
1 13727
1 13726
1 13725
1 13724
1 13723
1 13722
1 13721
1 13720
1 13719
1 13718
1 13717
1 13716
1 13715
1 13714
1 13713
1 13712
1 13711
1 13710
1 13709
1 13708
1 13707
1 13706
1 13705
1 13704
1 13703
1 13702
1 13701
1 13700
1 13699
1 13698
1 13697
1 13696
1 13695
1 13694
1 13693
1 13692
1 13691
1 13690
1 13689
1 13688
1 13687
1 13686
1 13685
1 13684
1 13683
1 13682
1 13681
1 13680
1 13679
1 13678
1 13677
1 13676
1 13675
1 13674
1 13673
1 13672
1 13671
1 13670
1 13669
1 13668
1 13667
1 13666
1 13665
1 13664
1 13663
1 13662
1 13661
1 13660
1 13659
1 13658
1 13657
1 13656
1 13655
1 13654
1 13653
1 13652
1 13651
1 13650
1 13649
1 13648
1 13647
1 13646
1 13645
1 13644
1 13643
1 13642
1 13641
1 13640
1 13639
1 13638
1 13637
1 13636
1 13635
1 13634
1 13633
1 13632
1 13631
1 13630
1 13629
1 13628
1 13627
1 13626
1 13625
1 13624
1 13623
1 13622
1 13621
1 13620
1 13619
1 13618
1 13617
1 13616
1 13615
1 13614
1 13613
1 13612
1 13611
1 13610
1 13609
1 13608
1 13607
1 13606
1 13605
1 13604
1 13603
1 13602
1 13601
1 13600
1 13599
1 13598
1 13597
1 13596
1 13595
1 13594
1 13593
1 13592
1 13591
1 13590
1 13589
1 13588
1 13587
1 13586
1 13585
1 13584
1 13583
1 13582
1 13581
1 13580
1 13579
1 13578
1 13577
1 13576
1 13575
1 13574
1 13573
1 13572
1 13571
1 13570
1 13569
1 13568
1 13567
1 13566
1 13565
1 13564
1 13563
1 13562
1 13561
1 13560
1 13559
1 13558
1 13557
1 13556
1 13555
1 13554
1 13553
1 13552
1 13551
1 13550
1 13549
1 13548
1 13547
1 13546
1 13545
1 13544
1 13543
1 13542
1 13541
1 13540
1 13539
1 13538
1 13537
1 13536
1 13535
1 13534
1 13533
1 13532
1 13531
1 13530
1 13529
1 13528
1 13527
1 13526
1 13525
1 13524
1 13523
1 13522
1 13521
1 13520
1 13519
1 13518
1 13517
1 13516
1 13515
1 13514
1 13513
1 13512
1 13511
1 13510
1 13509
1 13508
1 13507
1 13506
1 13505
1 13504
1 13503
1 13502
1 13501
1 13500
1 13499
1 13498
1 13497
1 13496
1 13495
1 13494
1 13493
1 13492
1 13491
1 13490
1 13489
1 13488
1 13487
1 13486
1 13485
1 13484
1 13483
1 13482
1 13481
1 13480
1 13479
1 13478
1 13477
1 13476
1 13475
1 13474
1 13473
1 13472
1 13471
1 13470
1 13469
1 13468
1 13467
1 13466
1 13465
1 13464
1 13463
1 13462
1 13461
1 13460
1 13459
1 13458
1 13457
1 13456
1 13455
1 13454
1 13453
1 13452
1 13451
1 13450
1 13449
1 13448
1 13447
1 13446
1 13445
1 13444
1 13443
1 13442
1 13441
1 13440
1 13439
1 13438
1 13437
1 13436
1 13435
1 13434
1 13433
1 13432
1 13431
1 13430
1 13429
1 13428
1 13427
1 13426
1 13425
1 13424
1 13423
1 13422
1 13421
1 13420
1 13419
1 13418
1 13417
1 13416
1 13415
1 13414
1 13413
1 13412
1 13411
1 13410
1 13409
1 13408
1 13407
1 13406
1 13405
1 13404
1 13403
1 13402
1 13401
1 13400
1 13399
1 13398
1 13397
1 13396
1 13395
1 13394
1 13393
1 13392
1 13391
1 13390
1 13389
1 13388
1 13387
1 13386
1 13385
1 13384
1 13383
1 13382
1 13381
1 13380
1 13379
1 13378
1 13377
1 13376
1 13375
1 13374
1 13373
1 13372
1 13371
1 13370
1 13369
1 13368
1 13367
1 13366
1 13365
1 13364
1 13363
1 13362
1 13361
1 13360
1 13359
1 13358
1 13357
1 13356
1 13355
1 13354
1 13353
1 13352
1 13351
1 13350
1 13349
1 13348
1 13347
1 13346
1 13345
1 13344
1 13343
1 13342
1 13341
1 13340
1 13339
1 13338
1 13337
1 13336
1 13335
1 13334
1 13333
1 13332
1 13331
1 13330
1 13329
1 13328
1 13327
1 13326
1 13325
1 13324
1 13323
1 13322
1 13321
1 13320
1 13319
1 13318
1 13317
1 13316
1 13315
1 13314
1 13313
1 13312
1 13311
1 13310
1 13309
1 13308
1 13307
1 13306
1 13305
1 13304
1 13303
1 13302
1 13301
1 13300
1 13299
1 13298
1 13297
1 13296
1 13295
1 13294
1 13293
1 13292
1 13291
1 13290
1 13289
1 13288
1 13287
1 13286
1 13285
1 13284
1 13283
1 13282
1 13281
1 13280
1 13279
1 13278
1 13277
1 13276
1 13275
1 13274
1 13273
1 13272
1 13271
1 13270
1 13269
1 13268
1 13267
1 13266
1 13265
1 13264
1 13263
1 13262
1 13261
1 13260
1 13259
1 13258
1 13257
1 13256
1 13255
1 13254
1 13253
1 13252
1 13251
1 13250
1 13249
1 13248
1 13247
1 13246
1 13245
1 13244
1 13243
1 13242
1 13241
1 13240
1 13239
1 13238
1 13237
1 13236
1 13235
1 13234
1 13233
1 13232
1 13231
1 13230
1 13229
1 13228
1 13227
1 13226
1 13225
1 13224
1 13223
1 13222
1 13221
1 13220
1 13219
1 13218
1 13217
1 13216
1 13215
1 13214
1 13213
1 13212
1 13211
1 13210
1 13209
1 13208
1 13207
1 13206
1 13205
1 13204
1 13203
1 13202
1 13201
1 13200
1 13199
1 13198
1 13197
1 13196
1 13195
1 13194
1 13193
1 13192
1 13191
1 13190
1 13189
1 13188
1 13187
1 13186
1 13185
1 13184
1 13183
1 13182
1 13181
1 13180
1 13179
1 13178
1 13177
1 13176
1 13175
1 13174
1 13173
1 13172
1 13171
1 13170
1 13169
1 13168
1 13167
1 13166
1 13165
1 13164
1 13163
1 13162
1 13161
1 13160
1 13159
1 13158
1 13157
1 13156
1 13155
1 13154
1 13153
1 13152
1 13151
1 13150
1 13149
1 13148
1 13147
1 13146
1 13145
1 13144
1 13143
1 13142
1 13141
1 13140
1 13139
1 13138
1 13137
1 13136
1 13135
1 13134
1 13133
1 13132
1 13131
1 13130
1 13129
1 13128
1 13127
1 13126
1 13125
1 13124
1 13123
1 13122
1 13121
1 13120
1 13119
1 13118
1 13117
1 13116
1 13115
1 13114
1 13113
1 13112
1 13111
1 13110
1 13109
1 13108
1 13107
1 13106
1 13105
1 13104
1 13103
1 13102
1 13101
1 13100
1 13099
1 13098
1 13097
1 13096
1 13095
1 13094
1 13093
1 13092
1 13091
1 13090
1 13089
1 13088
1 13087
1 13086
1 13085
1 13084
1 13083
1 13082
1 13081
1 13080
1 13079
1 13078
1 13077
1 13076
1 13075
1 13074
1 13073
1 13072
1 13071
1 13070
1 13069
1 13068
1 13067
1 13066
1 13065
1 13064
1 13063
1 13062
1 13061
1 13060
1 13059
1 13058
1 13057
1 13056
1 13055
1 13054
1 13053
1 13052
1 13051
1 13050
1 13049
1 13048
1 13047
1 13046
1 13045
1 13044
1 13043
1 13042
1 13041
1 13040
1 13039
1 13038
1 13037
1 13036
1 13035
1 13034
1 13033
1 13032
1 13031
1 13030
1 13029
1 13028
1 13027
1 13026
1 13025
1 13024
1 13023
1 13022
1 13021
1 13020
1 13019
1 13018
1 13017
1 13016
1 13015
1 13014
1 13013
1 13012
1 13011
1 13010
1 13009
1 13008
1 13007
1 13006
1 13005
1 13004
1 13003
1 13002
1 13001
1 13000
1 12999
1 12998
1 12997
1 12996
1 12995
1 12994
1 12993
1 12992
1 12991
1 12990
1 12989
1 12988
1 12987
1 12986
1 12985
1 12984
1 12983
1 12982
1 12981
1 12980
1 12979
1 12978
1 12977
1 12976
1 12975
1 12974
1 12973
1 12972
1 12971
1 12970
1 12969
1 12968
1 12967
1 12966
1 12965
1 12964
1 12963
1 12962
1 12961
1 12960
1 12959
1 12958
1 12957
1 12956
1 12955
1 12954
1 12953
1 12952
1 12951
1 12950
1 12949
1 12948
1 12947
1 12946
1 12945
1 12944
1 12943
1 12942
1 12941
1 12940
1 12939
1 12938
1 12937
1 12936
1 12935
1 12934
1 12933
1 12932
1 12931
1 12930
1 12929
1 12928
1 12927
1 12926
1 12925
1 12924
1 12923
1 12922
1 12921
1 12920
1 12919
1 12918
1 12917
1 12916
1 12915
1 12914
1 12913
1 12912
1 12911
1 12910
1 12909
1 12908
1 12907
1 12906
1 12905
1 12904
1 12903
1 12902
1 12901
1 12900
1 12899
1 12898
1 12897
1 12896
1 12895
1 12894
1 12893
1 12892
1 12891
1 12890
1 12889
1 12888
1 12887
1 12886
1 12885
1 12884
1 12883
1 12882
1 12881
1 12880
1 12879
1 12878
1 12877
1 12876
1 12875
1 12874
1 12873
1 12872
1 12871
1 12870
1 12869
1 12868
1 12867
1 12866
1 12865
1 12864
1 12863
1 12862
1 12861
1 12860
1 12859
1 12858
1 12857
1 12856
1 12855
1 12854
1 12853
1 12852
1 12851
1 12850
1 12849
1 12848
1 12847
1 12846
1 12845
1 12844
1 12843
1 12842
1 12841
1 12840
1 12839
1 12838
1 12837
1 12836
1 12835
1 12834
1 12833
1 12832
1 12831
1 12830
1 12829
1 12828
1 12827
1 12826
1 12825
1 12824
1 12823
1 12822
1 12821
1 12820
1 12819
1 12818
1 12817
1 12816
1 12815
1 12814
1 12813
1 12812
1 12811
1 12810
1 12809
1 12808
1 12807
1 12806
1 12805
1 12804
1 12803
1 12802
1 12801
1 12800
1 12799
1 12798
1 12797
1 12796
1 12795
1 12794
1 12793
1 12792
1 12791
1 12790
1 12789
1 12788
1 12787
1 12786
1 12785
1 12784
1 12783
1 12782
1 12781
1 12780
1 12779
1 12778
1 12777
1 12776
1 12775
1 12774
1 12773
1 12772
1 12771
1 12770
1 12769
1 12768
1 12767
1 12766
1 12765
1 12764
1 12763
1 12762
1 12761
1 12760
1 12759
1 12758
1 12757
1 12756
1 12755
1 12754
1 12753
1 12752
1 12751
1 12750
1 12749
1 12748
1 12747
1 12746
1 12745
1 12744
1 12743
1 12742
1 12741
1 12740
1 12739
1 12738
1 12737
1 12736
1 12735
1 12734
1 12733
1 12732
1 12731
1 12730
1 12729
1 12728
1 12727
1 12726
1 12725
1 12724
1 12723
1 12722
1 12721
1 12720
1 12719
1 12718
1 12717
1 12716
1 12715
1 12714
1 12713
1 12712
1 12711
1 12710
1 12709
1 12708
1 12707
1 12706
1 12705
1 12704
1 12703
1 12702
1 12701
1 12700
1 12699
1 12698
1 12697
1 12696
1 12695
1 12694
1 12693
1 12692
1 12691
1 12690
1 12689
1 12688
1 12687
1 12686
1 12685
1 12684
1 12683
1 12682
1 12681
1 12680
1 12679
1 12678
1 12677
1 12676
1 12675
1 12674
1 12673
1 12672
1 12671
1 12670
1 12669
1 12668
1 12667
1 12666
1 12665
1 12664
1 12663
1 12662
1 12661
1 12660
1 12659
1 12658
1 12657
1 12656
1 12655
1 12654
1 12653
1 12652
1 12651
1 12650
1 12649
1 12648
1 12647
1 12646
1 12645
1 12644
1 12643
1 12642
1 12641
1 12640
1 12639
1 12638
1 12637
1 12636
1 12635
1 12634
1 12633
1 12632
1 12631
1 12630
1 12629
1 12628
1 12627
1 12626
1 12625
1 12624
1 12623
1 12622
1 12621
1 12620
1 12619
1 12618
1 12617
1 12616
1 12615
1 12614
1 12613
1 12612
1 12611
1 12610
1 12609
1 12608
1 12607
1 12606
1 12605
1 12604
1 12603
1 12602
1 12601
1 12600
1 12599
1 12598
1 12597
1 12596
1 12595
1 12594
1 12593
1 12592
1 12591
1 12590
1 12589
1 12588
1 12587
1 12586
1 12585
1 12584
1 12583
1 12582
1 12581
1 12580
1 12579
1 12578
1 12577
1 12576
1 12575
1 12574
1 12573
1 12572
1 12571
1 12570
1 12569
1 12568
1 12567
1 12566
1 12565
1 12564
1 12563
1 12562
1 12561
1 12560
1 12559
1 12558
1 12557
1 12556
1 12555
1 12554
1 12553
1 12552
1 12551
1 12550
1 12549
1 12548
1 12547
1 12546
1 12545
1 12544
1 12543
1 12542
1 12541
1 12540
1 12539
1 12538
1 12537
1 12536
1 12535
1 12534
1 12533
1 12532
1 12531
1 12530
1 12529
1 12528
1 12527
1 12526
1 12525
1 12524
1 12523
1 12522
1 12521
1 12520
1 12519
1 12518
1 12517
1 12516
1 12515
1 12514
1 12513
1 12512
1 12511
1 12510
1 12509
1 12508
1 12507
1 12506
1 12505
1 12504
1 12503
1 12502
1 12501
1 12500
1 12499
1 12498
1 12497
1 12496
1 12495
1 12494
1 12493
1 12492
1 12491
1 12490
1 12489
1 12488
1 12487
1 12486
1 12485
1 12484
1 12483
1 12482
1 12481
1 12480
1 12479
1 12478
1 12477
1 12476
1 12475
1 12474
1 12473
1 12472
1 12471
1 12470
1 12469
1 12468
1 12467
1 12466
1 12465
1 12464
1 12463
1 12462
1 12461
1 12460
1 12459
1 12458
1 12457
1 12456
1 12455
1 12454
1 12453
1 12452
1 12451
1 12450
1 12449
1 12448
1 12447
1 12446
1 12445
1 12444
1 12443
1 12442
1 12441
1 12440
1 12439
1 12438
1 12437
1 12436
1 12435
1 12434
1 12433
1 12432
1 12431
1 12430
1 12429
1 12428
1 12427
1 12426
1 12425
1 12424
1 12423
1 12422
1 12421
1 12420
1 12419
1 12418
1 12417
1 12416
1 12415
1 12414
1 12413
1 12412
1 12411
1 12410
1 12409
1 12408
1 12407
1 12406
1 12405
1 12404
1 12403
1 12402
1 12401
1 12400
1 12399
1 12398
1 12397
1 12396
1 12395
1 12394
1 12393
1 12392
1 12391
1 12390
1 12389
1 12388
1 12387
1 12386
1 12385
1 12384
1 12383
1 12382
1 12381
1 12380
1 12379
1 12378
1 12377
1 12376
1 12375
1 12374
1 12373
1 12372
1 12371
1 12370
1 12369
1 12368
1 12367
1 12366
1 12365
1 12364
1 12363
1 12362
1 12361
1 12360
1 12359
1 12358
1 12357
1 12356
1 12355
1 12354
1 12353
1 12352
1 12351
1 12350
1 12349
1 12348
1 12347
1 12346
1 12345
1 12344
1 12343
1 12342
1 12341
1 12340
1 12339
1 12338
1 12337
1 12336
1 12335
1 12334
1 12333
1 12332
1 12331
1 12330
1 12329
1 12328
1 12327
1 12326
1 12325
1 12324
1 12323
1 12322
1 12321
1 12320
1 12319
1 12318
1 12317
1 12316
1 12315
1 12314
1 12313
1 12312
1 12311
1 12310
1 12309
1 12308
1 12307
1 12306
1 12305
1 12304
1 12303
1 12302
1 12301
1 12300
1 12299
1 12298
1 12297
1 12296
1 12295
1 12294
1 12293
1 12292
1 12291
1 12290
1 12289
1 12288
1 12287
1 12286
1 12285
1 12284
1 12283
1 12282
1 12281
1 12280
1 12279
1 12278
1 12277
1 12276
1 12275
1 12274
1 12273
1 12272
1 12271
1 12270
1 12269
1 12268
1 12267
1 12266
1 12265
1 12264
1 12263
1 12262
1 12261
1 12260
1 12259
1 12258
1 12257
1 12256
1 12255
1 12254
1 12253
1 12252
1 12251
1 12250
1 12249
1 12248
1 12247
1 12246
1 12245
1 12244
1 12243
1 12242
1 12241
1 12240
1 12239
1 12238
1 12237
1 12236
1 12235
1 12234
1 12233
1 12232
1 12231
1 12230
1 12229
1 12228
1 12227
1 12226
1 12225
1 12224
1 12223
1 12222
1 12221
1 12220
1 12219
1 12218
1 12217
1 12216
1 12215
1 12214
1 12213
1 12212
1 12211
1 12210
1 12209
1 12208
1 12207
1 12206
1 12205
1 12204
1 12203
1 12202
1 12201
1 12200
2 12199
2 12198
2 12197
2 12196
2 12195
2 12194
2 12193
2 12192
2 12191
2 12190
2 12189
2 12188
2 12187
2 12186
2 12185
2 12184
2 12183
2 12182
2 12181
2 12180
2 12179
2 12178
2 12177
2 12176
2 12175
2 12174
2 12173
2 12172
3 12171
3 12170
3 12169
3 12168
3 12167
3 12166
3 12165
3 12164
3 12163
3 12162
3 12161
3 12160
3 12159
3 12158
3 12157
3 12156
3 12155
3 12154
3 12153
3 12152
3 12151
3 12150
3 12149
3 12148
3 12147
3 12146
3 12145
3 12144
3 12143
3 12142
3 12141
3 12140
3 12139
3 12138
3 12137
3 12136
3 12135
3 12134
3 12133
3 12132
3 12131
3 12130
3 12129
3 12128
3 12127
3 12126
3 12125
3 12124
3 12123
3 12122
3 12121
3 12120
3 12119
3 12118
3 12117
3 12116
3 12115
3 12114
3 12113
3 12112
3 12111
3 12110
3 12109
3 12108
3 12107
3 12106
3 12105
3 12104
3 12103
3 12102
3 12101
3 12100
3 12099
3 12098
3 12097
3 12096
3 12095
3 12094
3 12093
3 12092
3 12091
3 12090
3 12089
3 12088
3 12087
3 12086
3 12085
3 12084
3 12083
3 12082
3 12081
3 12080
3 12079
3 12078
3 12077
3 12076
3 12075
3 12074
3 12073
3 12072
3 12071
3 12070
3 12069
3 12068
3 12067
3 12066
3 12065
3 12064
3 12063
3 12062
3 12061
3 12060
3 12059
3 12058
3 12057
3 12056
3 12055
3 12054
3 12053
3 12052
3 12051
3 12050
3 12049
3 12048
3 12047
3 12046
3 12045
3 12044
3 12043
3 12042
3 12041
3 12040
3 12039
3 12038
3 12037
3 12036
3 12035
3 12034
3 12033
3 12032
3 12031
3 12030
3 12029
3 12028
3 12027
3 12026
3 12025
3 12024
3 12023
3 12022
3 12021
3 12020
3 12019
3 12018
3 12017
3 12016
3 12015
3 12014
3 12013
3 12012
3 12011
3 12010
3 12009
3 12008
3 12007
3 12006
3 12005
3 12004
3 12003
3 12002
3 12001
3 12000
3 11999
3 11998
3 11997
3 11996
3 11995
3 11994
3 11993
3 11992
3 11991
3 11990
3 11989
3 11988
3 11987
3 11986
3 11985
3 11984
3 11983
3 11982
3 11981
3 11980
3 11979
3 11978
3 11977
3 11976
3 11975
3 11974
3 11973
3 11972
3 11971
3 11970
3 11969
3 11968
3 11967
3 11966
3 11965
3 11964
3 11963
3 11962
3 11961
3 11960
3 11959
3 11958
3 11957
3 11956
3 11955
3 11954
3 11953
3 11952
3 11951
3 11950
3 11949
3 11948
3 11947
3 11946
3 11945
3 11944
3 11943
3 11942
3 11941
3 11940
3 11939
3 11938
3 11937
3 11936
3 11935
3 11934
3 11933
3 11932
3 11931
4 11930
4 11929
4 11928
4 11927
4 11926
4 11925
4 11924
4 11923
4 11922
4 11921
4 11920
4 11919
4 11918
4 11917
4 11916
4 11915
4 11914
4 11913
4 11912
4 11911
4 11910
4 11909
4 11908
4 11907
4 11906
4 11905
4 11904
4 11903
4 11902
4 11901
4 11900
4 11899
4 11898
4 11897
4 11896
4 11895
4 11894
4 11893
4 11892
4 11891
4 11890
4 11889
4 11888
4 11887
4 11886
4 11885
4 11884
4 11883
4 11882
4 11881
4 11880
4 11879
4 11878
4 11877
4 11876
4 11875
4 11874
4 11873
4 11872
4 11871
4 11870
4 11869
4 11868
4 11867
4 11866
4 11865
4 11864
4 11863
4 11862
4 11861
4 11860
4 11859
4 11858
4 11857
4 11856
4 11855
4 11854
4 11853
4 11852
4 11851
4 11850
4 11849
4 11848
4 11847
4 11846
4 11845
4 11844
4 11843
4 11842
4 11841
4 11840
4 11839
4 11838
4 11837
4 11836
4 11835
4 11834
4 11833
4 11832
4 11831
4 11830
4 11829
4 11828
4 11827
4 11826
4 11825
4 11824
4 11823
4 11822
4 11821
4 11820
4 11819
4 11818
4 11817
4 11816
4 11815
4 11814
4 11813
4 11812
4 11811
4 11810
4 11809
4 11808
4 11807
4 11806
4 11805
4 11804
4 11803
4 11802
4 11801
4 11800
4 11799
4 11798
4 11797
4 11796
4 11795
4 11794
4 11793
4 11792
4 11791
4 11790
4 11789
4 11788
4 11787
4 11786
4 11785
4 11784
4 11783
4 11782
4 11781
4 11780
4 11779
4 11778
4 11777
4 11776
4 11775
4 11774
4 11773
4 11772
4 11771
4 11770
4 11769
4 11768
4 11767
4 11766
4 11765
4 11764
4 11763
4 11762
4 11761
4 11760
4 11759
4 11758
4 11757
4 11756
4 11755
4 11754
4 11753
4 11752
4 11751
4 11750
4 11749
4 11748
4 11747
4 11746
4 11745
4 11744
4 11743
4 11742
4 11741
4 11740
4 11739
4 11738
4 11737
4 11736
4 11735
4 11734
4 11733
4 11732
4 11731
4 11730
4 11729
4 11728
4 11727
4 11726
4 11725
4 11724
4 11723
4 11722
4 11721
4 11720
4 11719
4 11718
4 11717
4 11716
4 11715
4 11714
4 11713
4 11712
6 11711
6 11710
6 11709
8 11708
10 11707
11 11706
12 11705
17 11704
32 11703
33 11702
35 11701
35 11700
35 11699
35 11698
36 11697
36 11696
37 11695
37 11694
37 11693
37 11692
37 11691
37 11690
37 11689
37 11688
37 11687
37 11686
37 11685
37 11684
37 11683
37 11682
37 11681
37 11680
37 11679
37 11678
37 11677
37 11676
38 11675
38 11674
38 11673
38 11672
38 11671
38 11670
38 11669
38 11668
38 11667
38 11666
38 11665
38 11664
38 11663
38 11662
38 11661
38 11660
38 11659
38 11658
38 11657
38 11656
38 11655
38 11654
39 11653
39 11652
39 11651
39 11650
39 11649
39 11648
39 11647
39 11646
39 11645
39 11644
39 11643
39 11642
39 11641
39 11640
39 11639
39 11638
39 11637
39 11636
39 11635
39 11634
39 11633
41 11632
41 11631
41 11630
41 11629
41 11628
41 11627
41 11626
41 11625
41 11624
41 11623
41 11622
41 11621
41 11620
41 11619
41 11618
41 11617
41 11616
41 11615
41 11614
41 11613
41 11612
41 11611
41 11610
41 11609
41 11608
42 11607
42 11606
42 11605
42 11604
42 11603
42 11602
42 11601
42 11600
42 11599
42 11598
42 11597
42 11596
42 11595
42 11594
42 11593
42 11592
42 11591
42 11590
42 11589
42 11588
42 11587
42 11586
42 11585
42 11584
42 11583
42 11582
42 11581
42 11580
42 11579
42 11578
42 11577
42 11576
42 11575
42 11574
42 11573
42 11572
42 11571
42 11570
42 11569
43 11568
43 11567
43 11566
43 11565
43 11564
43 11563
43 11562
43 11561
43 11560
43 11559
43 11558
43 11557
43 11556
43 11555
43 11554
43 11553
43 11552
43 11551
43 11550
43 11549
43 11548
43 11547
43 11546
43 11545
43 11544
43 11543
43 11542
43 11541
43 11540
43 11539
43 11538
43 11537
43 11536
43 11535
43 11534
43 11533
43 11532
43 11531
43 11530
43 11529
43 11528
43 11527
43 11526
43 11525
43 11524
43 11523
43 11522
43 11521
43 11520
43 11519
43 11518
44 11517
44 11516
44 11515
44 11514
44 11513
44 11512
44 11511
44 11510
44 11509
44 11508
44 11507
44 11506
44 11505
44 11504
44 11503
44 11502
44 11501
44 11500
44 11499
44 11498
44 11497
44 11496
44 11495
44 11494
44 11493
44 11492
44 11491
44 11490
44 11489
44 11488
44 11487
44 11486
44 11485
44 11484
44 11483
44 11482
44 11481
44 11480
44 11479
44 11478
44 11477
44 11476
44 11475
44 11474
44 11473
44 11472
44 11471
44 11470
44 11469
44 11468
44 11467
44 11466
44 11465
44 11464
44 11463
44 11462
44 11461
44 11460
44 11459
44 11458
44 11457
44 11456
44 11455
44 11454
44 11453
44 11452
44 11451
44 11450
44 11449
44 11448
44 11447
44 11446
44 11445
44 11444
44 11443
44 11442
44 11441
44 11440
44 11439
44 11438
44 11437
44 11436
44 11435
44 11434
44 11433
44 11432
44 11431
44 11430
44 11429
44 11428
44 11427
44 11426
44 11425
44 11424
44 11423
44 11422
44 11421
44 11420
44 11419
44 11418
44 11417
44 11416
44 11415
44 11414
44 11413
44 11412
44 11411
44 11410
44 11409
44 11408
44 11407
44 11406
44 11405
44 11404
44 11403
44 11402
44 11401
44 11400
44 11399
44 11398
44 11397
44 11396
44 11395
44 11394
44 11393
44 11392
44 11391
44 11390
44 11389
44 11388
44 11387
44 11386
45 11385
45 11384
45 11383
45 11382
48 11381
50 11380
50 11379
50 11378
74 11377
74 11376
75 11375
76 11374
77 11373
77 11372
77 11371
79 11370
80 11369
81 11368
81 11367
81 11366
83 11365
83 11364
85 11363
85 11362
85 11361
85 11360
86 11359
86 11358
87 11357
87 11356
87 11355
87 11354
87 11353
87 11352
87 11351
87 11350
87 11349
87 11348
87 11347
87 11346
87 11345
87 11344
88 11343
88 11342
88 11341
88 11340
88 11339
88 11338
88 11337
88 11336
88 11335
88 11334
88 11333
88 11332
88 11331
88 11330
88 11329
88 11328
88 11327
88 11326
88 11325
88 11324
88 11323
88 11322
88 11321
91 11320
91 11319
123 11318
126 11317
133 11316
133 11315
133 11314
133 11313
133 11312
133 11311
133 11310
133 11309
133 11308
134 11307
134 11306
134 11305
134 11304
134 11303
134 11302
134 11301
135 11300
137 11299
141 11298
141 11297
141 11296
141 11295
141 11294
141 11293
141 11292
141 11291
141 11290
141 11289
141 11288
141 11287
141 11286
141 11285
141 11284
141 11283
141 11282
141 11281
141 11280
141 11279
141 11278
141 11277
141 11276
141 11275
149 11274
180 11273
180 11272
180 11271
183 11270
183 11269
183 11268
183 11267
187 11266
187 11265
187 11264
187 11263
187 11262
187 11261
189 11260
189 11259
189 11258
189 11257
189 11256
189 11255
189 11254
189 11253
189 11252
193 11251
193 11250
193 11249
193 11248
193 11247
193 11246
193 11245
193 11244
193 11243
193 11242
196 11241
196 11240
196 11239
196 11238
196 11237
196 11236
196 11235
196 11234
196 11233
196 11232
196 11231
196 11230
196 11229
196 11228
196 11227
201 11226
201 11225
223 11224
224 11223
224 11222
224 11221
235 11220
249 11219
249 11218
249 11217
255 11216
255 11215
255 11214
255 11213
255 11212
255 11211
255 11210
255 11209
255 11208
261 11207
261 11206
277 11205
277 11204
291 11203
293 11202
293 11201
293 11200
293 11199
303 11198
303 11197
303 11196
303 11195
303 11194
303 11193
303 11192
303 11191
303 11190
303 11189
303 11188
308 11187
308 11186
341 11185
341 11184
341 11183
344 11182
357 11181
357 11180
360 11179
361 11178
361 11177
361 11176
361 11175
361 11174
361 11173
361 11172
363 11171
374 11170
374 11169
385 11168
385 11167
385 11166
405 11165
405 11164
405 11163
405 11162
405 11161
405 11160
405 11159
405 11158
405 11157
405 11156
405 11155
414 11154
414 11153
426 11152
426 11151
426 11150
433 11149
433 11148
446 11147
446 11146
446 11145
460 11144
460 11143
460 11142
460 11141
460 11140
460 11139
462 11138
462 11137
462 11136
462 11135
462 11134
462 11133
462 11132
462 11131
462 11130
462 11129
469 11128
469 11127
469 11126
469 11125
469 11124
469 11123
469 11122
469 11121
469 11120
469 11119
469 11118
469 11117
471 11116
471 11115
471 11114
471 11113
471 11112
479 11111
496 11110
496 11109
505 11108
505 11107
513 11106
513 11105
516 11104
516 11103
516 11102
529 11101
544 11100
548 11099
548 11098
548 11097
548 11096
548 11095
548 11094
559 11093
560 11092
560 11091
560 11090
560 11089
561 11088
561 11087
561 11086
561 11085
563 11084
563 11083
563 11082
563 11081
575 11080
590 11079
590 11078
